18758
7378
16946
11325
16120
33086
88179
9932
31675
28747
12544
15575
23988
670968
165599
12054
16943
13728
36018
24578
149470
9760
6424
13032
902
1657
82878
12970
3604
30838
4598
23201
8283
2001
6902
5159
690200
2423
114075
30472
1442140
31558
6226
32611
6394
57380
87948
25202
61746
45849
28011
23624
6040
88977
19817
11513
24274
22648
37754
20144
21883
37306
3559
73173
2602
26871
26806
16425
24184
62856
29502
38808
19978
57388
6872
9514
43440
12425
166890
17439
390
20418
24490
25736
31318
24530
31187
32430
4315
19560
483
930304
5537
157020
52588
20026
4747
8315
2170
9907
20408
22080
29336
20161
7489
8179
1765
13987
29215
8202
1545
419636
31005
55190
8494
31288
19189
30976
474
77286
7287
13696
28021
21696
17373
22595
5100
23154
31062
4759
38312
113800
7884
3489
5254
31930
6904
49196
10197
8262
5032
123092
21155
14926
4942
13831
18960
13009
208480
12762
19437
14889
14462
848966
31113
32358
18825
23218
17056
46546
12898
10114
23174
48262
6561
29857
17930
33948
90136
9940
10069
12940
47512
40354
3223
63872
23852
22703
1639
1995
6964
604
258141
22928
20426
18445
20084
20074
1019
184182
20042
38184
51984
19316
66138
8761
50532
3831
58588
59116
12938
31242
41206
8685
25826
15761
28029
18788
6289
1010
5708
22173
12166
20915
31820
100828
305
11249
26757
33231
17548
91584
28291
18542
28320
28325
27154
59530
129825
53942
120
4180
44822
4683
1830
5280
14148
12845
750
20785
15187
25631
39850
24768
23320
42054
22551
9517
8077
31198
20428
24431
144396
30095
14738
5996
23938
5428
36464
2013
19692
43272
21418
7264
48915
14258
24638
24030
21320
24157
11905
26911
28491
13655
21616
19371
988520
60010
26506
25315
12724
6412
25020
12990
24939
14702
60476
7817
90642
1956
24486
59634
18117
25900
23979
28691
12943
21365
24780
1887
22670
42891
9678
5200
4688
12251
26681
8407
7518
29089
1342
11664
29311
29875
32747
27533
9320
24309
21138
26811
110628
29154
14710
13714
49323
89118
25271
26425
17661
21198
12160
36788
10649
30809
29294
20801
13884
105271
22338
19899
26818
16927
171654
15149
20677
31756
8716
19571
30154
477
13236
104126
354075
17471
170112
10912
18339
38190
63186
7521
16339
9972
57849
18375
9878
7574
116704
65226
185262
7587
8085
9168
13511
19150
31174
26033
28512
8781
33472
201810
14904
476
52248
19582
27596
756
11674
5914
561430
86125
15618
960
8168
17694
30558
5023
29333
26950
22020
31113
19492
12976
11645
22670
32198
7729
10699
11029
9510
48478
22503
2113
167910
1366
17715
25474
74709
13879
14366
17650
64362
2329
28184
28467
5653
9862
2744
7130
248640
24867
9259
18600
78195
40560
171909
1388
13332
29494
6768
11601
31984
170565
6610
17434
19596
55302
191
122600
48952
27202
77097
22580
40104
22527
142386
25013
3684
18531
28793
13551
61946
20195
13828
6584
204200
3451
10382
20420
15372
12076
19021
51568
13718
2743
2864
103085
20138
27034
7242
8672
25251
24214
7298
10180
27579
47462
2680
20901
3095
56225
81360
5975
5653
32896
14631
15793
16296
19634
20642
8553
1013904
8396
18402
9263
16880
31949
29977
12302
22216
850454
28524
70572
13414
52320
24210
25761
249012
2030
29255
25010
58168
22108
34596
24457
18320
1776
84532
10637
8155
28682
12904
170412
11436
906633
9312
12867
55935
2531
26956
53784
97122
55932
9660
26580
27173
16699
15531
17986
21619
3686
25930
48784
14488
41424
27417
14328
8389
14509
28076
30273
39774
17606
7770
15006
30040
1143026
13095
21526
9503
15667
30172
30223
4874
3345
16082
13715
27218
34084
95124
26655
24367
26837
36914
24810
5604
10442
68661
1838
10510
12078
162582
24775
23337
2127
4143
17170
16227
18138
25045
53772
78060
9716
33370
65691
483582
49586
7308
32031
26255
15816
31065
56598
15007
21489
21325
71976
58546
56944
23957
15024
23489
8360
15995
37934
23618
6272
26000
14220
7374
58532
40476
24229
39546
44730
17423
497
254512
8057
15281
12656
24247
111460
49212
20080
4664
20596
9978
25854
109360
14699
23226
24476
10295
9563
8186
14121
493720
18285
24127
36060
10739
22797
8795
18328
105930
26792
3353
22976
12191
6482
34130
81021
1697
168000
59034
15828
49660
35920
26945
7351
41008
16696
18415
31692
29128
11384
2964477
20724
16362
15626
64854
42176
61008
25025
30050
25914
16916
119856
42232
32184
3390
12321
176310
24644
17956
4518
10492
17235
19613
21643
2354
25304
10004
16897
12363
23701
8088
3698
4382
51424
20075
32705
5156
32076
101070
84720
19554
118932
5871
7105
84165
31090
9852
21913
28582
29878
14617
64362
2885
28264
38048
12688
31719
22538
31173
16083
26060
23154
158928
25430
53224
100952
33684
23895
12995
17463
44618
18425
6642
9770
18247
360437
34422
29252
354
104736
12506
10702
12120
18830
14400
38811
19569
19163
7672
43114
16762
30870
728
12761
27275
25870
11076
24670
991
23298
2013
76353
80500
18156
9387
11395
92865
18686
10050
30813
5429
10601
508
98600
11449
28098
25091
26414
29356
59976
16378
70176
4757
25504
26426
834
6648
21770
31262
5823
12929
27253
32672
9312
20358
10937
1827
4714
9907
34776
87584
24117
145817
17201
677
13775
26899
38410
20136
18384
27480
18723
1679
25983
28864
25097
30278
106430
823
35340
59718
707448
16148
14151
14959
26908
11831
17405000
24552
15040
489465
29760
29402
23107
11538
13786
19672
54261
20544
32020
22599
29671
12495
9104
10821
14986
25810
107264
28076
2556
16800
48969
14116
35420
20688
10144
22163
57480
13065
20417
100056
16253
104504
35172
14491
1792
14857
8474
40635
27653
1068
65010
55788
28394
214214
66549
28528
18040
11173
23032
491
29758
77223
7285
98828
50776
88
12358
3156
222096
6740
21100
26110
24218
29009
30949
18719
25316
1336
133970
18868
23777
21102
12762
7582
41370
29563
12948
36477
6466
13839
79839
7668
16993
171000
16804
16233
1443
14060
27950
26571
25369
10464
15569
272986
31247
110692
27564
2814
20582
41031
13379
43212
29746
374400
59290
21481
21398
62496
29851
130810
79005
10473
22243
360096
4544
22862
22164
23962
13080
17542
37270
2319
18137
17845
22953
12939
48792
21819
20239
25298
5630
31746
28571
6294
12529
17414
18915
26205
14383
1050
22513
1129
3728
23819
15102
21478
131456
3539
5858
16213
24510
20787
124008
9272
14633
18042
28500
12798
300648
24466
679834
54368
24101
32333
57156
23480
13845
19697
1365
1090
24981
15362
3404
1725
30325
24397
45820
7667
17612
55414
41542
31807
32147
135009
47992
1050
16258
8984
10637
59058
19540
29173
90065
43542
14163
241208
43335
163605
19095
28096
8629
98064
18239
9580
2405
94878
21597
28806
94929
2654
22314
55194
32096
94572
23457
28872
4329
31898
17243
23527
71724
176344
66567
10043
14586
32623
10238
7890
29013
19980
114470
23625
31549
16063
17573
5301
5076
19993
51696
1423
254709
1203
7106
26643
10722
48135
90880
13151
12505
1539
4653
25919
26586
31271
2399
20029
20768
895
19106
22994
28894
11301
726900
18632
1110360
15240
6465
46180
95766
12370
12477
54720
908
22316
20775
2099
13408
14653
49490
29160
49032
8626
95676
10104
46800
12491
30777
27091
23114
7674
16665
9087
60798
437
53754
1513
136490
1058
26760
67764
50520
12551
25130
9442
8098
37040
16771
44846
16018
18337
84153
93560
52137
26557
75010
32490
31312
2999
612
12501
32614
30706
5035
23685
1712
2643
23372
29871
19694
15014
118696
77697
20272
28880
5472
1074990
27794
4057
24475
62248
11824
13919
22199
10359
3800
1086
8998
720980
29797
11016
29385
18055
29467
24211
18177
13649
26729
21911
9092
6288
1346
10836
30973
19287
10287
25670
48020
15538
30472
20330
10702
1413
11506
16143
10508
25109
567000
14157
29834
8919
1709
11464
106268
91476
5281
6881
5678
32572
10146
18202
72252
19810
2943
24009
59958
18711
16341
107515
64080
22899
12612
15034
57932
3458
238832
284900
22060
32273
27040
21761
3304525
27651
24543
2108
140
135513
36448
33250
19370
32670
10278
5747
22976
8958
46749
88008
75087
8586
64772
23702
9725
94521
7668
17634
2147
31903
63558
10407
28972
9795
28858
17778
15292
17352
29363
26193
28084
230274
29184
12780
5612
28623
33512
20282
34844
23867
10392
107046
44262
18615
30294
56640
14909
1238
2266
29944
186942
23160
59584
8382
13542
72330
10272
1208
49396
38138
30177
24921
26323
22199
73
53722
1901
32038
3834
497832
21050
29683
17209
23851
20126
2886
34617
20151
20309
2214
31914
52270
41476
1956
59718
74616
64356
18088
219747
8940
38880
5244
51266
86349
8674
504
49800
28408
5796
18685
487
20339
28132
228420
3320
21278
10686
26314
20313
5490
20185
18850
36567
73040
14018
24443
22017
73200
3207
34626
9389
34888
20375
10779
31787
125886
123748
2188
2087
9262
7690
348322
4200
63039
12123
33520
2574
109610
11082
23962
51738
48552
25792
20274
272597
23497
14188
12628
31667
6810
18014
8708
585020
8315
16846
5913
16567
23683
27055
16717
332292
22172
23574
25990
22201
13446
38816
30100
34150
9936
62838
104512
29215
23861
24835
17881
15590
31373
69092
16521
17554
24777
13359
5867
1566
1030
22871
53060
92535
30052
11448
14097
2185
205792
29505
15592
15507
19640
24122
25715
17184
7360
9096
27266
48784
13165
14233
4720
18888
3768
24256
17520
31316
29158
2259
111480
7978
20191
30303
205250
11829
54836
88125
10417
23671
17860
81417
24618
56152
11058
48090
27444
21153
8584
16254
112566
22846
6826
246
39838
36186
17961
13210
80166
10931
30585
924
215726
15828
29981
22904
153280
12440
16465
48700
2309
109756
3315
10963
13474
22974
27252
1231
24958
24622
13122
8985
21693
20666
20355
30625
17613
31151
213108
55612
58149
30255
103884
11049
17571
22141
32473
55374
24747
4700
24817
58948
16274484
92010
30734
1066
5034
13440
82470
746
254173
21120
25605
1228
21302
31349
25232
64004
30788
31581
26262
162883
21338
6288
6892
4752
14769
8219
45980
27581
19271
75677
18321
13022
25895
23001
11904
51835
19096
60242
30510
38324
24593
4856
23018
21947
32523
20261
14441
5270
7434
16737
3918
25318
73360
8359
67032
30408
2405
23037
16680
20951
55256
4843
34196
59540
19111
107815
103700
35553
6852
22771
312911
11160
19465
94560
20231
5472
1685
2948
4942
26199
7160
47586
28902
19738
61164
10572
90861
14538
6551
52402
112556
55238
54756
11046
30002
25272
58484
31886
126164
8202
14728
48170
44052
12344
28394
138425
4470
70224
3116
12360
50626
15930
4582
25414
84831
17913
8646
17368
18840
23949
1054
11112
26252
3927
51552
5538
21860
16504
21176
36252
1577
56510
41078
18631
215572
10077
1913160
299167
2541
21158
9768
2220
18782
25040
20396
28056
32532
24058
59490
42990
60790
3594
5844
9926
5922
30123
27008
1812508
11765
44811
11766
16954
91160
106206
31796
8385
60780
5204
23755
49731
13650
17207
24289
2532
3748
25676
46146
302304
35214
2454
17935
71772
122176
17835
21391
3200
32709
46347
96552
16450
7551
11827
7641
17331
9974
379
60516
12731
29917
31728
22260
261
99952
2142
13487
5163
2152
32363
27167
1812
6623
8516
25271
473
12768
81459
28712
6891
13454
51628
6577
6613
34710
28052
156380
345729
64539
82656
198030
2925
27227
80400
14451
24384
60544
11042
6633
25454
11913
69825
55544
94904
30267
74871
2434
16141
96150
14100
44270
32516
23956
21660
10690
30858
245390
9845
29386
5138
1530
29195
347820
399
115739
91515
1934
70490
2734
16968
29928
28292
18835
3242
529
34378
10268
27320
28105
50260
6574
489402
27900
26843
168768
130770
3653
21273
5086
43828
652
4012
343850
26421
122076
22450
15802
30886
61929
46328
77559
18940
8196
15747
45453
75224
65388
53088
12378
134000
196686
9502
14333
26310
22316
35176
4280
5091
7056
102632
76545
57642
22601
29047
5734
11340
21056
52232
11979
6833
326490
29676
146334
19493
27029
8498
15599
18104
56452
94875
22604
39982
185
24654
60268
21873
58412
5321
20230
131805
6653
21834
19076
4548
44470
27820
21265
23460
53841
20422
15762
28737
40011
9267
26527
19514
5107
775
31595
48432
2702
13287
1270
23850
22764
1794
17521
8993
25432
24401
27121
30187
679820
53796
9816
19539
16200
28930
15743
177942
137340
19672
5788
37101
1693900
593730
33
12724
21877
18363
61048
31828
17779
37892
19823
7968
70196
58659
54158
21578
112880
23816
28050
26660
20375
9785
8012
2850
48050
74574
42075
22874
36044
1267
273339
13778
12695
28199
112714
92210
22644
43036
1273
21476
17351
94518
23759
10352
14945
14885
65182
1627186
15312
34000
31232
97594
608764
22948
29688
14704
12278
52156
13318
39216
31522
25549
21533
98121
15925
9284
19971
16053
15176
24731
118626
15678
48326
2127
87693
290750
241600
30736
29345
43710
5474
6091
17235
600
470
2966
14068
7150
15943
25591
223300
32273
155875
19296
13741
12569
427348
10775
27538
21082
4169
484127
1078440
13405
8734
56260
24742
222720
26114
2488
1366
12880
6014
92476
4516
104015
424998
5435
20185
30635
28579
27265
29370
20368
14460
6307
7088
4301
44025
22490
27050
32489
72045
24980
42836
45678
40868
20528
3916
6448
20095
21240
39432
173175
20692
29278
16649
639462
69084
148188
30270
16032
121460
327456
1216
13198
228267
13338
3810
5036
30120
9996
926328
7009
7729
18277
3602
28613
23637
8516
31034
23707
9870
4987
13126
28705
23867
161520
16796
1590
85412
55332
15292
3464
116320
94383
38673
131
8048
237688
19156
11053
23933
8204
13271
15887
16329
101
24395
24574
57600
94767
11654
21360
10632
20982
30129
21115
61470
8190
6005
25318
79281
27304
490
2576
26224
852
23488
57806
15969
21883
14510
10186
26352
32492
4150
2664
9453
19787
21012
13786
26923
13259
20299
27903
1733
27230
9695
1816
116070
32254
23211
17571
46734
22026
65216
9852
14444
30738
55122
18016
2753
42460
3222
66540
7740
3739
19784
2023
9206
26012
6230
8531
44636
9135
475924
30441
74967
7631
63594
60892
2817
34002
14166
8385
785736
12253
16054
24063
15275
25193
25389
6617
225567
22825
22052
25960
4823
30370
14711
8705
5553
31144
26461
30303
130432
30933
19353
31726
41680
16095
14817
12021
8921
7032
28046
43374
6504
25575
39065
44322
3847
51558
22373
15192
37940
29668
30961
23281
21347
30022
128106
20578
3350
11920
19299
23020
139164
8909
61689
10506
24958
28467
51660
73842
6159
15201
20844
8702
49244
30170
20836
23084
2732
12676
29031
315450
27112
29399
34236
23460
114404
37398
17208
39898
26589
8766
14017
24849
5557
30839
146525
31310
8812
91701
3085
24441
5243
22622
19207
58945
423
67920
336602
66639
9585
12084
28237
3258
19545
162396
31909
16340
212515
52122
137929
21850
15849
134930
37506
21159
4487
37880
19658
22092
21481
13774
51676
58206
150985
11429
66405
605
34385
33984
31436
24151
10800
61533
63864
64280
20772
12357
18620
56532
32546
4303
26143
14826
10642
190048
97235
26034
25320
24092
13274
9323
4335
4972
124040
41158
20052
3244240
981
3173
17269
11874
16979
59658
619
218584
53832
6934
12884
980343
17522
19726
5605
12784
31932
23324
29280
6428
33520
8743
21170
78356
8341
20476
9120
24236
117504
24510
381855
30710
61040
7582
686
70026
135093
2624
20729
29249
159588
32666
759024
24372
30558
11959
20435
19816
53634
20922
170658
65060
14202
39936
23995
21236
289035
25976
280548
15968
7648
279819
12068
61150
26808
82560
43456
289875
4220
3344
139135
24039
16551
21592
14994
38416
31282
2653
16578
27504
6851
17725
16810
13158
96441
27445
13533
27296
1953
43694
31586
28802
52022
26101
24389
161470
9326
3970
10851
17925
15413
15783
24690
10470
31846
31913
26702
10281
17722
31482
12427
6206
14940
50004
6966
15776
23253
122352
124784
4289
21614
356544
90834
11274
22280
179094
21932
7450
2672
12740
26511
21887
19750
60206
27403
84444
11672
15804
19690
20991
4953
32518
6917
51224
220784
13520
92252
28168
7195
15762
3782
54189
1001325
62520
17903
51916
24381
20423
10289
25532
7602
13255
25787
18595
106552
6221
32601
24016
22527
22494
19900
6582
32526
15091
12298
50720
23140
59298
20645
4551
32254
11433
61054
4418
56037
1010
15134
30746
167290
4870
8363
26929
103474
326074
28225
102736
15634
39756
17459
21035
10421
6535
17438
25814
13298
59520
42720
34956
34040
13718
35440
16067
4373
26876
30511
31250
32594
254045
11783
25563
8920
4587399
15603
3938
10041
1515280
17527
26826
31352
31217
5232
15039
16593
13614
32102
24193
12700
5730
7440
48958
15406
5527
29223
28086
44520
30339
189904
3639
17013
2271
19464
1216
14739
1071330
48004
7540
1889
8924
7093
3706
25854
33182
32489
119076
27329
16716
120672
25242
19364
57508
613494
6552
54252
128492
1484
23382
12608
224371
70496
72894
24951
12517
7787
29025
14179
11709
23629
3250
7759
17018
7253
2022465
244827
87612
36076
31827
16283
14424
12810
23793
10659
29960
3258
32681
26639
4656
8829
19269
900
37398
12416
353
16240
13973
5055
4758
3692520
27186
24334
30536
17433
23168
50524
14968
2476
23672
25071
115200
27769
30923
15475
9509
18224
15227
68913
14857
25156
22968
24211
14722
8888
37880
7422
3797
21369
10857
16858
2999
40134
17796
2556
10496
232353
18636
32535
22705
55128
8808
31788
21416
12914
17693
52436
4513
29667
129680
15026
1915904
29077
5467
17510
91764
11811
5121
11375
9343
10408
428
10129
18044
3460
28738
40934
1407
334
15782
120740
87249
36753
3328
29700
13729
26271
17349
168672
169134
85328
7546
17691
24726
32050
21652
21069
3845
1578
24337
10982
50986
24087
14085
1576
28829
21292
30668
30150
218
11161
10165
16252
89040
53756
36006
23632
44975
29206
65142
414751
19025
47672
6902
18638
12595
22912
27770
376716
8616
147497
1829
30397
29009
9950
7010
5049
31698
21816
124856
73965
31944
3529
36890
240136
18844
7244
194532
31720
34508
20977
26104
26749
62442
23762
7695
37702
7935
14488
92046
18294
20897
83889
9375
12492
30441
18964
15471
3289
7635
14036
185448
11622
59136
50846
26662
86220
17336
1888
368
19876
16802
11920
19060
31067
5314
29199
29118
1370292
26162
24721
7784
10225
570612
40230
4664
11755
25797
35652
31223
5580
20568
28101
2067
60010
50808
381708
54752
6228
17051
21437
17578
92
78908
26417
25382
107744
30318
4202
2550
264408
72720
11139
44358
21915
14101
49800
24870
30450
8850
16474
15473
18922
20761
22810
27635
27292
20019
15545
100572
25648
3528
43302
25164
121756
6374
31431
19079
10311
16050
65270
163950
27996
2908
3854
15306
28435
22828
16764
103396
18616
12050
17729
41134
14475
17310
4511
18773
6765
45012
7375
2520
13487
1570285
34480
6221
18463
23645
358515
32527
72672
20807
23258
46072
6440
136190
30388
13654
10927
27202
28730
11686
5142
3160
10532
26142
25862
2096
10110
26929
11306
25954
10393
162680
70650
22497
13386
18597
3411080
21165
13651
50794
3129
21987
9280
23396
224190
33482
11622
11322
13001
29612
13569
85368
225596
21376
60892
4672
18100
3574
30993
14462
16814
17577
833
26707
29816
10300
212604
714219
207225
15119
25842
15729
43780
72000
26852
25812
422
93072
31466
30587
9655
390
1868
746
24314
162618
56176
19765
18669
7095
12077
18484
237424
20300
22446
28103
8305
26561
23851
21565
19516
68139
8108
57584
12417
10260
30398
35188
27143
2841
30754
4638
5586
126112
25524
74127
17456
2211
24729
59114
211299
58650
30636
19788
2613
802
30505
25924
15939
26921
22324
10092
31890
29413
6657
50204
27934
12850
10055
23174
15946
10814
500654
10451
2417
18444
6864
45380
28253
30981
83958
35566
8288
58172
53320
41910
30540
49190
15033
43203
20038
17194
7305
25811
10388
21706
126828
11614
29957
17158
14870
28798
44174
5258
840
17501
2580540
16918
20792
41796
21083
4214
27392
53094
4169
27988
27184
16257
32343
57120
4726
13367
17618
82424
16017
8809
14019
19871
3702
28837
782880
8594
17091
976345
15830
10804
58058
5405
22687
7256
32645
79340
6400
3836
3255
101000
1234520
56236
15205
496236
79840
11383
632
5434
2623
85757
89304
107120
32795
12446
19852
26202
5251
29815
10471
32726
94633
40684
75762
16008
1245
124795
58524
30667
15946
58386
16101
97812
8500
47128
27997
10536
13245
25689
98120
20716
31460
17403
148840
10757
20290
65274
2201
46040
21564
16236
10265
21986
12042
27783
25898
18457
44032
5701
94935
4767
30113
12044
14499
185040
5350
75980
26031
47816
3681
4942
16218
156
131975
13204
18729
64494
67956
22492
13575
54480
2493
18985
40930
30755
64794
196441
68620
7493
28640
865
63338
31334
24910
28208
141376
6223
148568
23668
24051
23326
23261
19095
29214
30500
9844
269760
20866
15871
19665
21185
83400
6849
13024
8294
2064
2854
328
17142
5365
62334
100828
13706
40710
5308
23298
18798
34392
6840
18298
4674
127690
12545
7143
22883
17175
60410
14234
5142
32726
25622
195234
28308
22037
29409
3954
31997
31733
16680
34664
24772
14616
39082
21046
32122
75399
20882
3990
18234
9767
31788
4365
19532
22707
13318
14835
27713
9692
8862
1029
9838
6908
38515
30256
20648
87619
64398
24150
12864
34464
4570
74802
16193
8581
57934
9820
28648
9291
29348
147276
287720
29970
7458
6298
9422
58556
47688
1184882
408798
71778
3328
14832
22304
15694
5146
27881
102612
8881
79792
16580
22862
14769
7414
20881
23205
43174
30582
6943
51992
23158
10830
24766
12835
19204
16915
17786
18773
29880
18771
613056
2840
62460
3866
421778
8420
262560
18957
63063
6259
84780
22983
121776
8891
4785
34030
32798
13097
27546
16058
144783
31518
14986
949
163086
96522
22293
9966
29445
14231
3652
29466
1944
6015
24225
3557
32004
17010
52260
13262
18598
49462
29593
31697
30542
28224
21991
65093
3254
19715
5491
2666
5083
4438
22865
29057
135331
36990
23646
30484
28818
12621
8110
4808
29573
41832
27013
86550
25934
16002
35690
417
10074
13283
22759
1231146
43892
24470
24300
15958
19295
49584
5109
511
25374
39386
20272
51960
25376
5658
25580
20853
379
15408
29747
120300
16096
4800
62506
20442
23147
47000
7927
9011
30994
3460
24975
24656
11484
265969
71685
19961
34756
27037
15672
12528
7979
5785
4989
28194
1707
17232
17141
769
23830
26082
25962
664776
19328
1865
23362
23065
560
37924
374231
17556
31910
27831
17067
19382
5354
5777
43392
371761
58412
2252
31573
1718
7718
6931
18945
15960
80888
1667136
3700
27359
11964
57522
8427
8754
60475
29901
15272
12374
13559
80589
3262
20413
28362
21682
35494
7978
17452
30630
7359
26454
1493
26265
19555
44434
24526
19219
96558
40930
2289
7445
70854
9607
11144
92976
113509
24867
13299
20552
94575
28700
16150
44709
6770
21157
6337
19631
36154
10533
8098
13676
24813
15317
25333
19976
85090
544512
21748
46756
28891
9014
13659
19719
27294
26340
9608
20946
41560
22983
22389
31622
31624
85610
49612
85710
5158
32581
65245
24548
199402
14396
11123
18330
33668
6186
17054
10373
946
10163
57872
17542
39312
1711
2325
7836
58808
30999
25951
21593
17693
16542
38714
19755
25306
13857
20159
9166
37094
11156
620
7563
22644
3725
111264
27111
24678
19276
6518
20961
18980
69104
28804
17257
18970
8787
83688
89958
24208
16111
20640
31088
439
62874
90825
32588
17394
15185
25074
479815
23024
104375
416482
19089
4417
31468
26060
7181
13948
18483
18978
28243
76725
3952
19469
68118
60112
50769
161085
60624
59649
25316
44360
4499
45352
23831
28991
61502
152195
10217
9195
18318
64724
3873
102
53784
16393
65220
228546
8643
24230
9689
7720
19498
13075
21258
2621
18712
12106
110070
3219
1106
17693
24855
23235
21430
28491
23288
10656
17338
26577
13665
42954
82600
598990
9808
20636
10582
301092
8020
19424
705
299376
7987
24537
9566
11713
14783
32042
15018
11352
29173
15354
76890
16750
543456
13396
80372
16244
57108
69212
27327
11664
306
464304
19253
888
1248507
6511
185766
52740
16462
12588
52269
2827
4924
1533
7270
24072
21258
72024
8736
64459255
39918
191618
43180
32656
11689
11953
12192
5800
15070
42312
17659
6117
13136
18568
44184
29606
7506
28085
31509
7524
46172
18765
18805
2333
1257
74046
16229
25089
9410
28314
26673
131015
17917
123195
31284
5313
48908
2352
53678
28790
17572
8551
9931
4927
15806
10701
68289
23036
13591
5191
44532
5714
21542
31488
4763
49268
6965
29432
18067
27586
669372
17869
17472
12414
23039
7880
64988
10080
30821
30506
24500
26908
21275
19896
2662
17646
23913
30084
63792
20755
5715
10225
14296
133968
10180
17977
32234
16200
8470
60162
56400
16741
17684
1594
20229
22574
11764
63170
4030
14232
31935
8183
64706
14961
5156
10606
56326
128044
6477
3
18749
18306
1182636
30639
19687
25917
32504
93632
52784
19273
1412
21467
30301
15618
69454
29922
25912
13826
2517
64962
96108
35484
21772
7919
4645
53562
2230
14947
21468
8109
737
4515
93060
32737
12563
179720
150264
12220
21419
4094
56252
31396
117080
23486
45320
19631
15770
47846
121548
60708
22937
26146
7804
444600
19907
874
83604
18445
21962
14957
16936
9452
3997
26300
20253
4297
17030
2661
25721
703975
3468
23158
181182
356535
69054
22373
15746
58636
11064
29482
314320
6775
11577
8698
2779
8729
5981
20671
43134
1783
17495
17967
34366
6369
6394
12198
41872
77427
59376
7734
68673
9940
29692
28799
100030
39796
23505
67791
17296
17566
30486
24669
1941
30280
14508
22338
221607
3661
18001
32327
20999
7187
83630
29474
25849
7074
23664
4281
19429
29986
22378
21292
52958
24109
80289
2850
27890
22251
24614
554700
28100
27920
25217
17253
15024
25916
21483
48548
24496
18048
21272
122216
26580
29945
23999
18172
14830
74718
31606
35120
78004
18756
2764
12080
41846
3658
3240
8827
61072
115776
2528
882
10332
1782674
56890
11930
35236
19471
31469
17794
60354
7627
6697
6992
5956
21314
120630
12879
22582
12782
31621
28857
9558
7374
13677
44359
24457
11913
28363
286314
14799
24802
8184
16752
19110
19807
17661
30972
54664
9834
19883
38994
30233
31558
23549
15745
12006
195880
27821
119590
23049
27048
17940
31830
28186
27708
225096
7157
23567
86028
365
66960
27710
26107
27440
32295
14112
15724
16281
10986
29959
11432
8250
981536
9074
69141
218792
9540
5094210
38068
27204
5811
23967
30863
10396
14716
303
677
236310
25061
5767
6098
55344
5696
10544
61284
49730
35552
4253
29747
7787
9397
61854
13050
10810
33150
10199
206008
17869
3570
753
2649
18657
1014
1328
75828
21652
4226
32079
8092
10367
28009
20152656
32524
30222
38804
21427
42176
40002
22306
23617
32715
3768
30733
56296
3281
10235
13406
22657
55168
25272
9955
3261153
7707
55746
32527
30453
16453
24437
24002
17712
299739
3022
90123
45392
4809
12539
14584
38996
47544
11103
10007
52582
1767
31371
52771664
20987
513639
1100925
85332
3753
30952
25670
14925
11725
27447
28457
5589
47688
15684
17079
2151476
32652
40593
10505
77223
3525
21537
40080
22950
60836
17150
29651
95380
14426
12751
4127887
92748
17753
8524
12871
50422
60702
15287
64990
27374
7317
22154
11655
2593
78306
13218
47010
12513
41398
35708
17324
23004
10289
158004
26838
21196
11560
26719
162324
108985
55756
22635
9501
11987
21701
30500
2754
46420
1103
4933
19242
14519
27961
82842
6228
20939
17316
86032
27708
29253
14994
20401
2090
20542
18598
92175
11740
28732
28959
1174
104684
7919
19734
21561
11854890
40860
20727
24280
24257
26808
15726
29354
17776
31780
20849
11211
28370
5803
11365
22001
6511
17368
23724
45722
34640
22062
44216
24765
53802
15994
6918
45095
29760
32347
27114
23868
21442
526
20135
3401398
28220
28030
8841
99324
20025
10379
16118
18702
23202
13977
23152
6582
83625
19128
13344
140904
2077
39525
15499
59108
216013
27360
662
18380
19738
27456
259780
10183
1858
49110
9869
31286
29864
32212
14953
31067
10748
38164
28542
75440
107024
34520
3071
