13640
90424
10782
106176
14497
3192
83146
22746
12822
15957
7964
15322
483120
85264
14125
5886
45872
60272
5370
49206
25053
16020
91768
26232
13700
29762
203456
2022
1618
1516
2562
8510
16194
14571
17911
3208
22603
5008
9153
7027
21130
25276
22707
56638
21773
5611
132785
7978
58048
1280035
25711
7281
14678
20200
10684
27112
21655
19465
21305
108345
26323
5513
25380
19688
9806
45260
5897
7308
6569
9875
46872
4773
2290
6832
131468
4503
253287
8220
4344
23606
57164
32931
53326
1426
13615
11463
13272
44542
7102
250284
68630
5668
35735
24478
112688
19695
27203
23289
82500
5488
15912
16379
15776
51774
29044
1595
30384
20794
20883
9060
1141
23907
28225
67412
28091
24818
29122
1464
33658
116286
465
7114
773
49200
20209
6986
7043
15208
16123
26843
9528
13394
4970
9346
14371
20548
1998
7712
161916
15871
25425
1200
212576
36040
15115
1156
24901
14460
7842
8194
7683
2563
12711
35942
1882
27032
14972
14019
15137
2560
3148
11844
14982
25598
17265
23775
9681
25401
20695
8203
55860
19551
1364
57628
13461
55384
22490
66260
17117
82950
25201
199397
132165
690
5172
28654
528
1463
24748
2170
28796
16727
56350
187232
54708
55508
27410
165228
3908
20059
5540
26412
16954
108565
25216
16849
57764
7538
4104
4642
9882
4292
4926
24070
8222
8006
7680
138690
23617
5853
17677
143946
13102
246
13340
18710
26634
15584
26657
16378
62265
640548
4698
856845
1982
5070
23199
23337
5343
4464
3306
168201
40380
172350
2293
12478
24325
11819
40086
63144
10406
10494
7487
16125
20174
16273
25163
16857
26727
1453
84360
20521
14254
18595
6275
1653300
7905
21402
11378
29260
16271
153656
11483
8520
62802
25497
5346
222352
28348
344
18312
47724
28038
20971
3608
877676
607992
53540
12404
28558
6314
25044
28644
40432
59470
8365
27836
26712
6132
20949
62104
243
530
60192
45252
7289
21407
66120
619
5463
11723
28243
1753
6346
81896
141504
3840
5050
25402
98432
74760
28130
15820
4417
9033
10593
12955
9912
6108
21608
8539
20660
619666
17622
2464
19908
4293
421668
6369
19280
8922
4454
48532
24334
1283781
9722
2329
22498
65425
672
5941
43932
4114
270
26932
3226
2123
57268
971
164700
44410
22314
9592
11542
22192
16302
6382
170628
5231
15582
28865
8493
16787
9079
255266
2241
18640
10295
26107
39864
3060
75906
13564
10950
5432
7192000
1148
30384
13521
14130
80112
43284
6709
122
30410
269712
3228
14129
37344
18627
18958
19444
26453
25514
7371
21058
17658
43024
11557
1865
146888
29300
11998
23573
23726
4045
8632
2762
26211
26866
59208
61626
13505
379920
3642
55866
3642
1066
29046
13593
27752
8418
51402
27630
7351
41086
41712
26751
27150
19262
1284
28524
9066
6212
48706
23059
8540
26434
116136
7626
22901
458458
22604
24244
4534
13628
286
14682
47642
45120
22569
7280
15290
2155
10337
12035
88310
2150
24720
59854
197230
1472
1584
9177
2750
17759
15386
3210
32
21532
29733
4774
4343
25244
59970
2156
5067
13169
29852
28612
1481
1734
6591
16116
371
13397
1443
22230
10307
4500
21007
18992
10054
10113
125
193137
524
11427
48708
211336
25747
7508
19906
2640
24324
14749
20602
1947
17294
1088
17124
2407
20242
13925
2447
12888
1878
2154
6545
95040
8861
43656
65604
2532
162972
8826
12544
14151
20769
53652
21905
18038232
7320
11745
22041
92924
21346
38244
77331
1552
3489
70284
22011
6367
21620
1171
56806
8928
98518
24878
327
15637
9252
67424
47670
56466
28142
9702
11792
52746
28446
13086
67064
14318
4323
5308
192060
10120
27416
25930
16440
1463
21143
30
22202
28517
20127
54504
1345
2232
25498
26
14169
4806
12528
9732
23922
13961
27600
8178
29288
15558
3433
25413
13828
26997
42978
9960
66303
10982
25248
66600
181132
5950
24330
15615
8697
25135
17261
43264
1699
36342
5116
7981
27684
8874
24858
1238
17817
14986
459
14946
606228
191576
16325
25427
2440
29720
34139
43638
489
2937
7793
21418
2545
28517
21393
8496
55728
38124
1845
4910
207
20927
46816
10119
240
523498
24761
149110
42514
8454
33300
144246
16279
19618
20414
27520
22577
29035
48030
207
17304
126770
26772
299610
1002980
18147
47065
11030
7852
1395
124510
186296
2845
16551
54476
9746
67884
7660
200515
113445
14020
130104
13191
24832
35086
16686
42194
16643
20268
6986
36576
9872
29697
3564
229920
20605
4281
43452
6973
2039
56906
29788
7889
17490
18054
1815
22431
310384
13230
54132
25271
555
22268
13188
235
1775
295372
22406
28896
20372
427
1889
112776
7269
22852
5180
164336
6524
25429
54658
21393
41098
5331
1852
88115
542752
10130
17859
44532
28062
15406
74652
42590
14463
12847
8837
26709
11963
28697
29593
53364
4076
75165
37584
3052
4219
10158
4667
15860
26497
518
7313
15962
20192
24889
1750
74900
20896
34408
1742
7695
1166
20412
22924
10155
2596
19794
78411
77427
23121
22636
3003
2447
5251
6526
58460
12599
54207
24627
6342
10508
13826
26290
6295
8238
23790
26926
215
80472
20361
7155
29712
13943
11664
47
50995
1532
21855
31102
37758
26772
13526
1292
38866
14840
21456
14604
29223
14402
23229
523
27175
11165
25720
82100
1628
4520
615
186
23461
25030
40370
29176
5492
2202
21302
4960
134896
542498
1453
2252
9357
2793
6210
814
16082
117296
20632
21662
21582
21569
16340
27916
37126
177792
13914
1506
9765
2606
27461
12135
3192
88590
4542
176640
10572
67403
23976
3232
25403
28359
11009
11730
12322
7020
654
53340
85872
82415
20591
107680
16740
13616
3349
13583
10094
17292
21281
71076
15645
21454
26493
17119
3208
1961
5208204
151116
27298
52784
21167
2093
19139
2114
2584
7209
3646
19747
5554
57582
1600
87790
85008
18745
26309
84876
62676
8684
9794
28953
125916
9126
10539
9693
27402
6532
22796
17121
24889
1168
1650
301
41205
25559
18094
27752
29990
14376
3194
18376
84742
2648
21812
13372
7317
26153
10884
983
28483
24308
7122
78720
2573
524970
11790
188088
3554
16352
29502
5738
102490
23959
50292
15384
44816
19568
10548
24456
28181
23081
5391
780596
29280
24845
34788
22637
2925
19102
15932
19649
6360
3475
21947
17328
20864
25277
1142
2158
6138
8957
24662
5396
234231
13338
24470
26085
11595
254
18573
20382
12173
40196
4447
33550
13274
21371
45920
3650
171140
49160
21924
29913
2311
8205
22802
54500
29833
17700
2523
15417
35496
709020
42536
36018
82560
36720
21883
64647
20456
13015
9992
26636
25349
87600
880425
971
14384
14156
8616
1033410
25157
76512
133695
18392
8877
4900
16913
633745
45825
9703
9889
23504
15839
22102
47142
15156
39472
88824
23588
49692
1831
1069
65424
10536
5622
9119
42518
25200
22253
7001
11025
1845
39
813428
25798
13555
8737
176
12527
92730
7374
13151
21962
16280
7573
27894
2345
21908
28130
48838
4425
861
10012
21724
11707
89128
29616
24851
602
110684
2166
17018
4678
26755
123459
16109
13099
18469
1324
4316
18916
24708
18672
4068
22512
37212
12399
10830
35848
23250
1319
16610
22178
28756
6791
11186
56608
18889
9250
10815
29757
3206
16542
9095
319035
12202
1326
30
11907
12518
16978
24232
13607
76740
299124
20942
8370
181792
26212
14626
11229
19535
749
6444
20966
417600
14906
19381
22352
28029
3660
15860
43060
3669
50205
26968
9249
88328
3395
12788
11299
16078
13567
27827
7922
12274
647427
885
16119
53266
21357
65775
90024
59878
3552
52492
27855
10887
32574
42042
44136
593530
16749
10822
19624
4125
57692
58760
7038
948
109675
1594
660
10982
12633
18993
184652
12163
33342
9009
1139248
902
48644
14512
54986
207578
31942
39610
21781
6437
56680
8869
143532
23589
615800
105552
39234
1141
226610
21156
23652
53662
26858
584
8475
11375
14937
290672
13053
13766
1401
45245
5015
19039
243859
20252
2948
3522
1586
171012
44520
21349
25436
1043
76236
25417
52606
44562
1724
12790
9948
20433
10785
548390
27350
7548
1716
40626
8190
26336
18861
29905
20662
27206
31776
111792
18605
14783
24961
21690
29700
2715
6291
20191
20390
45274
150342
20232
24348
24570
29105
117990
35070
906080
23468
14568
3499
2614
8147
15252
346707
25027
14277
1208070
2449
231792
16478
86418
10676
39650
6803
22763
3152
19490
9020
21804
47232
4605
22400
31570
21169
35532
18488
416
25320
16748
29821
20294
10273
5344
53576
2905
23274
9079
47217
18853
9279
10703
1481800
11524
16807
175536
26609
652
14222
2132
23073
995
23498
11212
108066
17685
21239
26510
16191
16217
24718
18316
2999
8015
32024
9455
884
24478
1072
19413
7944
20280
17578
13083
14975
20287
1870
54834
118560
13379
33902
5495
13640058
19612
35732
24496
13481
8734
153034
27361
429
9066
25747
3671
45348
2832
58146
42572
11205
13873
77532
11957
9380
20157
36596
9355
22808
112390
2854215
23384
81406
19252
23747
28999
6016
119744
20010
7042
11426
24797
13173
71436
93750
3484
145033
222678
3011184
621322
379
16996
12677
2428
22573
21487
6792
21791
759
10360
792
6985
16052
29626
145980
425
21243
2121
28010
92000
186298
562
15486
8552
10908
25169
14441
30988
22326
31394
4144
20574
5500
9216
88338
38160
23763
556
124284
77457
6300
23866
2442
84840
104985
26980
19663
26390
18579
17878
3695
23634
63030
26191
326
6106
47274
4895
26002
34178
15646
44640
51766
20996
22539
7508
8190
18353
5600
2256
7172
15368
26628
21801
12104
56364
24651
18734
140755
37590
19557
2374
3145
20344
8169
43508
86589
34584
39978
1686
264078
1764
1318
5402
170
44444
44864
110148
1118997
19310
19018
11304
21517
22908
3346134
28945
27786
308
279975
21487
7868
1263
23339
9712
62140
15909
29639
2803
356240
23244
26967
7324
4968
17287
10541
9170
17382
4051
1717
24830
20280
18289
25865
43947
21820
7445
5845
50043
18
7328
8410
2386
11350
5307
73904
25390
29360
21604
24847
1251
4908
29565
1634
27132
19259
7432
55896
7283
30945
33878
15295
22791
1256
40612
29974
15323
2716
3660
17624
21363
17959
26961
72660
29114
26622
2022
7135
25634
49148
20430
26783
18479
1680
23156
13883
19516
8312
26972
12702
113800
13968
18158
25202
27980
9939
19114
616125
29672
14321
1970
6536
8069
8178
24270
16239
2675
9962
392
17084
8385
42160
16890
20338
20258
9606
10183
107838
8118
10240
610
676788
6683
64761
5738
5732
12979
27402
299680
51698
152705
26086
15996
7260
1527660
3768
3935
151854
22915
33958
29042
3389
59278
478
16896
2383
14724
15031
1936
24258
526656
43959
1480
13412
12008
19632
4119
15191
348384
26347
24092
40761
1951
534
17024
14541
17071
35384
28573
29564
9156
6002
867
12247
3264
29960
29944
2097
29416
27020
29646
9102
20403
35847
2004
736695
31980
4958
54618
14572
28538
3148
26983
25010
26361
22556
13958
15954
44120
313068
36924
25964
25100
1917
8234
17157
468
15566
5988
10086
36568
51318
33838
16042
10471
14087
15136
13437
15710
159912
17422
18640
18148
32943
80416
2251
797
618
25758
24676
20570
14973
13693
22653
33384
639
26574
17212
12777
22977
2592
29355
34892
1787760
1388
21904
306108
17667
30668
5773
21336
8589
22866
893514
27165
66378
25692
412174
73467
26672
3326
13947
1272
44830
10319
13834
17448
20795
1784
4343
37470
12750
20991
11341
308686
40002
27946
29109
15218
3929
23020
86460
28069
25727
1634
188580
8305
131360
10412
11085
27204
48240
27520
15374
12990
5591
77706
25098
6532
350
53436
28844
23294
18525
48226
133638
49974
19868
16776
148
10616
60046
17353
860
23661
12552
4068
11010
518331
514
12512
24743
28340
106364
14595
103150
49300
4621
1201
25718
28764
1055
181
66504
3037
14493
3149
13246
23047
63392
36428
21411
16159
2035
1769
4306
187374
1149
11814
15568
9232
26586
29332
52236
11375
1181
1224
14218
2630
22994
29553
26949
108900
11843
88035
138110
4799
185
14252
778393
64560
12583
8271
8282
912
1264
22894
7719
2095
69560
5481
25224
17396
23636
7555
12898
556
134295
6974
6243
6048
2852
58376
32992
306072
6516
13741
1114
26102
24000
107152
45471
7896
29072
9008
50
36192
9877
1637
46970
1054
14174
24832
87736
6751
15445
3361
24757
14275
8447
14175
2409
538
16476
5380
48092
11138
14363
129408
10409
18388
29610
224
7135
800956
19805
15289
57670
6804
16108
1215
5478
21132
6932
673
12289
6312
105656
9018
12276
37398
62540
238018
22946
17874
867
17673
183744
21160
8781
20242
4427
21620
41058
25540
6771
414
5829
4128
21284
9444
25088
7572
2639
22818
1876
28395
22130
9257
267792
28914
794
26078
20829
24456
5979
19557
38104
16042
28613
184905
12624
14236
23224
6465
35352
13147
11240
814
9217
24131
167700
23000
28140
252
58998
14986
24756
69630
27383
5688
27322
26708
24861
29202
232
17811
8211
70552
20505
4735
14
21549
53758
8322
13830
20569
771690
14957
26935
15452
81180
1453
26680
27772
230140
9828
29663
10325
4942
79093
8628
15406
22028
29052
59882
5632
73180
11456
24171
18115
87507
9504
3723
40184
9896
982
161
15747
4765
17698
486948
873
834
802
20923
8786
4502
23653
25138
12636
142380
26737
52176
22371
12157
49156
3483
55296
416624
20261
70995
86
18296
12069
17203
16114
3042
203770
298040
23576
101136
26976
2578
4434
1957
15149
6959
28726
49244
17813
28762
18789
17676
10409
38433
7471
408
23422
15374
9578
29966
15983
11280
5109
41672
46965
27135
17000
2494
42663
257378
7024
14879
24689
15852
8290
146520
1511
13334
9725
65913
45342
10128
21630
28321
6629
25747
14057
85731
48914
62656
26005
7604
13815
22298
18411
43230
12222
29414
10677
7092
1663620
25656
24291
15974
464480
119108
29599
16686
12020
7964
17108
20593
24552
14074
4168
17999
4122
16379
16874
8643
91746
9743
5211
18246
2719
44181
5818
22864
15232
29153
1156
17417
15234
2410
2202
91460
18873
28519
6596
22515
44478
476
19220
5708
1291
1979
21854
27470
10183
54642
20362
45514
5034
28470
19858
28621
28378
36906
3727
400925
26887
7912
164688
18598
9167
21046
17274
14488
2403
8232
8707
4554
5328
7494
28202
17277
6684
4101
13961
214
668
227880
25889
9407
24304
239208
248510
2177
23750
57360
116548
24436
5354
66006
27421
99690
14451
2181
28493
199550
1532
14098
7386
10695
79290
13904
29487
23898
3148
2206
1408
11807
8322
46155
5256
22793
26916
1180
21173
140490
1660
38112
119340
53874
85830
11758
6714
66066
66076
10362
13467
850500
10095
13576
6975
43660
13281
171413
24505
16145
22769
17948
29177
7777
20874
18260
404
3452
20959
140811
23122
1804
12819
28140
2045
1120
2295
3040
19815
13625
59220
18328
15036
27530
20870
1250
85275
176904
31204
97304
20749
9050
276
286
19263
852
3398
23667
22303
7630
6512
27636
127680
26963
14755
27005
25493
22119
12636
27349
3452
28182
11100
55803
7432
16301
88425
15143
7698
20744
26248
1967
7938
2285
16679
4053
26968
2225
34186
233
20993
32040
24903
17772
3801
1043
2885
3834
1740
2101
27634
25402
11936
41088
78
757
27350
141480
27018
703
75408
45416
10427
6078
22382
12930
12227
12108
25374
978250
29563
3975
15250
10726
27428
350
12147
59522
21022
35768
1925
21311
860
27201
23484
3971
57675
5303025
20224
4126
15008
6609
10556
6543
28028
25984
159796
9937
56828
13851
871
27013
28429
81993
207780
5535
19896
22220
237768
9862
10524
22938
12429
176
4880
93080
21320
11067
23735
4212
57108
28135
40920
27988
5389
1054
15194
18233
58444
12434
41125
10809
37400
15596
305144
22805
34880
27704
12586
53578
18712
24651
13697
1150
5481
29295
25626
9467
23484
12064
20063
149
16067
52228
5668
3648
9684
2598
24565
21124
3962
24190
24759
13726
316080
10909
60330
11430
14798
29618
55686
19940
37612
1208
6320
14732
18546
45674
26687
1491
2001
24682
21790
11162
358582
2526
4494
12686
26210
327210
17805
3286
26810
3372
1589
9796
86765
1183
19839
3934
19338
8890
19337
19839
29133
16177
2697
132432
20479
10680
28697
27332
9275
4258
22540
27186
3473
22342
18693
12342
5013
28708
18491
24490
35414
13747
8593
84576
2756
138
213240
13124
25635
1985
1191
21105
50992
6339
139
23185
9834
7346
123840
14393
17990
29709
21058
22020
681
26610
6926
1839
119736
21892
22550
6262
12874
20588
25047
54030
23061
28053
1240
58032
194537
25668
26369
27568
10675
75801
26740
22182
14857
11993
29002
19290
3065
29910
21206
602
2428
6553
35460
22386
61785
12537
1032
321624
19712
29232
7885
2610
51802
13465
3508
6508
117280
86535
4188
19509
6331
315
26113
10344
27957
8423
12241
12319
84144
24549
1972
75805
12528
3573
22840
26102
8050
21665
17333
26071
78175
2182
11553
24756
21169
8703
17381
8734
3465
123456
86265
19191
8072
118490
4214
22350
5702
1833
1853
5759
10679
3696
3836
29067
62272
10941
15496
14184
20556
27316
26175312
2397
44328
26324
15657
18719
10347
4350
30404
6959
750
47446
22441
50652
9676
198528
7661
20177
2661
3274
77520
21107
22386
23984
15809
20216
44262
6569
10442
1444
1196
8555
12880
12475
1861
12519
1984
121090
26808
74346
12337
27414
19668
23950
15546
13076
31514
2398
22653
72504
26486
14756
52352
94156
21556
11998
9808
27639
233856
18545
11159
21693
154884
154056
28828
7529
24083
87561
8551
246780
13416
268767
18678
23627
883596
41283
23977
2351
24792
10657
7742
14732
70
634
80376
20214
19670
26417
47316
17665
30336
26829
49310
24056
1724
15777
10545
29921
54516
61251
4278
23710
89395
13249
1496145
14990
13505
948
16258
11207
2601
46280
99620
646
28762
27342
51855
27508
43760
28640
357
14989
2875
28790
60813
13464
21856
50090
26601
33072
19665
217
12358
53061
29213
4776
15059
16514
1612
5224
12994
35978
20818
3342
10165
5210
21003
19288
15214
10956
80718
83166
77727
26232
17737
6434
24150
9905
14920
27395
4668
28169
6514
3
11950
46336
10656
25753
4880
15475
18355
23675
7903
1953
1338
16855
2970
28404
13233
16592
26875
21700
54486
11063
67991
28942
12546
24714
9233
17441
702
12680
9018
20138
2883789
12252
11154
418
15351
29068
44136
192773
11970
30540
22419
8801
58916
1993
544356
19194
6051
44984
14532
131358
8957
17485
23883
26354
7614
6450
48882
22418
2088
11090
1747
36786
3546
10093
9831
6145
63915
2021
15139
3162
14848
21922
7958
11760
27922
18087
1540
20453
59510
12650
27490
26530
17318
1394
6018
25401
20180
5743
79092
406980
63530
9374
46592
25437
5240
6429
25272
24584
24191
11452
29268
16702
26309
37160
37880
14964
5338
11037
25672
2348
13263
14844
5484
5062
12607
77224
3743
14938
1646
21595
10338
61968
15040
16461
8266
11872
52054
27583
1906
10686
14658
36328
26788
4282
19664
7401
250902
3532
2525
14995
3992
26184
13496
29277
8058
66310
7104
42912
51702
9422
20337
20452
10592
25502
9499
20631
32758
23155
21216
19523196
6230
282812
119
60642
4777
103696
24131
52040
40134
270
17769
2367
68064
105168
18766
19267
17957
168460
2720
70892
8687
16140
27048
162631
27153
12879
9166
11188
50808
11535
124188
12986
5236
4316
12504
19448
5201
6826
26540
16416
179802
7908
11095
60615
23341
15837
28624
1080
6660
2313
34866
1924
194558
19560
23962
10916
27117
18629
8510
44912
51393
20395
9899
25356
13583
6130
2206
131180
24245
15204
8184
156420
24705
2126
21375
18718
1450
2887
15072
83
5376
3447
26081
27521
24894
187768
207328
14678
15835
37168
28437
24206
29275
20416
996
17466
6041
5998
5791
21985
445
1514
6283
3287
25681
3925
2489
400
21268
8805
280
1819
24446
964
113685
8923
11079
9527
204904
2302
101840
144895
417120
6189
47385
15756
25242
17986
98808
26148
22812
1334
224
26462
14000
1396
61584
114576
19933
47344
59860
26288
11077
7410
14027
36472
14785
14330
20872
27471
24895
19932
11343
18321
19538
39310
419
4660
568700
8104
9687
17713
15903
56538
2357
15929
5061
20735
10092
3662
64326
247296
4159
64760
20835
28870
60
19881
22921
69720
27097
58014
3468
30282
15876
119456
13001
14155
9643
25474
6507
10770
4795
54698
9849
22906
29046
39396
19744
12102
12776
19806
1668
29967
19083
18732
2063
11241
8248
16021
46848
25704
2593
14944
16460
27684
79067
35552
23111
17907
386
12329
1094
41528
9622
31250
25524
48828
3006
14850
59444
491071
27425
21533
772
2234
29552
1986
115650
74175
16329
7310
7424
14886
12551
4168
17622
27739
906
208582
1766
273810
9979
2276
22947
17048
20738
71440
56586
10632
10666
4065
3595
26787
19121
28800
8086
1186
21004
11512
106930
9104
12470
17290
78621
109096
12822
2491
23172
20408
3121
14838
1929
43842
49497
9569
126840
7223
23447
626640
13518
25830
318825
15622
5195
44254
79365
26754
9675
23596
15052
42580
22187
17797
18222
13185
14838
7883
18836
18225
13484
5601
18751
22342
34
43478
2369
3942
1394
43360
24555
532632
28178
9559
28376
5098
29745
1589
2565
26649
6689
15601
5799
12120
8658
2864
7429
4204
333660
91872
84580
138215
1400
43434
497
23778
155142
4687
41718
11675
2034
19830
39216
19878
9297
12653
131502
19204
3863
65560
26455
9850
19274
493612
198695
24827
20636
20809
312
8771
3670
96975
30842
1027
18381
73
13163
362484
53040
756636
8240
130851
13672
13104
25654
15708
44847
5078
29562
1950
14931
15176
7216
19760
22812
4029
5165
27530
45110
14472
23014
21757
18042
10987
2457
14416
11125
20053
28600
9716
7152
20992
1177
17560
1852
22120
31414
45194
18212
391830
457729
10172
32380
38885
14679
47134
6000
73815
2210
27900
24000
9637
19081
28966
7008
23248
20932
20352
10488
6810
145440
11191
20022
4797
29611
1180
3472
2122
51171
252098
5479
259
2872
11850
70032
381520
11877
5976
93964
11973
25176
3406
3041
16729
208568
252
10934
132594
98052
32276
14255
155740
21178
19692
8258
8796
27275
9750
4884
41464
12959
36396
55332
13336
25610
22255
32512
35668
32226
2743
974
194350
38606
8051
215
811
508
6340
138572
9649
14520
31132
17136
14168
316
6795
53206
27159
37520
54758
28437
122445
8174
57546
19378
119164
6528
19490
4488
7832
659
7136
36814
3017
488
100
20218
3172
22619
17450
4113
127435
7697
5390
10771
14259
31176
18827
12043
38
21523
19927
25536
1802
28965
39183
440
66966
18973
7259
436704
5843
103312
59838
204308
18069
22514
10138
1907
80835
8318
23262
13255
107748
37074
25464
16498
541
7461
13029
92232
9792
27371
14397
4347
15714
24796
29012
42228
3519
29942
29736
22555
32952
19190
234
21815
475965
13214
28813
3186
7372
86315
7306
11596
28676
3336
11805
138684
17390
2808
21392
52758
1051
20976
620
19343
2223
4344
7122
26360
26428
24354
1683
116915
16285
22512
859
1629
26004
3843
13672
21471
12236
27268
36018
9593
11230
2992
2117
3136
18152
34796
39178
28571
12914
3386
15721
12547
165557
53975
55536
67624
84306
25018
7136
135245
5289
25564
24896
17614
1733
1556
18824
20005
20049
21013
3855
1015
3360
13693
15861
11359
2374
22966
50550
9986
12284
13538
23904
7601
15275
7411
16702
20376
85932
27093
14564
27755
11718
1238
1844
12689
428130
4440
5760
37536
16393
6842
6242
14635
23962
29571
16410
20761
28572
12752
5112
173350
9970
29951
5688
175497
17005
49464
7195
23370
6540
1720
65490
16627
21163
19062
25950
25965
18494
4217
14101
4024
27213
14604
27790
10847
22575
48
14424
9098
11914
18000
59905
14020
17802
34970
560
16918
23392
21437
8967
17998
26366
44740
22399
43470
3856
6229
41022
15419
317
32614
12478
24501
9631
115
371415
17820
27263
45012
64680
1166
9300
25459
8856
29865
31740
84964
7784
335
40890
62868
8187
35312
8057
4649
2567
12656
12973
9738
27186
17875
349959
2031
350020
55100
68312
27924
26460
28528
19187
5599
20741
38430
3450
11308
12164
1192
18052
11526
5746
22270
51258
26311
239
18325
21610
1666
6997
6821
62385
2558
15053
35866
26840
15059
11055
22988
22092
4090
455136
74916
25285
6418
40136
12524
32442
5535
40212
7535
583740
6120
262035
369
15000
53186
22491
26070
29290
18261
68850
55152
17008
854
18039
13505
6088
2490
16102
35118
29232
8941
468
45022
47880
48792
3356
46504
15393
10597
7330
2612
29867
109728
68526
3243
6020
69753
23221
3731
132240
17275
2085
127545
17418
26142
24180
15814
1474
50928
32548
59740
2002
16004
85320
25531
58046
6053
392
24935
21366
17685
46470
111692
6842
29837
82899
21894
6202
33898
50928
77289
5331
231016
13463
29876
20402
60300
21757
66516
12690
11570
28842
927244
9011
20312
12293
6356
20120
1334
27710
20468
16468
6727
28134
7560
62775
17023
4556
22618
113694
29855
28698
16096
10256
23651
25007
2717916
28464
29650
48654
21030
16547
23139
1144
17429
12273
22524
95312
151932
61510
15210
45404
13805
48828
11924
24323
18795
25579
45902
10440
1407
21477
14676
8851
10272
26201
10067
38322
23766
26677
13852
247780
43923
50672
1262
26112
14531
5829
10003
20087
55290
4857
287650
11412
4802
76392
515746
186504
21140
8060
33420
11869
16717
24649
29148
16605
146280
13876
1719
11187
3944
26235
10061
29720
29166
5203
83
9518
1175
2254
54872
21612
13783
866
22564
25232
6462
16302
40376
13064
60558
22184
711
3078
102508
13143
7169
13549
22283
13742
17319
14736
64215
22968
77628
73443
11316
2099
19112
2728
22902
27024
23715
1068
3410
26126
18818
11681
9551
8374
2568
23521
2071
24487
7830
113856
14914
24520
249957
3262
13927
7036
30322
118118
4125600
119
6922
5128
38840
1247
217
19943
7723
1479
21194
24643
29509
25768
27535
6372
69255
15776
25261
28308
3556
21188
65768
6494
1050
15442
9465
3906
22566
34484
48398
12115
24330
12796
18630
15429
134075
109080
10376
2659
3432
12627
27519
15012
14606
407
7539
9729
42482
20559
614
10264
71283
129018
421
4101
204
127595
5134
106865
326961
8616
25936
24619
13555
57174
118048
90567
20146
25608
7234
16275
13315
18781
17202
14640
29169
19988
84600
65
531
331
210496
26982
8190
2712
25396
17564
86382
13461
23635
14100
21040
56544
61983
28130
2930
16063
58805
55386
6435
35
40065
310800
21974
17358
431
10207
4187
24405
10435
13100
4686
4569
24941
14198
12162
9292
23921
6456
237816
41852
29792
21722
743647
21113
26053
4638
3041
42298
2192
13739
31632
17292
50570
4563
2271
103792
110948
380
18589
60345
18682
60843
104995
18468
91860
15166
2356
14761
20899
51438
9862
60704
19866
142752
89936
22379
52160
13354
21398
3523
76797
32970
102879
46330
228792
2575
14082
14017
11358
14730
8078
14599
32958
18657
11791
787
2967
33650
150385
8242
32708
8374
16567
20405
18636
4246
12696
639
3406
17292
29674
15337
28512
1758
37928
29997
15686
1837506
12625
7224
5982
41424
239700
16359
7040
876
20851
28766
29401
15325
49280
9238
15431
3008
26604
18932
21074
1172
3091
132828
48112
19132
204659
27847
114376
19572
11017
18388
6791
8576
18562
24557
7617
8034
16609
2157
1531761
6880
12539
890
1655
48105
2507
30492
28393
184500
11
51711
25742
18032
2302
6919
8709
14388
18383
445770
26746
8871
24608
2730
44208
5418
1166
14920
13326
15512
6386
15311
85920
61557
2766
27880
13391
770
183925
49570
5088
7973
56040
12944
18470
92900
22890
28813
109112
24169
50206
54040
9673
21616
8496
1209
24699
17156
27925
21777
19749
18729
11026
1863
8685
414456
26066
11159
71656
1644237
7620
4630
3116
31968
14208
42170
22877
249
19620
4812
23721
59308
8783
10466
13932
62037
46118
131736
161850
8235
173388
25708
52035
372526
27
7180
10846
54076
4420
1620
22799
294063
2142
20887
4702
28376
2344
8564
41488
26915
15026
3941
37968
4848
96148
20944
8370
152810
10911
25207
50943
23130
347700
82887
6425
26270
43462
36354
20516
701
22356
96648
24358
12137
6624
19222
13750
10632
6530
252290
643764
24446
14955
17190
27638
29796
24106
3025308
8394
6397
78855
133410
28020
6496
30126
20556
159280
21797
6723
19890
5049
6334
130
179226
7640
990
42752
6186
3314
115032
15163
14528
12036
15153
5800
47488
38592
311584
24694
13141
30788
5369
5653
13123
212
4930
44895
14913
41757
26497
179826
44808
8245
475919
82184
42903
11964
63567
17772
28504
60140
18227
57514
6566
3980
2815
120198
7020
131485
7696
5664
2605
9720
171610
29870
5067
29610
586
16140
11530
1614
121
15915
12417
53952
754026
42170
1513
15714
11542
11161
17115
184140
9634
12785
26901
100
24189
20536
16992
21905
34983
9346
23514
543
8363
29266
553725
7353
22908
26818
5582
6582
1635
611
8720
9283
4486
23386
5576
41718
36752
12019
57003
42888
4376
3173
1362870
26661
7686
20198
12716
79599
13849
9458
108479
6015
88748
13015
27194
109416
12484
7300
11477
24996
6456
658
22587
110110
18175
16019
4575056
14981
1700
27290
84252
119798
29456
20
3410
359
25998
13126
81423
7016
6947
9417
45632
19040
20480
3606
5263
22210
68187
163236
10406
1376
4754
13202
16502
35358
20597
17246
22416
46255
107814
20583
7922
24841
6400
624
128346
23232
51932
17179
1316
87162
13092
9567
11607
8735
14150
8142
15684
2884
17416
8438
18686
65271
20375
15929
154176
120
23356
9493
12870
19434
18392
6344
43
5757
26816
792
20183
22218
22479
40014
15725
17152
14483
7179
950
1621
55576
755
92880
12209
1977
16982
5920
17816
23616
46962
143160
22192
19186
102438
22460
34536
17856
104264
14232
15680
23209
100692
25057
22584
7
29087
81477
16048
37842
116892
16260
12953
6578
45018
15702
24044
9202
28571
49536
27208
26756
2014
9066
5835
953
37350
35190
28760
10466
2034
656121
15254
1363
34869
13156
25934
11606
330402
26202
8357
27038
2578
37334
27910
7694
7695
11213
26693
87243
29469
22105
128187
18524
7309
14192
65404
27641
43328
66135
6236
2310
3573
21994
5995
22825
40
47208
24825
4380
149292
58006
17144
2298
9738
