64374
93546
7815
97143
502
11877
85101
14710
91100
2035758
32528
25483
23301
22463
62588
4730
57288
16293
18933
27014
10243
3085
11280
19765
23491
124140
39844
30964
3213
59312
17492
23473
131040
51976
18165
62838
21165
13422
13360
212968
15982
32139
4273
24042
15764
31583
5787
33392
21678
29674
3717
22506
6182
99840
27490
5763
21226
13061
30193
19093
18521
12522
24357
27407
104300
63694
153140
7457
5848
27513
43826
16571199
22674
16444
32022
15083
31604
19280
56274
2932
14310
4159
57466
39266
9327
977
9481
273429
19135
1118
9952
82020
63488
52046
112196
20198
28766
11544
15954
64672
32212
23103
15075
19498
29241
30603
9557
18381
23690
56976
472
19493
20856
24794
1336
19800
30516
87723
11676
8619
51442
22956
5998
7671
7899
7113
9404
327173
17486
752964
45210
23256
11257
57954
61900
12110
10480
17160
64784
95823
25598
42498
3000
1160
47736
13812
30603
23375
11982
20974
11699
85593
40694
29735
407744
11432
7232
8454
24261
27618
6072
13403
13996
94176
29500
39854
17520
3770
21362
160839
4550
67100
14122
9777
1292767
41360
19209
25542
2720
57424
71871
235587
8679
47104
6301
6407
377
22691
21383
1816
29282
27382
20703
13149
24760
32177
13085
13339
7539
43311
13493
36396
31784
55732
28516
23698
5859
64852
16056
17031
158
8478
10116
27683
23247
9320
364
4484
1411632
25185
6154
9142
29635
19044
41568
41428
502520
27882
6348
5368
9518
38760
18651
4631
56714
10470
6661
11739
21246
30434
4129
11886
61098
29157
11785
21522
64006
13636
63808
10966
16377
932217
12576
4247
152950
1827
64846
55330
86788
30492
267564
38480
36868
44212
97016
30217
11957
3817
996153
5571
24048
74140
38456
1973
27702
135520
28876
2096
284
39894
13617
13878
27324
1284
23072
11125
20735
67760
65080
25733
22608
19903
28188
30049
26757
20412
31028
269340
10786
22874
16347
21508
4711
19554
12161
12947
25777
11400
2896
56217
13233
23861
1857
2266
143310
28956
16995
5639
13635
49506
11366
8964
11384
1610
8814
30301
15698
18670
161960
68829
3823
9906
6593
27733
14565
26426
12583
65472
23316
16724
32031
7125
40974
9784
938
31739
1728
26706
3393
13829
20232
54772
5215
12999
15005
13418
19536
29907
145138
25439
19259
5992
7530
31081
18138
19676
12809
1655
30696
95612
1401
5053
45142
18637
31408
17302
28483
55716
62560
29642
294126
13607
2161
20144
185646
23674
1419
79083
12315
46836
547
4063
44744
15258
21911
14326
35496
35910
24940
98230
24474
17127
11767
29498
46488
23762
39060
26267
17123
15509
21186
8202
122621
586
16012
21933
81636
14305
19231
23580
1575
45592
856
6248
41550264
19593
222480
22946
97902
29400
129684
130508
92226
28241
12966
19728
42507
10398
18112
6180
11107
41212
13272
29730
54742
58149
7058
10639
85495
22876
59104
10710
31436
24640
186792
27375
47974
9657
94788
4953
20619
26777
109040
802
22644
7274
2878
17394
5163
49848
23210
6185
2459
4547
7007
163740
12708
24381
168015
226640
233073
126084
31382
9481
47496
10190
25683
6511
12120
12899
30531
22356
20162
18179
1274
14566
32459
37588
11513
44476
14850
64720
19617
19105
29283
196434
93
7833
22448
244672
8714
2261
52400
23402
28842
19423
13632
195516
19785
46010
75232
25021
58552
5611
7033
10700
325
20407
4277
60178
17100
65559
11262
32214
27256
14212
1430760
109150
129890
14194
14439
4118
140210
175236
88857
15470
31171
23270
6079
29832
6319
1588
60615
9984
14916
183625
19462
28845
9104
6798
6856
28413
120004
95090
30639
8170
276
2763
30212
31718
3535
963
35972
5672
200608
25665
2573
25701
119766
3884
21047
8132
7454
7274
5773
124304
1949
53910
4088174
32446
4632
25170
12509
24581
6396
23834
51720
2397
28864
5230
18569
16824
41190
18224
23349
3943
303420
4978
13222
7559
14693
27494
43520
94120
3975
15992
11057
193842
16978
49490
817292
32152
12751
19501
6860
52036
77880
12944
48300
8933
19080
18533
245760
31547
6270
14967
36840
17801
10824
29588
48672
13835
14394
975
1138
52230
20340
25770
77508
445952
8058
18122
22054
22290
89484
3301
86448
11677
99760
28234
16893
6459
125380
16039
11839
440858
25865
5649
1230
17992
26133
21919
74529
43
27196
38616
14564
3269
60321
50162
54730
9096
53338
36340
31615
15235
12751
13698
10437
25759
51520
97472
25169
23831
2221
13100
27678
15984
56193
30325
16643
25435
18255
47668
492208
63069
11223
571021
144423
25321
10507
23390
12196
8864
62216
36627
15206
48458
5449
39418
10787
200823
25331
10582
1450
18020
22734
54612
30324
152675
165864
117900
122815
12921
5359
5971
18457
1565
32008
38552
22059
16168
160461
103005
239168
16114
35116
355266
25396
14383
7817
161670
16873
498402
53616
14587
26207
1180636
1363
30148
538
2423830
4392
22268
268690
3420
3670
19691
685
62652
7116
27847
13232
15416
11940
11914
299632
9865
40182
26770
13377
19680
16974
6252
8385
31009
64364
14334
13002
23809
30833
31234
30696
30106
56344
23076
22370
4539
27665
98920
14076
21890
61894
4658
32662
14547
19181
10680
28570
8258
12364
37720
25572
33460
52788
3663
144408
15152
28677
8496
6786
3622
907
3910
29878
33950
358996
3408
6802
25578
16302
54099
807
12425
9748
17432
22069
22448
94700
9674
48626
28525
5919
13613
28124
53680
2494
30448
26374
115910
8637
4101
6202
479384
3698
27301
18780
25346
66530
23729
5597
50074
865284
14414
12476
51372
77312
8891
18404
1175256
3806
39656
16923
16595
17423
28044
92400
25798
1384240
3399
27171
26490
2295
5111
14773
28801
14356
8216
125640
89787
231680
24078
41735
15600
23574
42424
6231
13921
19460
25800
22780
23311
8626
3420
61364
18196
6242
6466
3016
7712
27952
12363
82713
26135
12234
46455
323578
30504
23574
26518
16783
6462
18053
64886
3142
419679
17970
9060
28624
32058
62472
22693
1407
319004
92869
140442
14628
15050
22687
51285
70053
114888
12429
25333
182916
42006
26780
128064
3709
149118
6062
7448
2764
2190511
30401
26196
1487
15874
16468
27118
8447
6986
2450
25548
11975
101583
28138
124608
46356
11723
98400
22674
49130
59780
18138
136619
5578486
11644
37176
11560
7352
768
21405
49602
61058
25628
28269
26352
21237
2913
2067
13409
18876
25052
10958
20403
16425
19206
13528
78960
112392
20362
13792
46192
3762
667529
61188
28212
46113
1709
13003
4216
28248
30113
111485
302150
211446
63986
2208
2572
5358
16964
22239
69016
15326
30742
71010
18898
2645
28807
7187
64800
14120
180104
7836
30428
12989
5097
16029
18960
11073
3822
19699
35148
31945
5552
31417
2758
16690
1842
53708
10510
26385
16584
23160
24528
192378
21131
676
25506
21921
13988
12094
29984
2875
29061
50115
61665
28398
13835
23364
29044
75795
25893
1325
8506
31751
3988
27414
301652
25695
1520
59896
16130
22712
20206
32531
44552
18357
61156
10976
4762
24166
3615
1266
43550
22616
33582
28021
14304
24288
15230
16698
5572
931
30427
23952
75852
8809
1836016
10438
1471
27718
12907
24917
12718
27961
7478
10532
56487
2329
28933
556512
12339
21756
20390
1990
85
16377
50523
21151
32928
26192
19448
122985
14789
5615
984
83100
118568
33640
8609
2147
30046
23383
37814
9366
10631
7150
23248
5553
47376
25410
1348780
35452
62410
71982
10912
30290
31979
1263880
235328
19388
8031
32542
276887
31599
96066
21869
354555
46690
19925
508
26264
12933
62526
57375
3448
32213
37908
61575
16281
3811
101148
11274
31792
83622
4391
17384
105435
25391
29897
3623
593
25060
4152
40264
229
10976
30668
12788
151480
26784
110256
110452
18732
9155
17896
85140
17018
16428
22231
26958
19373
14200
19379
27975
31728
77610
31602
31506
123288
13556
13798
3684
14138
12848
28952
28216
37264
23038
86688
20317
123053
52530
193688
24131
164488
11445
330510
230430
25650
21170
4199
15019
1357
9479
13779
25810
32351
39864
8765
7259
1247056
9785
12859
23684
95092
28087
40290
27443
25235
1260108
42642
1409
2293
15154
13473
21381
8835
29171
27664
12133
10637
12416
6962
2970
3170
16680
23620
2310
17554
25304
21249
26925
42507
17814
32703
803968
476252
68787
12491
54471
94705
2471
11777
24629
413
24709
94218
29690
6114
27670
18857
14960
31246
26797
32687
228190
11280
188030
98300
29234
57726
18963
32364
37824
31914
60232
4255380
20944
30298
20182
8334
91191
96384
1376
532360
16040
4829
154614
14952
29697
86904
26549
23782
44529
30933
15522
10838
10422
6308
20353
1531
5925
10527
2642
445578
6859
13074
27898
6711
51888
15510
360168
8760
51194
368655
30504
15415
14005
18904
27062
31558
22506
13068
67816
21950
16094
32536
2180
27553
30982
12708
116552
14129
148575
42861
3436620
2928
22672
15434
41619
18202
21708
18178
7683
14400
55302
9006
28311
16807
20015
101398
9669
10433
12304
9797
29582
2090
3568
27153
87837
92175
59344
8392
16196
152
11074
27481
14284
13094
17069
17588
12255
1293
44558
5258
3611
18719
24616
26185
20291
25412
16795
87
25325
4688
45150
22413
79276
83043
16406
13804
15097
26621
4842
85792
430680
9810
17847
21923
17290
19405
28575
94488
3230
38435
6252
271630
13310
16026
1476
47928
103390
51214
8401
23622
32582
110000
10865
6043
118935
7580
8709
121860
21867
14335
7042
31836
11567
17372
3331
3327
29957
29500
449253
20990
63762
32769
63074
12013
19652
26945
11358
14782
32439
54915
12201
9630
27881
19341
9566
94581
22752
23699
89637
185304
37272
18563
18197
4157
11249
38792
56343
19367
18517
13036
47943
78
23981
15602
24272
20024
21258
44124
16064
63382
29022
17117
156636
25344
12781
23636
17895
186184
1505
3325
149669
22885
12340
24066
95985
18721
3685864
3852
93612
20433
19859
30804
114
352
23341
8313
38828
508788
12122
19548
8401
5654
12868
23265
942942
26241
53460
29371
6756
21401
63756
14035
5026
15919
15035
8435
18852
225816
26882
123316
58576
23479
1881720
10714
3155
4572
19998
103842
413406
143004
22362
10869
20920
19321
29457
17898
11371
13402
15993
23737
9519
17903
201381
20124
9612
2813
155820
7632
80733
25814
27910
51714
29485
13712
9324
47757
15205
83772
3350
25923
7668
14112
23866
51302
23246
16301
22187
31473
12346
21697
30257
5020
94840
44358
19741
324785
10010
14601
68760
17678
474118
7724
25629
28985
15918
10132
21964
3473
32199
13682
17071
4547
12434
33024
22076
22032
14699
23144
12976
21428
17123
21487
26026
17848
11019
84807
95421
30857
17022
17802
12285
27431
10927
27962
424732
12045
24436
32763
42846
140
14291
12952
28032
3858
108592
30832
846
10008
72882
36552
6315
21207
49274
16925
30461
62432
56728
14854
8038
10173
57765
12728
82334
18579
32347
3323
13314
79656
27865
8698
32759
61742
16864
24994
98440
18217
31346
25130
32491
24582
37323
454425
42112
24216
14370
13186
30912
1774592
31290
10788
29480
5172
31375
2860
26237
31178
39124
32800
20859
17001
12339
12498
25276
378650
26693
3767
467152
18431
20723
1252
39088
12558
2010
20721
51720
27219
11880
16469
2958
37983
5036
59138
6237
22965
20832
16891
185
65158
10291
21648
18287
9698
544050
14770
30835
29119
109932
4974
2870
17293
16
138040
380464
78995
25604
23054
20622
30165
93088
17248
18172
180705
30076
3795
34246
18638
1152
31873
14267
15734
6416
31509
38356
13612
2130
2517
41022
85600
32634
30996
16440
4042
183120
9789
40942
26515
28777
26675
26742
149824
9704
25470
5284
6068
19968
14548
23562
15584
191664
51897
23197
63928
20229
31350
215336
478400
22762
1768
20205
65115
19705
6044
53590
128739
8151
18250
115396
24064
30822
19510
129534
5947
430302
29492
17053
30767
48819
29242
49244
17942
66864
11370
19574
27117
126162
317550
25624
32533
193323
3269
55600
18479
28722
2181
5446
88011
37982
26169
248696
56228
236184
7370
4034
14094
8243
60596
26110
791
123555
32703
12263
1771774
128240
82172
2238
10816
228522
9612
15333
26532
31462
4097
5432
15734
31099
11038
23874
41120
4220
7745
33240
1672868
129560
24998
27221
18222
9227
929
94092
21019
15162
54324
32715
31692
10495
19528
3439
29422
7710
74259
27173
22501
28859
31585
18661
21013
279490
199968
24374
2811
21512
3738
46762
18316
99864
78726
1959
15309
24916
27114
18272
119500
19969
32258
22644
29756
48302
286110
6904
23502
51072
46692
15470
16591
20846
50001
283840
1924
17312
16158
3514
24622
20785
46328
29357
16995
32545
75630
24398
681
20430
21668
5007
96608
2870
19505
5753
6576
57884
21978
45300
15645
33810
71135
21594
28340
1751
44754
13768
17213
53848
3608560
12134
32225
97782
10527
28264
303744
58994
13083
15589
47820
31643
1232
29318
26242
22831
10590
54502
525920
509
12755
10874
28146
3590
6440
10143339
29824
83874
43395
63879
20149
31826
55023
24275
13835
57482
9659
24478
859545
29943
52366
16385
23601
36358
869868
10847
37200
4677
11841
250547
7942
26107
2208
30487
446796
4057
3085
32633
21814
55632
25245
17408
22375
23480
209448
10848
32421
54864
32649
82488
35036
26037
49484
23612
31338
24010
8598
173632
9282
1232
42678
75055
2387430
19396
31291
30803
27936
19670
7471
530332
23159
20933
67548
27736
28361
15316
2677
30029
145475
9320
27071
19165
11054
6857
12535
68487
30640
30709
9534
8469
31945
29479
52242
30738
6664
129568
19739
668595
32430
21591
120216
2114
105530
3189
7870
17485
2643
26931
6405
246726
19720
26463
7062
19221
24108
71844
58308
21101
24720
55940
1277519
20514
29546
5028
7774
24004
25362
24775
13496
14602
252369
10674
25862
28737
8028
1285768
16691
45038
27714
60969
3406
27600
29376
31994
20551
19753
12956
27478
10472
42678
23973
34456
17966
14448
39416
4253
9512
29803
3992
174270
56468
15028
65200
17472
54870
19315
1042150
62188
39702
109722
6082
4796
12809
40701
134120
72644
36368
17968
31800
30078
39663
39020
18120
149590
24309
1048
29339
2155
84915
10390
16800
33740
1360170
30046
4525
7858
11885
3806
23607
9080
88056
90625
53548
251537
5614
88825
68424
30748
68684
32388
69615
17084
7129
10225
16176
74007
395
57954
50704
3430
28098
578170
15392
13696
24621
30782
24396
27221
16514
52124
4784
16623
173208
7719
158015
3214
11992
39784
4519
91638
2974
21880
28565
2124
21822
500868
14678
54729
101436
439887
23218
9701
3264
24500
28280
27932
19932
30223
20828
10380
152500
31783
26497
12060
14357
21294
14800
17195
10775
4358
13608
24429
55238
29648
26900
14241
319431
28176
26097
33856
73521
3094
18845
19522
10547
153770
20764
726
23684
15502
4682
4437
138290
39990
22437
415
18985
639408
405524
576802
58209
1131
73108
130316
13081
12717
3308
12469
72552
15766
10714
7311
269640
6675
15804
28371
16341
18511
64245
16112
21031
17374
9369
24586
95937
38478
1041
15496
37488
54900854
21229
95550
67592
9219
89267
22957
13431
5596
513
26847
27068
12697
43035
11470
12135
7587
23175
28657
8888
27896
76632
19445
23824
2540
19475
17409
57987
21247
12736
94178
23419
18774
29852
22121
22536
7651
18880
76824
145848
21391
6141
18809
31266
20139
52970
145440
60552
578754
10104
9716
8834
1717
105088
14674
44266
10121
22831
24723
31494
188895
56568
20838
11048
19979
81580
12159
38916
63814
26901
19868
18064
27613
41648
12249
57666
9316
248501
27574
8784
11089
4101
583700
15358
2591
31486
19422
7055
53148
102
19735
31913
8022
22721
10661
52464
32590
16787
22654
330930
7900
6266
57764
9076
29663
5257
27992
7883
5722
14822
76656
39978
119215
25510
99885
27272
179663
32743
31858
3479
10706
23087
5351
30379
11012
4100
4854
16292
12597
9060
2494
9539
84702
17356
401328
3053
5291
11272
18254
2208
23591
16091
20684
10805
57934
87888
137390
32472
17495
4436
30695
4547
49500
25347
56676
47748
13781
17513
25949
27874
19418
171624
28567
11259
19478
59044
20448
14530
107596
17998
30483
29030
354
20954
16734
19218
22899
548471
10704
24451
2134
21329273
23862
13287
14952
31577
10182
9764
30049
56782
31247
1376284
19285
8975
10848
8461
14408
102193
32137
59270
10503
30163
10750
12499
26020
789
20904
30935
7201
44908
21363
28585
20576
610907
1742
31084
23882
106152
79384
5652
59004
22766
26504
12409
16316
131885
20083
32561
10834
46096
83576
12524
42380
12558
361
176736
232380
31819
60302
92694
21321
16985
30742
16795
13584
52515
307060
75960
2404904
20590
2018
4952
3334
238320
7360
18241
39506
144900
25638
3023166
113040
32578
72728
6004
432
21112
4778
104980
3482
53004
106452
32756
11521
361
52190
25652
35820
28556
57002
19528
4908
16924
6750
25539
148885
11095
20020
13051
11188
91416
26578
13711
32335
12656
13466
68436
34234
6281
448698
295620
134380
15294
70164
208360
27491
15454
18297
31786
23227
60729
22896
9590
32732
11565
64629
7941
11957
5439
31176
15841
30297
4604
16967710
22330
49892
9038
28566
86874
70910
9656
63520
14200
24777
5101
12858
58012
25734
64864
19199
29238
28903
22253
53366
17433
17596
26136
26786
1324
11160
8586
12617
13866
8320
16264
28276
29910
39322
2575
89752
1696800
62616
125
17126
18402
11300
36120
4943
13021
16075
28588
242232
29456
159928
7955
661950
10601
43060
9558
1616
9198
44634
19509
20455
56348
2802
174090
11803
23836
4857
87232
160780
9484
8937
4945
8434
29035
11249
57364
27117
48108
120855
15176
9570
171174
36012
25468
26689
23198
166560
3772
17169
118302
29809
15494
8059
45903
28386
30870
21786
8901
23180
14496
386
19304
16403
45744
28558
30609
19967
24041
6637
22962
14696
16511
10718
7183
9189
2116
27531
99264
2077120
3241
30568
5671
17199
31409
7646
31111
26727
62692
9162
14606
23139
29920
156925
119030
23801
65034
31760
8735
31699
45585
15143
6582
5376
25331
22488
116368
4530
15288
9766
188390
102536
6575
29803
22798
27903
34650
31974
1421
10137
10513
40198
51768
11341
39484
233152
80652
32435
193315
4002
11469
2309
4127
6515
19172
28882
8731
7286
22988
25032
17910
232
29028
9326
30439
187348
13169
114148
30835
8811
33818
28816
14752
32157
23354
10154
8678
162975
692
15959
3219
36944
5970
37350
17205
13481
29765
29930
224487
1314
20111
7204
27430
6314
2757
22193
20681
1904
1800
7222
7674
20622
5440
7013
816
138761
8603
1743
1245
27239700
33418
18687
8376
26223
28728
13285
79280
16544
11879
18818
26729
10289
6997
5032
3177
15939
4539
29188
14286
13423
777875
6349
429606
23632
53950
5167
29922
200510
7926
10408
40131
13245
32734
24514
8123
65528
24262
7362
28711
19044
15
5135
25215
4094
14308
4181032
2944
60698
45006
2286
8302
18145
119496
24279
813
16480
11424
23302
418
1183
32258
28370
11656
66714
7658
22457
12309
9768
7752
126328
23951
32309
6519
9271
341054
15072
52171
2658
34875
31326
32383
18542
25376
2589
19562
15338
202
2637
20797
3081
22691
267960
104769
695232
25390
16021
32366
6650
23614
24139
17978
73024
50408
7042
11990
24636
20960
264404
36522
26245
2322
13967
10941
6798
61812
31480
32716
41792
219192
9199
356760
14141
9454
26322
24594
42076
49316
26638
2227
27357
38248
25911
269580
19504
92520
241
154105
17250
4636
11906
10237
51744
26090
38896
1496
967
19613
5207
14127
5521
62908
110400
21045
24984
12280
24424
6410
27149
30447
10158
26609
1472
9691
24021
23407
10646
14217
26201
12890
1844
46760
2417
7970
27672
22335
59295
46869
50588
6231
13828
17943
333104
3399
29111
14692
82925
10044
9928
56084
14940
7419
103612
96480
25972
409899
1009018
11517
42550
21848
14227
7406
8880
19712
16406
756834
137980
8320
2514
388
19548
14357
95010
54388
8832
9017
32139
31959
1214325
21648
2704
473
23707
111032
12948
78507
31699
33096
14683
27684
4182
13484
5240
31833
25149
27289
32136
7867638
24125
11684
30706
4364
580986
26650
60632
9553
31408
25005
2165
29257
18538
1100
14145
3114
26467
18050
1446
28594
5621
5365164
30584
31898
31968
3197
227722
82628
18420
28252
30750
28677
34820
18740
76456
2885
23550
26900
12651
31274
8057
4507
77
15168
17471
14601
27915
4917
53217
18136
10555
8964
5363
12131
27547
1560
12762
14276
59708
16021
27117
44488
23089
10546
87321
91749
69566
18169
39974
32160
12198
15164
10869
8186
3542
118480
24289
61374
76788
50022
13547
29414
28848
16232
28132
4946
54618
29783
30269
13689
15247
47490
29246
18849
16921
22702
4072
49218
25922
95886
18983
911
22982
28032
4726
7618
29222
91324
19560
25157
26993
1626
55956
30542
4432
2068
53600
91245
36357
30478
24130
10388
11030
27341
15874
2460
16942
12079
6970
25721
4818
146080
90102
29184
22172
26007
64200
81820
38830
18268
21740
128720
108465
107375
26549
19369
28545
52422
26111
106828
15776
1000
11252
22539
137648
22812
16973
25308
24776
8558
25664
1175
28761
28675
13996
11060
225045
31035
51121
24432
20951
32266
86552
13219
6772
24839
19470
5346
20885
16169
21338
23125
65182
19651
7917
35979
89595
25986
16955
12505
6206
79980
7972
25704
29361
17339
2381
21411
33952
16931
20540
31045
30204
15360
15181
20875
3712
2172
1151
11594
6552
18432
98616
135555
60282
85192
19141
15348
280
2606
6369
13066
22250
14
5577
27621
17072
16000
63644
29636
1341179
7687
44086
11876
24094
56292
6836
4552
33141
80628
29601
444092
38682
12801
54340
64362
17091
21753
5906
12885
37142
2098
21593
3303
32546
21410
34552
9990
109634
13706
12999
92205
26032
11934
48951
34696
25623
14870
25284
56906
21830
77754
40982
22409
40548
21603
22975
28714
360943
21967
1704990
26867
30607
5381
5819
35796
52862
27193
14659
107148
29445
1060
689850
12542
31515
22946
88107
105576
22260
38218
26531
32198
22006
9209
9302
56304
13741
2654
1783
17583
85197
7534
64083
23238
20605
7391
5662
18825
22936
2550
27574
14372
10508
1002
23165
21254
5876
93170
20816
22314
13546
59784
23567
4672
29072
4071
20248
132881
1978344
13098
1762
6706
65880
42663
28002
148920
94743
4088
14644
26428
15765
5570
18140
95546
90216
89080
211309
1579240
8740
54172
28448
4895
28392
30181
30918
450736
24682
22463
747
9221
52736
38397
665
21252
17432
29669
8392
4079
6165
100896
48737
21116
19042
24148
32003
29517
11528
92290
10544
12430
47952
28263
10171
11062
36456
30982
30704
41946
343196
28217
18023
17635
153498
28181
14131
7580
29495
26156
15002
1153836
29862
3271
19262
8896
8578
30820
26891
20519
2222
3954
157945
6256
128586
19531
2065
12492
16897
4465
6412
30066
358080
2573
297300
32112
2946
126936
30153
3187
4220
26139
3033
62234
2585
2797
27542
42756
13375
15530
11296
65565
65480
99455
19530
30502
37538
31334
19752
30631
29546
32096
18214
24568
8172
9715
15030
18301
78400
20196
18146
5632
15681
3946
32780
13300
18016
23858
871
52389
4337
36796
97124
24623
23426
19648
31997
10792
533494
48261
14922
56034
29734
32522
420816
114412
7993
163
7355
14634
37862
22030
43983
5308
3804
219050
74793
32609
103876
13986
33172
72125
14832
31416
168666
18252
6239
467
7823
28841
14045
4848
7007
13376
54874
47438
60921
64165
22399
7381
28871
4534
23169
24408
17501
218472
3750
25371
11153
21196
25780
4858
26069
246048
19238
31216
6552
8645
26452
26147
17265
130604
16768
16180
17037
32646
19618
49374
11866
30887
14614
16705
24948
29465
2323
26107
286693
163064
29676
26600
11814
18732
80499
2796
18595
22920
15923
11839
91242
25489
11577
30440
88812
110800
20949
3421
7242
50672
501200
22682
657
66324
20652
30880
139970
9036
20996
26928
42346
13495
2750
18632
27833
17140
28064
65468
106605
61410
25129
17499
197183
9385
742
13658
22403
454080
4917
2849
22731
103520
10452
59840
2862
55274
353650
4520
26383
3143
57158
27693
43086
49594
235152
45824
16098
16045
8952
12336
993
7296
25546
23034
15327
8453
13619
9905
22755
63896
75712
2618
167
7395
35848
29433
1479672
16300
58432
7954
29997
107527
16720
121008
18235
8841
29314
89397
20538
10174
55652
68630
2416686
16841
4834
7390
28906
57968
17655
43082
498
1104
6773
8287
2095
5567
11168
17821
422250
752753
32634
30615
18732
25715
25698
4708
81785
11316
16734
6007
49680
3914
25254
21944
13125
13135
3445
6504
29122
28518
26379
19182
3529
98538
31494
10055
24009
246640
27874
28036
5202
54572
16794
41415
3330
23445
212344
20492
23214
41648
31352
20903
1448
11609
20652
1530
4673
28809
15450
29298
30461
27997
1095
21711
19327
6961
16897
15532
32525
19402
257193
39372
1907
16567
4480
14542
2024
7005
3600
67960
6461
21863
21290
26637
16014
169456
13980
137195
22414
23791
24050
35980
3381
32374
14723
23904
7724
84350
24255
16965
15764
26973
19895
18940
8050
15681
56282
17888
93381
16838
40122
145
1487
99665
59798
100190
29000
14858
18510
691
25924
49137
25372
3884
10756
47800
112115
20208
31976
17597
13464
432180
48351
12836
21755
40440
18534
19716
18026
23309
11431
4294
21357
9693
24956
16435
31922
94360
482118
29430
28057
61820
25336
159291
14339
1547
17146
15860
25435
36516
29388
43337
68840
30963
2587545
43372
48360
18975
1848
29551
8016
3036
16303
28246
63540
20858
348
42430
222600
6151
18517
22084
169820
32136
35994
126844
372704
21624
8119
14409
5542
793728
7919
5299
23802
16760
52722
18180
6763
11678
24974
291870
28919
9237
9543
25709
443726
49440
221144
16740
2657486
4511
26769
18848
17175
17737
16847
67320
15974
11432
2000
23969
46754
59328
13418
30402
14899
10513
14374
1268
30792
257319
7140
2271
20334
44256
119899
8452
28492
19591
35886
26395
110084
7335
119532
18350
84114
6315
22043
12277
18580
32475
11230
11764
21812
11804
62632
48550
52176
25974
19681
36602
304950
2700
17324
29563
18384
19695
44304
30226
6252
28263
31010
21300
33766
20695
3179
18721
32680
1312
37520
32896
42940
203478
37944
158168
22567
11118
19397
20831
1902
143840
39130
27544
16259
63704
21202
14673
74085
103480
11105
22928
7944
15224
3263
3665
23908
5070
9018
6177
289860
59660
511054
10238
11932
34862
3638
2634
55810
156177
6101
14046
14880
3850
151228
58488
725
164799
8062
27607
179130
381
51796
25973
3361
52710
401112
24426
4909
159072
21201
18343
14395
52728
18598
27305
13904
4883
83648
139428
41272
28770
24989
70485
3413
22844
22110
98
15285
29204
146999
133
37148
53024
6780
22458
39300
10254
19989
3137
11428
59544
16531
7510
21083
43104
70684
57202
20440
13272
23423
2166
29646
13841
49308
57636
1124
9572
6129
24321
24263
9678
26054
20692
141144
99700
13806
4695
17595
29700
10748
1643
52802
50960
21068
110808
3797
44198
169
2712
517990
347
174
13942
63200
21479
24242
22401
11596
63258
12983
31506
2975
9426
2962
6716
1663
14748
30232
6979
66200
447640
17111
180397
29694
32694
31108
29451
10624
30966
19272
21222
12040
13848
26746
1317220
32948
21226
95376
24339
24294
31955
15573
25997
12328
41600
18243
129232
27276
32518
28050
7287
22981
20822
8638
20858
30865
9476
39846
51548
32634
4175
29201
29684
13075
26844
4309
6433
60969
30802
82764
26803
11811
15084
32314
42706
3584
48724
397088
565
104904
1105
3028
51156
30448
24870
51086
46752
3636
5515146
15056
335121
27853
29848
114744
23878
11454
7354
56751
49446
53962
6832
5257
6139
52252
8886
1575
7583
11065
20543
26986
4022
31369
24631
115552
76479
13054
22191
14860
149300
16957
571
19
11777
4382
3640
23967
27221
14203
24405
14402
9716
1644
24370
29076
24379
7819
4344
5542
33356
99936
6680
12967
29744
6953
56028
17876
12655
1235104
6512
162264
29679
5636
10284
201536
25678
5634
12716
47584
23192
18280000
45300
21634
4708
53517
16153
32249
55900
33957
11814
27215
24311
22261
48598
48570
24859
12458
19120
25728
5715
30502
411029
19368
5032
32483
117
13771
8928
6734
14968
52278
62613
8594
14982
604010
58092
3496
1162
6369
23704
58684
16892
22252
30738
25895
17649
62547
138150
5988
23219
2652
34598
116608
53613
19759
29256
26161
30320
37602
16560
13020
30577
54388
310408
28452
13035
7440
29477
27641
1485
31398
29452
49608
1538
32129
16725
6664
60614
13946
7234
8110
17457
11592
53144
3326
4716
28497
4679
52825
27580
31678
58072
31876
5037
26154
21837
11069
4143
48412
82485
67151
6989
19052
28647
329791
1324
93416
31699
14190
42835
19984
9517
3553
233224
99198
20028
9294
30938
36428
23068
6520
12432
111240
21458
21279
25128
8528
7442
3653
22845
61600
21044
13058
36555
16008
31400
15009
92560
15484
7290
812572
30823
55448
29322
6741
9462
114632
55896
27920
141798
32199
5183
31778
8041
7849
111690
36102
22298
35150
24932
244184
13841
19514
17285
16746
9225
12019
89904
12487
12236
2211
30786
14124
12649
186270
7087
58052
37956
16887
29876
24154
9225
20555
56914
13575
31538
21112
10169
6792
27323
16968
14778
3189
15203
31489
32593
12682
25047
1022
8134
19176
690
179207
2084
8499
1719
28947
10773
39453
30360
4413
37100
2234
15162
4043
32082
29242
7075
22172
9797
18184
6467
8266
17180
213600
16875
19293
27026
6202
44146
12088
22971
28764
73428
1106754
26904
4005
97713
25551
2867
29862
209580
6326
21298
442852
8760
25623
13617
21592
7284
23746
478
30681
25322
30917
30805
6424
52418
62406
2621
63812
58578
27133
23622
127468
209688
28878
165011
8908
787
30096
21130
15757
10143
7921774
1131351
127100
6375
193698
144955
35996
47804
56536
79419
42692
58299
31186
393
8496
2429
2530
3404
16722
11166
29690
10613
16028
87831
11181
17940
31245
51784
24174
85614
2669
27739
257280
30031
4008
37800
13085
28660
20850
535
91992
229740
138789
236700
77976
25762
91338
655072
2486
85395
28696
157520
9286
15402
31257
57158
8101
12301
56048
7800
81798
16786
19358
59154
17079
292
23604
501543
24953
21446
442020
644006
29891
13484
26280
8395
32249
23088
1192
8839
3574
7798
17884
240550
130525
15033
26184
4458
9808
18167
15025
26441
31203
1090
25975
9385
20262
23242
33392
6128
15945
9008
7334
23002
7328
10796
56930
10526
26960
38082
114653
11750
618830
14463
7582
65697
14380
47926
11906
17044
139865
23498
21321
29817
169
6404
49480
80332
23654
83106
40814
28446
4772
74400
13158
41296
2835
913
25411
2473
162150
4088
13683
25290
46781
58983
24932
26372
11766
50133
29215
122556
453555
76413
27492
22124
14176
35482
123412
1856
4365
155259
4191
2656
15267
9550
4278
8954
27573
18388
9912
46404
18874
40953
28979
60376
28464
15190
23971
7066
28271
26166
35052
15062
5743
30478
82568
7666
10437
25904
809025
6886
1460250
4678
15722
6162
10845
13220
492
3343
15901
43425
41676
14403
16713
285935
11426
24581
456498
2067
18225
665
13488
25022
11489
26048
61350
21358
21534
50481
5707
28251
30294
36093
24044
11994
416544
46760
485982
16920
18528
22209
21987
446166
265540
34182
123836
28983
21283
72033
11863
23291
1767
79848
102160
81204
49550
5671
6113
22936
10288
1281024
5015
1303200
11060
7841
2407
39080
19469
4824
355
14458
6508
28235
23200
91770
32670
7769
6630
27311
18946
57328
47922
6
44247
9275
8935
250912
8526
46856
55446
26012
10855
461958
30911
31530
20906
3206
56128
23791
52902
9245
24510
30019
7783
35934
18411
31975
70695
29503
1606
2509
13266
23363
20847
52828
12331
4469
9485
15339
32769
63195
11869
62568
25829
33202
25532
23335
150156
73263
9785
20065
25182
61473
12406
30164
59728
68949
27996
11270
32064
28076
13352
31239
