13563
20578
9481
1488
9636
29684
21678
30157
29718
23185
21998
8081
293
15254
9613
7276
7672
30545
18951
6623
56234
1996
17705
16820
15150
26004
87432
28765
30520
26037
42934
21901
1255
31617
17330
23317
19734
24135
28583
28160
20179
21559
9683
1521
26564
54804
21349
1723
380544
23258
18407
22593
36640
63696
86214
41248
29822
47164
98208
58542
499905
1060
67005
4340
10177
4995
147595
22130
10416
77876
58718
8964
17644
1768872
15276
71733
19510
29667
4027
8056
37362
5090
6177
16632
39267
10540
14304
34835
23574
27832
20195
29160
5528
4784
23149
6085
195288
10912
7871
6497
20684
19452
35854
10544
2361
19159
8336
20588
19197
57794
29223
7374
119924
30370
30924
52982
205404
14581
6297
30340
32462
26311
68322
110894
16191
8975
7934
7927
4350
22288
20779
10583
20928
12493
20552
29439
657
2509
87240
28024
8685
38448
52356
21686
9250
93508
15360
17219
32031
16632
25351
183978
7549
103880
51826
86490
11982
25299
29968
32642
6949
13067
105140
28623
11237
8818
19466
22422
58218
892
73617
9986
14404
28455
22342
4591
11745
7718
18389
12232
23614
6266
15298
28065
11517
13810
28354
691592
21554
25643
5798
13920
7908
47506
20316
14911
64185
18422
36806
13318
26508
7276
12401
42758
31440
9182
21986
10770
7730
96324
17196
27777
40226
15178
7008
26406
88208
10623
2390
183
84880
9477
28909
25735
5053
30338
7840
14879
25156
59260
363969
30110
109886
53192
61900
11634
7302
4076
19608
1915
13549
17191
68820
7399
13937
28855
20091
172506
30155
5457
18955
21009
9929
28578
23287
20207
477
9839
16034
1256
8425
30536
23229
31318
8010
224098
28920
21320
18722
14091
19292
1156
52178
29122
18446
55635
27190
5735
30123
58444
7369
63459
151015
29831
31453
5250
29878
48418
26540
5830
2409
5138
177036
31051
14833
52335
35082
8657
20248
18301
29316
620450
25030
18420
45566
65868
856
23192
26736
67140
1414
5483
4088
16037
21394
14384
153909
2020
18609
16584
1792
30145
61110
35368
55558
25729
203004
61958
19421
13669
27627
57616
108564
45423
29551
45580
54288
9285
25464
17830
847920
16512
18086
32078
18478
89994
50616
24891
137640
49788
5010
53283
43876
30102
1463
22886
17669
26529
11095
25322
2088
20742
57620
95535
29949
12280
28636
6453
10458
3229
12626
43318
30801
8794
13372420
3253
58504
22362
13333
16489
16937
24095
31893
26496
128616
39166
265950
30338
10527
30051
119248
28623
63
103712
20004
56834
19652
14472
15067
14721
22861
167364
3420560
3792
57678
4530
17958
920
28434
94563
12594
6681
17944
28747
146740
49888
47390
13490
29947
9693
14635
17535
24414
12717
28410
32055
14729
1376
15714
2751
47004
17635
29499
43300
112
14001
25983
79296
29584
53706
42720
11348
43180
38988
41742
62577
85384
3330
1131
27753
6772
21746
58344
40794
1464684
24186
34400
21567
53352
21109
12408
16982
1585056
27219
123564
49788
57428
16879
65928
16316
24497
23471
186746
28159
78436
13026
28231
32615
10332
369660
15108
27574
24420
21815
17642
65775
31430
246312
8123
25698
13068
12473
43396
16133
20088
191664
36294
24835
58088
27801
7807
31710
387324
28885
43244
30682
23828
19924
31340
45912
27096
22442
31283
44672
30096
23588
99
45630
57009
1218
23409
3651
13013
72681
2892
28047
13694
147495
59548
28151
18024
21332040
13770
32956
4416
21845
38064
11506
23774
32597
52482
3156
7535
13304
28624
6864
36387
818
5025
25209
125840
46356
299
51036
25904
32428
4812
162260
32700
455379
29331
102084
17693
8723
4665
30197
22460
32042
23242
2687
14095
4250
17148
15045
7352
104328
96537
40324
27520
55179
115647
14201
16797
50386
20417
12715
121332
5964
38726
26272
19639
57288
15754
105495
22444
10195
28080
18777
3200
2146
27706
4537
27328
4914
6534
21713
5451
15202
3589353
53235
7172
2960
24434
27594
15035
15211
178308
31600
14679
4858
9572
11028
22856
28724
3870
20059
31788
34238
16122
11075
57214
13658
107115
36784
8472
9108
197015
11314
4482
22746
28074
21682
19206
20288
31078
20604
29761
28252
26337
18487
2380
32862
33438
80649
20744
27725
11501
57206
17589
10928
16456
41176
52324
113400
25755
13844
16127
50859
12822
66525
117792
9810
23992
22302
16029
2576
12618
77165
26823
7840
276540
9015
6156
41668
9427
15963
13198
15163
19721
105925
22367
94266
11252
38046
21617
29246
42928
27045
185130
42800
55966
23454
2739
52240
187880
32871
9953
253512
50720
18919
26341
721
20254
7079
663
71460
129624
78969
21618
11255
12599
6055
28227
25856
12372
2903
88383
26909
70740
29636
25179
8234
13796
20348
16479
3918400
36736
2443081
18410
23154
4603
22544
4404
53196
6704
17601
23054
23972
1007
25123
23373
12665
22862
25252
22392
13679
28609
48402
40298
14777
9376
297517
9081
21607
10840
15034
64824
24265
19965
21205
31185
31620
29712
2426
48278
2596
22669
13756
19335
12707
24120
29698
17334
25272
62032
23536
29975
19202
294
28634
18409
1660
29659
51470
7573
594
1039136
15658
34629
35720
18793
30621
10413
6263
48234
35262
25356
27674
13510
2512
6173
28160
21902
9258
23877
219835
61750
24454
31340
7858
55876
18433
4938
30669
31943
413
44835
6592
57242
18897
1700
80324
15322
3720
21654
20162
43398
13558
48740
15794
154
24629
26745
16820
31477
31908
38692
22607
236544
3669
29664
16374
13253
13238
14703
5161
123112
25119
31084
122672
37142
23912
3992
81237
46674
20088
4517
8158
40996
129857
9266
977
20194
330218
44004
11959
21530
21043
12720
32407
44301
33690
2394
17550
18134
17328
5872
28434
425220
11079
3534
22371
18541
32073
29568
11454
4398
24488
6099
57988
46446
12826
23734
27760
26230
28278
44768
41472
12174
39561
22728
15732
20224
16534
23950
7453
3243
19625
23654
25061
11800
1611
64128
68343
8905
11766
18756
123360
31680
2637
29586
3175
31315
26775
6211
18822
16942
25978
11106
94488
31400
31227
25313
439399
82398
11145
63812
27631
24477
26456
22122
14132
24115
8293
79083
819
65008
26920
27799
75948
27833
2037
9377
15752
24052
395760
20612
4364
8644
59385
19432
25414
23304
339
6168
24320
532695
17523
16561
23660
3588
28789
1422
32623
27702
32868
30194
14359
30801
55594
134350
249204
54238
46512
32565
3345252
12214
109564
6582
23802
13673
3989
29209
9267
22834
565908
98334
11036
21639
14345
6096
502987
69285
4464
28272
9869
5368
23224
28321
57240
23178
14838
2903
43160
11579
166779
31590
85028
123739
61620
18697
137315
18077
25465
27405
15430
5794
11016
30272
16281
9333
11181
1049
227591
31376
42704
18855
15495
18770
26976
26656
53688
29669
5892
6483
1012
18666
22410
9549
34752
765
743614
17005
7659
3924
3231
6109
3576
27255
11724
10850
14363
6935
27544
7076
16501
13002
31522
27594
30036
47216
10236
3463
10122
28880
6890
216467
19725
29045
9490
22275
18895
22834
39404
24795
31455
3687
25094
28064
318669
10235
7637
8194
967950
46014
18435
2183
23358
21775
257094
64226
10477
108210
7113
7660
260184
69
27395
12921
181797
108616
39219
5786
3232
18151
28072
145872
11291
30381
138540
30062
23576
26935
5462
85035
134060
60816
5412
2268
50598
16358
23458
63082
21321
8288
17913
27753
58242
1236
16740
27860
4980
6182
71721
92352
97416
22646
18333
6281
326620
12032
16305
39104
4469
36610
4108
541
17440
970734
11061
226768
20141
24641
60630
151151
36519
31625
46990
73791
20068
18479
26194
57936
7857
14727
79680
34744
7394
3637
14696
7636
26441
21046
26626
9101
58532
41060
11679
6600
12823
32256
26221
8250
31300
12410
30890
20849
12333
97174
10857
29705
11053
20988
29572
21024
24384
32796
16938715
17333
11748
118380
417848
124920
31020
24144
22851
32794
21796
18976
944
56310
88644
35361
9987
12004
47435
7911
24344
254828
3748
15907
792
42516
27304
27850
54294
357425
120932
20883
8316
48040
9561680
11173
32370
34966
28470
18606
13034
31481
148990
23080
17513
30801
6407
146304
20785
25212
29319
7106
517636
25407
15295
44304
15116
19750
31053
37232
404
32245
10292
18413
27210
10832
21169
22535
11130
32423
80632
21920
76560
16743
198114
14878
123940
25183
31199
29346
19758
36288
27171
21440
8029
252560
52970
31421
22268
55552
10134
60236
2529
4643
24200
12534
31620
109125
390793
12793
17027
28644
9120
66392
17119
5233
17940
11376
105928
11814
4333
2567
1842
4197
30556
15068
18085
25950
520940
29030
12708
24704
10744
21638
2387
36998
9741
120600
608
23613
10497
32212
57078
30361
2545
10535
10282
9404
24945
693
35015
31238
32040
18121
28533
29555
27049
397
27899
2184
11924
2070
59800
8448
19146
28850
224528
35274
24440
5744
276496
46534
24010
89040
19293
17758
232225
124705
24148
18616
2845
519
25725
17103
393
27733
62558
21860
59654
115410
50734
39196
72135
27558
2032
22232
28909
18816
53512
9403
20621
12946
31684
58248
1186744
16549
18656
25291
24737
28798
13560
4132
29071
14632
22158
224042
1287
32004
8088
10299
24260
137020
15793
34848
13250
31982
9862
298802
9440
63195
28594
553388
375
194
25336
1490962
22272
1098
173140
10617
186480
127658
32461
111843
10048
21871
18759
2115
4763
13610
23528
29221
5565
20107
21889
19855
5130
20678
30640
102096
16877
29285
15588
57400
24435
4823
24208
40026
6439
21305
18350
18431
22110
77394
12151
11538
8871
30774
22624
6175
22845
31779
12119
26520
9025
9726
164151
79662
1726
73758
27816
22170
10204
1324
79688
11232
44512
23892
58824
10126
18174
13768
616
16629
93865
30440
25158
37552
63732
14035
50980
40083
11236
15227676
7710
344409
18121
15039
29603
23842
14293
6021
31397
20351
20662
23029
102612
18214
19071
19987
26155
13965
54522
30960
20901
27380
243501
13720
4543
32405
14457
27260
3731
14354
784
11884
12403
794
31850
46191
847938
56508
30536
14364
6879
162533
46028
26676
1475
18311
17791
7914
669
26760
14906
13906
31771
28819
55922
31052
110176
15834
13268
8434
700056
21337
29987
30058
29327
19322
13159
391
21309
36882
14606
30371
19086
50844
8724
115110
31798
1690
18801
775
45968
2513
23638
117420
3203
20586
23270
220
62166
6034
14021
15139
9958
9848
17834
17435
179202
10930
23353
107768
42834
2738
5408
55268
8382
26729
13684
18899
21828
12791
40244
4162
29666
3711
2463
1837
271505
47650
47286
32320
24530
21717
11206
764104
48800
12921
22040
19030
57594
23700
36526
35652
18960
45297
18293
25824
24875
32027
13993
184536
25255
365845
21514
4210
57930
129708
27249
9480
192592
62596
32655
23279
86193
21180
24908
13443
7730
248856
23238
55268
3519
29726
290160
71457
9460
20856
49176
50318
44306
18556
5407
28951
14870
10224
80355
736
26739
30316
20614
3220
2200
27441
90993
24134
13788
606
2513
14945
46809
24147
30339
16584
45648
8804
11866
27088
28123
38979
21195
6397
61560
1444
13649
40062
27280
29117
8713
5396
43020
9690
20622
58450
27641
13786
11820
38180
16367
26835
15309
8574
29933
26882
113
5296
19824
18376
69816
33650
6377
5999
22459
29147
22396
940
49002
5287
29175
9779
1593024
25196
16913
20749
21705
32287
26339
32614
514470
114772
8619
7987
58222
7985
14015
9126
31818
52994
3790
111125
21551
12918
5214
3097
2767
2489
2434
9643
16580
7792
83816
58680
33162
85767
27856
102550
2669
19661
7184
32596
24892
5764
58512
338288
2568
23764
17953
30219
18070
27925
71152
21273
87156
25533
9457
29015
47100
25310
10116
25274
80607
24386
31401
27007
73213
7763
8826
7752
98946
198107
29239
16213
27318
26806
39420
69720
18232
30653
43820
3890
21692
3394
30404
31971
25750
7526
21337
31681
24385
28116
161240
89520
19648
1040
22044
6020
20082
80630
41616
3640
21455
26549
5135
7759
47998
17797
20741
18633
20414
325
12405
32457
36642
51138
183410
24134
8172
15396
221824
26592
19599
30658
8288
84783
17567
15272
9174
28308
11906
1927
330048
24944
9966
348488
28754
3801
34978
16327
128955
37774
11794
227164
26327
28087
8715
16586
91824
5466
38558
12878
141
60664
32737
15375
84050
3889
3336
53292
8142
4166
3563
175210
26412
25036
10355
13728
59100
22411
19553
7765
26086
17448
20654
621598
17234
20262
2850
10197
26026
21560
15927
261730
25800
29691
31023
23444
23504
28525
18035
21658
13693
29234
17454
27539
16050
14514
2430
44580
52716
14586
184100
70677
18736
18692
5134
12038
92649
77784
19919
434658
560308
24823
13339
12873
203664
12551
47328
88392
7180
54368
240328
4259
137431
24049
64801
243240
28732
18666
17433
26958
194985
97864
22978
20328
31403
32116
4248
62050
18301
20087
91172
20320
29004
5551
274008
25802
17432
3182
29085
1057680
13205
56612
1124
26670
8992
28954
7556
2357
64514
53496
31929
188748
78518
86412
27205
25654
11663
6799
32470
17220
23520
30382
16330
19504
9862
98788
8235
16408
31034
8228
9389
12770
2692080
98052
14709
86439
14979
7493
29826
189912
112868
9987
8834
30079
25855
55184
16128
10339
6421
56026
21308
12477
4018
24627
29198
4658
63634
17260
154805
31370
32768
32612
1433
98838
16749
255759
19354
30042
22675
10251
30875
48734
19228
92988
34371
23589
16005
6232
3095
32296
30835
22311
57472
27768
10490
62782
8122
398
61742
43328
31465
15993
14073
123460
37040
1786
11821
259866
19739
12258
5394
11011
24268
25810
8930
70614
32620
6630
30240
4168
1274
10017
2787
19668
14516
1307
143458
4882
205821
22044
22627
15917
91620
10813
40066
2046987
17635
23430
73038
37994
752382
30257
5014
15183
342840
11329
1987
949
5503
8259
78455
30151
19498
4962
5019
22412
1030
17072
62484
56124
21858
32691
28647
63664
57558
20526
30350
24096
30514
8497
6508
15644
25611
45766
8178
9194
28208
22158
4087
57816
22169
17622
19433
50194
14104
27311
390949
5224
12211
2133
32316
14136
3653
26244
11954
9908
19543
13988
9370
14738
65144
12714
9819
61540
28695
11472
20969
28936
1056
28457
153594
88364
11317
10120
10712
41406
13628
18399
10439
13439
6113
279840
27735
903
4350
5471
10995
24030
29440
22518
8758
30817
8441
14152
127680
30352
29189
14287
736725
154716
11873
26602
30520
19791
25545
53580
12392
26060
142182
311790
20395
511632
4358
65406
16402
5633
21254
25892
95064
24001
4061
26490
14539
25619
17506
19142
28913
127771
32594
13754
20813
46527
3564
52562
5813
8599
11981
33726
4453
874
422096
843
8632
18110
21913
85032
1799367
143292
67216
20819
7035
13429
23143
30866
23648
56262
60126
16382
43534
31113
10954
21991
3633
2611
26552
35452
23142
27453
115570
21092
7283
24656
38904
48769
30246
32535
2086
18010
23368
9540
18653
19908
17626
1042
32277
12427
148
37132
25623
6129
90728
68
17636
15278
3969
13099
28218
4480
27777
22104
14600
5104
64497
3628
16731
22734
10285
9995
39580
6368
112844
17824
17948
12390
29504
689
26208
5312
648370
22133
25683
29203
22755
2130258
537
32361
130004
289490
104910
3400
31551
8960
364860
4710
53304
22101
29244
21938
5893
42854
9681
60746
32158
46010
14218
19146
23444
31337
25279
25483
203600
76365
28187
91190
14104
22450
62912
63642
19013
20874
41395
11886
29106
57300
9892
1564
28336
984
127880
27121
87318
11814
144960
38050
22849
1776
49208
648416
27651
18770
19798
20290
158114
15915
7526
34960
22643
14043
11186
15383
18002
27714
25817
7882
46858
35506
25828
28072
3546
3228
24420
28668
46104
29564
28252
248820
5332
22641
9933
2808
4812
24965
37688
32318
33758
189486
12844
56862
68397
4811
29958
10682
32601
21618
18786
15412
7549
32569
4963
29354
16702
21715
11891
8875
35142
29901
54330
1901
2063
35307
5779
15961
24447
392973
18185
2775
158725
29086
4198
55990
3447
69705
6997
45920
12570
13846
225630
6275
15608
25351
8092
8242
26608
2019
5668
173316
12015
5938
23088
16270
40276
30268
72498
32013
2640
6694
32363
7821
52738
24836
16396
30485
32657
15835
18199
10065
55548
14500
25819
62240
63580
5338
652428
34065
14188
20680
33146
32084
28196
21442
52224
32389
18526
1914
103995
9962
6008
709
13113
27200
102044
14197
139625
51228
29104
32554
1219
150456
15586
3508
27324
365376
8534
58974
94530
19956
12906
3308
11317
7935
62198
14229
6428
19883
31845
28325
26134
20425
7774
35354
3308
27518
5804
31931
26490
103552
23820
60302
546158
295485
3954
15071
7494
25924
212646
44512
6472
17904
32392
49194
31364
24749
97490
408640
17211
32517
10221
8246
14306
16258
64348
14102
52947
20540
26822
53319
9010
24353
16093
3277
93932
8100
11751
6588
32490
163335
38082
4963
13075
10252
10036
49860
29091
311
25962
3430
42230
3014
8504
8133
2872
116656
29483
17145
16607
30785
3420
31268
14390
82110
18705
17233
1509
1376
29157
22499
6520
15888
28339
30267
10734
18592
16289
8360
31626
561564
18548
32147
24273
17829
149100
88210
12859
5857
992
394740
48158
24458
49720
44780
25214
21842
28350
11373
21501
7551
18780
91335
175441
27258
59232
7744
17234
41276
21463
1858
9776
217134
31871
4452
31914
17143
21871
15166
70368
4663
36870
13482
19464
55834
11465
28157
513
7987
38524
170838
21062
31576
35175
58704
28975
2070
1544
25467
10422
9156
7464
20188
27306
14550
3266
14831
7297
38494
45921
1200
26635
190122
23502
63480
93562
31469
25195
114205
6839
64198
45369
36246
24905
39188
11521
519
4392
14480
12668
14867
53030
16371
13898
17934
18843
31144
2167
31823
21711
8102
25415
84336
438960
48246
342160
31456
4152
28418
32120
11528
21657
22715
20341
1146
18815
26224
25778
5447
31789
29164
7786
20337
29024
19842
32247
3953
4688
1186
2900
87243
8203
30131
96775
9535
16656
63978
30521
63186
1327
230074
17011
6844
31647
19987
7581
1190
326048
17590
13975
22474
24019
18590
13067
31659
7062
26827
29310
8604
7077
127650
4884
36302
47452
91152
86778
46380
179
18498
19273
13915
29414
29776
25742
19460
65408
11843
32130
17695
15203
2795
18536
28455
42084
8055
22936
21944
8109
8740
26574
36432
60774
3047
43222
31392
59277
16371
12715
14943
51736
80763
2015
8655
95790
8427
5874
30073
29941
32290
41012
80636
56835
51897
989
21750
9794
14690
213
23833
27760
32230
7017
7851
7181
436221
26132
10733
6151
50602
727
2880
19730
31619
23861
55188
12834
122632
125272
32456
63934
60690
29409
16542
15281
14853
34836
44448
19196
8559
51856
9852
3932
29801
16604
13694
784
24556
27462
30164
201850
25774
15291
77784
15294
20261
32642
90370
30366
12551
13738
20110
27892
2210
39064
19924
39384
35022
146655
5708
43696
27038
6895
24120
50120
116756
10645
2032
2707
25972
2874
7712
19099
16086
258363
3999
22536
26602
109813
82056
62643
13072
87196
15569
24249
18512
324383
15738
7722
20907
19781
2307
581994
58698
32600
13073
23597
89160
23340
142045
1165
181209
28966
13286
88533
24228
61206
11851
27879
64338
4066
21782
20103
22582
26804
25830
24536
5982
19443
27303
26564
19853
8314
216013
8916
61474
17603
6908
11182
30695
26409
20558
26359
7054
39046
47232
30761
1811754
28135
48172
26963
95403
31332
12269
7410
28368
24566
61506
29195
156585
82548
35046
60696
15515
21462
1276
121660
32700
56020
348
50112
7389
65298
26771
19400
16963
122550
41098
29626
26774
13020
78789
49290
883
10941
20065
16457
29296
26818
8983
8730
11787
37274
39918
12961
11820
137360
6259
1654
190036
65288
10209
29755
588
14821
20064
86763
6506
665091
23821
25713
58066
43136
25446
13374
132075
26918
12276
491820
28101
17255
26210
7403
9049
28090
7754
6297
9623
10850
6
13185
37758
1353
539
13502664
408024
7294
27726
14466
48170
25058
25521
11463
32066
157985
17436
15770
12101
469
29404
1949
70150
26786
5785
18844
65072
31900
24708
31190
6709
86661
42378
14334
54586
3313
98584
30537
86985
18313
245
10330
3868
2306
45712
4916
1290598
4729
19536
96711
6029
17668
233792
49330
12972
35414
23636
85323
13370
97965
21438
6160
30558
3177
32337
28335
17839
10420
261280
72632
23774
18879
7915
27258
24407
32349
18154
67772
22378
7934
5019
27813
4062
1769
6333
8326
29623
7473
627732
2394
323
49726
96075
3326
7274
3791
52416
12077
39020
28362
110572
12442
24384
90498
11466
59019
41175
22585
56589
18480
411280
5298
1427
1922031
15378
8126
76749
15425
70
11016
28344
28844
30048
70848
11663
37218
23729
19904
14889
12239
15371
528411
7675
7624
15507
50448
25897
67008
11464
25037
4784
6065
29134
22174
25042
37905
29695
55154
194
1532
21171
25036
12432
98334
27470
61550
30295
5586
32650
76002
18852
9154
1798
26319
55376
70599
30735
81825
22177
24118
10076
54438
26373
1831
241
24204
30688
18656
17277
19220
26959
11499
22868
10941
29261
2145
3043
29450
13437
63732
16462
11304
12361
11263
21247
22831
69582
7300
19052
22834
25544
23844
27944
17666
8132
20749
1836
28193
94857
7902
571998
8710
11181
21639
30338
18069
402
7519
26608
50820
17064
26246
60162
19214
32689
17265
62364
91203
362
29955
4098
2920
34418
21651
28686
18706
268975
5081
28118
24006
23589
507348
23697
22727
27124
9855
149
29718
31699
96208
29796
23031
12617
39140
19703
9568
45234
352716
4756
81210
3247
24290
6440
11698
1926291
7511
620592
20922
7060
83980
4678
30003
28013
12684
202236
70317
23101
10148
16869
119556
22733
8782
4609
13410
29214
9337
42776
51628
34382
9247
17228
24671
15490
925275
32421
32302
30546
1675
20861
15924
19319
29188
107262
32832
4852
2091
30219
20418
18079
3605
30921
60160
24587
30658
1445
21433
11442
1811
28012
61008
129432
5938
7596
6580
51698
33094
411099
33468
23851
17294
43150
58222
16806
15956
39862
3653
8840
13552
2315
2580
23653
54822
179416
19792
70878
19230
95355
22434
21533
28854
13276
3598
74922
24422
33924
9577
56412
370438
14704
10396
14252
23811
32443
21372
17427
51924
25520
118120
394800
7891
16045
17538
16414
132228
1201
15580
13235
32470
22117
31247
114144
118027
97815
24000
4067
60264
3814
25666
21561
23942
2194
11262
99768
18998
9060
20153
4845
31166
80898
181990
19694
20683
7568
24405
1357
38186
6756
23234
13646
15106
10545
44796
6618
32252
55414
231462
28656
30484
10974
3902
10032
26705
28780
49608
2312
8025
323920
42318
19614
291300
25125
9524
14173
124736
28578
16776
22277
10249
19992
7940
58023
5838
94302
9914
604
12723
21686
117005
20136
9341
7095
41838
8583
4428
1583
29872
12562
27848
39171
21118
4120
10244
375
28010
10248
55734
25037
19730
51687
12777
11520
38872
25353
12735
4056
23803
55336
17167
65433
35742
15746
25320
261220
2242
14407
7134
16875
63200
12325
3406
6053
35564
120105
23268
14318
17263
79960
8420
248930
2604
3135
4014
17716
1586
15449
9708
20835
29561
11804
18160
37668
10593
61166
15181
17119
30456
31383
30643
76680
2922
12504
17935
1146717
9928
44508
11491
24058
7674
261950
12514
20697
1292
2034
78652
29232
27932
55338
15254
26334
105900
13196
28843
8087
20440
22046
46406
29551
545620
12852
19472
24749
24236
140129
29664
20689
30122
12409
9336
11235
31690
3884
23502
18173
39896
16638
22725
31259
2489
139518
27020
161478
44577
31610
30905
390020
1543175
1807
4578
154638
13765
63906
27773
200
193270
1406
25572
22281
81924
13201
11292
30719
31120
4251
2366
54616
123912
43002
3598
48765
28777
35428
55180
9476
28817
6400
31633
66162
24657
3043
22019
31682
23960
1145672
7795
211159
12773
21154
11025
28877
55812
15691
9358
278190
215124
11378
12878
8124
7816
13444
15416
28752
8023
30598
17526
14012
5171
13109
31148
20697
12740
14897
16382
6964
12254
40014
5842
72345
31223
10124
3809
61928
10216
16065
24160
334995
90450
8093
4050
64524
46442
26668
3154
268323
3900
8992
12972
3445
12842
1330
22402
17312
10742
60996
6548
42648
5939
127425
16600
4348
20920
6019
27012
64686
5432715
15626
10256
30989
12769
95
27684
750024
218944
10510
129320
2039
31951
13282
24504
16091
140820
24078
23946
10705
30471
3483
15040
2530
18179
34344
37029
76
59992
112
18312
138864
266870
228789
26782
5727
8375
24600
14908
6568
35695
17729
686091
35750
53646
31392
23215
29101
48595
8417
43191
29381
38696
2440
30391
22734
9607
31865
48124
55320
31227
17701
13390
16433
6175
196821
42572
33636
1096053
313803
17476
2735
27989
7902
12856
978
6110
22514
262107
108888
32442
105618
92214
468
9831
730802
33680
3559
7413
63398
30376
61944
9638
37038
8876
38840
8217
970
11623
873
29078
48536
167460
3153
56476
146367
26398
30639
4811
565
14570
11696
1465
21709
4481
11862
8670
15272
38678
22028
7046
16698
9385
137448
38406
123240
30874
15642
8036
14416
6801
8101
13689
28920
80508
14948
20230
364632
30360
26273
9797
31923
319824
29841
22946
57388
23812
17314
27569
536732
1271
26115
4979
24775
14971
7029
22730
18406
16399
12112
14648
12066
31625
1496
227733
26745
19378
25793
17333
7451
43070
17151
25350
10579
140268
11218
76988
18871
11810
273
90312
1426
773
802494
31474
1314
7573
87294
1302
11692
19976
15314
5325
25943
32146
12122
24245
4330
31533
19515
1171
62436
22315
29474
7621
28108
4739
29771
1844
20878
24608
6651
90084
26899
64856
4343
19517
50528
246000
31313
15477
45260
32624
23928
71700
82968
14022
2434
91161
12640
16958
29112
19928
22879
30310
20834
28474
193644
12713
17832
36942
26718
15530
13752
25731
15461
21732
28829
1419
20797
21891
2496
52062
12818
32408
34356
16923
106796
6650
30121
29842
199815
4061
30722
98032
7896
8112
11287
93387
23370
555
32906
486
30612
5415
57152
492
7458
23842
99210
52580
12879
26951
26705
34422
962
572
142569
30275
14766
733
1872800
30728
4032
91395
4255524
64752
24969
18657
17817
10098
30539
27565
2421
11832
22914
13838
22283
19550
31969
14571
24956
15443428
290286
18484
42164
30475
12857
612
6577
50224
44487
57294
19797
25806
65458
11939
9069
87750
20944
47054
21567
24333
32415
637
28477
56462
9535
20439
85488
9555
17014
13480
6756
19382
16483
19393
30771
27750
11697
18010
55468
93560
62952
17295
16264
50490
1753
4538
18552
3750
121184
157542
610
21131
17888
31009
5749
97761
1507
30460
48928
76708
36636
26327
6673
25408
111333
25292
193860
16691
39075
83301
54021
11106
9718
17485
145341
23851
26711
7999
372
14224
31034
22416
113000
21590
30118
20256
22517
8828
14983
9202
1942
65652
29213
24688
83502
5605
63152
143073
287370
1066
21602
1801
69537
27999
51864
7322
10084
1074
15340
31273
20114
23083
6285
33974
10879
205770
5392
2498
16533
59536
11396
13108
19121
15844
19926
22122
31006
31197
119552
3291
110
4104
1113228
16602
4044
30136
55406
23278
70455
19305
27950
26993
15671
52518
9833
7787
15657
7461
21790
16304
4396
14405
44
207296
44964
22999
137151
8637
222426
31776
34450
116332
150348
25463
46440
3043
240
48678
15906
29120
31612
27271
305740
22542
6622
10432
4556
18232
16734
27324
31232
6820
16019
16717
59066
24182
29317
17167
22478
32454
37610
17063
8257
28570
32940
28989
2229
32283
63904
10555
32352
2729664
51025
23878
15135
21753
37422
26492
14877
31801
17259
13552
58254
765567
116360
2403
32494
10087
66153
22339
11581
370098
5781
26600
2270
68322
28335
20492
25959
1209822
1604
27788
1546
52608
30350
50874
21244
9812
2745
154848
36938
24807
1971
10505
2313
13200
1841
26045
17910
113950
12804
14379
24175
117540
26014
97320
83589
37656
43190
126230
10081
25595
21540
61
16951
30584
12434
132
16104
27032
423000
2291
217830
31929
17376
19393
98692
36920
4120
12180
32654
15937
10624
19327
41462
20080
6228
29500
92370
26365
67196
40788
22844
14226
41616
32528
26622
48822
9912
31859
29648
21308
260232
16413
5897
15144
50907
52126
27748
55416
41566
17441
60826
8756
21487
45285
1167489
21909
28817
63670
27459
50320
17736
13149
45852
29240
7303
9872
28794
9052
86223
25314
38188
28429
74288
31366
67650
82689
16712
1003
30124
6119
17229
1178
2763
15749
15529
119084
40326
5196
307716
11548
6629
31970
21554
10255
46562
24039
2235
202092
8385
32591
3237
7240
15090
4
25158
34098
242328
33654
29491
30413
12704
395850
9878
66219
23872
16379
25349
1434392
5293
16435
7418
49364
27716
23622
6837
13529
25597
53544
7354
20271
982
22199
8660
29216
23303
558560
22946
19957
25562
130272
808875
21292
18025
6593
26115
70048
80943
92889
14940
20327
5267
6451
61872
99064
24184
2537
43899
24317
20296
27822
4956
7439
25873
75922
23849
1631
51782
16706
9848
70209
29766
16578
64096
29122
17166
5087
2190
109785
22065
11494
10758
8351
31636
46287
2460
32014
154
29510
17381
8499
38616
18127
46838
47705
12105
28859
24573
47102
3292
33390
59710
21761
91276
999
64484
28486
10071
23912
756
100492
18488
1100
13676
1197504
28140
54464
5405
29568
30400
162546
17218
29798
46594
32481
6126
15128
183656
1095
16297
148218
22989
32439
9200
16109
262925
17113
1538
11377
24540
8790
6882
15494
5695
5944
13234
65016
88640
2173
16284
7277
30981
8968
26416
11445
43322
78492
24228
30130
29013
9081
1411
7290
10123
12786
961948
68416
22705
1200
692
2854423
92592
12958
703450
265111
945
13135
24677
21393
64158
24249
14265
901
21374
14430
1343
16242
25306
102215
1506162
17830
5975
57748
12003
30285
578880
24610
10608
2219
15887
260772
26468
15511
9212
571
3548
34932
22410
20444
19146
25097
137664
71121
24196
30464
26181
10061
14622
32032
1103
31198
28588
21588
205
88086
11555
83880
22483
18496
17231
1260
51663
196658
3945
9475
68778
84248
26265
28668
17292
13176
7738
14366
16251
4237
8044
18710
9585
41624
20959
13432
8895
13480
27102
9848
91245
5032
234081
16100
11032
1206519
89235
10853
26221
33918
19739
30710
1069
25422
838266
78825
34214
23244
62490
50590
2585
12384
17482
20479
6427
31700
29064
30771
8003
3635
42867
16838
132786
