459720
566618
11294
41048
6010
87448
26482
29012
5034
18504
18962
7116
28664
20477
8410
62868
31556
21008
64146
18349
15415
14152
38324
52058
123222
7036
21391
29628
78306
19192
12393
11850
199
201159
27496
15815
16234
1806
1588
13884
13661
12192
64425
4154
18617
4158
20454
85350
40590
16970
22511
67125
17790
31143
3104655
92589
4662
9494
7142
55054
26334
59728
24795
23951
26872
11879
178772
15356
21566
409212
19056
2512
26440
56223
18182
212040
3061
12620
494581
5139
51794
22350
2929
15094
37029
29828
7486
35908
19662
62649
7097
179610
24133
21376
22739
17982
79977
2278
84819
48220
12785
26348
3666
31871
32323
2478
76224
30888
24836
11485
28537
18070
16641
3926
10430
2228
20664
18163
12127
9742
2658
1996
61500
3213
31550
68832
3050
19155
27167
29967
210870
17365
9528
928890
10072
12826
1612
2677
362784
18190
25406
16554
140008
9770
14615
27801
66681
12065
142535
114352
50400
13397
58610
53470
54366
118044
60330
25481
16823
2753
15124
19706
45758
28776
17995
7574
33844
40488
39000
193
1360
66428
8698
113072
10746
31792
14880
30031
19172
9144
18550
12647
19722
26626
19933
10930
16132
66945
8589
6185
11174
3629
10733
34300
1416
38592
193320
1559
243690
207676
32258
96740
24597
23116
16676
31705
7637
27959
162325
52924
31915
114569
3169
4828
22979
4103
27368
143070
22451
28701
12691
2258
30676
12302
707783
21834
780920
98928
48754
23342
85200
20511
2476
14024
93159
23713
22108
29354
9955
18352
4413
13811
3135
16703
2394924
72780
18230
25782
50894
17660
74074
26248
61395
8506
11092
85527
11846
21524
14773
23319
8131
14706
18107
12568
35802
29939
973042
2946
11953
41720
77922
7315
17595
7332
198968
74876
23052
27519
10232
30966
2702
8050
15621
8767
16915
4379
18411
28433
5344
10028
10730
22867
16116
16895
1141358
45482
39500736
19206
28655
32686
4562
71736
1516
8407
15790
21253
10543
404872
2170
40536
25251
12754
13632
123410
12246
52730
317
38998
29278
120972
74109
55308
4008
18573
51564
31016
29367
26445
11193
76976
18300
31131
14427
22862
57815
58180
59324
7746
23226
26225
54834
20652
12750
20196
10158
21275
13027
10041
62876
2596
224812
57108
20953
29500
41488
54921
27086
26568
8284
8312
29478
8570
40606
7620
1121
31289
6898
16228
11094
94900
12916
13011
121092
22837
9234
52302
24489
18108
2883
14700
24636
54327
83052
163194
478256
23701
26657
5550
14902
5418
14308
55454
19476
21953
5762
656810
10321
48014
5062
30620
57068
70900
53704
29605
32767
679718
50218
152268
30735
7438
4623
22541
5765
16814
10499
12916
2328
14626
50710
287950
24822
8777
3026
22218
16405
21526
32856
54602
21380
991520
2967
6935
14582
215896
30926
15968
14102
25492
20546
27062
5088
435
13406
8597
5978
32431
37587
64086
687
42621
51132
8964
2997
26422
33030
4064
9837
23271
870
20557
10578
25454
1445
4811
15582
75816
111670
6392
25181
50656
19294
187
7670
31608
118048
6267
4086
17784
4998
5088
2399
34758
8371
12827
106176
1858
7112
27530
17398
18285
33237
46112
16658
12681
50840
275680
1356
9793
3325
15216
11032
25672
27635
22744
27216
23310
25573
9016
20913
8641
13400
31099
30977
20102
25505
1993
104968
85952
8402
25024
4486
31457
5863
8293
19516
26167
22416
22207
4144
8025
28929
3253
11796
25738
25752
23588
22682
941
24220
3140
8675
25410
19201
36472
24941
19360
198144
17923
25146
55528
22200
7410
15350
162127
44058
48798
22476
377
10717
10480
28442
18051
81610
19332
6057
110630
15333
257760
2622
23693
4762
1068
14820
7603
25368
51252
1659
26322
2089
1089
22144
50908
11795
50868
129444
162680
13194
14503
18805
30983
23779
23354
6186
22009
30040
4112
4190
6489900
19571
27297
2515
20710
24289
5927
18188
10444
23606
23310
73734
537
25075
31736
28383
26526
275130
84819
72834
18170
21299
60820
50402
1689
20734
2710
10814
6116
8668
14614
5117
23544
17484000
1620
6627
20464
31036
16878
54628
74358
27122
23312
19860
14313
12854
21164
30771
11128
20234
90735
13558
360668
1471424
22952
225960
10216
148078
30715
22438
10917
26981
29261
17260
19734
10159
30385
10149000
19684
23234
23780
14895
127795
5092
14103
15261
22799
9995
1480
29908
40192
20172
32224
18090
1710
85810
140670
27586
39250
190883
2146
22044
61592
1035
86916
9640
41316
38684
63534
10968
16120
4236
128128
16091
5944
1510520
26140
25060
140500
649
162285
23321
13986
26040
994396
46488
15688
185697
20650
28358
86472
10761
17602
101106
64632
15847
20269
29325
359128
23309
40956
3436
8549
30560
33398
60444
61166
97377
2370
213345
3462
6856
187260
5467
14042
13680
189679
49305
384030
3348
15394
15997
26475
48632
23060
165496
19795
30480
12505
36318
25680
21700
267210
34744
29540
8848
13197
20767
37089
29424
19710
118770
9916
23008
129552
498
63426
29180
29515
665904
18963
22031
28630
1599
17256
8306
6480
12756
59974
18236
4354
26705
39814
5784
32566
16640
28758
23147
53210
13672
113877
27051
9931
5742
28527
79250
148275
29494
242536
10314
8961
11313
9908
48099
24704
25956
16028
210821
61146
51188
3270
19369
64832
8972
20119
1772766
9970
11183
274068
29746
11475
31807
22847
11199
6006
2794
29840
68343
73038
12159
23352
11394
22770
119
29298
28130
13911
28484
1643
16883
3428
12248
28276
2890
61164
14201
63000
7468
13334
24259
30188
20404
13497
29437
8056
24901
37868
51168
21081
20786
12697
86892
26856
8107
12844
46158
14981
7915
15312
88496
16894
16799
12376
201756
30822
14280
2941
46042
81828
16820
23057
134490
4968
29193
5652
139740
16338
860013
3396
4816
10497
24736
82023
78717
2663
9785
2918
28108
4134
8402
24492
10534
23112
122792
61820
17758
6564
28932
110992
25990
10530
27354
29620
3445
4996
29770
19295
27022
14852
12888
107960
24346
14720
43710
1494918
12774
4667
78604
31706
3209
2187
22194
10267
6835
20303
654
13329
3766
4593
7324
11293
48292
32285
85194
7927
17092
21121
909
13072
18448
62802
21483
305030
61210
87860
8974
819
54116
65116
29665
23145
19231
15597
28480
1964
8430
10366
15105
412580
22587
116716
25474
61442
27889
22692
14543
15266
13270
82629
24813
15996
5081
3792
27044
56160
15002
98
2865
21845
12404
23031
20524
60464
23754
95385
20150
58800
32412
2210
218655
2932
9158
6953
31350
7230
25337
403780
38139
22075
32522
96762
24959
11550
24129
15578
11832
69036
69736
196380
19572
59416
15320
227944
54390
21947
28466
21129
60460
33836
32532
46464
15318
21573
10031
32689
30095
6732
43590
101760
58425
21036
339757
23004
28253
9530
22848
468316
42964
354090
51142
198919
29544
21199
18146
20458
15692
1645
219289
93849
12216
12767
4026288
32134
29544
31822
117204
5581
31973
22434
69612
67920
20134
16285
9749
8095
3546
22325
30798
28366
27558
106
7629
16118
38514
56130
56798
82452
7685
39476
230944
27321
29651
25258
22982
70476
31541
106376
62695
22452
19600
15218
10486
32483
21496
28805
34126
329
13658
28654
47752
24104
32232
22660
10674
6749
7158575
9396
8350
20144
27889
19899
20082
20821
25206
22768
439803
14540
118064
45132
19994
17309
13481
6665
30738
170380
19107
69783
32053
292
38568
9695
12534
5475
32329
57786
59088
8157
45265
19987
6142
22677
25601
41104
9877
268202
27321
32041
7107
2463
30172
54218
160872
23490
6470
24072
4174
11408
30015
6300
43458
42194
3749
14970
21664
26730
26816
74487
6856
148740
15374
32696
18476
23930
73428
16568
100674
18860
4018
42696
4185
31481
30696
3620
4804
9818
29314
24369
23558
10765
27234
26555
2979
11342
15715
14147
25337
15534
15302
13210
59220
24475
33204
15112
26494
32061
20719
12036
30258
151224
80241
25938
28618
37584
26765
17750
12312
11677
19570
30458
786
24132
5286
32406
66772
37912
19444
29607
77868
31618
351858
17326
1510
35544
8686
361760
33080
173089
7164
20259
16010
7414
24708
28210
12655
30780
24933
22025
11825
32707
18224
50616
12087
5101
440708
26104
45124
27356
2324
3873
52595
14188
20699
4142
3412
24808
27484
22243
4338
29758
14733
30990
18934
2182
30171
12005
16542
43606
61461
30621
25321
24072
5843
17486
20327
206784
44510
17670
834
20980
20838
13355
14221
926
14780
15381
31179
44808
23354
21227
19394
26859
9787
10429
22146
52962
15522
994
31919
291670
60440
10132
22550
20888
884
16786
84813
2520
26660
5459
10607
18062
59324
28986
24081
20066
10827
3673
28453
9259
17315
12855
22296
13143
12957
32295
9477
10309
23448
11682
14588
9278
26891
144891
38690
13609
53844
25028
12960
9413
8409
522144
51966
5089
16341
29072
21496
21724
25120
29170
106320
18980
2732
102715
11595
15640
843
15684
10840
568674
1354968
41272
15580
1490
4764
14980
48328
47922
14349
21688
7786
582245
16024
30092
1611
2340
17439
273999
7334
17372
29907
30169
2013
3197
119493
27772
15538
28744
8636
19982
7846
7988
8819
30025
17318
625674
12375
30430
20898
7640
59498
22072
3085
1298
23696
21864
11265
31121
22997
9536
11110
119014
18940
19718
60886
20333
87829
10854
53068
8253
10221
15482
12494
14864
31879
2081
31923
4518
42922
1692
4678
19214
13755
62674
25552
17536
28138
18019
13687
15455
28173
26958
32556
501930
7476
80320
9576
31532
16512
8936
1151
8401
26896
14467
32388
21508
4907
114695
2907
17238
25261
2564
31080
25090
20844
46149
98644
416
7825
19063
25991
11462
964
23891
41892
90336
64550
359616
23974
31730
30712
3359
23957
30070
18656
62282
16712
30040
25322
7728
17810
13098
379632
17305
16416
27425
3391
19869
46932
9090
1967
1945
31588
10750
21714
14946
24993
12297
123162
24541
136716
16886
26263
27871
12607
31411
4083
59346
22876
20290
13951
28247
157255
20186
31948
324830
31766
29466
127692
57576
236160
23685
70554
36742
8610
5951
4284
1215
1581
25606
19234
20944
6264
16755
47845
25643
12759
63285
46536
31217
28824
30460
43784
18057
52422
55386
30531
26941
14162
24654
3927
18963
3695
7723
17260
30957
26044
23489
58340
27364
47888
26617
188178
12768
36048
909602
31462
2683
1459
29612
13456
23575
19770
13864
65430
1854
15590
3986382
15221
7737
12188
23678
17504
25587
4750
7979
13261
11534
30539
25276
7971
32582
5385
29588
15851
2822
70852
41824
13543
46736
18220
6686
14379
134694
22380
1158063
4362
29933
52088
28226
63720
12103
30411
41739
58959
66882
63982
23101
16573
127053
13398
14032
96312
14432
19978
8848
18673
3130
30405
48578
9684
41502
2356
50301
23758
29879
22533
30870
61442
344400
15421
21139
7014
47804
21177
229257
183624
146340
66048
14436
19230
13360
48927
30974
11968
28839
30596
43334
9005
4326
209070
7785
15955
24120
16468
76308
51776
48704
19423
75492
19760
23834
12099
855
18007
3447
15676
65264
5704
168606
6658
47205
10630
10992
28735
88092
17803
26262
3559
11654
10295
91131
24385
6273
16507
31563
605892
23017
83151
52682
25552
38634
26542
21641
9119
4824
22881
18569
51290
32556
10318
14168
102739
48192
1679
28319
227535
963
215658
15523
21084
10724
1960
58284
29146
45758
9180
12660
16
22627
3502
65530
1201
5030
12947
29394
12080
9500
11806
15245
31785
19778
478575
39172
6224
28058
619625
11039
82470
11108
796
62092
14303
13981
141496
189475
22309
86967
28199
19452
235788
29355
7534
50979
18266
9092
23024
143910
144072
28045
262989
28406
8888
15348
1881
7546
11751
55146
2786
609440
20821
111412
32553
1784
18562
16156
14364
24030
16121
29777
1425
91053
42108
6522
55616
27145
61764
71
2495408
27092
20171
12625
9999
12618
6658
8570
41246
17281
27298
20581
11100
23147
2814
20280
35982
13361
49535
44628
9456
23244
3375
94335
20376
16868
23425
390
12880
22252
6499
13095
119140
48890
5509
3140
8819
16883
3355
22538
89355
5189
54608
24085
15574
3369
10252
72084
1676
13160
8139
10832
66856
26494
22943
33788
32118
9077
7745
9097
19259
3331
72537
18780
47138
13793
14673
17847
35610
9837
11736
47511
8913
3714
17335
5936
3561
28974
14165
20448
389
6934
29986
14892
21828
9214
28705
1801
17806
6843
8117
15417
30674
26762
24918
21534
7011
27374
13704
7056
26377
32610
100432
13611
8207
9136
7719
14244
16683
22188
31666
16558
51213
26034
23567
69792
28657
836
20621
1142790
30199
8586
1698
39072
11980
6314
45964
26790
12716
115206
31106
16396
750260
4790
17318
157420
17450
10566
17133
1267
39534
1376
27642
16205
29661
58218
161180
20516
13112
7239
11962
10138
28874
15429
23580
6276
2703
10796
9203
8234
5637
35892
26775
1146
31913
18549
8293
29977
31546
22716
15496
23100
95718
5124
13063
48399
88216
814
61470
34496
82756
96759
58628
83814
11293
22905
14271
10639
1507
31937
6834
6116
42762
94304
23071
31780
113085
23498
31275
5672
17751
20363
86704
25142
56332
16520
24416
24334
16035
15311
23505
139440
269137
2918
42801
11847
51240
29250
24910
19496
4604
18529
18938
57876
2372
9513
6513
8515
24594
106488
1742
31123
13978
3883
207405
2971
5114
15595
29900
17056
11478
32895
11914
19584
112131
17266
20030
17140
16722
31255
24987
13077
2929
188195
133297
20694
326712
24003
26087
7561
41034
28603
12326
5520
60980
96057
13065
2338
27180
21404
18740
4339
23190
15650
27026
4712
8034
868084
29636
11472
10768
55632
4360
19684
8923
48456
73600
938676
15840
9825
29399
294558
19973
6672
5133
25689
17135
25276
17654
41734
27635
22824
40704
60030
7228
88550
688512
26896
14458
30554
25858
10259
5209
12684
25226
6263
47522
19768
28527
19772
48602
889
26522
63582
59098
4087
3342
25637
27186
28061
53250
16108
10024
66504
113393
15736
118
62176
16878
18381
18920
11558
9201
59882
29496
8115
15877
1957000
4587
31926
900336
74012
15513
23939
48910
5632
17216
42190
3528
5931
41460
12079
5249
29107
10573
126092
29347
16546
16475
29793
5618
123879
123245
11641
11788
22447
2031
8520
501564
5535
28353
22808
988
1751
23037
248
27128
14278
24108
3250
21892
933
142555
7402
22224
2802
2299
71376
22698
167400
41996
26864
16293
17605
31481
36312
18768
18789
364
35016
30393
19620
29676
58540
28742
16931
40032
7760
2627
10039
31877
29893
24082
13258
20858
4165
13280
87489
24978
1338
30826
180954
42282
7214
63678
56548
9784
10407
3997
902
15402
64880
13474
162603
30211
63696
1800552
14181
69928
37892
57096
84519
17703
5444
16998
13778
5985
18105
569
58030
24399
14293
14392
13564
3326
58358
32119
23484
61158
18240
10949
295911
25154
16809
13664
30505
15166
20293
25742
10196
31588
31879
48022
46076
91065
45520
67845
7157
59998
25021
10242
6124
10021
3925
11063
2230
1664
73986
26695
12995
3406260
32600
52206
7514
12747
24259
2891
4144
52908
26341
9510
22696
18069
4695
23478
31940
21090
5264
10686
31851
26098
78942
18159
158785
28388
22292
61719
8676
47550
30136
22053
317768
13478
159750
51732
92589
31965
7234
31094
17861
9154
25409
23953
4889
3317
19432
2490
11286
28203
5778
29812
203252
11481
16215
938520
26997
28963
4806
19664
376066
6663
112416
21610
8148
356983
10906
785448
22251
21280
11067
17415
322284
214109
2129
59768
9312
18845
19893
8342
427
171470
23525
32493
12898
63666
14557
18900
7480
15483
18018
31790
28620
10811
17263
102840
15217
44420
6067
16950
6309
12797
30090
47712
28218
46638
15884
20947
23987
17880
8244
27195
280284
24587
2820
86901
5616
42212
1235
26896
11334
26374
30591
21640
80529
35982
19512
1106840
870
9269
30481
138230
8695
74200
4230
406
5746
27840
8406
200
5195
30242
12254
4386
46342
5452
22624
8918
3554
18408
14514
2950
48738
3283
23533
26190
303823
96714
15808
786
221165
17774
16220
28937
46640
26409
1868
86427
78552
45242
12133
22549
8545
16431
19754
14500
25909
2293
15736
19762
11072
23309
79816
1188
78429
21251
21106
7255
17576
23995
31850
22626
27448
25056
3199
31021
12352
25227
14947
9913
19686
1847
28403
7313
50262
13540
11408
30744
9483
9354
16834
51284
21696
8896
8714
7926
8433
25772
262
11002
7470
15450
3019
786600
24197
17734
23679
49286
4519
23962
1077
25214
25517
28757
18188
18198
14307
65720
26250
23256
1981
130120
45480
18261
44019
29464
30323
84225
23745
89391
12707
18732
12049
32618
18033
67585
9482
1155
21155
13859
118292
25921
5267
22063
28333
24734
64251
1146
3966
11940
30606
24634
16131
11753
4041
42078
35860
26714
28836
18548
20009
6738
42108
20603
16181
16010
19953
7276
21119
11054
43980
16037
19986
30718
757
30831
23595
57080
43396
82308
15097
11742
16404
31639
66132
13029
212184
48284
28484
50222
6678
131440
22444
31848
149530
21508
14546
22858
33612
48270
16028
12736
28990
29089
7558
27931
38312
29368
1247
19256
11854
313291
16071
38978
4692
5191
17964
32306
62574
20408
19712
3310
24640
53856
11967
32226
20309
7689
2848
11988
26897
168168
10448
608
21411
125880
25113
121215
19368
17472
7045
856
53386
31317
1123
14466
28041
2884
19838
28010
18689
20703
8568
22731
10550
38822
22365
4044
168245
20833
169328
47754
15702
31142
1455
27574
20494
59796
8196
125804
18664
31828
48219
117810
47748
85664
520
13851
1895
7936
6212
12837
216468
23452
26054
64396
27806
25711
4733
6717
28690
17637
5472
26571
8427
123084
25620
13322
23927
17374
24445
941
27149
62236
1990261
53190
20823
90272
23492
7171
17063
9144
22638
20985
14256
7623
19321
18421
450
18104
9943
4946
235395
878
10849
628864
14046
76930
2050
2501
5845
682332
11453
20289
29980
15876
12844
27007
17506
26735
2101
218420
88905
57705
42522
9856
17222
155160
117648
102034
20863
529910
7972
153465
9300
38820
50856
446352
31040
62398
7471
28798
15137
2102
6141
73396
21448
19151
438
14879
73080
17186
8810
24864
21296
16537
13568
119445
23525
966
20230
24660
15692
620920
18970
537264
5076
4329
9647
12583
16452
35112
4949
16333
11602
56712
13683
109612
2951
29255
13510
5724
8017
9300
19994
21126
32105
18148
21574
30725
20839
1867
75591
21864
5444
30071
14962
25978
2893
31117
33044
111050
13774
55502
7723
9035
29793
30388
7513
16069248
52830
62856
21
26523
26994
29071
18460
20636
117648
1797
5657
19507
15553
2065
1295775
4777
430712
16663
18149
15809
9341
74172
17665
1048
79000
18393
27344
67990
485568
14302
55244
3835
26513
7837
23641
6174
24158
158970
22309
63272
30845
29356
29536
1766
186224
56190
485588
18507
21447
12480
2601
7005
13660
21719
24760
127496
23127
1527344
5318
31025
20728
32282
16721
57208
95931
6232
1612
15020
27491
29387
22702
29492
13697
25021
118735
7005
3299
22026
10693
4018
40206
27850
25336
56404
14307
45122
292080
7765
33630
2513
15356
26314
20702
18752
33704
15311
14958
26055
32420
13130
9147
11389
31234
18919
30612
34594
173894
25994
22427
12246
25256
33262
10415
4493
59408
11455
18953
9329
4185
20845
10907
20232
56708
24305
22692
296280
11084
87344
26519
33678
7761
63348
18478
46098
22439
4522
28361
31616
193956
1937
128060
588942
3426
92405
35475
12128
9235
8628
11719
42840
22195
12608
19918
44810
13520
12606
21933
290970
26879
12874
36759
10883
37944
19675
55658
9792
6530
21908
27951
173614
26643
62998
423254
36766
10369592
9592
35376
19100
419760
82662
18709
56884
102776
205645
10840
107784
23006
330
127722
21148
55342
23777
8888
279540
16707
22012
18759
18434
9163
13501
12923
48426
583
3470
6650
15788
130464
27877
29406
23449
40942
32032
9706
8240
23698
19384
38242
27572
56136
18092
195678
16345
21286
29481
13215
3987
19043
112878
29626
8738
7097
25149
5096
21854
91248
49512
37584
19263
16788
36126
9412
20143
27968
95771
58494
31634
26247
7630
21851648
90690
86850
19708
18497
15672
44232
10043
14858
25750
111514
68304
15983
16763
21766
57102
21591
44624
7329
27157
18031
14716
32062
141510
5118
1077
138735
25901
11
63536
162918
20574
29869
16670
178512
1313334
30898
656
25618
16174
58084
30646
24407
72144
31476
44488
64198
22692
30785
27589
19512
29511
28168
22758
28908
13563
882
20613
4144
35288
230555
61902
49448
4356
1858
47256
23159
28359
32688
31675
9806
16206
31055
5963
123650
25128
14180
27445
17808
27578
26654
11916
30987
6628
16682
12458
15786
451318
44270
31733
16151
32412
23531
23536
13084
65186
28549
4740
5709
53334
28724
55725
61138
11824
21784
2906
17924
65002
24505
15173
14401
74904
86319
11991
18854
20356
77418
20356
3377
33528
23779
17118
43056
20902
494
13553
496062
966
1360766
881950
5864
21356
310
46767
28051
18238
110872
31027
29771
18474
2000
14317
7520
20773
16783
28668
5446
68919
8683
9036
89880
198594
3024
21912
39846
23638
12944
39384
5960
87027
15852
23205
24994
2123
3501
24725
43530
76355
10560
7222
67080
1494420
22508
1541
3112
26025
114764
26965
21534
21033
467604
219230
22562
63910
55724
113250
30464
19771
10226
72714
18104
204888
3860
11543
10521
10154
5266
57068
32245
7784
169673
16710
9382
29424
13243
32357
24485
24109
119208
1592
36147
2642387
16499
9477
414181
37268
8556
102264
24152
6300
135000
620
17336
32542
39684
64707
9207
18718
14556
22882
15517
11675
31963
24083
16138
186924
9882
11749
24731
3528
11019
9725
85782
6136
26573
12967
21375
28540
48172
1050
421059
182622
213395
1676
16278
17326
119252
54002
13198
45186
16772
16943
107724
30382
47254
5533
12404
89800
40509
21852
21038
23442
21615
7166
34906
77495
13441
13462
28002
9672
97662
14727
30309
8878
30590
44322
50264
33520
81909
250048
54810
5290
13060
3942
24561
35103
22647
11779
64436
31978
7021
27044
407
17060
5389
73062
28100
32176
9094
22017
49944
1534
24386
30845
87948
32685
28439
16721
188472
47301
24528
7640
125741
4593
61287
18334
1080
64920
12504
5535
1133
5777
30868
10022
16396
63036
30046
7184
28176
6399
21973
4286
28841
21372
404
31740
23482
28961
402732
18853
94612
4384
7374
1770
1186
14255
17943
26706
12481
31080
2278
11975
2510
73500
21147
12290
25286
11517
25050
21525
42816
8209
4197
27302
61810
24236
62070
10339
8875
11515
20406
9829
72549
10541
10698
25038
10793
16762
18219
17174
22340
2437
53296
61308
145124
61910
29831
40848
17149
5352
11000
12589
11944
30845
30814
14397
189
17061
152181
394328
5143
53612
6317
17000
23586
6996
30146
541296
64752
16109
138522
23540
24782
14000
44469
17182
19052
22223
30215
57084
15850
41145
1329
5243
1836
23516
26154
15193
14751
19841
14519
18061
27348
745
6324
30992
13469
16177
6005
4929
6798
25105
28512
3781
31534
15428
19915
18172
51664
16886
20242
49530
27014
6882
9200
17941
4320
22468
16208
27091
65210
9219
31432
25175
155502
23640
13188
53046
153880
63150
17526
129
107866
61000
18871
27487
25047
19041
22331
881750
18516
22267
7073
30619
13064
1318
13010
17745
26152
19919
314674
28035
4186
23684
6517
17849
52428
28951
7536
19066
1769
30817
44284
30352
143262
29977
20524
13722
53586
42840
84237
110824
44412
1651
7084
23857
12062
9163
50774
5664
31932
59178
60908
9280
3657
213680
2144886
4365
43476
19590
377340
8189
21288
60640
96532
1157130
5066
27925
7020
25936
26013
16224
6464
29061
1092256
10736
13098
29445
2318
3429
48380
338136
3669
190476
54992
32656
20456
25176
89300
22697
55680
95445
8906
22267
15920
3456
254953630
39400
18404
4783
12621
9815
16786
23761
4998
28236
25028
6945
27156
7141
3020
22083
19779
23111
18939
18606
15075
9797
7812
214227
114090
9447
10465
120556
70386
4686
48098
964
26350
5893
30459
28031
3562
22664
3051810
23716
35760
13119
11086
1415
27745
255442
11407
23621
15347
6526
23921
1843
19040
25208
4750
29958
898784
438195
20419
26935
9058
10444
1772
30539
788004
128764
15075
1231902
6789
4027
17081
97440
96075
60240
10550
5312
2570
13207
25743
196385
27672
28433
25190
5073
8919
28321
9222
7389
11885
12451
79005
680
7158
9550
10878
4700
135568
22528
63140
2628
29205
5064
382032
349
23876
20281
34920
23910
14086
302500
12548
30033
32230
4694
28990
110796
57982
2139800
27462
36614
69652
17619
30957
31060
2905
36184
2083
28292
13177
5919
25602
29989
128370
24711
6909
26227
147516
31774
10497
18449
14470
31497
4902
29321
24627
23884
606700
41850
1680
30760
11863
11920
50554
1795
43338
28111
23428
32702
25297
86319
15213
16620
25769
190
8694
19358
13014
93297
12991
20144
18515
8880
17113
24204
132512
30809
6973
25433
10108
77154
22467
56095
81536
46130
21507
190223
6528
15197
13532
30556
11392
27625
12716
39606
175630
42764
4412660
91490
47162
19596
24120
3398
22243
18899
31552
2298
12625
11736
28810
104100
13904
64716
32208
3423
20468
26168
5099
15047
61416
8171
31248
6423
28775
21033
439101
27431
16577
27924
17741
23902
13068
1471
32237
29242
19818
66126
65334
15614
970
19999
17554
22343
7657
8765
27484
4753
3468
3088
23372
8458
12539
1059006
20577
16794
15808
10301
21465
15154
81536
8448
20676
13139
22490
73089
4439
11234
26782
28358
12481
13355
374768
10309
24524
6450
63484
45538
24662
25539
81882
328306
7070
39265
5771
15465
47824
26091
10178
1851
26905
29395
23896
23436
17371
18739
28351
9960
63452
23703
10553
8302
7435
2902
1436
8034
311696
30944
12871
40632
703
85272
19811
68152
10840
20490
19294
3464
55782
83064
17829
7229
144000
15204
11680
19028
27458
21205
8178
16142
1321
88829
85960
58110
13424
4954
25444
10895
439
367248
26236
23481
71560
394290
8212
228576
49878
17783
13867
20494
4899
32552
12960
10330
803682
12859
36960
2795
35518
14352
12122
22818
22657
28808
29056
9490
2793
62250
20321
65190
3417
67718
2388
36346
91173
3251
124266
6874
31973
1690
852
10879
28642
2125002
3565
170
42564
26801
30912
31809
12585
5309
1575
19703
1390
449673
20125
54524
22637
32073
27340
15733
27149
28651
13194
17482
1589
38804
84056
62560
24489
484
7314
3854
3369
94335
62854
3654
4912
25630
20232
5613
12697
14516
8088
27369
32615
20684
31744
45456
30965
1252
23259
5984
21580
24618
55206
60022
19112
7575
19845
933640
20149
11668
14749
14630
6384
109655
8283
20037
30653
7642
39360
9095
28070
10189
7225
10661
7652
13289
40130
16454
27769
2231
18632
10682
305690
1721
99232
40650
87636
16354
8804
20334
4994
52586
20354
16296
77709
65220
10731
41856
32365
5796
32673
562400
61805
6623
14400
60870
14524
270721
24184
28752
22256
23962
25034
40758
28308
13920
108834
7266
556168
9394
27123
5380
46862
1656
19179
27603
26588
37767
18092
31642
20307
30110
19809
27878
53492
31428
13286
13784
26932
9170
2301
100596
166
6344
22296
61494
14832
9028
11351
31176
27738
12720
58748
8224
14397
18088
5306
59988
30180
29820
10710
19334
1256
19030
10169
25563
21088
27218
21347
19328
13904
16717
28328
24680
21657
20975
24044
9811
27153
97240
16928
22834
10627
196
51444
53684
15928
29227
1405
18924
36355
8312
2722
866445
7587
19133
29282
247730
21192
15458
121520
9378
1640
28398
29745
19879
25531
7953
36471
29018
20237
8437
10026
53
5458
32710
25829
63120
27035
13439
29179
3278
28211
32759
733594
20840
31741
26710
21778
73
69684
30924
8899
8291
40464
66849
16977
24018
50016
18921
13842
19728
24675
35918
10863
2155
26259
20622
26289
61192
21811
12796
141750
222936
13904
9124
27638
19274
26222
14327
15235
22769
30756
23399
28437
8143
11765
24564
17854
14722
9841
6013
22380
216552
11544
14820
43208
97708
59190
18675
23192
9034
859
761
69138
11090
7859
9088
1524
1276
1901
31610
21867
552027
160704
150619
6175
40278
11571
52308
12081
23885
11765
82872
118790
14001
119802
23428
18012
18126
25566
29391
66678
4548
31116
26526
23807
37
30039
19451
21114
20341
28019
6157
5764
27020
47348
1684
272088
32530
14698
175161
29539
6605
30990
3176
51974
73148
18229
258808
250020
258564
6319
3064
30103
64488
8509
17623
19348
13688
1165239
60402
57188
27732
19649
6918
13957
18334
48123
19157
25911
5913
22515
27456
19210
5018
10537
28754
4877
14570
9894
54168
18974
115816
75735
1607
152537
37042
18407
10854
21372
23012
22844
21939
10716
32306
27876
4410
390011
9824
7718
22864
17846
12942
15564
20213
13024
17226
18632
21650
13989
30149
59794
22821
6579
23347
22734
1940
6051
88317
7937
432762
39784
20480
13934
28161
150857
332
10843
39704
35900
2256
11753
55242
31692
31340
9996
28471
110188
30071
2337
47985
9601
8471
7703
31680
31997
9231
23892
27062
25433
55302
15364
2177
479281
40136
8639
30139
35780
10909
1323
23498
31015
31102
17641
31843
85779
30183
48222
8798
62442
19129
6075
18964
87324
29177
29447
29941
22963
12613
588
59932
25210
73332
12496
292675
2639
24488
14928
22457
115435
64094
18777
42408
4600
10868
24095
1532
3485
14692
2987
12994
29679
14246
11099
29229
19945
13186
10257
23582
22925
15470
12499
15325
17215
10374
4516
3108
21166
25189
20129
26020
57498
3444
47804
27106
7241
60624
62740
231606
17864
3834
18849
24250
161775
13640
25945
31141
17892
17610
1009010
15506
27203
21280
538270
50978
28604
18990
26929
14914
30200
7062
33
46014
27508
5785
122754
63481
106312
8965
14091
10202
6356
21697
11299
22688
20966
40396
20954
18941
1541
6377
123228
5544
15757
4964426
36027
46838
60706
32151
157878
3198
26340
23207
8097
21433
26040
16114
1432
27636
2123
22596
8369
5071
22971
127816
19113
18122
138000
3282
62510
383262
30594
14072
86403
46450
18724
64266
6506
22570
14734
9173
11548
1324
23594
176918
16152
23349
127340
12137
21797
25219
21869
14986
24685
16510
10739
3396
8364
34594
800
28664
26182
31917
1941
14862
678
88407
90550
61749
729
264480
16143
19713
21010
38598
41220
15339
5247
24366
22352
6507
31028
7058
136870
32110
38108
898304
32074
8239
3492
47770
66258
83331
31266
15540
10101
62409
22334
14892
13332
11571
26124
21227
37526
956672
32722
24890
1352
95931
31181
635
17505
110845
18802
11383
10375
93384
16902
32236
22520
51032
43536
11434
8228
3994
6241
504
97730
16304
31424
32573
21214
53379
1695
15900
7802
39168
28944
17162
30024
19184
27900
14310
26471
29707
1110
7819
38355
6000
140772
17113
5305350
13220
7761
336167
21821
29406
4348
62646
28540
47320
47944
2900
31359
7913
31069
44406
2260
209748
188448
24875
28454
20631
4097
13935
122507
4823
19545
85359
85158
155835
917
3999
18490
12658
29942
13229
7418
50460
67518
6996
25214
4751
43208
1225
32687
19472
640188
64832
88644
6570
26283
57260
62958
9570
20908
8590
22982
26647
10227
7998
5672
106300
580
49200
62588
38132
185440
24748
26763
18242
1316
21441
10582
24882
12010
10227
25894
20330
42609
77452
161119
29195
406770
22463
26481
20774
8563
7635
9267
31174
411
25935
30269
31471
3290
25626
55536
11564
27703
47880
64608
143730
21666
6519
18048
23404
17234
3712
10993
21937
17504
19470
53800
24254
8100
21730
1295963
17726
1999
4520
12675
56482
20370
18831
25623
7425
10829
32639
14114
21223
6082
175428
1522
193872
9819
24486
113432
10325
22641
19399
52622
126412
1311
12385
24138
28423
10014
44908
28996
101720
21330
24114
24589
56054
472872
4970
78180
14553
1429
18973
60644
50054
104996
19266
30394
13673
32327
46664
24258
1548
15178
79206
29282
136035
41997
153345
6083
169960
9489
5267
12
124952
2470
32157
16136
32496
1946
26394
27322
8719
28075
16180
19106
5081
22533
227304
25393
5151
1119
29898
6537
29996
13398
23527
55026
8134
29714
52005
30647
20153
11220
13265
21087
56195
29969
