8
12
5
7
6
8
7
408
7
18
8
2
8
10
2
4
5
10
3
4
5
6
7
6
7
4
8
3
6
6
2
3
6
7
4
12
8
20
4
3
3
40
45
7
6
2
136
6
10
7
5
2
6
4
5
6
4
2
24
24
15
2
6
4
5
2
4
7
6
16
2
12
5
12
2
25
28
8
7
10
3
6
24
2
7
14
8
15
4
5
3
2
6
16
12
6
12
8
6
6
7
3
16
5
8
55
9
4
1590
20
2
56
9
3
8
5
48
8
6
6
12
5
16
5
5
16
5
14
7
4
8
5
4
6
4
7
16
20
8
14
6
2
21
12
14
8
42
7
12
7
6
12
12
21
7
2
5
3
5
4
5
6
10
24
16
12
12
5
5
10
14
6
8
2
7
4
7
30
6
5
5
7
7
55
875
12
10
42
6
21
2
5
2
8
16
5
24
14
6
81
24
64
5
15
6
6
8
5
36
4
8
8
10
7
8
2
3
5
7
18
5
8
5
5
7
5
3
5
5
6
6
8
7
4
8
7
16
40
6
12
5
12
7
2
5
8
3
14
5
6
3
7
12
7
8
50
25
42
5
4
5
3
7
7
5
7
3
6
3
3
12
12
2
3
14
16
30
12
8
4
8
12
4
7
5
16
4
4
2
5
10
3
3
48
6
4
30
6
6
4
14
3
3
2
2
2
25
21
2
12
8
5
2
5
3
10
8
7
8
104
6
102
35
2
42
7
5
4
10
4
4
6
5
10
7
4
5
40
104
5
1600
5
5
2
9
8
12
5
14
56
3
4
16
3
7
8
8
16
5
4
3
12
4
4
80
15
7
6
8
2
24
2
42
6
6
6
2
3
4
5
112
5
2
4
8
16
5
3
20
7
6
7
18
85
1795
30
14
28
303
5
8
18
18
2
6
20
4
16
12
9
15
6
7
21
3
24
1064
4
7
7
20
14
2
2
18
25
56
6
14
8
6
6
6
129
8
5
2
2
8
14
10
7
4
25
6
28
24
138
6
12
180
4
6
4
6
4
6
28
4
2
12
3
15
5
14
4
7
126
96
8
7
4
8
3
12
8
18
8
6
10
7
42
36
12
6
14
6
15
21
6
8
8
3
5
4
6
7
6
7
7
8
2
10
8
8
24
5
2
12
8
8
120
2
6
6
4
5
14
7
8
21
2
6
48
4
2
20
6
10
6
3
10
2
5
12
34
6
16
126
20
5
5
3
5
12
8
8
18
3
4
8
5
8
7
7
8
5
8
15
7
16
8
21
370
28
4
14
3
6
2
192
5
8
7
12
3
2
3
4
8
8
8
3
5
6
7
15
7
8
126
5
2
6
24
12
48
96
7
4
6
12
32
2
2
147
6
4
3
36
3
8
4
2
8
3
3
4
8
5
7
3
8
21
3
4
174
12
768
28
4
12
8
2
2
3
4
6
5
6
48
3
5
8
6
3
3
28
112
15
2
14
90
2
12
6
8
8
7
14
5
7
5
5
12
6
4
42
36
7
7
3
5
3
16
4
2
8
96
5
63
4
8
8
6
232
6
2
2
24
4
4
32
7
7
56
20
2
8
8
16
4
5
8
14
21
2
6
4
3
7
12
64
20
6
66
2
7
5
2
4
50
16
6
5
12
32
8
12
3
12
6
8
5
5
4
6
8
5
4
10
28
7
8
266
7
4
2
18
5
5
7
7
322
4
5
3
7
8
3
4
7
7
15
8
9
5
5
8
14
5
2
5
2
6
4
7
14
8
5
40
21
8
6
9
8
6
64
104
8
3
5
6
4
7
6
2
3
6
7
8
35
5
8
32
3
8
8
3
3
6
8
5
6
3
4
25
4
3
7
42
7
5
4
6
48
35
7
6
8
12
4
5
10
10
6
22
18
8
2
4
6
8
7
7
2
4
14
6
5
16
16
2
18
6
8
24
2
5
3
12
5
3
8
3
6
8
6
7
3
12
10
5
7
10
14
8
80
21
2
6
42
5
10
8
5
21
16
7
3
14
48
7
7
6
10
18
8
25
3
7
12
16
2
3
5
2
12
7
5
8
5
12
5
3
2
4
8
7
5
14
12
8
108
2
5
8
18
16
5
2
8
15
12
6
6
5
7
25
8
16
4
24
52
4
18
7
3
14
4
7
14
4
6
15
10
28
5
4
3
4
10
5
6
2
4
6
8
3
5
8
2
12
7
3
180
3
3
8
28
8
40
4
9
3
8
4
4
18
7
5
8
4
27
5
7
6
3
8
5
8
6
5
21
24
8
63
5
2
3
4
6
16
88
5
5
5
22
5
6
12
8
4
2
7
2
32
6
7
4
6
14
2
3
4
8
15
8
4
8
4
8
16
4
5
8
3
8
8
5
6
4
12
2
3
4
3
7
8
8
12
6
2
3
15
5
72
7
8
3
16
2
2
170
2
128
50
4
96
32
20
16
4
8
12
7
156
4
6
2
3
42
6
15
8
2
8
6
5
2
5
7
28
6
4
6
5
10
4
6
2
28
2
7
5
4
12
7
4
136
2
8
4
3
62
24
4
12
8
7
6
14
3
4
7
4
30
40
7
5
16
4
48
14
4
6
5
10
7
4
8
8
4
5
3
5
4
32
12
8
4
8
6
4
14
16
3
6
3
6
3
12
7
8
6
10
8
16
14
4
12
5
6
4
8
7
81
6
2
7
6
3
58
10
7
12
6
4
6
7
8
4
6
3
5
24
8
6
2
7
26
40
2
18
4
8
7
6
6
18
5
6
3
16
7
18
10
8
6
9
60
2
24
2
8
4
5
14
9
5
8
2
5
6
7
5
3
14
8
4
3
3
4
3
5
5
10
5
12
8
3
8
8
6
25
8
7
4
4
3
6
3
20
12
10
12
8
8
36
3
8
4
7
5
72
8
5
5
16
3
7
6
36
30
4
16
16
28
5
4
8
6
14
4
6
4
5
5
18
4
5
6
5
8
7
45
2
7
4
9
8
3
3
12
2
3
3
6
4
2
8
5
24
3
4
3
14
5
350
5
5
104
14
3
8
4
6
8
3
36
8
5
8
3
3
5
8
4
80
6
5
8
3
12
4
6
7
6
16
7
7
6
3
7
8
7
12
2
18
6
2
10
147
8
3
7
6
8
2
3
2
8
4
4
3
4
5
10
7
5
4
4
520
4
30
4
24
8
5
15
5
161
3
7
4
133
10
16
9
92
7
8
12
16
10
14
48
8
6
6
6
2
8
24
160
5
54
2
3
5
2
6
8
5
6
2
6
12
4
7
7
2
5
2
10
7
147
66
6
16
40
9
93
25
7
10
77
5
7
5
4
2
7
5
63
3
6
5
2
8
80
4
4
6
6
21
8
10
72
6
36
8
4
4
3
10
4
35
7
8
3
7
3
3
7
4
2
7
4
18
2
30
4
8
4
6
7
8
4
49
64
8
3
2
5
21
10
3
77
2
8
4
7
8
592
128
5
4
12
4
8
2
4
5
8
6
5
56
10
4
2
2
24
72
2
24
5
5
30
8
8
4
6
16
4
10
64
8
3
16
15
8
8
2
6
60
18
6
7
12
240
6
10
4
10
8
7
2
3
7
6
4
5
15
6
7
10
6
7
3
28
4
78
6
8
4
54
6
7
5
2
3
8
24
3
8
4
21
3
6
3
6
35
15
8
6
2
6
7
6
7
14
3
18
3
8
7
6
6
8
5
3
3
60
5
30
2
8
2
7
7
16
24
348
2
3
6
2
8
14
6
7
2
4
4
4
98
6
5
8
7
7
3
5
2
14
8
8
3
3
18
6
5
10
8
6
4
6
9
10
6
6
4
7
3
12
10
9
7
8
8
5
7
2
8
2
4
8
8
2
7
6
7
4
6
3
1612
3
3
2
2
3
2
5
20
8
8
12
6
5
21
154
2
66
24
4
10
6
7
5
336
12
90
3
4
68
14
4
2
3
5
21
4
21
15
14
8
3
5
4
496
12
4
5
8
7
2
8
6
80
7
12
10
15
6
3
477
2
6
6
2
4
6
192
18
5
8
3
40
154
8
7
3
40
5
2
45
4
16
7
2
5
24
9
7
6
5
7
2
7
5
28
6
8
12
5
10
8
4
6
6
12
8
4
14
88
5
8
4
16
2
5
3
8
36
14
8
4
2
42
4
65
8
8
6
4
24
6
5
14
30
4
3
3
12
10
6
7
8
2
10
14
3
8
6
18
8
2
2
8
2
3
3
7
44
12
4
4
21
14
7
18
10
7
8
7
16
12
4
6
10
96
2
6
9
8
8
30
12
7
80
24
8
2
6
8
2
5
7
4
6
7
7
6
5
8
24
6
3
4
8
5
70
7
7
24
80
6
5
6
56
21
6
35
20
15
5
2
5
4
18
5
2
72
24
12
4
7
2
35
7
32
7
4
14
5
6
6
8
5
3
10
5
39
2
1274
3
6
6
5
5
77
8
5
2
6
3
6
16
4
3
7
24
3
90
14
49
70
8
3
7
8
3
3
33
56
8
3
6
9
3
4
2
44
8
21
21
12
3
3
5
6
42
3
16
6
6
8
12
12
7
3
4
7
8
7
36
9
24
6
21
24
8
16
2
6
6
8
16
36
8
8
4
7
4
4
6
9
6
40
3
8
21
7
2
5
4
5
2
144
2
6
8
3
3
6
4
7
12
6
72
4
6
4
12
5
2
10
35
10
14
12
175
6
68
5
3
5
7
15
8
3
4
5
10
4
4
20
6
8
6730
20
8
6
4
12
4
8
7
12
3
7
12
8
8
5
8
4
6
5
6
2
48
2
5
2
2
15
7
4
18
72
4
4
6
5
5005
8
6
5
12
5
36
5
12
6
7
32
12
32
8
4
2
7
112
15
7
21
6
5
6
2
5
5
9
7
4
4
7
264
6
2
44
16
2
4
24
32
10
24
2
25
35
8
4
87
5
4
12
2
5
20
7
6
4
6
6
8
14
35
4
42
4
6
18
5
8
25
3
30
8
3
7
4
7
10
6
7
2
7
7
78
8
4
10
7
9
7
2
4
14
12
36
7
8
4
91
4
9
4
20
6
125
5
2
8
3
14
3
6
5
4
104
6
16
16
4
2
2
8
2
30
8
25
5
21
6
42
10
8
4
4
12
4
32
3
5
18
8
20
20
2
7
5
4
8
4
24
4
8
3
3
2
4
6
40
30
175
35
12
14
6
6
10
9
14
120
8
4
8
280
7
4
7
6
4
3
12
5
8
12
12
3
12
12
12
8
5
4
8
2
8
6
4
14
7
2
8
10
5
6
5
4
12
2
24
4
4
2
384
2
6
72
8
6
5
5
16
6
42
2
66
28
36
6
6
12
4
7
2
7
96
8
4
6
2
27
16
12
35
20
4
7
6
2
2
2
6
8
4
12
21
25
3
7
8
28
8
4
7
2
38
2
25
5
6
35
5
4
5
6
4
4
8
7
18
7
16
4
4
8
3
3
8
5
3
12
12
3
8
6
2
5
2
6
6
4
6
8
6
5
3
7
14
4
8
5
18
16
32
16
5
32
5
5
3
10
3
9
3
402
4
470
78
6
8
64
7
34
18
4
18
5
3
21
5
2
7
28
2
248
6
5
4
8
2
16
14
84
42
4
6
3
6
6
5
7
8
8
8
21
5
6
2
4
2
9
24
16
7
3
30
100
3
7
45
8
7
8
49
160
15
25
8
4
48
28
40
2
4
2
12
660
6
7
130
77
8
12
8
3
6
5
6
4
3
7
42
21
4
9
10
4
5
5
16
3
24
3
10
4
6
4
7
4
3
6
8
8
4
7
664
3
20
24
166
3
5
2
7
4
7
22
4
148
4
3
5
6
4
6
20
14
114
15
5
2
3
8
3
8
88
12
6
8
168
24
7
42
6
20
52
8
24
7
14
7
26
6
6
6
2
6
4
7
14
5
3
4
6
3
3
8
6
6
3
6
2
3
4
14
8
2
3
3
12
2
15
14
18
4
24
6
5
4
66
12
4
2
2
5
3
8
6
5
3
18
2
2
6
5
8
2
35
7
5
14
24
14
5
7
21
6
8
5
40
7
6
8
3
24
4
3
9
4
6
14
8
21
30
5
5
7
5
6
22
14
3
3
30
30
152
14
3
12
8
5
7
5
2
8
12
18
15
5
4
330
4
3
3
15
88
7
6
5
6
4
6
4
2
6
3
5
4
7
12
20
7
2
25
6
8
18
3
8
28
4
15
12
4
3
35
42
3
3
6
3
15
18
7
70
7
7
2
5
36
2
3
7
2
18
5
16
474
2
4
4
2
12
5
5
8
16
8
15
10
14
28
3
20
68
5
3
16
6
84
6
8
6
6
6
50
4
6
12
9
12
6
36
6
50
8
16
3
7
40
20
18
7
2
6
10
6
5
4
35
9
7
8
4
6
6
8
108
24
9
8
12
44
24
3
55
8
7
24
7
4
2
2
4
5
7
2
6
6
7
7
14
8
4
3
8
24
10
15
5
7
4
8
4
6
3
42
2
36
44
32
2
16
10
8
3
8
2
27
6
2
6
3
8
7
10
4
2
8
6
8
16
35
12
2
40
35
6
8
3
5
6
32
5
2
2
5
3
5
44
4
161
2
6
7
3
7
12
5
2
4
7
7
5
16
6
4
6
12
12
2
6
42
75
2
7
3
8
12
64
14
6
6
2
3
15
4
7
8
8
24
5
4
5
10
16
8
2
5
2
4
3
2
16
4
2
16
7
2
8
6
6
4
6
16
8
24
8
36
3
12
1756
8
4
2
5
7
7
5
7
6
64
8
4
6
2
4
6
20
2
2
3
14
147
4
14
8
4
6
2
32
7
4
5
12
8
7
2
12
4
7
8
7
10
3
35
6
7
8
8
6
4
6
8
7
12
7
4
2
4
8
8
7
56
5
8
8
8
2
3
2
18
339
2
8
5
7
4
8
3
6
5
7
2
6
7
6
4
3
4
864
8
16
4
2
3
14
4
7
336
8
4
2
15
8
2
7
5
6
2
5
1190
91
14
15
6
6
2
6
6296
6
2
2
8
6
95
12
20
5
287
8
3
6
32
4
155
138
60
8
16
6
35
14
12
15
4
3
3
3
32
130
16
18
8
7
5
5
4
2
674
16
108
40
12
3
7
8
2
5
7
5
5
4
4
3
4
20
7
7
132
63
6
8
39
2
5
18
4
15
8
8
8
7
5
7
3
300
10
2
12
12
2
4
10
10
16
14
3
7
4
88
6
7
9
2
63
8
8
5
16
2
60
2
6
3
7
6
46
3
3
14
7
6
5
18
91
8
6
2
4
3
16
14
12
5
32
14
7
24
3
14
5
6
16
9
2
3
4
4
4
4
8
6
5
12
4
7
2
110
16
8
6
8
2
7
24
5
3
8
25
84
3
8
6
3
7
3
6
2
6
3
8
6
8
7
4
54
8
8
4
5
5
7
3
6
14
7
20
14
6
2
35
7
8
2
3
4
8
5
4
4
8
14
20
2
18
5
8
7
6
7
24
25
8
21
7
14
4
4
3
5
2
9
5
12
90
18
4
5
20
35
7
2
5
7
2
8
7
4
64
4
4
7
7
10
88
6
3
8
5
3
8
3
5
4
12
4
3
7
2
203
6
8
6
6
15
14
28
5
24
5
7
80
6
21
8
2
2
3
2
8
4
4
8
18
18
8
12
6
5
12
5
2
10
64
4
8
7
77
5
7
3
56
6
8
5
3
6
7
2
2
7
2
25
8
12
10
21
7
2
4
25
24
36
6
3
4
40
4
3
6
26
6
4
42
144
4
16
5
6
20
5
6
24
12
8
6
28
8
8
3
5
2
5
6
6
8
7
8
8
2
64
10
3
2
102
27
14
6
18
18
56
2
6
5
8
2
7
8
8
7
15
21
4
8
14
7
7
21
20
14
3
56
5
4
2
5
4
8
3
36
5
6
5
3
4
8
8
3
16
5
8
5
4
15
2
3
7
2
35
40
2
3
16
18
21
2
7
8
4
3
4
48
5
49
8
28
5
3
6
190
14
14
6
8
87
16
8
6
4
54
3
6
8
24
63
2
4
2
3
1029
5
18
7
16
3
6
4
6
7
5
16
6
7
6
8
30
10
16
6
5
3
6
324
3
6
21
8
8
16
8
6
4
15
8
4
8
8
12
8
7
6
9
6
63
4
8
30
4
42
3
7
4
3
16
5
6
2
8
5
8
7
5
20
2
8
3
8
4
4
4
3
3
6
30
7
68
2
2
6
4
2
5
528
95
5
7
32
6
48
8
78
4
2
26
7
15
4
6
8
5
2
104
48
6
8
3
2
4
7
5
6
8
3
16
8
4
30
3
7
2
20
8
5
7
36
8
21
4
8
12
2
7
8
36
20
3
5
8
4
8
3
2
16
256
5
20
8
7
14
40
2
12
5
6
8
6
4
8
30
6
6
7
100
5
28
6
12
3
8
4
24
7
3
72
2
7
2
2
8
5
10
8
7
24
6
6
49
5
24
24
10
5
12
5
12
6
8
4
8
4
8
4
3
8
5
6
6
8
5
6
2
6
7
5
7
2
5
6
336
8
4
8
5
8
24
54
6
6
6
18
4
8
7
8
12
120
3
5
8
16
9
4
3
6
3
8
5
8
12
10
12
4
4
7
296
96
2
4
42
3
7
6
28
72
5
4
8
8
2
189
4
2
3
5
6
5
9
16
24
3
12
7
18
5
6
4
6
8
5
5
8
27
12
16
5
6
6
5
10
12
24
7
4
6
4
8
2
6
7
5
30
8
24
3
12
16
9
36
76
2
6
4
6
3
4
8
21
9
7
2
4
6
7
4
6
16
4
2
9
4
75
2
3
3
8
8
7
12
8
3
3
15
6
18
3
4
24
28
5
16
4
24
10
3
5
32
3
880
32
5
15
4
4
4
3
156
4
4
4
7
2
6
8
4
9
3
16
3
4
28
60
7
5
25
2
12
49
4
2
10
12
6
4
80
36
40
3
21
8
2
5
40
6
2
7
2
7
4
8
7
8
9
2
5
5
16
7
3
6
8
7
8
16
10
3
7
8
8
9
3
84
6
8
8
5
3
14
68
2
4
6
14
5
7
4
8
2
8
70
2
2
7
3
7
6
14
5
119
3
8
4
2
3
4
16
4
25
8
12
244
5
2
6
4
4
8
3
48
8
88
3
36
3
10
8
39
15
24
8
8
8
6
45
16
2
16
3
3
48
7
8
5
7
50
10
8
176
4
14
12
4
35
3
365
7
6
5
8
7
3
2
5
2
3
4
24
10
6
7
6
6
8
18
16
6
2
3
7
10
24
5
16
3
35
24
7
6
5
2
18
2
8
14
6
8
6
7
7
8
8
5
40
16
5
6
8
3
2
2
6
28
6
5
8
2
2
8
6
6
16
36
4
10
5
25
8
72
6
6
5
7
18
7
18
18
5
7
12
4
15
2
8
10
2
2
3
18
4
36
8
6
8
6
2
7
5
49
35
8
8
2
5
2
35
6
21
3
5
6
3
28
6
8
6
5
16
28
7
462
3
6
4
8
4
7
5
2
102
7
3
4
6
8
16
160
6
8
6
8
6
7
273
6
7
7
2
72
9
10
6
20
24
24
3
2
7
2
6
30
2
9
12
20
8
4
3
16
6
4
16
15
5
6
672
8
7
4
144
6
32
8
14
24
5
6
4
2
24
4
12
8
8
24
6
16
24
8
45
14
18
64
3
2
8
120
3
8
4
8
5
40
16
7
4
5
7
6
6
12
6
3
8
5
4
12
2
6
10
5
3
3
4
8
10
108
8
695
3
44
2
108
5
8
8
6
7
18
780
2
4
4
8
3
28
3
6
6
8
8
8
4
16
63
3
5
12
4
40
8
32
8
4
5
5
8
6
7
7
3
240
8
296
14
35
45
5
48
4
64
10
6
10
4
21
8
6
4
15
5
4
2
8
3
32
7
10
15
6
3
6
3
3
8
4
2
8
2
8
1230
6
6
24
84
92
5
5
18
4
5
5
8
5
48
7
8
2
6
2
2
15
8
14
28
20
3
7
4
4
7
5
2
8
66
7
8
4
6
48
2
5
14
7
2
20
5
5
2
6
5
7
185
24
5
12
5
7
6
16
7
3
8
7
2
5
10
216
6
35
6
75
7
16
5
8
8
5
7
7
6
24
3
7
2
42
8
18
12
7
6
21
56
2
6
4
44
57
6
16
12
12
12
8
54
14
8
5
5
5
3
4
14
3
8
7
7
3
15
16
4
8
6
18
4
4
3
12
2
6
16
8
2
4
18
14
10
8
16
2
24
15
5
6
4
21
35
15
66
4
5
6
4
5
65
92
6
6
6
5
35
7
18
7
48
21
24
30
8
12
3
7
18
2
4
8
8
6
60
12
4
3
14
8
7
375
7
8
7
15
33
4
5
132
66
8
5
2
98
3
10
4
8
44
7
5
8
14
7
8
16
5
10
25
4
6
4
4
3
6
8
35
8
18
8
8
51
24
8
2
10
2
128
3560
5
15
3
48
189
60
6
4
8
6
4
3
6
88
8
24
14
6
6
6
4
8
8
6
7
16
3
7
10
8
7
2
7
8
7
3
3
6
7
4
5
3
40
18
6
3
20
10
6
5
2
3
5
4
4
32
12
12
6
2
4
6
6
8
2
28
12
4
16
10
4
16
6
112
3
7
4
3
5
8
36
4
2
8
8
44
24
8
3
90
474
6
136
6
8
8
8
14
2
8
2
7
2
6
12
8
7
12
24
3
18
4
5
12
18
3
5
3
5
6
7
10
40
21
4
84
6
4
20
20
8
8
7
2
4
8
2
9
2
5
125
8
8
12
14
2
7
8
3
5
8
7
24
7
2
4
2
2
14
6
128
3
7
8
8
12
2
7
5
3
10
8
10
10
3
68
6
5
4
6
3
5
5
3
2
3
2
8
3
5
6
14
4
3
8
6
5
7
3
5
24
12
126
8
10
3
4
6
39
12
7
5
5
5
8
4
20
3
48
2
4
54
2
8
7
36
3
4
2
7
7
14
3
4
6
119
8
6
5
40
7
32
3
4
18
8
40
4
2
2
2
7
8
8
8
4
5
4
5
7
4
16
16
6
20
5
4
6
8
12
40
6
7
3
26
30
5
15
7
2
2
7
30
3
6
12
6
6
3
6
63
12
8
8
39
2
8
6
8
18
5
4
2
4
7
8
64
15
8
12
7
7
24
5
4
3
5
10
28
7
8
14
6
4
3
7
2
42
5
8
20
5
5
3
8
8
8
8
7
6
16
112
6
54
3
2
7
12
8
3
8
4
3
6
3
4
3
3
5
8
6
30
6
