9594
20271
24174
27337
29496
10755
35472
9336
2955
30825
274230
78474
55401
2526
48608
114360
2116
20468
243820
1483
7920
24531
25667
19586
951950
7224426
77730
20309
62872
58426
12891
64443
64936
6552
1305
21218
13092
160920
6902
78324
42124
24716
12510
8816
34440
1452
47196
10879
4909
5764
3117
274536
26001
21234
80950
7756
2873
17078
17087
13295
5410
29000
7460
81294
22930
4445
37308
1080156
30881
11734
844
1803
4212
5944
31182
26241
16258
6468
5805
267388
17026
9483
6350
7674
5992
328757
3733
2074
24690
22070
13208
27728
29544
28053
7714
11923
1652
45776
4832
31742
11422
27927
11722
20120
62890
17317
31560
67264
2550200
32208
25814
13320
5625
13249
212025
32288
259
16342
2208
20256
82089
3678
11744
9531
474
16786
16765
31186
10669
78213
7991
27633
457296
25700
27154
23452
17036
4363
61745
9198
36922
111768
91540
29873
17770
32478
23300
50304
31931
5539
16752
18337
65224
6581
6494
66711
34846
33860
10341
29603
293689
15101
15868
13341
26965
14303
1952
9232
24613
11939
19896
9786
3260
13916
25762
8142
15532
18074
21959
23253
45518
275782
16564
26158
9932
32346
32314
6258
6477
76743
6362
37105
18471
11869
63954
26104
30394
31958
26663
16876
18579
20387
15296
67796
7346
31019
27860
12614
14128
20269
7708
27478
22497
12414
3949
45186
7669
58120
73996
13937
24145
31236
19538
6873
793
17969
89268
30461
31966
17359
419385
29479
4780
11076
112424
121176
16727
19419
4774
35770
13830
24784
4406
315480
61435
38140
6898
110840
21941
11371
16184
24915
18703
22040
2147
3328800
1785
3248
87848
16546
48224
4995
359
6585
4754
95805
7823
28482
14339
15984
9914
58648
5070
18361
11099
44028
2971
9384
3955
62571
29413
27719
40488
46652
16383
30183
26279
47082
30111
4114
28468
1728
939
13992
25423
167849
66444
842
9544
5356
12813
64770
12947
33356049
288720
43076
49620
11029
2315
94684
31712
17024
20061
29264
28128
95418
11898
87884
43370
14924
9443
50462
22403
22446
1446
30702
9608
5672
11119
543
2829
28754
43422
2741
4032
108716
15563
23105
22016
7154
15016
22944
11028
15178
29940
958
18915
28663
29656
1939
10316
11960
7836
6751
22223
58383
115176
30249
11945
31324
374907
16500
27892
624855
14751
21827
32474
47682
205552
12880
253620
30241
19858
194352
26328
26065936
10116
54162
56842
787
280016
24798
44979
54088
8355
20922
18737
18140
17535
31732
117328
23759
11144
2435
31767
9795
28118
220624
111495
10049
25935
14470
24266
177463
18376
997
22130
26634
23267
145485
8558
29033
474228
157990
38058
38338
7376
19888
7872
5548
30221
41032
21507
30624
81108
11395
64282
3208
29388
18897
9275
59124
19200
19738
87600
10270
3067
26225
47586
18415
28628
194586
28727
17267
42340
27124
448160
29544
14587
2240516
23445
54232
84084
6457
24941
18328
28424
31915
19055
7598
15833
12096
19920
4492
7195
21574
18040
108660
21947
79014
36312
1912
21075
24466
32375
26022
31254
24180
23455
10288
20219
226272
48688
45610
1828
12835
12350
87416
23776
20789
347412
23066
57680
16254
3956
32146
46821
41667
1094574
19662
31584
2546
27126
66516
22848
5240
839
10364
19966
20454
1507
63126
27818
17141
65244
23711
4956
6535
690
8926
7675
9576
3796
27042
16278
76050
30911
144802
24540
24387
19917
31573
109452
93480
7094
2388
55996
460260
18878
32986
10214
16566
28442
64716
21470
20448
317310
20993
22141
29752
65400
22045
41574
92388
14606
22042
47315
13519
83925
21614
62082
16260
12561
12273
183888
15766
17334
12078
13032
45450
25064
71616
19223
28514
9434
48006
31344
18565
25980
31412
2271
34104
16855
3683
37564
3401
8710
76510
11727
21708
9382
19654
12168
19260
150430
15410
16156
56330
75340
150360
18283
86580
78855
13694
4075
233830
6711
17729
2616
10958
8211
222537
44468
9662
40758
14761
3413
11143
23656
19015
9964
52598
10867
8051
12180
31395
20382
23877
34696
6845
30604
46402
22553
31352
16894
28559
27066
8796
143997
11737
24846
28258
32383
24555
24773
6714
1852
81330
22512
63736
22098
26885
836
14070
48270
11573
27049
37858
32357
53724
57407
160855
1344
26286
24662
118086
3586
14490
114436
13246
8124
40329
85940
20856
47443
9918
75490
13712
3194
43558
6151
13479
18486
3707
39120
29513
29624
37904
26825
29372
25342
158308
176085
13191
31045
24306
10492
22574
16165
14615
28073
29451
1316
6710
24386
5706
31544
479304
28111
26144
55694
65397
86355
3528
22482
5406
1664783
26969
29281
23001
27922
19747
26920
18326
3273
7433
103668
125944
12001
10227
18816
64254
17017
4299
1540
17387
36002
783
30132
4945
30109
32506
31515
79953
14343
37650
22706
15209
8453
520800
13783
682720
2653
6892
616076
1413
5621
24298
18320
26079
8927
27081
289700
30282
2514
9582
32759
30004
88938
25087
19557
11968
17084
33834
25104
171682
31138
566
55256
73360
102762
26528
112336
31348
4356
21840
30354
104256
53306
25056
14606
25619
27084
64216
13371
30703
100864
34064
46144
11066
37666
1690
24420
14278
14723
122964
33012
29314
59440
24356
18074
21713
13717
839
7567
82130
127160
37204
31744
45024
474734
1607856
145
10425
7296
3408
24780
60316
4200
23528
31526
157842
47844
78720
17808
8122
25752
38223
2107
13258
6721
10424
12756
14559
94092
69813
14848
30405
38258
26618
20160
24250
21700
34744
162505
7766
4010
69741
2548
93860
10931
9909
56205
25134
31048
19969
7850
31869
31085
27607
16545
13319
4855
29918
2736
7796
14081
8758
12096
9534
8827
31930
35218
9102
2034
3429
112650
30293
11426
12395
22219
23214
17593
51078
31417
13939
20676
11213
28449
10013
20287
32004
139320
29409
14608
7998
16968
43029
115496
20718
10002
30349
1893
35972
15444
20475
13694
29429
23842
13072
16318
7005
33372
14556
26065
46630
21403
16658
29750
10972
17477
179472
26650
182
24838
22740
7013
14095
23987
57480
16392
53412
20682
14761
13957
63180
18455
26682
3006
10786
8869
12262
21508
183728
47056
26976
7164
3615
26702
361
27390
46488
25134
20544
55468
106935
14900
46390
63900
20360
30218
53019
1668
42042
26930
24970
15997
10691
41607
13164
23062
10933
13605
1384
8472
31262
18013
28156
15668
47136
28150
48148
77136
6564
8437
5554
30794
6742
215556
133380
107695
130956
202104
4456
11114
29366
68870
1321
60066
22127
26795
5471
171094
14693
450150
2565
11105
7262
14561
15036
2299
3725
9887
73263
19559
22988
27825
9988
14496
60520
20355
12500
19516
50862
52146
17318
131862
15422
26295
1051178
19849
70092
21931
1391
7724
121500
6010
41836
6189
12500
128104
17429
8143
27486
22459
1203042
1720
23576
35574
8623
23742
24721
29907
203
34784
12856
21377
1140
5095
32652
88641
20352
158242
24468
1860
9768
30384
53250
18686
5234
1920
158970
30328
25218
11886
395
20192
20560
64462
4798
32466
1835
12781
62180
62514
21804
19992
17514
27253
269136
27372
3334
8431
22568
15965
8317
63486
12741
33504
25948
61888
35478
78489
175848
5051
21112
29743
85500
35064
30080
7116
29688
661
15599
10500
14453
12731
7241
12684
6386
10188
128690
21568
122584
30305
8301
910
10389
17570
14586
18090
156646
17718
7918
21790
31651
23916
80556
9323
180726
27051
29553
64638
93684
19223
3188
16365
5202
10884
106240
80748
21891
7327
51546
15675
18090
4953
29512
24505
13332
18583
256440
14375
5146560
18040
2717
10521
138180
11942
3302
1023126
24939
19583
97500
213409
8964
53770
9010
11630
55107
421
56138
27432
45730
168984
28641
1844
111012
27504
16305
48159
819
778
148421
14446
298260
11294
14648
109552
72873
303340
17484
21940
30264
29630
6400
3117
28999
16505
4767
6417
41716
62316
18419
17440
174824
348496
141968
13468
10647
53943
81939
32950
23080
95764
2150
26241
163700
77696
5814
22430
26159
28700
20026
368
18932
20736
26254
61108
27389
18826
266942
48516
29749
10576
13472
24883
26784
7914
7947
1923
7991
129736
95053
14467
3600
24238
110968
61812
2405
56302
26144
24536
14448
8007
52130
55824
13159
10715
12437
9843
13498
4177
13677
20503
13994
31497
5541
71464
6332
11417
102347
17545
20704
18010
28652
12037
17528
41616
113964
13022
32636
52724
16957
51850
15926
6323
5343
4050
11064
6121
25614
15187
3489
13541
32701
172296
25490
314388
57842
57722
28350
29500
27090
28653
10824
55286
18491
49010
29762
15579
20827
26361
80772
24449
7222
24084
3425
8696
11456
65397
161546
4482
4593
3025
4320768
27486
41274
14274
2467
21310
201740
5348
20576
31723
18405
12041
23337
24689
24815
14966
206368
528
5457
118464
10317
258492
31206
559556
80836
155305
2540
14526
41936
31736
28469
8644
3251
95103
11654
13104
31638
21225
25200
32110
25176
25532
542502
6963
44658
243112
514
25365
56424
15566
3467
35800
118
5501
52545
1995
19486
1506
27865
14545
213416
98805
21714
30218
18672
16992
32751
101180
41032
1134684
14466
12378
107107
23497
72933
33672
22066
17024
39744
12655
389928
42588
5505
1599772
4118
18466
30358
78244
21024
34154
31234
29143
14023
8184
16322
18796
21472
12058
5457
30190
25091
23304
4490
124155
27306
10537
6698
18472
21451
148050
80104
25266
16579
48597
27820
37350
859000
231930
30426
7146
12847
16104
29626
711
41982
118692
20730
58786
41942
35888
7971
9215
40922
724532
6750
272781
8850
9461
25035
14203
4028
21897
56880
8878
60144
31112
13956
26924
3223
28510
7912
19691
16772
15140
12742
6906
28462
23197
19829
30548
52786
24156
13022
62594
63792
21640
9144
19470
128359
15428
21587
25936
3517
631
16976
31045
32173
51720
62720
3025293
32210
25032
20734
28739
22869
5580
26507
24008
57994
14763
7721
12788
10086
52874
75752
3603
22644
5284
100285
5708
4710
57436
29753
2796
5510
2572
404814
23797
60484
30425
9241
5068
13200
22414
9640
19148
22235
29357
277416
25224
29207
420552
40988
101762
4557
23971
16878
9166
28950
31289
26132
21756
85740
65889
132990
31143
13007
20446
6745
10647
4467036
3783
711
50414
61068
24984
5342
65556
6991
4941
2467
26920
10181
6966
5149
84756
315469
22183
23603
29642
21080
100114
7106
15686
15515
215992
44550
30425
68240
2951
2256
28419
141330
5580
18945
71388
46468
51058
29998
15564
3047
27332
116748
63942
17415
3299
16206
1045488
2097
14952
127488
10847
9532
21547
60660
31124
78705
28288
45480
15322
12481
18590
56288
28945
63068
23887
22075
40590
822416
216559
44438
50152
9146
516
89007
12779
46527
21835
19096
960
6645
1278
29070
53194
8314
32043
21801
90747
11220
61155
5861
815670
543354
26300
18156
10136
15687
3097
42996
17685
6124
30334
19827
22956
6760
28313
21442
57244
19239
32260
21236
7173950
195072
18050
25492
16563
64296
52798
56208
825
31710
16162
27308
36176
13652
6520
24558
15986
9239
12636
29098
70203
105512
63638
9863
27852
11646
77682
29732
16526
84066
25768
6489
40402
16211
62797
26059
109550
16100
19145
6735
86550
170082
5544
11938
17189
14821
26730
21749
5493
454035
31537
11718
25866
66360
31158
3582
24748
31772
19926
13132
6968
25912
15055
704
5682
64500
148183
11690
45844
90880
61352
45418
3630
3302
16498
8510
29905
153998
120740
7418
16506
15346
11183
12231
293891
18928
174
42914
12936
121338
2815
12264
2876
14374
1551
6176
47478
27544
8589
21675
1603
13142
293085
211046
28098
16467
49452
51698
45576
31280
7505
21236
1881
734
6382
3216
8081
27432
19362
27639
12041
54666
414258
1120
18419
12281
16388
1650
38346
13569
28598
22595
20298
279054
2826
28158
16996
76278
66324
75
24853
18777
13942
13788
52178
22250
11526
11948
6440
83132
487914
28265
12400
29313
156745
53842
31925
46288
138870
7854
5849088
39842
50448
6636
5639
103782
37004
1748
34990
62002
26961
95916
29278
2939
21041
31227
3076
61911
26128
16341
5996
55670
4910
5919
5383
24610
6151
31422
18650
2346
19039
87852
12320
22132
28239
48700
7618
28719
51970
18536
2319
2274
30744
96725
26165
29773
21585
12884
23936
1726
22051
13336
24757
29318
8008
17936
9805
77920
31816
14741
16314
20985
12793
17602
238
10530
17136
124896
32559
60072
8818
11700
13081
122432
18586
31863
2547
221354
5067
64424
29238
5511
9048
11973
12122
23366
6001
65128
454
5619
25169
5196
267960
3724
5797
269828
80102
9236
24382
32251
113292
39976
3066
392887
14952
18262
24559
1746
15840
71328
3289
161518
45040
7471
1990
20939
12725
76575
8959
81804
3490
31892
6456
13546
64548
284472
60406
100464
20596
42496
1874
399006
10482
14716
140696
24402
23499
6258
22320
77655
23172
6162
11998
730198
18608
33756
6719818
24108
2588
3209
40210
21496
188825
1529
3144
26201
12841
7645
8596
151595
14028
8095
4930
12443
6672
22763
17204
17301
3610
10351
23411
30158
26118
28884
30065
27150
63628
22518
101044
31793
161600
13560
31399
11143
25845
19291
13324
12010
9572
30732
16135
7416
7505
57682
28456
177910
133955
5234
21013
63198
31788
4741
82117
63162
72813
28382
12330
2844
506352
1936
12631
22355
16032
17103
23538
2644
8034
27123
26140
1580
28690
1129804
55239
61046
1500
2775
6940
12988
11183
55126
4079
27865
2486
30188
9061
57880
22071
72120
2696
2754
35168
2504
54990
130088
15118
274554
125956
6361
776
759
3810
91128
407082
125510
2524
8611
9797
74013
11061
31178
20088
19790
142525
8650
15101
1810320
9539
25336
41772
19882
102848
18332
167610
22575
17294
26317
21272
20024
107360
17035
19253
15265
12574
5149
11558
8866
9838
8876
53448
26491
18315
32
15706
55332
14060
18491
25963
14733
12420
15859
19012
4572
8492
50726
22627
29522
22348
78396
14568
57254
14539
1136
64820
15655
10809
105768
4668
12482
4923
26270
27153
6754
11318
7790
68100
16049
318
12835
1170324
27703
22080
163420
23344
16950
22638
20544
16712
25995
18667
28848
18132
37960
3255
31705
58398
13507
179388
3374
13349
1330136
13234
49680
64070
30539
10575
21639
29896
32738
15593
21883
69815
46902
30496
72663
214092
14961
32207
41076
159732
7179
29315
32017
57756
44457
96621
61132
11883
21420
2847
20277
82831
22723
22498
27916
20200
112
8940
24966
69132
11870
11397
19514
28396
146442
6539
30012
338430
13446
45516
11409
27742
8546
33882
14262
2146
122600
45864
24790
86424
20250
25880
17428
4047
20871
16110
6274
8922
15368
4392
11183
35186
3291
26280
21593
48363
2620
15689
84485
26863
35530
1356
31352
35072
15817
356352
40832
13492
8331
32693
18466
10556
147870
29409
21648
307008
16876
15801
28988
23854
13387
24
3192
51838
8722
21996
7171632
58134
61940
4038
50425
117210
25488
58670
9100
4476
15734
86076
8524
62728
9445
20418
74691
32096
17508
24466
18032
2789
20682
1435259
720783
30791
30577
4054
2643340
24557
72615
29136
122906
2800
27338
56544
27615
2317
24698
25697
6948
30186
57668
3714
10721
30760
22924
29267
1068
17868
31074
27201
28707
1812
23922
17933
3323
94715
12132
29817
27596
19741
24462
17514
23716
11672
8930
31240
14825
17539
110452
29250
19955
16225
33426
21344
12009
16376
28473
128005
11483
3928
3684
26120
11808
12325
39162
41508
5618
259556
11078
30234
17692
14629
53896
30826
26097
103385
80244
36744
8184
6151
31088
6003
14647
13617
18009
4297
17823
22606
23205
30051
94671
6875
691
14846
16608
22898
229012
10513
1601
55630
19557
57760
6978
55860
27795
30239
42220
5034
1743
2235
8460
8676
149562
25766
41328
35228
7506
11474
15933
15233
21638
19217
144694
23854
52654
149352
78696
57078
125920
14242
23266
727376
12942
21683
22326
800
17461
64392
14378
10145
19730
517
25099
12444
31754
7257
63525
25715
4267
25791
25466
22504
68802
95888
15660
65106
24640
27353
69525
15900
314640
74705
973224
1998
26696
193820
182172
15811
26656
60628
20742
11521
3711
205317
20222
27740
37224
5762
17124
49668
1179
32041
10852
8120
10891
31155
9368
23972
18302
31213
22111
25641
143620
68460
22778
2652
68820
31841
7630
24892
12110
4656
31489
20685
8781
5619
30168
23320
3896672
11310
47772
118048
24922
24998
13540
14773
19487
81710
6561
4846
29298
17809
4313
24529
26796
14003
7554240
3710
28848
2232
6549
22550
39020
2007
14357
32221
25524
15760
22801
20866
37004
10546
488796
20796
4896
2634
39825
8139
3602
28146
86196
73192
108648
12726
15982
37078
25240
81400
18423
126180
27343
32229
148615
238336
20560
13813
11831
42512
115020
61756
24352
10647
16657
5994
25137
85184
2596
12733
6039
117
26625
28857
8292
8456
4016
21221
30613
10577
12392
6866
20664
19244
25544
15634
687736
1013160
27219
20260
20162
17998
28717
6050
21117
31523
22036
11176
11182
13758
15009
195789
2089
10791
81595
33108
53805
4462
18538
52622
14535
946
10924
93915
8091
27192
9130
10749
7227
16677
3321
92144
4491
29970
1455
56240
24994
130552
6919
18
9406
14726
7372
25906
14201
28393
8954
2588
8501
11024
64260
23448
75636
17756
10865340
9083
11671
14514
60380
33148
25969
14028
28409
12563
32428
929
23978
4105
7940
76797
26530
26737
4424300
22926
22972
32525
8844
15714
27244
639
111660
29250
7215
19568
14635
46692
318000
8190
6053
7393
31239
4459
120868
37722
2827
771
9405
47364
52908
25422
286
18944
22430
6263
12568
15195
109628
335502
29960
124000
13005
20884
11221
36753
5544
53454
51864
7859
14369
19820
157360
27915
13469
49242
1490
28598
147006
21092
239900
17931
5612
49532
25189
36270
38242
6067
36002
88440
23447
38763
9782
20618
47526
97176
7804
74271
48718
29334
88584
24375
189763
23901
10197
7506
19020
1262
76044
184
37071
30156
10126
29589
24738
5489
340
25565
25748
16829
19847
24023
1711
2465
19529
3562
3383
27403
8198
13734
58310
16916
64341
24597
28118
21863
15335
199192
5594
11252
23766
83745
16148
6101
9277
62313
460971
8832
97
7786
26624
17966
1400672
19824
123444
41650
117472
10822
11441
10868
17462
4999
19220
16889
23312
68082
3498
19380
2027
17273
108720
5447
60416
6406
8808
14103
6589
15130
45558
46854
52232
26581
28587
20794
84225
4027
50241
24909
4600
2030
26617
9780
23935
14736
53803398
116088
50436
119048
22299
14379
95076
22990
13474
67835
35958
23811
23964
9768
58374
19371
39798
11791
7350
9592
318230
115822
82740
21647
30079
18945
25229
55978
12232
125336
96885
2256
22965
50868
9234
21057
7135
21013
12200
28184
2856
68838
17407
4104
18227
8934
15113
596
882
21184
29423
12457
52550
14806
5546
32709
11523
27838
14050
103023
14548
12188
25610
24377
7573
32266
1398
1531
2793984
12921
6481
32305
90888
97275
24003
42172
96565
25116
29781
7266
966342
14424
20850
22209
9822
10144
15196
10549
2138
28572
8563
31863
31703
25345
4897
24905
17610
64988
50781
17493
38607
1502
22219
15342
2443
3959
8448
30829
70040
30767
34428
10411
63420
3947
11220
22808
30522
402224
4316
7351
6967
3252
25899
2795
13703
5272
236790
115204
24716
13257
131196
163830
63148
49965
74812
6740
29145
8629
32558
8157
20850
28785
75486
27144
78036
17813
265584
27909
22766
3191
2338
23075
5720
4637
6956
31340
52540
29272
4296
21362
14004
32530
53738
12536
274390
15986
29972
9012
20954
23248
19908
25861
32705
100590
132594
22352
13627
27587
43238
45990
3890
40104
15141
5456
7624
476368
21827
24914
21458
12629
20958
24009
181080
6251
13664
3341
407834
8367
2937
1403
5063
9952
17978
67770
13834
13800
1098
7005
1523
34328
6826
152094
17276
28334
25053
55392
47998
29251
31607
18933
1501
12713
26335
4488
22354
5590
6316
27541
23872
24927
67852
31809
9686
1533
1545
64450
7940
55448
30502
10764
30460
8329
28813
29639
47252
27417
23620
22609
1653
39520
7488
90804
18806
17090
11135
32208
234640
30122
15975
6119
24085
19992
17082
9700
31297
3136
3753
220385
10601
22336
11401
66918
11150
55970
2195
29568
20110
24881
11600
19412
253370
8606
11797
3537
12117
250425
17699
3959
12868
6016
24577
20829
4119
15148
13849
27708
1854
50048
17809
13759
2032
31416
42200
10378
22830279
9852
17376
70296
39044
103644
63474
10480
26366
85410
1390
134608
3122
23969
53000
26454
339648
5190
4511
19277
23592
1547
14702
27939
18183
17045
89262
5292
25250
278331
15046
2092
180
23842
29932
25816
27934
23308
4920
54318
4929
11903
48520
10432
30917
14638
6998
23109
20650
489942
22455
103824
230888
16911376
2133
156720
14291
17827128
18459
32450
443592
14702
46880
6301
62804
13916
757368
3556
9873
26990
175644
14471
8774
20868
22927
4411
20934
22193
17364
57910
427194
31999
20547
9210
2958
17734
402908
172900
23513
62784
21165
32311
4993
147
40322
56043
28048
27457
30239
3816
19247
9423
31575
24294
9437
19477
31046
15746
14317
14471
6454
26802
33999
20323
10038
2414
35580
11320
24942
1434
14675
11781
2408
3462
3520
9537
42148
11264
24720
37330
48748
26011
3027
25727
5670
177012
5797
6802
191400
127915
12246
85370
44496
12768
30865
185220
11662
5817
7877
18571
30755
11048
23160
9504
53577
15180
21945
18492
36982
89908
22632
74382
28652
81236
485376
12328
24045
45465
12980
10832
21172
11992
653
18889
381120
87162
97401
18272
101760
126000
26267
30253
52736
11388
59520
7
17719
21231
55444
1429
97573
53988
65214
5860
56690
32109
60888
808
24606
65735
206305
9576
13479
15510
31863
242472
31331
100
66
4042
24005
34946
85552
3225
14616
24429
9379
58794
10555
17848
47406
4715
18163
90279
31140
1382
4668
5437
15569
2668830
12598
116046
11912
18929
255563
8065
23756
35384
2819
219976
16918
36819
23701
12076
30546
59448
8942
19924
30233
35646
30536
3015
16177
7978
18354
42469
42432
96180
17526
12315
15334
12844
18348
20288
15037
27139
9790
96196
3347
1672
95
29543
3463
2907
32550
35494
10148
20017
32240
13706
23578
21631
6357
2350
187227
26217
131052
54652
11220
11235
14508
23392
11234
8523
3704
16090
18969
55148
14649
87735
41582
121925
7791
6760
12238
32003
27123
59940
32313
30860
7235
2149
59838
3980
23387
100530
20134
30401
5948
15748
21434
2081
25645
12488
6525
93024
5265
16076
15571
18723
3208
114804
30600
36794
19754
25001
31265
59412
9586
1201
45462
2577
63232
27709
25246
188730
28753
15046
22036
26002
4893
4830
7625
3136
88520
71034
4468
4283
3311
17812
30501
8386
12420
18892
16576
19908
175868
19870
16825
5000
7708
18888
45602
52090
19134
15084
96720
11918
83856
54060
19012
20761
62135
697572
74667
95116
9020
4360
57195
26746
281512
10143
49804
25481
22856
17855
12694
243108
12419
25067
515067
42813
9320
11546
25795
95985
2262
584
23022
22195
38624
27970
20973
23625
24592
65031
62084
6817
6184
4952
31558
31230
21597
3267
79434
30897
27745
11435
9602
765
26897
178129
25394
15434
27854
22926
9625
32144
26144
2134
15342
13158
80280
73924
67419
13042
18340
38310
17692
40998
20617
27022
60895
8396
15709
124182
31189
13286
16179
20916
28923
28955
14890
19180
6225
28606
4040
10574
7137
9134
10022
348275
9161
6334
1521
29537
8109
1963
12609
44504
10239
9808
1337
15021
14104
1289
19585
953
6502
9575
22673
21093
7419
55380
114289
17744
310210
8202
2508
7088
1258875
20719
26151
17120
624240
56742
18722
6954
23799
24844
5560
32721
2339
23152
25775
24162
48065
61980
160920
242451
6208
3364
20467
12635
166935
34056
29632
26328
15719
21572
15186
156893
34886
15083
22230
3784
25074
50932
15252
49096
2930
6574
26224
90
21440
283590
2136
39546
63486
50892
22356
31031
6324
22337
16804
2286
29997
23294
3180
10775
21045
20238
53670
10685
95650
27448
1322
5582
12462
29076
57402
43980
32653
24616
31219
18271
30478
13498
20943
20784
46160
57708
6273
48904
3655
7641
10918
26486
5839
6174
32454
29227
94041
18664
15047
8288
21260
16240
10847
13301
30246
21105
36914
2834
2347
14098
24087
30647
52362
14612
24786
5924
35505
60
11756
190434
32050
69138
12518
40598
28951
52466
64894
4348
27876
31617
426087
3702
7890
80769
13098
23474
61730
6360
26908
82287
9547
629097
86684
26683
25208
22449
23465
56402
15138
28048
21589
25204
28075
27859
23307
1149640
10429
81840
6773
15316
119104
5737
125305
46
26506
28159
9710
15069
551
27547
18240
2560488
6821
122920
15305
45780
2383
25428
30216
24336
139536
26699
9907
46478
27627
3431
53808
2106
9850
3397
1664
41699
24483
4832
31745
5273
656628
10118
12196
13134
1442112
20504
24573
3496
29682
9315
6842
53840
56904
31766
1534
75604
30269
29700
25599
24780
2091
46502
22980
43545
5892
25317
23254
1399848
62278
17798
17518
30479
18460
17239
8515
23260
26548
11770
5322
1854
32744
369138
23410
11071
168045
13
30210
10148
11619
133535
28464
37224
22177
42594
6021
22141
27412
17442
21359
19754
18312
27628
67317
36304
24276
17163
28613
31585
27675
6836
154560
258993
145600
52236
3051
4323
23978
6824
5260
34350
31033
28881
2779319
2378
85653
4400
11244
55284
22371
16787
61644
22373
21130
7938
27716
6011
8615
31801
13343
4787
18573
18473
19574
18637
16051
775
72273
29930
26607
78070
5142
7887
125124
6698
24136
10100
56872
8481
1423
7379
21671
16336
87348
49630
10209
6622
17495
1464006
35964
12530
22168
42326
23362
21745
1605
1398
25335
9635
10234
1177065
21670
55374
19859
56576
29140
4279
24022
19120
30079
44484
27573
11972
8090
30578
2689
21153
1454400
11162
19135
19507
27217
5475
13889
8480
1651
63160
378980
3712
22098
94368
25473
10116
28172
16699
29700
15047
23050
9040
40090
29398
19972
30709
27244
32253
14578
29968
15321
18771
62686
14157
30162
110704
28568
17552
23033
6124
37122
61242
27949
67
7596
183095
11943
110079
9799
26963
34827
34554
199200
16503
6018
21438
44880
52452
8341
52730
25961
6466
22860
5596
9749
39984
22023
49122
31690
58053
16234
5012
17188
5079
10549
27414
8161
31482
19301
10702
15777
633996
31116
151266
21726
14276
29805
43646
12333
6256
29147
71211
11702
6305
60838
15638
30960
402990
24535
14088
30881
18466
39588
542180
11542
1566
14124
21330
31390
73544
8115
59616
14488
19181
97602
166794
15084
11472
34826
54054
154014
6151
28086
143682
24209
63368
19557
122716
15531
16675
27577
23940
5077
35300
10072
31938
148044
25227
17864
12623
28200
24678
13704
8838
25984
17054
37086
20650
8036
5938
9484
167433
31828
847
79909
23497
2225
16006
27638
13048
7463
9123
13862
24788
96936
128604
48920
10069
21314
41578
3394
29029
3086
17677
30138
31464
115507
2484
34844
14420
9960
51078
27423
14286
24868
3169
5896
15820
624
13238
3286053
3921
31202
28236
24469
40764
12335
16923
1485
3818
32748
10908
91374
29675
27697
21107
425
123320
226270
12612
52545
20
12428
20056
13456
69234
125368
31060
44768
72132
24485
15798
26898
350252
16802
1034
27775
20795
74322
37095
11466
28412
25754
27041
32240
3387
214832
122056
1800755
18928
94728
145008
32768
13368
16261
11853
21646
12369
25212
9280
80103
2689
488
89504
7810
13067
31230
58464
550436
258
3737
15338
12936
25536
1798
36646
26132
1451
687
30178
101805
21062
10
683964
4419
11130
15451
10744
24082
23077
51502
315500
19734
3014
2130
107244
16343
16411
32175
91338
13987
28237
60804
22154
12076
8090
25311
49356
26977
189892
60876
155286
11916
30933
31284
33682
30380
128540
117256
23794
2068
11131
9027
100
55944
1641
67275
14064
47628
31171
51772
7051
28877
7282
34428
17859
17737
12582
3302
65230
24910
31054
167176
24290
64972
11672
1590
9783
9576
19867
2480
14033
11659
33921
18534
18893
31188
13932
6262
43554
10762
1243
112136
25871
21290
715
27820
27021
50096
22512
4048
2802
5800
18736
23502
4993
18064
14682
101672
55600
11218
19725
28063
31536
19824
24624
32291
2786
29101
13380
28482
27574
32473
44721
22547
4755
60240
3246
18591
23653
5585
19483
1127455
52448
2282
17192
9254
9186
24324
27842
21670
7684
55550
8503
19973
16804
2746
24312
28107
26049
6361
4681
52134
122336
402822
9915
27145
213570
5449
6515
84380
13054
198625
759925
27949
54472
48914
3792
32095
36438
1971
28130
8580
22420
152370
1883670
7836
60302
11362
9413
38594
37114
658
22227
18246
56010
21433
2866
27804
31224
10157
1816020
196056
15505
15327
5548
30736
28014
30888
4413
32307
42972
16668
30158
21608
114228
613
16924
11830
22320
15040
50148
29471
4059
1653
95403
6304
1200
14267
23674
34575
5642
62433
128028
2642
126350
996
6849
15542
195880
8640
171925
688
13607
29109
8871
129672
15229
8334
46808
13113
93285
83457
32970
106344
55240
26582
28885
81949
9047
54992
103542
31866
69486
74932
22150
24524
25349
11673
11220
23895
17698
44016
6922
9608
20995
213640
10235
25254
1030
61514
2016
12976
17461
19771
25064
9711
186500
18660
5885
162216
87150
157085
7384
12340
27235
430440
14407
2338400
20247
8899
8892
132
27640
39794
26393
19833
13251
17492
443
1125
4371
121764
4036
6455
29440
5641
6572
32114
2594165
25132
17674
341904
8034
5541
124536
8555
63924
8758
53481
28100
3203
40500
3411
60993
24139
24459
41844
8165
9208
17995
6846
21264
51062
12672
247080
119100
5491
33818
3978
14332
83448
9135
88740
66606
87999
4133
15658
11608
23801
25967
28085
10170
21730
10888
11631
31053
32295
7989
8003
3846
86925
423722
9148
223181
13125
31795
34835
64682
3875
28734
8027
357220
18282
52205
22066
65268
25276
75408
2342
27234
758660
42100
13451
12910
13770
71178
92859
49196
27049
440352
129843
26134
49892
58752
29666
3637614
33914
21044
13687
67860
24232
76479
22773
20751
10887
15161
85992
117216
31937
10175
22641
15456
5772
853776
8391
2230
4309
4852
6553
21430
4560
4595
43341
369104
26973
25198
6608
28887
13383
50170
67986
246756
15007
778
48
12276
27886
23213
26382
6256
12601
8394
31495
20876
27185
64722
758708
8266
28268
36008
27990
8439
45048
118748
20675
51568
50962
6374
637813
3606
28826
31750
25462
31718
22427
45864
3302
203
10604
1340
71197
14382
105588
12616
301
15484
32733
50552
18192
13027
73494
10124
3060
21398
79098
50022
25951
7246
161985
84024
8273
88112
13158
23744
50400
15602
8757
5675
32967
3520
15351
42660
125296
4882
20455
24882
13243
61614
1705
14977
351263
15927
15028
15425
10587
2016
23045
11424
32413
31407
93702
24388
22692
30142
23550
6316
32763
11529
8709
3016
14878
23308
12894
39852
24907
32156
16205
23679
3976
509
16811
4657
10484
5115
72363
28218
83272
30780
161526
5226
6355
4599
30077
24576
83046
13530
1841
24702
10090
12785
829632
290789
20049
86709
21830
23565
84856
21900
64146
29480
17773
19197
2045
693240
27527
7644
61317
22069
11191
31412
24707
15297
9305
31405
42292
4500
26020
10330
7208
680352
6902
26304
1872
8691
12126
46868
24451
17327744
14703
45316
8492
6436
14914
10354
17591
52834
31692
19812
215360
643140
13508
183416
16466
54702
1417
28091
42464
14839
2052
22545
26730
24631
1813
23824
6315
14562
22813
232071
19659
13968
88572
24143
4311
26220
1759
7060
30447
29041
2616
33410
89868
27630
26196
26373
7222
2866
5305
43468
18709
17186
44604
959
73185
27021
31448
39315
18756
980
63178
89100
1251
24253
21222
7841
48700
5879
61496
21302
12735
5499
9935
21002
29956
5665
16361
310540
47486
5249
7747
69176
117295
60464
11954
7790
20431
12394
11938
22558
66608
48682
31248
40086
10674
14754
7804
100085
21963
11000
3792
23487
7230
21448
59512
175378
7794
27110
271813
27298
32222
7529
25213
24204
1329
21422
15539
39423
55115
79311
75351
31951
32666
68481
83676
22074
42927
15339
4208
26040
11744
35698
32724
16184
29061
4304
29885
19063
22339
38960
24743
6458
73212
11722
16704
10697
5208
25343
29424
20910
30243
9367
24360
39260
22662
99930
661689
11272
26193
158291
22296
8684
19340
85917
13313
25918
2565
5386
9128
42544
58862
32028
3159
79332
13884
14108
24675
891591
11183
50672
5185
3248
18977
126515
121471
21042
59090
2489
4809
29677
2346
38872
58575
903
564
21801
18476
25354
11464
9930
28758
24789
13294
9501
46776
15121
54100
3798
24256
1580
16846
174438
30070
31635
21539
1512
14682
11438
19418
2903328
31083
22048
86172
24103
24551
40576
12912
25998
3376
20946
27893
2293
2576286
5642
16319
567936
7056
1265550
249084
84816
8493
20985
17050
20673
10110
44202
21824
16388
23857
4220
12657
62708
106890
64950
9180
44925
17086
3534
12936
13575
2020
20175
19528
160755
51382
78162
8198
19221
20169
50046
7040
29539
22534
64752
26821
26240
17974
26075
8848
110400
16551
405366
18375
16903
30035
23295
10269
86340
168003
3051
19466
31627
28959
31546
27099
17227
11873
