13640
90424
10782
106176
14497
3192
83146
22746
12822
15957
7964
15322
483120
85264
14125
5886
45872
60272
5370
49206
25053
16020
91768
26232
13700
29762
203456
2022
1618
1516
2562
8510
16194
14571
17911
3208
22603
5008
9153
7027
21130
25276
22707
56638
21773
5611
132785
7978
58048
1280035
25711
7281
14678
20200
10684
27112
21655
19465
21305
108345
26323
5513
25380
19688
9806
45260
5897
7308
6569
9875
46872
4773
2290
6832
131468
4503
253287
8220
4344
23606
57164
32931
53326
1426
13615
11463
13272
44542
7102
250284
68630
5668
35735
24478
112688
19695
27203
23289
82500
5488
15912
16379
15776
51774
29044
1595
30384
20794
20883
9060
1141
23907
28225
67412
28091
24818
29122
1464
33658
116286
465
7114
773
49200
20209
6986
7043
15208
16123
26843
9528
13394
4970
9346
14371
20548
1998
7712
161916
15871
25425
1200
212576
36040
15115
1156
24901
14460
7842
8194
7683
2563
12711
35942
1882
27032
14972
14019
15137
2560
3148
11844
14982
25598
17265
23775
9681
25401
20695
8203
55860
19551
1364
57628
13461
55384
22490
66260
17117
82950
25201
199397
132165
690
5172
28654
528
1463
24748
2170
28796
16727
56350
187232
54708
55508
27410
165228
3908
20059
5540
26412
16954
108565
25216
16849
57764
7538
4104
4642
9882
4292
4926
24070
8222
8006
7680
138690
23617
5853
17677
143946
13102
246
13340
18710
26634
15584
26657
16378
62265
640548
4698
856845
1982
5070
23199
23337
5343
4464
3306
168201
40380
172350
2293
12478
24325
11819
40086
63144
10406
10494
7487
16125
20174
16273
25163
16857
26727
1453
84360
20521
14254
18595
6275
1653300
7905
21402
11378
29260
16271
153656
11483
8520
62802
25497
5346
222352
28348
344
18312
47724
28038
20971
3608
877676
607992
53540
12404
28558
6314
25044
28644
40432
59470
8365
27836
26712
6132
20949
62104
243
530
60192
45252
7289
21407
66120
619
5463
11723
28243
1753
6346
81896
141504
3840
5050
25402
98432
74760
28130
15820
4417
9033
10593
12955
9912
6108
21608
8539
20660
619666
17622
2464
19908
4293
421668
6369
19280
8922
4454
48532
24334
1283781
9722
2329
22498
65425
672
5941
43932
4114
270
26932
3226
2123
57268
971
164700
44410
22314
9592
11542
22192
16302
6382
170628
5231
15582
28865
8493
16787
9079
255266
2241
18640
10295
26107
39864
3060
75906
13564
10950
5432
7192000
1148
30384
13521
14130
80112
43284
6709
122
30410
269712
3228
14129
37344
18627
18958
19444
26453
25514
7371
21058
17658
43024
11557
1865
146888
29300
11998
23573
23726
4045
8632
2762
26211
26866
59208
61626
13505
379920
3642
55866
3642
1066
29046
13593
27752
8418
51402
27630
7351
41086
41712
26751
27150
19262
1284
28524
9066
6212
48706
23059
8540
26434
116136
7626
22901
458458
22604
24244
4534
13628
286
14682
47642
45120
22569
7280
15290
2155
10337
12035
88310
2150
24720
59854
197230
1472
1584
9177
2750
17759
15386
3210
32
21532
29733
4774
4343
25244
59970
2156
5067
13169
29852
28612
1481
1734
6591
16116
371
13397
1443
22230
10307
4500
21007
18992
10054
10113
125
193137
524
11427
48708
211336
25747
7508
19906
2640
24324
14749
20602
1947
17294
1088
17124
2407
20242
13925
2447
12888
1878
2154
6545
95040
8861
43656
65604
2532
162972
8826
12544
14151
20769
53652
21905
18038232
7320
11745
22041
92924
21346
38244
77331
1552
3489
70284
22011
6367
21620
1171
56806
8928
98518
24878
327
15637
9252
67424
47670
56466
28142
9702
11792
52746
28446
13086
67064
14318
4323
5308
192060
10120
27416
25930
16440
1463
21143
30
22202
28517
20127
54504
1345
2232
25498
26
14169
4806
12528
9732
23922
13961
27600
8178
29288
15558
3433
25413
13828
26997
42978
9960
66303
10982
25248
66600
181132
5950
24330
15615
8697
25135
17261
43264
1699
36342
5116
7981
27684
8874
24858
1238
17817
14986
459
14946
606228
191576
16325
25427
2440
29720
34139
43638
489
2937
7793
21418
2545
28517
21393
8496
55728
38124
1845
4910
207
20927
46816
10119
240
523498
24761
149110
42514
8454
33300
144246
16279
19618
20414
27520
22577
29035
48030
207
17304
126770
26772
299610
1002980
18147
47065
11030
7852
1395
124510
186296
2845
16551
54476
9746
67884
7660
200515
113445
14020
130104
13191
24832
35086
16686
42194
16643
20268
6986
36576
9872
29697
3564
229920
20605
4281
43452
6973
2039
56906
29788
7889
17490
18054
1815
22431
310384
13230
54132
25271
555
22268
13188
235
1775
295372
22406
28896
20372
427
1889
112776
7269
22852
5180
164336
6524
25429
54658
21393
41098
5331
1852
88115
542752
10130
17859
44532
28062
15406
74652
42590
14463
12847
8837
26709
11963
28697
29593
53364
4076
75165
37584
3052
4219
10158
4667
15860
26497
518
7313
15962
20192
24889
1750
74900
20896
34408
1742
7695
1166
20412
22924
10155
2596
19794
78411
77427
23121
22636
3003
2447
5251
6526
58460
12599
54207
24627
6342
10508
13826
26290
6295
8238
23790
26926
215
80472
20361
7155
29712
13943
11664
47
50995
1532
21855
31102
37758
26772
13526
1292
38866
14840
21456
14604
29223
14402
23229
523
27175
11165
25720
82100
1628
4520
615
186
23461
25030
40370
29176
5492
2202
21302
4960
134896
542498
1453
2252
9357
2793
6210
814
16082
117296
20632
21662
21582
21569
16340
27916
37126
177792
13914
1506
9765
2606
27461
12135
3192
88590
4542
176640
10572
67403
23976
3232
25403
28359
11009
11730
12322
7020
654
53340
85872
82415
20591
107680
16740
13616
3349
13583
10094
17292
21281
71076
15645
21454
26493
17119
3208
1961
5208204
151116
27298
52784
21167
2093
19139
2114
2584
7209
3646
19747
5554
57582
1600
87790
85008
18745
26309
84876
62676
8684
9794
28953
125916
9126
10539
9693
27402
6532
22796
17121
24889
1168
1650
301
41205
25559
18094
27752
29990
14376
3194
18376
84742
2648
21812
13372
7317
26153
10884
983
28483
24308
7122
78720
2573
524970
11790
188088
3554
16352
29502
5738
102490
23959
50292
15384
44816
19568
10548
24456
28181
23081
5391
780596
29280
24845
34788
22637
2925
19102
15932
19649
6360
3475
21947
17328
20864
25277
1142
2158
6138
8957
24662
5396
234231
13338
24470
26085
11595
254
18573
20382
12173
40196
4447
33550
13274
21371
45920
3650
171140
49160
21924
29913
2311
8205
22802
54500
29833
17700
2523
15417
35496
709020
42536
36018
82560
36720
21883
64647
20456
13015
9992
26636
25349
87600
880425
971
14384
14156
8616
1033410
25157
76512
133695
18392
8877
4900
16913
633745
45825
9703
9889
23504
15839
22102
47142
15156
39472
88824
23588
49692
1831
1069
65424
10536
5622
9119
42518
25200
22253
7001
11025
1845
39
813428
25798
13555
8737
176
12527
92730
7374
13151
21962
16280
7573
27894
2345
21908
28130
48838
4425
861
10012
21724
11707
89128
29616
24851
602
110684
2166
17018
4678
26755
123459
16109
13099
18469
1324
4316
18916
24708
18672
4068
22512
37212
12399
10830
35848
23250
1319
16610
22178
28756
6791
11186
56608
18889
9250
10815
29757
3206
16542
9095
319035
12202
1326
30
11907
12518
16978
24232
13607
76740
299124
20942
8370
181792
26212
14626
11229
19535
749
6444
20966
417600
14906
19381
22352
28029
3660
15860
43060
3669
50205
26968
9249
88328
3395
12788
11299
16078
13567
27827
7922
12274
647427
885
16119
53266
21357
65775
90024
59878
3552
52492
27855
10887
32574
42042
44136
593530
16749
10822
19624
4125
57692
58760
7038
948
109675
1594
660
10982
12633
18993
184652
12163
33342
9009
1139248
902
48644
14512
54986
207578
31942
39610
21781
6437
56680
8869
143532
23589
615800
105552
39234
1141
226610
21156
23652
53662
26858
584
8475
11375
14937
290672
13053
13766
1401
45245
5015
19039
243859
20252
2948
3522
1586
171012
44520
21349
25436
1043
76236
25417
52606
44562
1724
12790
9948
20433
10785
548390
27350
7548
1716
40626
8190
26336
18861
29905
20662
27206
31776
111792
18605
14783
24961
21690
29700
2715
6291
20191
20390
45274
150342
20232
24348
24570
29105
117990
35070
906080
23468
14568
3499
2614
8147
15252
346707
25027
14277
1208070
2449
231792
16478
86418
10676
39650
6803
22763
3152
19490
9020
21804
47232
4605
22400
31570
21169
35532
18488
416
25320
16748
29821
20294
10273
5344
53576
2905
23274
9079
47217
18853
9279
10703
1481800
11524
16807
175536
26609
652
14222
2132
23073
995
23498
11212
108066
17685
21239
26510
16191
16217
24718
18316
2999
8015
32024
9455
884
24478
1072
19413
7944
20280
17578
13083
14975
20287
1870
54834
118560
13379
33902
5495
13640058
19612
35732
24496
13481
8734
153034
27361
429
9066
25747
3671
45348
2832
58146
42572
11205
13873
77532
11957
9380
20157
36596
9355
22808
112390
2854215
23384
81406
19252
23747
28999
6016
119744
20010
7042
11426
24797
13173
71436
93750
3484
145033
222678
3011184
621322
379
16996
12677
2428
22573
21487
6792
21791
759
10360
792
6985
16052
29626
145980
425
21243
2121
28010
92000
186298
562
15486
8552
10908
25169
14441
30988
22326
31394
4144
20574
5500
9216
88338
38160
23763
556
124284
77457
6300
23866
2442
84840
104985
26980
19663
26390
18579
17878
3695
23634
63030
26191
326
6106
47274
4895
26002
34178
15646
44640
51766
20996
22539
7508
8190
18353
5600
2256
7172
15368
26628
21801
12104
56364
24651
18734
140755
37590
19557
2374
3145
20344
8169
43508
86589
34584
39978
1686
264078
1764
1318
5402
170
44444
44864
110148
1118997
19310
19018
11304
21517
22908
3346134
28945
27786
308
279975
21487
7868
1263
23339
9712
62140
15909
29639
2803
356240
23244
26967
7324
4968
17287
10541
9170
17382
4051
1717
24830
20280
18289
25865
43947
21820
7445
5845
50043
18
7328
8410
2386
11350
5307
73904
25390
29360
21604
24847
1251
4908
29565
1634
27132
19259
7432
55896
7283
30945
33878
15295
22791
1256
40612
29974
15323
2716
3660
17624
21363
17959
26961
72660
29114
26622
2022
7135
25634
49148
20430
26783
18479
1680
23156
13883
19516
8312
26972
12702
113800
13968
18158
25202
27980
9939
19114
616125
29672
14321
1970
6536
8069
8178
24270
16239
2675
9962
392
17084
8385
42160
16890
20338
20258
9606
10183
107838
8118
10240
610
676788
6683
64761
5738
5732
12979
27402
299680
51698
152705
26086
15996
7260
1527660
3768
3935
151854
22915
33958
29042
3389
59278
478
16896
2383
14724
15031
1936
24258
526656
43959
1480
13412
12008
19632
4119
15191
348384
26347
24092
40761
1951
534
17024
14541
17071
35384
28573
29564
9156
6002
867
12247
3264
29960
29944
2097
29416
27020
29646
9102
20403
35847
2004
736695
31980
4958
54618
14572
28538
3148
26983
25010
26361
22556
13958
15954
44120
313068
36924
25964
25100
1917
8234
17157
468
15566
5988
10086
36568
51318
33838
16042
10471
14087
15136
13437
15710
159912
17422
18640
18148
32943
80416
2251
797
618
25758
24676
20570
14973
13693
22653
33384
639
26574
17212
12777
22977
2592
29355
34892
1787760
1388
21904
306108
17667
30668
5773
21336
8589
22866
893514
27165
66378
25692
412174
73467
26672
3326
13947
1272
44830
10319
13834
17448
20795
1784
4343
37470
12750
20991
11341
308686
40002
27946
29109
15218
3929
23020
86460
28069
25727
1634
188580
8305
131360
10412
11085
27204
48240
27520
15374
12990
5591
77706
25098
6532
350
53436
28844
23294
18525
48226
133638
49974
19868
16776
148
10616
60046
17353
860
23661
12552
4068
11010
518331
514
12512
24743
28340
106364
14595
103150
49300
4621
1201
25718
28764
1055
181
66504
3037
14493
3149
13246
23047
63392
36428
21411
16159
2035
1769
4306
187374
1149
11814
15568
9232
26586
29332
52236
11375
1181
1224
14218
2630
22994
29553
26949
108900
11843
88035
138110
4799
185
14252
778393
64560
12583
8271
8282
912
1264
22894
7719
2095
69560
5481
25224
17396
23636
7555
12898
556
134295
6974
6243
6048
2852
58376
32992
306072
6516
13741
1114
26102
24000
107152
45471
7896
29072
9008
50
36192
9877
1637
46970
1054
14174
24832
87736
6751
15445
3361
24757
14275
8447
14175
2409
538
16476
5380
48092
11138
14363
129408
10409
18388
29610
224
7135
800956
19805
15289
57670
6804
16108
1215
5478
21132
6932
673
12289
6312
105656
9018
12276
37398
62540
238018
22946
17874
867
17673
183744
21160
8781
20242
4427
21620
41058
25540
6771
414
5829
4128
21284
9444
25088
7572
2639
22818
1876
28395
22130
9257
267792
28914
794
26078
20829
24456
5979
19557
38104
16042
28613
184905
12624
14236
23224
6465
35352
13147
11240
814
9217
24131
167700
23000
28140
252
58998
14986
24756
69630
27383
5688
27322
26708
24861
29202
232
17811
8211
70552
20505
4735
14
21549
53758
8322
13830
20569
771690
14957
26935
15452
81180
1453
26680
27772
230140
9828
29663
10325
4942
79093
8628
15406
22028
29052
59882
5632
73180
11456
24171
18115
87507
9504
3723
40184
9896
982
161
15747
4765
17698
486948
873
834
802
20923
8786
4502
23653
25138
12636
142380
26737
52176
22371
12157
49156
3483
55296
416624
20261
70995
86
18296
12069
17203
16114
3042
203770
298040
23576
101136
26976
2578
4434
1957
15149
6959
28726
49244
17813
28762
18789
17676
10409
38433
7471
408
23422
15374
9578
29966
15983
11280
5109
41672
46965
27135
17000
2494
42663
257378
7024
14879
24689
15852
8290
146520
1511
13334
9725
65913
45342
10128
21630
28321
6629
25747
14057
85731
48914
62656
26005
7604
13815
22298
18411
43230
12222
29414
10677
7092
1663620
25656
24291
15974
464480
119108
29599
16686
12020
7964
17108
20593
24552
14074
4168
17999
4122
16379
16874
8643
91746
9743
5211
18246
2719
44181
5818
22864
15232
29153
1156
17417
15234
2410
2202
91460
18873
28519
6596
22515
44478
476
19220
5708
1291
1979
21854
27470
10183
54642
20362
45514
5034
28470
19858
28621
28378
36906
3727
400925
26887
7912
164688
18598
9167
21046
17274
14488
2403
8232
8707
4554
5328
7494
28202
17277
6684
4101
13961
214
668
227880
25889
9407
24304
239208
248510
2177
23750
57360
116548
24436
5354
66006
27421
99690
14451
2181
28493
199550
1532
14098
7386
10695
79290
13904
29487
23898
3148
2206
1408
11807
8322
46155
5256
22793
26916
1180
21173
140490
1660
38112
119340
53874
85830
11758
6714
66066
66076
10362
13467
850500
10095
13576
6975
43660
13281
171413
24505
16145
22769
17948
29177
7777
20874
18260
404
3452
20959
140811
23122
1804
12819
28140
2045
1120
2295
3040
19815
13625
59220
18328
15036
27530
20870
1250
85275
176904
31204
97304
20749
9050
276
286
19263
852
3398
23667
22303
7630
6512
27636
127680
26963
14755
27005
25493
22119
12636
27349
3452
28182
11100
55803
7432
16301
88425
15143
7698
20744
26248
1967
7938
2285
16679
4053
26968
2225
34186
233
20993
32040
24903
17772
3801
1043
2885
3834
1740
2101
27634
25402
11936
41088
78
757
27350
141480
27018
703
75408
45416
10427
6078
22382
12930
12227
12108
25374
978250
29563
3975
15250
10726
27428
350
12147
59522
21022
35768
1925
21311
860
27201
23484
3971
57675
5303025
20224
4126
15008
6609
10556
6543
28028
25984
159796
9937
56828
13851
871
27013
28429
81993
207780
5535
19896
22220
237768
9862
10524
22938
12429
176
4880
93080
21320
11067
23735
4212
57108
28135
40920
27988
5389
1054
15194
18233
58444
12434
41125
10809
37400
15596
305144
22805
34880
27704
12586
53578
18712
24651
13697
1150
5481
29295
25626
9467
23484
12064
20063
149
16067
52228
5668
3648
9684
2598
24565
21124
3962
24190
24759
13726
316080
10909
60330
11430
14798
29618
55686
19940
37612
1208
6320
14732
18546
45674
26687
1491
2001
24682
21790
11162
358582
2526
4494
12686
26210
327210
17805
3286
26810
3372
1589
9796
86765
1183
19839
3934
19338
8890
19337
19839
29133
16177
2697
132432
20479
10680
28697
27332
9275
4258
22540
27186
3473
22342
18693
12342
5013
28708
18491
24490
35414
13747
8593
84576
2756
138
213240
13124
25635
1985
1191
21105
50992
6339
139
23185
9834
7346
123840
14393
17990
29709
21058
22020
681
26610
6926
1839
119736
21892
22550
6262
12874
20588
25047
54030
23061
28053
1240
58032
194537
25668
26369
27568
10675
75801
26740
22182
14857
11993
29002
19290
3065
29910
21206
602
2428
6553
35460
22386
61785
12537
1032
321624
19712
29232
7885
2610
51802
13465
3508
6508
117280
86535
4188
19509
6331
315
26113
10344
27957
8423
12241
12319
84144
24549
1972
75805
12528
3573
22840
26102
8050
21665
17333
26071
78175
2182
11553
24756
21169
8703
17381
8734
3465
123456
86265
19191
8072
118490
4214
22350
5702
1833
1853
5759
10679
3696
3836
29067
62272
10941
15496
14184
20556
27316
26175312
2397
44328
26324
15657
18719
10347
4350
30404
6959
750
47446
22441
50652
9676
198528
7661
20177
2661
3274
77520
21107
22386
23984
15809
20216
44262
6569
10442
1444
1196
8555
12880
12475
1861
12519
1984
121090
26808
74346
12337
27414
19668
23950
15546
13076
31514
2398
22653
72504
26486
14756
52352
94156
21556
11998
9808
27639
233856
18545
11159
21693
154884
154056
28828
7529
24083
87561
8551
246780
13416
268767
18678
23627
883596
41283
23977
2351
24792
10657
7742
14732
70
634
80376
20214
19670
26417
47316
17665
30336
26829
49310
24056
1724
15777
10545
29921
54516
61251
4278
23710
89395
13249
1496145
14990
13505
948
16258
11207
2601
46280
99620
646
28762
27342
51855
27508
43760
28640
357
14989
2875
28790
60813
13464
21856
50090
26601
33072
19665
217
12358
53061
29213
4776
15059
16514
1612
5224
12994
35978
20818
3342
10165
5210
21003
19288
15214
10956
80718
83166
77727
26232
17737
6434
24150
9905
14920
27395
4668
28169
6514
3
11950
46336
10656
25753
4880
15475
18355
23675
7903
1953
1338
16855
2970
28404
13233
16592
26875
21700
54486
11063
67991
28942
12546
24714
9233
17441
702
12680
9018
20138
2883789
12252
11154
418
15351
29068
44136
192773
11970
30540
22419
8801
58916
1993
544356
19194
6051
44984
14532
131358
8957
17485
23883
26354
7614
6450
48882
22418
2088
11090
1747
36786
3546
10093
9831
6145
63915
2021
15139
3162
14848
21922
7958
11760
27922
18087
1540
20453
59510
12650
27490
26530
17318
1394
6018
25401
20180
5743
79092
406980
63530
9374
46592
25437
5240
6429
25272
24584
24191
11452
29268
16702
26309
37160
37880
14964
5338
11037
25672
2348
13263
14844
5484
5062
12607
77224
3743
14938
1646
21595
10338
61968
15040
16461
8266
11872
52054
27583
1906
10686
14658
36328
26788
4282
19664
7401
250902
3532
2525
14995
3992
26184
13496
29277
8058
66310
7104
42912
51702
9422
20337
20452
10592
25502
9499
20631
32758
23155
21216
19523196
6230
282812
119
60642
4777
103696
24131
52040
40134
270
17769
2367
68064
105168
18766
19267
17957
168460
2720
70892
8687
16140
27048
162631
27153
12879
9166
11188
50808
11535
124188
12986
5236
4316
12504
19448
5201
6826
26540
16416
179802
7908
11095
60615
23341
15837
28624
1080
6660
2313
34866
1924
194558
19560
23962
10916
27117
18629
8510
44912
51393
20395
9899
25356
13583
6130
2206
131180
24245
15204
8184
156420
24705
2126
21375
18718
1450
2887
15072
83
5376
3447
26081
27521
24894
187768
207328
14678
15835
37168
28437
24206
29275
20416
996
17466
6041
5998
5791
21985
445
1514
6283
3287
25681
3925
2489
400
21268
8805
280
1819
24446
964
113685
8923
11079
9527
204904
2302
101840
144895
417120
6189
47385
15756
25242
17986
98808
26148
22812
1334
224
26462
14000
1396
61584
114576
19933
47344
59860
26288
11077
7410
14027
36472
14785
14330
20872
27471
24895
19932
11343
18321
19538
39310
419
4660
568700
8104
9687
17713
15903
56538
2357
15929
5061
20735
10092
3662
64326
247296
4159
64760
20835
28870
60
19881
22921
69720
27097
58014
3468
30282
15876
119456
13001
14155
9643
25474
6507
10770
4795
54698
9849
22906
29046
39396
19744
12102
12776
19806
1668
29967
19083
18732
2063
11241
8248
16021
46848
25704
2593
14944
16460
27684
79067
35552
23111
17907
386
12329
1094
41528
9622
31250
25524
48828
3006
14850
59444
491071
27425
21533
772
2234
29552
1986
115650
74175
16329
7310
7424
14886
12551
4168
17622
27739
906
208582
1766
273810
9979
2276
22947
17048
20738
71440
56586
10632
10666
4065
3595
26787
19121
28800
8086
1186
21004
11512
106930
9104
12470
17290
78621
109096
12822
2491
23172
20408
3121
14838
1929
43842
49497
9569
126840
7223
23447
626640
13518
25830
318825
15622
5195
44254
79365
26754
9675
23596
15052
42580
22187
17797
18222
13185
14838
7883
18836
18225
13484
5601
18751
22342
34
43478
2369
3942
1394
43360
24555
532632
28178
9559
28376
5098
29745
1589
2565
26649
6689
15601
5799
12120
8658
2864
7429
4204
333660
91872
84580
138215
1400
43434
497
23778
155142
4687
41718
11675
2034
19830
39216
19878
9297
12653
131502
19204
3863
65560
26455
9850
19274
493612
198695
24827
20636
20809
312
8771
3670
96975
30842
1027
18381
73
13163
362484
53040
756636
8240
130851
13672
13104
25654
15708
44847
5078
29562
1950
14931
15176
7216
19760
22812
4029
5165
27530
45110
14472
23014
21757
18042
10987
2457
14416
11125
20053
28600
9716
7152
20992
1177
17560
1852
22120
31414
45194
18212
391830
457729
10172
32380
38885
14679
47134
6000
73815
2210
27900
24000
9637
19081
28966
7008
23248
20932
20352
10488
6810
145440
11191
20022
4797
29611
1180
3472
2122
51171
252098
5479
259
2872
11850
70032
381520
11877
5976
93964
11973
25176
3406
3041
16729
208568
252
10934
132594
98052
32276
14255
155740
21178
19692
8258
8796
27275
9750
4884
41464
12959
36396
55332
13336
25610
22255
32512
35668
32226
2743
974
194350
38606
8051
215
811
508
6340
138572
9649
14520
31132
17136
14168
316
6795
53206
27159
37520
54758
28437
122445
8174
57546
19378
119164
6528
19490
4488
7832
659
7136
36814
3017
488
100
20218
3172
22619
17450
4113
127435
7697
5390
10771
14259
31176
18827
12043
38
21523
19927
25536
1802
28965
39183
440
66966
18973
7259
436704
5843
103312
59838
204308
18069
22514
10138
1907
80835
8318
23262
13255
107748
37074
25464
16498
541
7461
13029
92232
9792
27371
14397
4347
15714
24796
29012
42228
3519
29942
29736
22555
32952
19190
234
21815
475965
13214
28813
3186
7372
86315
7306
11596
28676
3336
11805
138684
17390
2808
21392
52758
1051
20976
620
19343
2223
4344
7122
26360
26428
24354
1683
116915
16285
22512
859
1629
26004
3843
13672
21471
12236
27268
36018
9593
11230
2992
2117
3136
18152
34796
39178
28571
12914
3386
15721
12547
165557
53975
55536
67624
84306
25018
7136
135245
5289
25564
24896
17614
1733
1556
18824
20005
20049
21013
3855
1015
3360
13693
15861
11359
2374
22966
50550
9986
12284
13538
23904
7601
15275
7411
16702
20376
85932
27093
14564
27755
11718
1238
1844
12689
428130
4440
5760
37536
16393
6842
6242
14635
23962
29571
16410
20761
28572
12752
5112
173350
9970
29951
5688
175497
17005
49464
7195
23370
6540
1720
65490
16627
21163
19062
25950
25965
18494
4217
14101
4024
27213
14604
27790
10847
22575
48
14424
9098
11914
18000
59905
14020
17802
34970
560
16918
23392
21437
8967
17998
26366
44740
22399
43470
3856
6229
41022
15419
317
32614
12478
24501
9631
115
371415
17820
27263
45012
64680
1166
9300
25459
8856
29865
31740
84964
7784
335
40890
62868
8187
35312
8057
4649
2567
12656
12973
9738
27186
17875
349959
2031
350020
55100
68312
27924
26460
28528
19187
5599
20741
38430
3450
11308
12164
1192
18052
11526
5746
22270
51258
26311
239
18325
21610
1666
6997
6821
62385
2558
15053
35866
26840
15059
11055
22988
22092
4090
455136
74916
25285
6418
40136
12524
32442
5535
40212
7535
583740
6120
262035
369
15000
53186
22491
26070
29290
18261
68850
55152
17008
854
18039
13505
6088
2490
16102
35118
29232
8941
468
45022
47880
48792
3356
46504
15393
10597
7330
2612
29867
109728
68526
3243
6020
69753
23221
3731
132240
17275
2085
127545
17418
26142
24180
15814
1474
50928
32548
59740
2002
16004
85320
25531
58046
6053
392
24935
21366
17685
46470
111692
6842
29837
82899
21894
6202
33898
50928
77289
5331
231016
13463
29876
20402
60300
21757
66516
12690
11570
28842
927244
9011
20312
12293
6356
20120
1334
27710
20468
16468
6727
28134
7560
62775
17023
4556
22618
113694
29855
28698
16096
10256
23651
25007
2717916
28464
29650
48654
21030
16547
23139
1144
17429
12273
22524
95312
151932
61510
15210
45404
13805
48828
11924
24323
18795
25579
45902
10440
1407
21477
14676
8851
10272
26201
10067
38322
23766
26677
13852
247780
43923
50672
1262
26112
14531
5829
10003
20087
55290
4857
287650
11412
4802
76392
515746
186504
21140
8060
33420
11869
16717
24649
29148
16605
146280
13876
1719
11187
3944
26235
10061
29720
29166
5203
83
9518
1175
2254
54872
21612
13783
866
22564
25232
6462
16302
40376
13064
60558
22184
711
3078
102508
13143
7169
13549
22283
13742
17319
14736
64215
22968
77628
73443
11316
2099
19112
2728
22902
27024
23715
1068
3410
26126
18818
11681
9551
8374
2568
23521
2071
24487
7830
113856
14914
24520
249957
3262
13927
7036
30322
118118
4125600
119
6922
5128
38840
1247
217
19943
7723
1479
21194
24643
29509
25768
27535
6372
69255
15776
25261
28308
3556
21188
65768
6494
1050
15442
9465
3906
22566
34484
48398
12115
24330
12796
18630
15429
134075
109080
10376
2659
3432
12627
27519
15012
14606
407
7539
9729
42482
20559
614
10264
71283
129018
421
4101
204
127595
5134
106865
326961
8616
25936
24619
13555
57174
118048
90567
20146
25608
7234
16275
13315
18781
17202
14640
29169
19988
84600
65
531
331
210496
26982
8190
2712
25396
17564
86382
13461
23635
14100
21040
56544
61983
28130
2930
16063
58805
55386
6435
35
40065
310800
21974
17358
431
10207
4187
24405
10435
13100
4686
4569
24941
14198
12162
9292
23921
6456
237816
41852
29792
21722
743647
21113
26053
4638
3041
42298
2192
13739
31632
17292
50570
4563
2271
103792
110948
380
18589
60345
18682
60843
104995
18468
91860
15166
2356
14761
20899
51438
9862
60704
19866
142752
89936
22379
52160
13354
21398
3523
76797
32970
102879
46330
228792
2575
14082
14017
11358
14730
8078
14599
32958
18657
11791
787
2967
33650
150385
8242
32708
8374
16567
20405
18636
4246
12696
639
3406
17292
29674
15337
28512
1758
37928
29997
15686
1837506
12625
7224
5982
41424
239700
16359
7040
876
20851
28766
29401
15325
49280
9238
15431
3008
26604
18932
21074
1172
3091
132828
48112
19132
204659
27847
114376
19572
11017
18388
6791
8576
18562
24557
7617
8034
16609
2157
1531761
6880
12539
890
1655
48105
2507
30492
28393
184500
11
51711
25742
18032
2302
6919
8709
14388
18383
445770
26746
8871
24608
2730
44208
5418
1166
14920
13326
15512
6386
15311
85920
61557
2766
27880
13391
770
183925
49570
5088
7973
56040
12944
18470
92900
22890
28813
109112
24169
50206
54040
9673
21616
8496
1209
24699
17156
27925
21777
19749
18729
11026
1863
8685
414456
26066
11159
71656
1644237
7620
4630
3116
31968
14208
42170
22877
249
19620
4812
23721
59308
8783
10466
13932
62037
46118
131736
161850
8235
173388
25708
52035
372526
27
7180
10846
54076
4420
1620
22799
294063
2142
20887
4702
28376
2344
8564
41488
26915
15026
3941
37968
4848
96148
20944
8370
152810
10911
25207
50943
23130
347700
82887
6425
26270
43462
36354
20516
701
22356
96648
24358
12137
6624
19222
13750
10632
6530
252290
643764
24446
14955
17190
27638
29796
24106
3025308
8394
6397
78855
133410
28020
6496
30126
20556
159280
21797
6723
19890
5049
6334
130
179226
7640
990
42752
6186
3314
115032
15163
14528
12036
15153
5800
47488
38592
311584
24694
13141
30788
5369
5653
13123
212
4930
44895
14913
41757
26497
179826
44808
8245
475919
82184
42903
11964
63567
17772
28504
60140
18227
57514
6566
3980
2815
120198
7020
131485
7696
5664
2605
9720
171610
29870
5067
29610
586
16140
11530
1614
121
15915
12417
53952
754026
42170
1513
15714
11542
11161
17115
184140
9634
12785
26901
100
24189
20536
16992
21905
34983
9346
23514
543
8363
29266
553725
7353
22908
26818
5582
6582
1635
611
8720
9283
4486
23386
5576
41718
36752
12019
57003
42888
4376
3173
1362870
26661
7686
20198
12716
79599
13849
9458
108479
6015
88748
13015
27194
109416
12484
7300
11477
24996
6456
658
22587
110110
18175
16019
4575056
14981
1700
27290
84252
119798
29456
20
3410
359
25998
13126
81423
7016
6947
9417
45632
19040
20480
3606
5263
22210
68187
163236
10406
1376
4754
13202
16502
35358
20597
17246
22416
46255
107814
20583
7922
24841
6400
624
128346
23232
51932
17179
1316
87162
13092
9567
11607
8735
14150
8142
15684
2884
17416
8438
18686
65271
20375
15929
154176
120
23356
9493
12870
19434
18392
6344
43
5757
26816
792
20183
22218
22479
40014
15725
17152
14483
7179
950
1621
55576
755
92880
12209
1977
16982
5920
17816
23616
46962
143160
22192
19186
102438
22460
34536
17856
104264
14232
15680
23209
100692
25057
22584
7
29087
81477
16048
37842
116892
16260
12953
6578
45018
15702
24044
9202
28571
49536
27208
26756
2014
9066
5835
953
37350
35190
28760
10466
2034
656121
15254
1363
34869
13156
25934
11606
330402
26202
8357
27038
2578
37334
27910
7694
7695
11213
26693
87243
29469
22105
128187
18524
7309
14192
65404
27641
43328
66135
6236
2310
3573
21994
5995
22825
40
47208
24825
4380
149292
58006
17144
2298
9738
16804
250
18885
8637
24622
138445
13652
2867
10713
552
29631
13891
14944
107145
155160
19450
102995
28077
1161
10869
67383
227844
33614
29226
372
397404
42550
7933
20107
3351
41988
6786
5873
10155
78104
25630
24588
1914
8860
27190
9240
17087
8510
1419
8950
11106
52884
108070
19672
6930
26449
10127
1657
1563
14915
12228
76760
15895
1792
22676
1257
61540
15078
14226
64516
45104
41050
29698
5005
6557
20713
27902
13334
3504
16649
73845
21460
79868
19578
8669
7812
9551
18697
14340
11099
4082
2620
45728
31024
187
31386
18639
8128
389620
43778
22326
57712
26251
7924
24432
1787
15197
15282
15960
170415
7085
3518
26117
15475
22179
87171
7071
2565
59037
58188
20832
27282
67683
120570
804
22342
18487
6120
24197
3656
8487
14424
28195
18383
1693
693
8239
2696
453
34016
29757
448613
2716
24608
992334
19400
29798
15427
29744
194656
28505
3155
14713
1621
15136
11128
13722
11454
136229
20063
15504
52014
13667
12212
183
9214
147213
2218
5656
8812
17955
10394
618
4791
14123
919
16336
39494
54466
1692
76
31107
15957
3080267
54352
9321
723750
7114
167472
16312
34864
39372
14790
14156
54724
25224
681
10494
28156
10188
21763
22240
16853
5545
5517
36099
29149
16780
16749
29558
4011
24502
186858
14477
16236
13458
4421
12153
3470
61785
6598
44504
1150
9055
24832
25655
101108
1950
29009
480150
16505
12828
9416
13338
22026
5396
39096
112140
18939
740354
17914
11352
101580
61932
11459
26238
19509
13321
4264
27371
10541
28826
16476
2019
41838
2842
57900
18868
21003
237
21416
4173
30184
603
1276
19028
651777
5716
29205
155402
10269
38360
157146
19842
31143
114546
310585
32788
4680
2227
2297
41960
9521
20433
476259
454
19736
36664
23776
27385
484
10267
1079
3597
13573
1214775
6719
11716
746
418080
1968
28
18652
12446
28484
4566
23722
49225
507260
11734
24630
16950
45595
16347
22347
13201
3928
179838
76890
26335
134778
20288
20321
16592
23636
55032
69327
28382
149870
373
4521468
61587
1276
368917
15567
1469
250080
8413
1996
20634
23003
2376
9389
92812
2484
2503
176316
17745
1226
12386
1470
6873
5871
4928
22322
2132
84672
16552
21654
12620
35452
33364
31896
70461
22155
9571
26766
5648
29293
58314
86049
11641
39140
22408
57440
11737
16845
155076
4238
4746
111892
59520
83720
58888
20196
9056
99064
29869
11419
26700
48384
21896
30168
11664
120208
3841
41046
35856
1202
4892
2641
3469
27728
1419
5559
987156
29532
132925
21045
26432
60042
3251
57920
11049
6545
15571
13805
4682
57964
41945
7028
17180
27914
20106
80658
49178
21194
19824
5030
29026
236654
22624
53919
1473
31356
4056
23866
4674
2716
3482
18930
23550
22260
7119
22890
27667
17448
85455
51366
6853
12180
73932
15994
29819
755
26258
26077
434
7300
24195
7672
257020
10508
28141
898
11600
3686
15655
19614
77865
15124
18453
1293
18502
13018
16824
12378
1371
7200
3403
16694
18009
168100
114
21836
2118
5124
16062
14032
15404
1268
28083
17415
4780
143013
480282
8540
16870
12155
8609
18194
32936
7887
76998
23247
26289
5187
277927
104
352
16399
56823
23518
13374
34788
43171
20218
15819
9679
20448
17205
33916
19549
5358
2132
123993
16652
17050
2336
23016
50802
2861
26960
17569
870
21272
11166
10616
36260
65660
5431
22928
8847
11266
2184
1964
8070
16304
126308
12588
19955
27048
23268
18247
50460
10312
330672
5257
23565
135010
1395
6800
23835
13892
88086
563244
27133
10639
21283
3490
29342
27907
23327
63513
2616
86214
22219
26587
20861
11681
127138
12796
79892
13069
2185
1790
46582
15676
4112
39428
7939
44716
14125
92320
13165
17246
11548
43102
26783
8353
56938
967
21439
9128
12920
22704
18048
904
173095
6
27375
809
38490
22516
71288
946
28543
52344
3983
10480
14596
200889
3716
12325
4496
112322
83550
14066
1806
7618
31784
5443
41820
2287
14926
4485
28569
48955
493969
25533
17463
5210
13023
22247
4295
2461
10325
18722
4124
5724
10526
26295
17513
4046
2433
291232
12736
298
144
6582
16150
20942
2035
2160
300
6273
21264
55353
23259
14872
3603
29442
407970
6430
1911
17236
15543
17981
15810
20127
866
58084
33390
304226
18972
6033
234014
78714
17037
30723
128916
246147
28275
573415
28584
7965
13616
20054
30758
15562
24876
22259
70884
35312
15602
3462
1515
18151
6230
4605
25719
11306
7466
3222
112030
28290
51178
21299
580
32752
22631
28201
58842
317
10494
333630
4944
17546
24042
10711
23418
18721
50892
904
1911
46648
1833
1935
84030
34866
74484
65026
34366
6188
129660
26626
1169
27510
2454006
302478
25063
1814
24241
12501
2213
2923
5141
12590
226270
2479
58192
58604
2222
10896
103475
40545
11704
23440
36728
16652
37210
354
18432
6478
26175
4506
18141
14316
18164
447
29044
19695
28942
29534
11843
20370
26482
28268
83742
40056
1910
17888
18055
7540
3320
1971
22540
2852
539
28748
25348
5282
11254
21106
58744
28751
17644
15215
46065
27789
47506
17620
27895
10363
11346
93566
21493
57988
132750
3438
690
9245
20305
45332
52278
66096
28893
1795689
17179
9940
49356
26439
11093
32116
29293
75864
1367
639
228906
23713
11836
43128
6183
45240
12198
29380
25674
9682
8508
16016
226
4561986
2036
2187
8485
2818
14588
26857
61467
4131
18792
297631
1634
12922
286874
2698
7732
22131
27831
1944
26757
24616
3637
19670
24359
4933
29374
231579
15758
53082
22807
4808
1319
3094740
51506
5437
26253
365055
138017
9738
1378
1910
14881
41730
998
26589
28285
36504
12570
9413
19111
7850
284912
21757
20416
9646176
11231
29472
230148
1346
386601
26389
44144
5345
25385
8228
18730
10219
23838
56382
29704
13386
16131
19863
26718
301232
9384
33486
38960
18487
76068
28551
2477
15044
25102
225472
12981
18074
3177
17032
56658
176
5304
42448
25817
34986
24179
25134
25853
25165
22984
3845
23522
27507
58850
6258
20824
28758
15492
7440
22517
77193
14819
21807
39192
29058
2266
2496
10987
135795
8925
13732
4682
321524
27413
8830
5586
27719
9037
14318
23403
10778
2259
6361
1264
17453
70950
66570
57584
27804
19265
1954
404317
12518
5630
135486
17503
48705
21360
3326
197088
2971
9554
2350
106890
28798
439176
2224
11771
81351
1950
81291
17355
10508
15296
118648
7005
42258
13932
52100
67044
31548
24300
1698
56568
24606
4156
24338
85038
4820
11331
11449
11902
14012
96128
27690
379708
18004
106644
21524
9771
31236
18957
25679
10615
98375
85185
20749
2486
18625
26640
1830
41514
21622
42594
1146
10306
477
5445
13374
246532
30444
25228
9370
9610
3480
10911
12932
1760
11248
189357
18398
22134
56946
2294
1998
3013
18237
29496
1374
6414
23819
67125
24660
539
74859
5800
51364
932
17373
25137
12672
28762
19719
19011
23448
2359
23169
2169
26851
3298
27668
46575
49766
38415
17743
8236
13521
144468
7126
2320
2504
3127
131943
6055
1426
151305
12257
5788
114952
6919
48818
73824
26465
15860
8000
34304
23724
41662
2338
309738
2750
45360
141354
9644
176590
9910
3577
19258
36714
39240
23197
6553
3114
56616
58923
8651
17384
3934
32398
3432
13792
2185
252032
11283
20040
2619
39858
184
22222
10712
1041
25333
1214
74796
72648
533902
3072
21530
44883
23758
17018
25585
11019
26775
6857
23839
10381
453
3391
958
188170
6820
14214
17341
15948
1849
5470
12888
14475
17794
74130
29308
20359
31444
264474
17060
2714
28735
48920
190672
32732
3276
243188
16954
16622
96815
39584
28168
9044
40564
3134
17653
10302
357043
45348
330391
21904
26274
36360
16292
1560
15183
9753
113127
45524
23822
9195
15754
13758
2508
12985
584856
24224
15744
2085
26079
8700
6532
7120
86301
1862
390
161938
20814
8756
14320
25194
2337
9813
27495
8693
12151
5397
17430
27040
22431
182672
3175
5736
15468
9990
6876
2880
97104
16087
11163
11499
1590
6127
26135
2493180
89580
8859
19838
29975
592
33848
24
29591
42082
372
19103
4198
383240
13502
10203
4411
28576
23700
16671
192114
7587
28988
22095
6033
5639
28006
198630
166355
40240
12413
364620
25758
13277
73260
18348
15840
12370
22190
8046
22668
4597
16219
19810
37557
28689
673
15926
21668
3979
6759
19145
24920
145101
3817
17432
19814
12405
5700
82336
31902
72471
15712
1460
9435
312
97670
27992
2566
10157
29347
23806
8000
28484
52872
20681
251676
2649
1206
12992
8180
17063
2384
15228
17595
87600
1747
22549
1096
3932
63130
33426
4992
37304
86332
12269
9942
6373
2844
92772
64140
187650
27825
10382
8043
17656
1125
17899
135996
283900
3820
1296
23700
53754
14225
44019
2604
10964
62748
862
8124
53028
19077
51170
2563
5487
20225
3700
23002
30756
25133
16263
312914
26574
73398
20663
15815
8679
9720
38304
17262
2644
104856
2238
6658
80276
21337
2352
29897
188818
11330
68388
933380
26064
796832
15304
13590
81180
38496
7056
27788
27563
26484
443412
475
3396
10748
737
25994
55998
48744
11712
9432
210352
3952
25955
19254
205562
1800
45436
23600
25783
5943
700280
15744
23374
2763
3832
49994
41604
10899
1897
18943
7074
26105
10646
6282
13682
28329
21700
3821
37515
18257
26276
62454
19929
55912
5782
1831
2506
23141
10886
10581
12578
22346
28148
13167
231588
24653
29063
5462
23815
9668
10108
6956
1689
25379
18769
87295
28850
62400
146810
1720
4652
1112
538677
4441
168464
7145
27631
15771
4824
6682
270880
9111
18582
3
41370
29796
17001
2517
29818
562208
5802
2418062
50690
11530
7142
6513
78050
74304
34484
17832
12076
4720
17844
107800
30594
1375
1354
8174
2310
12066
76482
1073826
8371
23149
15497
15785
27533
27392
23470
2089
2098
92160
3181
26916
5811
28818
2044
1514
36154
5822
29001
58070
47010
544686
7836
109522
28244
7782
27721
55104
25972
2029
4607
761
27975
16720
27699
100452
27545
8658
20112
8435
59360
47058
16210
344
28038
4263
64305
14052
58041
10344
5465
19024
76344
18594
16042
6383
28213
22509
151
20650
98320
26316
2698
6291
421
73296
19686
21793
52528
24224
5289
176022
5178
8404
816
19382
26159
12661
3848
7515
18655
2667
16183
636685
15451
2824265
2221
21433
28962
552
12171
36152
24243
20448
6475
26772
55128
24860
15964
4498
24868
17761
1470
21674
29821
6970
47544
25194
24430
54696
3002
22117
3735
39784
21990
8800
13990
142810
2825
36740
29313
29753
23167
13558
3764
3738
28005
13109
11804
29941
19247
21361
13268
7694
28602
1071
7775
13203
5942
810
16407
11954
20394
11178
213
2966
12141
46582
5345
15218
18699
10008
21788
3575
22217
1466
242398
26843
101780
15532
11058
28346
73719
15222
5762
21662
3959
5355
5369
13910
115528
3900
1171
29970
5296
27174
12128
1812
97092
13208
28069
2225
20152
614574
34926
159464
28098
1788
15216
38696
15079
59286
36274
13796
10206
11865
26625
1974
21963
27756
57028
21499
28899
27852
21000
1772
18596
18373
121925
10680
108260
13040
11145
14664
26345
24828
23732
5729
23745
24694
17244
28619
3368
12544
28045
39270
8892
21714
7854
16201
106044
27096
22706
8444
1614
20541
75648
436611
3422
59970
624
20525
13464
27435
6730
63882
8428
5592
44994
11771
65376
4992
2711
951
50082
14412
45672
15941
742
7066
22496
10388
15158
739
4098
5582
4854
105276
6338
129175
261324
42712
5346
896
274296
26460
18980
182
2312
54856
10265
16164
1798
17667
10595
19571
47568
14160
16921
17004
44070
26318
4141
81618
1222
26986
320748
3820
2681
25266
13927
466
64905
50752
7644
7770
15632
22658
23014
7570
5892
18654
81759
22612
27482
53610
37098
14550
4321
1602
99
13232
13833
21695
12382
173
24042
9117
18687
19660
14634
51268
62223
24689
7838
86301
4728
3958
18409
3042
26172
28781
266
740896
40984
27650
24522
83424
2747
29616
21908
1044
19659
8193
4315
27892
47214
38824
7645
22587
45940
59340
25128
2476
21047
7730
2271
6497
16124
8842
284
644
22697
15170
26912
23400
7670
41294
38494
10635
50874
1414417
28082
2261
17500
20856
21731
52332
2177
45962
28024
29370
8986
9753
848
17676
611
20797
14622
188
6732
6954
12430
97910
20252
10558
297280
22337
23190
16570
12943
12466
472
26083
29832
1596
3682
20280
51438
22329
8287
50208
42572
60144
20174
939
8748
48596
42336
16009
2355
19343
4052
22651
63771
52760
20013
12466
19852
17199
27428
23220
20319
17345
23007
167500
2532
20931
224111
14742
5616
10989
7459
29576
25350
12015
52770
21130
20851
8122
206008
60717
1781
57084
53514
2633
11797
169080
4723
5400
73908
19638
68040
16922
2502
13868
6630
12845
4358
26537
18334
23905
13221
38741
26770
533
24232
1500
14076
25588
7598
3758
5266
4039
29757
15208
27309
1728
61880
19533
16178
9679
38414
7058984
2752
2586
4778
103516
15386
22299
100860
13006
5334
21824
1729
4509
19270
17548
5459
152282
7590
13889
4660
6526
17031
63560
36294
16514
25211
56778
14787
12401
1793
53348
24774
58812
10931
12473
20438
8250
22189
206395
8261
40360
1040
21676
76383
21740
25046
1104
13277
73320
25368
12947
11868
29154
13470
4948
41724
27310
14342
4426
527
3383
6622390
9059
10321
26385
90
29437
85875
3132
21934
55996
1453
15797
26354
147345
18851
119064
22161
81524
6943
81336
3992
1895
259830
6948
8303
4295
1268
29734
26470
550056
117564
6487
22064
1444
23680
18220
15450
21376
8178
39952
6326
20644
8106
29160
25606
33822
8056
85864
16620
12631
24560
5056
31264
3093
7925
29394
3987
25588
17784
20835
540
74705
2384
40722
26304
12927
27691
37360
256630
18617
806
13347
21339
213917
46468
17465
2707
48600
11450
28250
26273
9341
38484
219884
17832
12408
13846
14775
73443
17452
22533
8663
10247
4422
16128
28293
28227
7918
1274
269423
26191
11553
10762
3415
3383
25760
220470
14561
2226
1886226
8741
23168
2758
21766
22947
9977
83301
29512
11610
2459
16945
5733
10537
80380
10990
6574
24610
5880
26313
11750
23892
644
20386
16175
8880
48093
8674
1400
16888
22552
24942
9325
26404
31242
47112
19372
15413
18901
2196
1331
47840
14166
15580
25495
499643
54950
5405
18057
22570
13755
156702
171507
16644
68658
16721
8540
53688
27622
33254
16371
20919
11799
10243
27132
30274
2416
17290
21027
22454
8998
2612
26524
2793
29504
21106
590590
322608
18058
1808
15316
26545
12134
36
1317
3912
23923
28787
23072
28136
6005
225296
16685
16611
38440
2406
3936
1859
19463
2920
10919
35326
13348
348068
12976
14885
57952
27072
18121
25221
51568
97696
140105
27469
13498
9738
26555
282
6141
58560
21490
5930
184561
167
24908
21658
2756000
34162
26640
4224
5621
21215
67917
20711
519
12218
14046
23492
5141
24938
8888
111
1281
29367
17171
835
22640
44606
13793
8851
25480
32482
47766
15868
14312
149424
10057
19140
204204
52270
11141
1138
8772
9370
106526
10902
5639
6150
82755
797
14342
4532
1408
246779
6321
633
34798
28649
57986
15417
5823
25152
19275
69864
20804
12212
2197
22805
15900
580500
21614
6549
8
38820
13892
5742
22440
1737
2093
21784
27816
14218
98070
36616
11291
29061
96825
6720
24148
26008
13254
4331
24652
17449
48384
90
78272
116910
17600
29197
29884
7002
152999
11930
17565
486
16917
15690
21770
14544
18750
13834
3808
29793
11755
20616
591
47298
114
26194
929
3239
100480
6710
6402
2854
12382
12326
34392
27960
3220
11768
31810
14378
64998
11606
4098
56085
40932
37810
2657
265096
3814
7667
18497
10491
2593
792
27812
9363
36100
28760
9564
368
22911
26489
14678
35373
22557
2804
137355
6069
6392
17273
25224
42936
82120
15816
26215
14221
108320
1764
18225
17760
26506
1004
22468
14512
20641
71532
13443
6130
5250
145395
10478
21577
1208
10885
73038
44920
28916
18141
7488
19064
29092
18204
2333
30176
59536
16060
11195
44960
10443
48940
32716
695
28771
29452
12770
2898
2966
41190
7187
57692
216720
1943
2734
2443
187416
24456
16574
26372
6685
641784
15784
40950
25168
480303
18758
22128
28958
44763
23715
10279
21501
1871
34460
71130
19114
2667
72300
15050
24039
8141
46773
30516
19185
30546
3997
6542
4487
1005
5762
28353
14560
19041
44457
1126
1413
13877
13944
20570
1468
60309
27800
6892
52486
19556
18539
9138
21183
2034
15105
14303
58672
55698
115569
2963
17456
1178
15781
28842
43192
15833
13892
13769
11843
4596
3704
1499
3720
25820
22169
1392
170280
11663
78444
5749
13696
97720
26708
12645
3166
617628
695838
19168
42748
23040
11934
233298
19969
442530
21358
28471
2176
18518
5054
14068
27567
16150428
46800
77620
13700
57872
24312
25054
40386
7544
27528
29979
1075
194337
6807
69528
38008
18920
18883
10962
9779
10760
52554
15622
6892
754
2368
135100
18114
1835
6568
8476
24140
1665
19402
2632
77184
20051
3812
29166
34023
1622
13683
2666
12116
21950
7416
52436
14742
9280
6125
25440
28452
379
23349
258
2835
27785
20513
10242
1055
15600
50162
22296
14674
45174
58806
56455
28629
17492
1063
19112
174460
45368
5194
2333
44854
366252
37626
15264
231
4932
8066
24177
24594
9456
88305
11121
9389
55722
15868
26353
847
122
10922
85821
93142
19738
20242
24174
1689
283230
21830
16356
21534
15211
28550
42366
50048
5024
92
4718
42246
2327
17384
48168
35793
23040
51016
38206
58340
149184
8567
288509
10903
15275
21939
13802
7278
6462
51384
85788
14182
15577
71676
22906
21628
30610
4766
14771
332
83490
37287
4013
22757
49988
612
7546
29840
44742
75580
297
2256
5091
28692
7066
802590
11730
215128
10353
6916
5205
5333
15744
28146
29325
464864
21314
5357
22401
11531
144588
644
24546
19614
3122
38120
18827
26481
34886
20386
52536
5228
8768
51386
10045
9007
79884
14040
26952
3755
3831
17894
18295
28496
16623
138186
10072
21430
14886
15954
78504
21060
31956
55888
17737
14155
5336
27752
9820
8544
58718
20872
1725
10238
1276
51148
25256
26715
1302
29295
21671
5258
13782
42438
20412
49570
575
825311
18128
27468
23239
2424
27996
46840
48812
15112
20860
10695
109012
2041
11868
28434
3726
245676
75928
3554
7040
1044
2600
723425
8376
11937
10886
139045
5434
6230
24125
70518
56486
25928
16956
63112
128260
12834
48666
2510
61024
58425
3836
13558
483
27231
118580
29951
31341
51550
105604
7320
45046
6783
3541
30074
13748
17956
2206
11495
13059
14428
100478
14024
9974
14341
6189
2673
17714
612738
23996
17112
15289
9750
15338
16594
4064
1471227
32916
45786
26150
56002
13964
122000
21876
26032
116508
26309
25779
22450
9253
11775
329452
27275
13905
11310
5809
10010
106368
21487
15771
576
54888
1160
4711
37962
7820
205776
19853
19595
1850
2354190
38198
6030
767
21582
28099
22506
19991
6852
49653
17921
24854
29154
21091
1563
17940
23162
19894
13887
149422
22187
116970
21936
18785
12232
5626
21604
112
35649
28537
4275
18454
8403
9592
19250
127280
19334
11967
9422
121128
8227
152526
14283
15078
22152
82212
26179
26738
17444
40545
34692
168272
3485
731
16376
20266
3749
8596
22447
7682350
5144
11926
19627
28267
34996
8913
231687
5796
20976
46210
29624
133590
129576
19932
12174
4143
304848
419
54394
12932
101945
4570
30205
19042
18228
15808
9855
4364
28822
16686
18441
56728
594
954
9090
80380
12916
15850
13921
8035
12550
26145
1155
63090
949
14508
100567
5000
25080
18571
17
99040
18293
864
17726
1038
14337
8768
2126
55872
2324
22912
250
11074
5391
14204
77181
23402
26519
15411
19655
24388
952032
1800
9362
4315
13110
20501
8501
19337
82820
26384
28293
241
69153
68308
18899
1322
65580
53956
15658
1203620
28567
88
408
11856
3143
67182
8433
7237
34940
14384
7545
6080
24069
1324
10987
27750
3271
13422
29719
4811
4455
3385
33412
66630
6623
2049
2017
26539
2906
2813
25022
20538
8086
40594
8859
28011
1555440
38796
19911
33909
3295
24960
25135
11981
29413
29284
109800
59834
29458
3750
2059
6117
23130
332227
23728
18859
6324
21546
1406
5334
22369
13035
27505
579
859
21873
5725
2384
23563
16762
324525
14889
27122
4987
6306
9637
29646
21592
26464
20058
1763404
10580
7113
23919
1173
24534
13319
21157
24357
285648
8803
18881
15852
33284
72561
1035
15850
16047
12997
44108
26758
13677
580
2401
26608
13767800
1944
43515
17849
7049
19414
12532
4016
16016
12809
14850
2512
1530
15999
38792
2134
8444
24480
8629
9589
18715
34346
6060
11870
1023
14614
11510
33466
45296
20546
57810
546
17105
9626
31836
58172
29780
46914
26820
5364
10781
44830
45162
6976
20036
546
25723
2986
22662
17142
14096
31449
4878
9589
10463
4048
6698
139167
6706
46350
27685
45852
23513
27788
15068
19345
44248
27996
498684
22202
21985
17617
20562
17647
41952
416884
6050
47974
17286
24089
86920
40582
3433
3774
6834
5589
5868
5958
3712
48438
1650
19453
206458
17876
37518
26
12530
3288
5132
24166
60350
107960
277470
570
2441
89934
10203
29994
37890
29919
3102
17652
1109
11401
5499
9136
4065
10347
24554
264
23192
5442
11855
20919
61899
29658
58599
20082
17515
13844
9824
1748
16823
27125
13411
3636
8728
9854
21119
21892
25890
17419
14000
25320
6064
3711
36450
4988
44258
132
5617
1167
14261
29616
8800
19372
10355
40440
3074
22541
2206
22522
35000
594558
9554
12935
18935
29010
23128
15888
12579
116808
28361
22129
50332
1425
82758
27868
58908
21987
39875
6430
24345
94194
24622
21269
18237
47487
24380
51430
17279
355
1253
3764
12558
9371
15425
8540
23866
81096
26273
1862
4704
8466
13740
15176
313620
4017
14098
858
13468
26037
27415
26450
76
10955
604
28712
109435
123126
20208
17783
16859
9686
26924
99224
20632
2225
18606
6316
244435
12920
28491
16484
6349
12729
1908
1480
65328
3360
12026
20912
469
80488
7470
26956
20060
62000
99210
19360
22973
20128
9026
3712
27182
14622
1802
1101
21093
178
77385
2433
8486
3264
4269
11412
30212
135160
14982
79008
14600
10292
1954
7062
2460
12706
5676
25150
88364
5561
25198
75649
26910
10548
2108
17159
13200
1139
146838
7840
23564
5145
19292
31548
5632
143245
23329
10175
17303
5085
53608
22852
15703
22408
31708
26820
7049
16301
23174
19127
2859
12536
24212
10568
6798
29659
25157
2817000
10522
26978
5531
26204
79215
12636
23035
155943
4327
1083
127470
23708
41546
13612
1344
34522
1116
37014
938
2532
326886
12389
13362
106155
6431
4377
18182
22430
15600
498807
10904
17110
27107
32970
29799
8938
16713
31888
198440
796
19432
10940
86478
103733
154581
14400
1663623
13505
13231
15530
21341
8187
32876
1731
5622
36186
21768
10784
23780
2973
2369
23875
50894
2680
31500
53718
1032920
22690
6174
20438
1404
29211
2063
701116
8271
29259
13074
17077
15399
20396
28516
27498
9823
11566
11342
27070
62940
12024
48498
20824
1671
84570
2435
45032
3424
1332
11668
6785
7616
55050
31264
7933
5228
2790
21213
2434
34028
3774
13712
2418
24397
18405
15253
7630
54286
9388
3804
9295
3034
36994
1821
18484
7751
12051
14883
4161
23913
7779
21163
34070
34298
46200
7650
2229
208016
271320
443
6212
22218
9926
6383
125425
18117
17444
15704
167741
2687
16907
26418
9582
30428
421
2009
10289
29308
9078
26855
3370
70926
10159
3778
19728
18021
13871
19487
3576
207809
14013
19836
36624
9078
41094
1598
1728
5220
40856
11719
29182
15533
9473
7549
36
14636
10085
171204
19482
17790
110588
34000
1647
54558
77316
20175
4847
70800
279
29372
321540
8720
21048
20139
5511
26367
9636
5142
10979
8198
8725
23034
19080
27226
75690
15126
54888
11298
9003
109032
7016
39752
28006
18236
1011908
3666
51504
16396
14392
25684
340
11064
143248
153366
20670
1680
270400
9816
54526
11534
12382
386607
1325
8967
37728
35866
3734
36546
33686
2370
8124
28485
224802
27278
20580
19453
20498
133692
19348
3168
32919
25357
16034
15172
53584
43532
18281
5442
75381
13491
40344
8060
7464
4012
2923
2265
13806
288
10404
128160
720
690875
19917
36686
19985
6847
431
1044
16897
9944
9797
73980
50854
2736
4458
22298
27522
26742
117474
11993
737352
7647
74697
282226
41820
9568
9448
59434
44337
16617
12075
2682
83176
25726
404
1867
29788
16784
38400
19365
10163
1066
6235
609961
15893
20726
374777
16467
48561
22291
11526
7021
13468
1420
29853
103240
5160
7201
17731
8772
25487
7874
11204
24171
296980
3052
4939
24534
38872
14620
22032
5051
25443
13889
27406
25074
4926
10135
19472
3206
48156
12195
9225
14103
13532
7368
8080
20497
10004
22686
1436
14767
9697
10241
5248
6772
22047
44601
97444
22483
24690
14740
9877
238
29251
6600
82626
2474
16471
19402
13512
19094
3892
7767
70464
29166
27174
815
15574
23442
15564
19493
26436
2622
22314
24062
39676
36536
1674
4311
17765
24202
99048
43936
57855
27492
784
46081
27436
30070
5320
953
2172
721110
88806
37396
139579
40982
26300
330
27429
43912
88836
44594
1066
58821
12769
13843
3158
58923
14395
3566
32427
530
232
21400
5964
32844
97796
41356
16134
79305
25956
24137
26852
5316
20563
4902
4229
81036
73191
29060
3383
60
64008
26233
11590
3652
21631
517529
37370
26149
16937
26451
173
25732
6202
2373
22042
5374
14221
45447
65908
18011
674
8005
15288
18168
3645
28105
6090
54502
12412
45900
18883
17561
24771
129425
17425
17804
16764
26081
65268
9015
8013
11985
10508
30700
9298
33372
73464
96772
24365
7620
19562
8986
8443
63900
10928
16886
29872
14214
20967
4848
28425
12762
2944
26433
16105
29148
9645
1927
24399
55444
10843
26504
56636
16449
320
63369
15916
59060
11588
51858
20056
29026
17507
23704
22758
1390
9092
1407
2874
23712
15951
14098
19014
150543
1480
50154
3608
24464
13650
2079
199920
29226
10882
54622
29461
22262
4047
1600
20412
9496
20030
17901
16910
25312
3458
26093
9948
27284
22508
29482
17668
15975
2741
16113
688324
1246100
7538
10202
15429
13583
23096
25592
15192
12505
14489
57616
5033
13399
45500
37518
24145
10696
119765
28934
11876
21270
4349
17970
27476
110245
31552
16528
87180
5197
56290
1226732
10538
6478
11820
12453
23403
11569
2665
3230
14975
43868
11352
12256
23379
21165
19924
77607
25954
75327
10651
11051
5328
22236
15374
25080
27335
20299
3672
536
10262
5777
1921
2328
28167
17112
26828
2633
8576
14032
5288
47276
55480
1028
8568
1305
3952
38652
255546
10640
577896
23639
44350
6632
51990
28178
2749
3049
19885
1777
18381
29929
544323
42788
1018
27117
20
5735
20812
14174
53496
29891
16165
19514
11112
38492
3840
32532
16328
13093
16470
11526
16090
6886
842
761
54414
28791
20943
25484
8317
45020
11189
27405
23374
283280
42584
8626
10642
24637
21326
3706
11864
15841
24251
53956
27700
29968
21174
15048
39436
26872
95125
5150
7176
5145
21586
19923
15887
13308
54950
335
21424
17492
16330
24396
17892
6446
45148
29099
17823
96500
13707
44709
10776
14854
102895
21732
12011
19816
13452
49185
129381
7077
6420
3836
2020
64365
865104
537
4396
26225
2179
24494
30586
33882
19906
11069
5740
37995
21289
44502
4110
15412
1394
14636
25231
20737
563
34740
14502
119968
1254
17072
25553
36360
31146
27058
20844
21454
57108
2148
1637
16732
55178
3760
4381
13055
25431
1865
7646
9185
27839
198226
21901
2820
4898
24050
434
19635
44034
2605
80475
11836
100212
12617
23636
6892
113364
8794
11328
57600
6558
7498
542235
36513
46040
9760
28743
6226
21055
21654
41570
14911
1529
614888
46890
1069
2256820
20256
4458
14064
6765
25728
25286
32360
16380
107125
14517
1543
67743
19211
61323
24119
59515
20837
10790
10174
47202
7487
22964
22879
49360
2350
131474
29292
45368
20871
38714
53264
21280
1870
2981
27282
58122
25696
15553
8976
70812
27871
9195
5398
1092
17682
44894
55134
61668
4762
84228
643
10860
12070
12763
4258
22253
17368
34488
2319
25427
19443
13086
27370
20493
21780
46
320
15440
1043
3379
496860
8756
947002
27887
59552
28210
6377
17209
13843
27892
6459
22919
25679
22000
10988
33386
11
51268
556
189244
17293
2135
19236
911
95298
22519
163149
43616
955040
122165
23730
20115
11260
22284
9710
5163
2546432
14902
17991
193
96520
23093
60288
3057
66129
296590
29609
40110
20569
14730
33426
51546
23603
6870
10035
9426
76161
53204
4042
10472
22077
9844
20988
48820
2045
15988
53758
2112
24849
12702
89127
42465
15428
22541
8637
22902
20862
58760
234
14018
41860
3936
9268
14832
5638
12360
19511
45052
2672
7639
31700
15672
116526
34224
273
511
22856
295344
53868
11389
29933
240800
6229
51980
86928
29048
26309
132186
24850
28641
23657
27427
164171
6104
10008
27877
147040
15151
14921
13623
8110
27999
1026
745
23834
4349
76035
23803
38772
2004
18988
21095
12346
4351
282060
672
6436
18681
14262
14771
14318
9540
9884
1736
29320
14381
82959
28291
10391
14717
113967
26651
21962
109048
216740
25471
7370
904
10813
1431
24519
17724
887
1992
328861
8080
400
1209
38484
6524
443
24667
33485
28059
4647
2646
10765
20375
5269
21442
16902
28255
44006
5959
4917
79857
331
58110
20934
1450
21468
18903
25122
55336
24754
489532
12702
336
5412
12690
27098
2510
25817
56829
10396
15528
26144
14008
24913
5068
5728
21915
1231
43030
26557
3124
14581
17326
2070
20360
439
26714
28919
36675
16421
25700
370
8167
115952
29303
16481
497
6836
4660
16515
6806
28734
2015587
2162
2856
1640
2390
90600
41484
2750
53622
25227
29785
28799
2117
663264
111468
15105
60084
9892
10669
46668
6389
137190
21048
28865
1101912
142218
19759
4866
24498
27985
6680
20873
71592
165330
97672
13482
19834
16390
18170
18685
35826
18270
24879
553
28454
57754
10696
482
54540
11773
2914
2175
94710
36786
4030
12015
2011
22495
5674
16218
885
12214
13439
12724
10840
18329
4251
1600
1224
112744
23664
2434
11268
32280
55434
10828
15113
21086
2397
317980
89427
21530
16445
17940
1798
8394
22369
2672
14471
13391
14730
22366
20813
115990
2338
18806
2013
5184
18871
24078
76011
17840
23136
5203
54810
10775
717
6464
1262050
5378
18761
8619
20076
1250
10935
92421
365652
7059
15403
27305
4475
2050
2130
2104
75684
15493
7638
15784
87945
68205
15962
21472
964
155940
11713
22390
1226
17395
40200
59064
24758
13035
142745
17958
16907
5372
4424
8192
173020
25563
21698
11236
101300
2014
17070
14766
6426
26536
2712
26402
5718
345536
2422
92465
18464
1062
26507
6848
27392
11188
19661
124380
5103
21877
9737
2726
2090
199954
7783
1780
105402
4410
17662
13098
279
20874
10420
8004
9645
9024
3254
21179
14478
23041
25865
54248
16370
25385
15543
54904
21594
21222
797
15984
24330
279216
15052
13712
182435
25100
24716
49834
23768
3910
42480
9297
1204395
22416
4182
1921
1999
140352
26299
16717
1232420
20694
58558
7672
22632
6182
1597
23301
41086
12940
69837
15383
431680
22235
8135
558
14114
25185
37986
95160
156600
7577
16199
111610
2159
18
26474
2769
1460550
204
168105
10158
8461
186158
22000
6661
299850
13012
16660
70620
1976
27463
8632
31886
46990
2488
54754
67240
104692
29705
140217
57484
138
20427
25488
22437
11790
9369
42128
62986
25974
71323
42780
23918
1476
4716
6195
151528
59310
2367
3637
5088
1883
36408
4582
1752808
1753
10403
22083
162736
7646
172206
20949
115479
12754
44746
9614
25986
12936
59286
3976
102480
60357
18922
21489
13120
9665
3934
9632
23864
548
2491
12952
47430
50
23090
19500
26017
15533
29997
16309
2512
14514
86660
18629
10130
1740
4648
999
29856
12872
1254
29420
28623
12305
23243
3823
89765
23098
25056
80576
958
25111
29632
11878
104562
9028
15179
29337
71020
110520
24342
31674
20078
26143
28646
25676
9326
28592
28037
79287
22960
25940
3587
53210
52857
8160
13145
22657
22626
104
43536
18395
47964
24849
5769
18689
64722
2647
1777
19446
26431
10106
1665
145510
46197
1373
2507
10552
26094
7517
799
23488
27138
8863
45682
31748
25963
10942
7211
10398
217242
1109
55251
10648
4074
24807
59830
969
10846
86994
4413
29602
34761
362
8362
14455
9684
1141
14972
17324
7220
20486
13520
37284
15350
24161
140544
31212
1009
8546
38283
6975
23700
32847
11696
28768
6561
4945
28752
29954
37328
7449
101796
3864
13792
992
1386
5655
4685
10796
16144
5862
74540
18335
3951
72009
26252
4306
16977
16203
18107
6276
51704
230112
3570
2099
13692
1916
48630
253503
16000
77068
71164
15670
34008
10189
8557
598
990144
25518
15466
557
26783
13662
21208
23520
232104
87585
49976
13867
22627
2111
92330
26844
1275
57988
610
726390
2665
19392
26710
10946
26881
903
12797
4055
7408
11068
3276
29134
15854
44650
4867
57792
28936
5518
5684
331840
25560
12533
22781
40260
8430
17030
11516
72396
2557
185
11225
16277
15082
70389
28677
54696
237852
104272
21560
22323
1426
54710
26299
46272
51760
19107
14575
27003
21264
4588
29855
10161
28307
14308
11400
24176
37910
21002
13350
19470
538
69333
2752
5529
8880
25417
48270
1314
7516
22307
29211
45826
79629
7202
17707
23764
51302
153450
1288
25399
6689
26864
56998
35148
27931
4418
86079
3373200
5585
42726
6004
25688
8177
9224
80640
23003
6483
6734
19650
163158
314132
24683
65496
49654
12243
67998
8152
8658
4246
19735
3288
22861
14250
15635
26753
29142
23100
7602
27516
2290
23128
21048
240724
24761
1554
675
23727
9800
278
21805
87576
65740
27167
11941
52071
45960
13123
7563
44372
26819
11964
174200
28444
19187
290380
5324
424
1319
22519
420774
6805
16405
440
15826
78196
28135
4914
161678
19814
9718
12633
19551
16460
10644
197372
4809
1903
15440
26138
39224
28608
93
13640
2761
16071
60812
5460
23188
57328
22385
32232
2872
23150
10096
5140
297704
40274
3800
23942
3847
28092
107000
15667
14518
44784
14772
55320
5544
27144
28982
41178
33186
10627
1578
19712
84707
6143
12755
34440
47558
14766
7275
8792
17098
1851
22330
2762
3427
2142
33564
38145
22240
16011
15781
19388
17818
49
17579
14702
15879
26990
2802
3670
25296
6391
24800
16057
25465
21914
14717
13234
40032
21917
19404
11428
10291
49518
27562
6626
104898
679
54744
23708
10714
29865
101605
6157
11412
8539
3942
2739
4282
28404
4491
102300
454
761800
14936
91172
4186
1649
49968
20303
17652
351870
8526
17786
2665
18834
1274
816
274043
7433
10778
11748
28965
2880
4206
57976
6592
288704
14237
15616
63324
14852
11935
22856
439
24146
1336
16010
440
27996
486917
29784
45810
25662
7336
1678
23653
39945
36546
2719
59664
27000
49682
55944
14209
26677
21686
89688
14743
2512
7944
16993
14866
2787
111204
3840
6738
2859
8829
26067
28178
307
25600
1891
17148
6344
804
24994
135980
8703
139914
11806
19229
2333
168700
65704
22520
4947
802
27290
7312
11649
27486
13724
19470
2118
37426
42762
9375
21135
23598
6524
131992
111416
86586
4619
1719
5786
22468
12323
20364
110820
27732
7425
101688
260770
5397
34938
104972
109435
2257
49800
14115
59040
1625
4170
40282
1544
23754
955
13124
28576
10526
751
586
3844
717
1718
17413
312686
27382
4707
24561
75731241
11088
9868
4293
23430
359380
532
6937
25717
8964
231462
25034
2401
7601
16386
9469
25077
292429
23114
18362
18545
9050
29776
13304
9856
15717
11787
21281
10097
57504
2761
80961
14060
19523
20936
23536
20415
20144
154609
62745
49324
211944
43419
273348
1028
17976
1627
15855
2413
5858
2002
18296
375560
15175
346784
296
374
18366
19240
17672
14630
19258
17533
4810
13919
1893
20686
27296
32984
26651
145190
5266
792
21293
15341
798762
28706
19539
14576
42228
417
10609
12764
1736
381114
21262
13253
3880
2191
1617696
29592
1190
4483
9560
2648
41854
9163
12764
27061
797
81696
11668
22562
26834
12820
178192
9688
4828
89913
4878
684
65116
21825
58374
40116
14346
14552
9575
56
99075
16084
3786
15664
12286
4574
471753
46960
21764
27402
16662
3222
9325
184191
302778
25338
300058
17913
9985
25955
17021
35469
13573
4080
6388
20
29391
56900
7446
34872
12554
1900
19215
14716
2432
15219
32266
3984
20505
1632
143725
67500
52287
51982
29306
719
2138
16015
23455
1646
21271
4330
6280
10958
159564
7675
733438
15153
115335
46412
4263
12505
14511
113841
17942
11859
22042
15225
24678
21489
52936
24375
6607
14940
27172
14498
18924
21593
6888
770308
27603
260550
8426
2922
17781
28231
21896
31800
22535
23565
148420
16882
18136
12135
85830
66015
8308
15980
7284
7771
26111
14514
78990
208
27850
30848
52680
1534
267
9776
23018
15949
463260
1521168
537030
10414
95992
28659
63644
146000
6426
1152
6344
4040
2034
51260
6879
17925
24611
19425
7403
22832
268731
6688
16073
151116
133375
9770
64746
645
19898
3036
18628
97944
15789
42738
6823
19274
23000
6954
27547
14962
8086
54236
24753
15262
304584
79359
121122
35853
12056
2442
200116
29968
7506
29341
6739
23563
12033
9300
15577
19418
28492
18207
4506
58452
21315
282
19713
20404
5694
142044
16263
85437
24924
27976
10221
6512
21470
35532
12728
19561
23374
24126
47066
23160
22474
16169
52266
91524
2093
9206
4436
43286
18176
40998
3580
172592
1382
2968
23536
3570
21350
24473
29951
27910
29868
7591
2228
12470
25410
4848
46174
64408
66606
25815
34488
22611
18624
6712
59232
13308
218151
15249
23530
685
4834
12109
16694
14712
620
26996
96460
23416
13768
4992
38632
7519
6453
4304
25530
2404
20637
3810
8953
25467
14167
27691
12755
11210
18093
24014
9459
12666
16766
375776
29430
49052
924
36592
47836
15406
12876
17143
13469
54807
17885
9810
24292
15842
288960
13815
5060
27729
19818
18459
21914
7361
28214
968
15848
8418
6160
19758
12060
5697
203920
17493
17550
5510
12392
4024
4492
37816
13985
119784
188
29881
28701
18279
212448
24616
4551
184485
1660
16446
28447
59384
21602
17054
13310
15463
10334
26211
56616
20686
20281
67137
14282
26925
28050
32664
16350
18841
25159
83812
13457
4180
37038
6820
1279
20037
12652
54160
26218
38106
54714
16738
48336
331965
90170
1679
12281
9982
117390
609385
19178
236752
25180
62810
25964
58432
25798
141944
89782
7095
6233
45584
21
23007
294701
3237
14588
13754
1970
67743
2235
22478
26008
4146
27427
14544
27572
5448
20740
21938
2381
1114996
11618
13034
57662
2133
73062
15108
22048
9519
114784
17514
16505
17484
4389
19057
17125
4233
112260
19278
28298
56046
527958
20316
6663
24744
25697
1055495
29408
155
49708
7001
16950
1258
10535
382
13770
25521
19452
21426
26932
278208
5068
218
11103
28421
952
3811
15431
12979
17445
134680
2503
88792
19479
16928
23484
13750
32978
79508
20141
51318
20008
2461
24160
9480
27827
24288
876
2731
4853
2770
51726
16539
4741
289289
28099
2609
6086
2061
15879
29132
786
29635
11950
2912
27458
35690
6332
120600
2224
19661
482335
8244
10801
15075
18691
32039
2686
23983
5970
11274
16131
14283
20547
59566
26554
366
24669
23146
25232
19143
27320
26860
4104
45700
14187
1019
1335
17577
3902
20697
10929
3645
125650
13010
11050
15989
1305675
2414
976
28530
4044
534600
2543
19916
2714
23948
29412
996
8165
792
22582
16338
4989
36438
5090
28457
5859
144972
41180
56470
380
212
691
6734
21780
20219
22036
11356
19093
52812
4783
22865
25351
22236
19582
11563
14539
10835
587
24743
10041
41152
28942
1098
19876
61158
12374
2741
3791
14570
14647
15913
13741
1496
86931
27992
20122
106029
10186
23406
77772
14369
5637
16223
10515
29020
11102
48356
804402
7363
29652
7196
156920
9038
17512
10435
23816
114440
76980
17051
9448
19832
16690
10402
218
9018
19893
644
22106
8700
17250
44296
28842
7544
57564
7924
188540
28903
42440
5931
29968
2804
28364
323
18241
1448
2356
29228
16097
20373
14558
20021
44660
21057
27934
19809
4296
33706
83928
7607
1431
517
17353
23670
8135464
58566
18310
53968
28794
17556
24436
5478
8086
24319
23672
17572
10674
24583
1408
2140
29799
12610
51080
45490
11514
26896
14284
16957
22562
21205
26091
57068
44489
11743
24280
24604
47380
3479
367808
1042
3397
54465
841772
18114
16722
5883
14704
26001
25768
28417
21264
2862
2166
4486
169344
479
41682
55684
69465
20752
17566
48292
4048
27792
551
136423
16102
2126
16151
176176
20801
2646501
42882
26599
8992
9534
117240
17664
15661
1276
22968
51600
20955
20716
59060
108162
35525
23713
458626
26076
9787
641
18823
5757
47238
27942
22015
89484
1117
12259
4451
20548
44448
5250
152690
26025
25275
18553
20305
3878
1614
4291
1496
16684
1497
4653
21303
27696
58136
57578
100569
25900
1331865
266140
11266
430672
12984
88666
38822
7742
6369
26036
11039
18379
28140
411
168
5065
15907
1876
1446
12166
8319
42432
3039
8587
11782
3279
13218
149100
7306
14517
93536
276
100132
9890
11256
23723
9591
27317
8158
17224
5854
27801
16138
47799
17146
22464
8836
6624
10320
5750
4299
29751
14256
13714
98424
28903
20817
22927
10705
15966
18739
9399
13509
22591
136
202181
1048684
26140
37356
104830
5973
78215
4475
45630
1484
99020
15461
20388
25840
29573
14395
37976
16867
16210
41566
125514
15483
4056
18804
62616
20221
29183
2046
6100
27166
8328
22622
347460
110526
90520
46980
34382
50572
22095
19119
4000
1021
86220
26030
1697
40776
28752
10460
2636
14210
1773
2860
26209
10669
13044
9527
15470
16479
150470
19812
26979
258830
17784
266376
5328
28397
19659
147925
17105
11497
11643
10355
4143
12730
16905
51868
168348
35592
53096
22826
252624
104064
65382
23547
178440
89418
25301
8256
4157
7981
14286
145740
25790
21364
47738
350224
58662
19712
46510
18841
18748
25717
27246
13502
2003
2071
32306
35706
10843
4292
27508
19486
4679
54484
36882
20536
11418
11637
1763
12620
28740
4257
14424
12767
18747
19906
24929
3676
214140
82674
3644
1210
68352
15396
66695
22680
10947
28178
102960
134
11114
19104
16776
20832
155412
74767
4536
14074
5244
10618
12100
6355
22137
15857
24052
23496
18995
16206
18816
16587
2786
2838
12603
39924
4020
10925
35200
27030
29655
430
17274
36300
24097
29605
429
14807
22737
15268
794
19384
3404
927
1290
25934
77096
21591
19279
27236
49894
12206
28912
108040
10935
53012
29382
29507
1138
218688
21949
115188
4583
162136
252
28816
45870
26505
37534
28299
6438
22108
21972
11755
84333
13338
18916
72735
14761
2580
24643
20439
52176
27857
50966
77568
922
825
12246
1550
26960
55224
2197196
27286
53140
34350
2161586
6610
62886
17925
240
22981
12341
15504
6255
24842
56382
2812
27908
28927
9415
1346
28911
21864
71088
5566
28201
16692
12017
25690
49414
23392
1400
15656
22304
99388
3162
196867
8242
6760
12701
146970
14320
12925
23641
14336
33896
19598
17555
17332
109758
33903
2126
3639
5226
22248
18880
45230
44224
7149
15111
16245
8652
586719
53662
23478
18614
13792
19053
66003
4069
1623
190
11084
48794
21418
6359
27063
26938
15342
7044
24380
20820
34876
26787
23840
157
26254
28300
15957
137700
21860
16099
9175
49706
1295268
22559
4148
15620
28416
25236
57432
19108
396
57088
6715
14889
15429
8583
8686
99638
48454
48686
21355
1928
4323
113015
65555
21550
21627
1064
10972
1231
24033
8378
8866
2646
2619
24817
4614
18082
13928
17022
23405
18798
13950
9303
12359
24604
3909
52352
13531
2474910
55404
14397
151
17975
14768
3487
21940
1358
146398
28491
28508
25749
190743
14668
10176
35450
19902
11985
55628
77988
23055
28385
23377
10588
37518
14397
19332
46644
5027
2779
14170
22213
28650
17439
128424
2364
284736
16236
3533
26703
7852
138845
8662
5708
10587
602
19818
23122
19925
25718
9183
2096
38876
14015
52700
7045
8592
43422
9129
4003
13399
26416
40824
24512
25306
9993
25319
18924
16295
19065
20854
126
24545
14395
54201
22345
6038
405496
12758
15220
16834
21466
23575
7152
17400
29453
79340
206856
27910
9878
13421
27753
88
1815
5151
117
19492
22419
8289
8528
8010
88536
1294
22926
15248
3559
15181
1686
22043
36327
526
10837
80070
17951
22272
12832
5682
79804
100552
24296
123500
650
15754
15012
10910
1476416
22576
18171
76440
2729
19648
41570
3874
5619
81880
17916
35250
7382
25905
10918
10721
10371
52101
30360
29904
6044
43184
14648
21723
2318
3638
292
8208
16350
290343
69030
5188
17658
2738
21867
7587
5796
139190
1271
31068
6600
2740
57682
28839
2144
24469
105120
1714
125352
50583
1930
19983
6315
12586
10544
29940
141835
1380
11353
22274
23715
2988
56254
6620
2424
1666
25051
5226
17884
168354
34368
21993
19866
10544
24908
29788
53178
7827
15213
22802
27464
16138
11956
19600
3490
45146
24737
1905
15996
12669
11302
358735
15924
83241
35866
916
13125
12096
69625
43228
22184
56550
95928
2027
68925
8326
13922
37754
18084
19565
28499
29293
19354
11547
9555
8976
83958
748
4642
2037
147726
30784
23704
10467
17424
188016
4313
27088
3992552
111222
12577
4404
6344
23350
424713
23152
1244754
16906
59884
34980
9231
6875
9820
7402
29336
18079
18608
742225
10410
14085
17483
51442
1372
421
15616
31106
7876
378567
4874
42998
366
65649
34890
22527
23136
6977
74229
3440
16745
21228
29560
24088
59112
2663
11328
20864
28068
387
69511
58233
14040
76158
20917
12020
10395
21529
6441
14813
68256
76405
24575
16954
21818
26240
8004
9286
3579
4125
19433
11268
26426
16483
39428
16897
14424
13396
36970
23120
20117
1463
6658
55500
7030
1890
53742
30076
14632
22588
27534
5809
204714
223580
46172
25480
7183
8915
24427
21890
56124
10471
44962
37256
4920
1655
12460
602
1119
14030
6709
28889
1308384
726
1784
10025
37734
9047
3241
2482
20233
24542
2172
35094
1044
2988
822
5558
13583
40650
49004
12074
8295
18007
28916
1287
23828
1216
74916
5862
23284
18620
15800
396
3465
15896
59092
25384
22726
10399
9928
58312
16661
6383
17249
15707
21846
35138
7553
12076
93296
2438
167760
45422
1394
3366
22508
56810
16903
26858
42036
26187
948
85893
28840
26681
4924
5974
19425
9504
698
21281
30525
702
66930
39056
230
26658
66152
8630
1848700
27506
24810
47838
100800
23968
5479
26122
8528
19096
9962
10352
27984
26318
11048
166
25507
20951
280294
41966
52044
5164
9904
35010
18514
25030
6417
56217
21590
13439
22736
46116
26950
2423
14199
23382
1556
34842
44660
8756
13752
24534
9365
646584
7380
33608
1911
26736
27964
3934
43160
16435
94640
17140
25335
1716
36716
13006
12465
4838
10389
46298
2114244
857
10140
19391
26510
6005
74924
7016
4026
17652
41850
1368
2016
17829
8984
4932
6022
6495
44400
5575
28504
86412
16760
103960
47562
695520
39170
11463
2012
12443
20344
16350
721732
11095
22498
206694
217660
10754
2522
24375
1342
28779
1526
6933
20898
2080
118
23591
3874
7769
254
65743
14948
15636
10165
14326
25750
17359
187326
19935
1085
11657
14869
2720
34155
11197
24504
21378
6072
12087
54102
10374
29216
2808
28150
18954
854244
2894
24986
1182
27344
643560
29622
2620
4018
64925
24188
76167
5774
12918
9394
21159
5175
6375
28039
25399
27954
32900
30384
2076
4839
18251
79956
14851
1206
6898
7525
19234
8174
219
5534
18837
9706
40614
20072
3068
22880
99
21838
297364
231280
20530
107804
67950
6934
1519
739
25741
31654
53568
27065
54520
1558
5749
3132
13296
24409
22387
71468
22881
10792
29484
7998
25359
24460
1427
44730
78559
14348
51543
29110
12516
56390
645983
5540
63700
1249
9096
20102
75486
8640
53532
7848
18020
22937
17647
27860
37634
6241
88371
4293
16317
107646
1611
5796
71943
27581
2012
40068
41448
389
1427
11869
25173
44540
12701
29793
167692
14848
17882
49714
221480
70866
18372
85480
14444
28578
2497
242462
78200
14886
1029
13036
809274
12790
42234
26069
117480
12582
13340
96696
1279
2316
11053
13804
239
6466
28034
9239
140800
24730
21293
41031
16600
18282
20986
11921
15852
48186
29872
18681
22897
17151
71478
13527
2214
136557
18158
3143
22622
19291
22903
45725
9395
92612
9761
102020
28088
11591
35187
5981
23229
17464
44562
23910
21144
26757
11728
9403
227760
29922
23143
152886
22208
9542
11218
58940
25490
2430
20612
15631
5380
1155
23270
48195
70688
24460
55634
24467
11930
13070
38152
5324
17908
28194
7983
4291
17055
14574
27206
89932
5333
28562
80103
44998
101
18257
17177
7769
330
160
19910
194388
2267
28548
761211
45984
15856
13877
973
26074
573
28660
19085
42222
18954
68496
177828
24732
25445
9727
102196
158886
22574
48468
23195
27678
29028
889
676700
75685
4107
960
3309
56332
3117
21545
3296
7518
3960
24710
18769
18063
16968
21323
22634
83331
12754
13369
17923
175152
137445
4366
24371
18222
24085
43704
319693
1315
27049
10262
26241
26151
28655
57080
10960
43308
1906
17145
29916
21295
6019
21391
24546
234513
1653
58246
19857
2142
4282
150666
21556
9152
29964
40680
1794
16033
14721
15288
29002
28823
25050
1776
86070
5390
29855
11569
11181
1859690
36418
19275
61122
10135
23567
46052
51378
30528
10329
3944
27834
28664
92448
1137
17669
20985
17353
10889
7808
26979
76995
26006
8732
20742
16752
10254
3713
21683
15031
306
20419
16479
5001
28793
302434
19608
68236
50436
1894
43098
127
17782
15517
16152
4886
17837
21423
20143
27470
24485
196826
56360
28874
23246
41068
12727
21474
25625
27270
109
7331
23042
8399
98562
14751
21426
75160
23500
25227
1576
6951
40718
8475
40642
2035
55200
7197
17686
32470
80904
212
8224
21997
27440
19758
22328
38812
31104
37202
18937
115556
5650
29273
42916
122920
24567
1070
151704
15880
51294
8812
3595
25000
50060
19481
15820
23922
25138
30702
10931
38622
11020
27113
13299
1659
90396
182399
19115
26910
12347
13116
27654
21043
13497
28584
2434
380844
29402
23964
1379
20337
17195
6830
29492
64380
21250
1777
22320
28357
19754
267824
71700
16117
12515
13573
19601
117992
14680
42
22784
92
24127
2836
20631
842
45986
43394
24048
16866
147336
21555
35124
24301
58636
9289
80385
7775
2597
6824
112152
13775
12987
2610
697
51814
11254
43326
73128
257676
2394
16446
23055
84294
11493
22354
29190
93456
2139
13812
57405
1475
8774
86244
2102
44890
29926
15415
24648
11949
44454
29991
36364
43120
28772
10977
93680
3427
74775
7984
19102
9255
1824
21873
22960
67305
5699
64854
16041
13088
33468
6793
26934
20239
37372
8178
940
11984
22666
877
10960
39896
23960
15640
10082
2932
53628
59154
43032
2748
10798
182439
1051
18316
10013
26602
6075
20451
20712
10472
6361
53
20149
18113
34062
9954
512
9174
47882
16344
24164
32204
3378672
11635
22388
2033
43764
15501
21088
14161
20308
1128120
147855
11835
29958
66399
23394
20128
2056
52392
1421
12418
22254
40682
278564
54572
25212
8529
25582
12380
16873
14004
12696
89696
21106
83214
83955
2715644
64148
25633
14307
769
9696
26057
31974
141345
8508
3012
27588
1164
21102
16703
25512
44402
17216
12810
97440
23038
4858
21989
23125
1230
17728
86868
9021
949683
21782
18324
25205
28733
26035
55758
686
23582
1720
4476
24645
25716
26250
28614
84012
10405
42380
41312
39504
27396
7206
26972
26703
3313
8321
4711
58860
6448
29409
1377
1344
2571
7960
349418
24383
34269
35082
4293
17640
161574
5154
24602
100638
17118
2210
16914
16819
2229
12752
13208
24385
8412
5114
20528
47672
8040
14311
15373
89448
2670
18982
26368
24386
1719
23120
24003
19398
10698
18160
8425
192560
22794
1417
59152
24535
1806
1209
27748
443664
27456
26796
25136
19696
4025
20754
709632
53432
20827
14853
76885
14127
11822
15973
24765
57248
4512
25750
29830
9250
28982
3403
102
89520
116704
1428
18142
19493
17277
2086
110564
6760
3334
44475
431338
23552
13074
309133
751
20137
1729
15282
2682
11865
18665
14071
8573
5882004
1578
61251
21197
829
28763
11248
2340
74004
35199
795
24327
27526
28322
18914
2545
12076
24114
14457
5963
19730
27232
11676
227832
10394
824490
2960
736
574
4746
7782
9977
33345
16316
150018
15055
55670
897
11061
3588
27544
26265
42185
6536
14098
25334
21621
20319
4365270
26039
17458
8767
324856
1003
59086
1370
50576
440856
5405
311788
137181
26927
5747
13034
11206
110889
15486
29380
87786
48903
3814
27365
83604
6717
13820
18987
15329
24304
12599
111
49420
2361
28909
2706
134568
6884
21763
9708
15817
16216
6795
49220
25250
248058
4109
38412
4908
65661
16197
17635
10696
24267
12546
49480
3777
27321
39436
27686
13848
1289
47872
1239
8289
25522
3332
16909
7149
7860
1947
15634
140161
14909
4395
35966
25683
24319
13146
14599
7749
1045396
17993
2615
110082
21378
3129
12668
20447
7684
28356
4872
4946
23481
19112
53180
25900
240030
800
29526
26955
12420
27016
108572
97665
18541
40474
39954
18643
1656
11186
5446
1401
5897
15770
59656
3084
2586
87126
5696
716
69318
12421
1288
434511
19831
24070
14765
16781
23907
3993
10711
8347
36000
59238
30212
2930
9696
25553
1929
29163
24089
12506
4500
10734
1013
17632
2700
1198
141918
11523
18562
20002
954
5803
1631
19871
10428
28915
9005
24861
157512
5835
13200
64476
6327766
3656
3130
1229
25886
29724
23428
1714
3484
13196
25488
860
7193
23028
27506
1092
3534
2582
1200
11384
24690
12852
3566
28967
319449
20679
172536
17267
1371
23662
2909
53035
1248
9916
12008
15883
58596
11830
630
16961
207909
12609
161847
77952
62332
11950
9649
3928512
643
7312
17677
83253
10924
4601
10991
16514
18873
16090
123025
15399
26710
17258
1058220
23331
21075
1388
67860
8061
3456
12878
50342
29615
33660
7775
5006
47340
92826
10470
5846
17201
62296
11580
2246
12421
167016
931
28825
21705
8289
28804
312532
499698
500416
173742
22624
42360
119056
14122
18183
55260
20402
46084
12487
116127
3672
9749
57854
65260
8128
25204
32760
25480
48807
39744
26560
57050
29453
23959
24990
23315
1248
15472
3180
25355
16695
20550
25660
16172
3119454
21067
976
17139
83960
40220
19800
22664
30316
2789
6236
25596
719654
10543
774
162140
205296
3606
18613
29620
20773
54848
44432
5240
25786
14331
82100
23658
2317
9993
85275
872856
28492
24874
24720
34886
11616
5321
25052
3620
45386
9257
29533
17248
45840
2497
21420
13390
90498
117712
22108
23540
20941
68
12733
198288
66531
1867
21980
648
14574
4415
18306
527
2343
150708
454
745
5324
51992
751
15871
4289
15672
12218
29557
28142
6543
38049
12376
13335
29843
15732
34260
2509
12253
10811
2292
1157
125350
23884
19708
29766
24254
91932
9289
28552
36604
8814
15209
15164
11696
1191
6962
616
5481
258736
21293
25077
50632
26544
3400
25995
2588
368
397
1707
16577
264900
10811
2573
50020
10797
1886
22331
4958
17186
9037
9838
2512
27118
16047
8360
25165
8310
27860
19985
49194
22376
22560
56620
2760
29473
20410
12672
29555
25944
2677
15057
11720
5298
19198
23077
269090
64671
62418
11462
52722
162
123998
26960
19685
166320
1665
53774
46826
42442
3581
774
17556
29225
19428
28873
23070
5977
12184
1534
19146
28235
17542
4455
9676
74577
16716
16614
22918
84654
7757
25567
53295
5151
102464
22439
16596
21475
82533
23633
7880
11105
56202
26956
72378
19751
19475
54026
5720
2251
239140
193875
23927
10293
26503
9317
5960
2750
13140
577
8472
29341
27668
7930
20091
25156
28160
628530
15456
23990
6697
26240
5338
18007
3909
28109
46398
3096240
19013
4392
77050
19889
138230
611
22530
8992
2577
63690
1240
31011
281
47910
16053
81738
13334
52528
154245
3833570
284691
10386
2457
106760
638560
30125
35727
52000
2452
41619
50404
11298
3088
332
16060
86214
39272
24697
35516
52106
5819
7030
12334
5549
46448
40959
14891
17990
2055
34900
25605
13044
24435
15894
2750
23983
11043
54378
4255
25336
1994
22255
55044
35182
11022
182028
48172
2439
42608
11504
18914
15068
19485
26490
14481
1803
27286
35420
11264
29151
73
10024
26706
20975
1830
981882
13799
107792
5430
25104
5120
8473
18688
18560
22385
22997
5334
363454
25337
17310
13217
15112
2233
25146
15567
16326
118552
48915
6634
14229
29462
14814
179130
51764
41730
45888
13462
12436
13070
29853
23644
20348
53382
34738
8269
26459
144765
24518
2817
12586
51384
11303
13832
85636
28102
6977
20330
117060
13258
1753
19286
20742
1782
15152
40550
162386
3686
17538
27385
6270
2187
2873
157380
17880
78321
18998
59794
29689
26619
11332
8998
77928
868230
1637
55824
18875
19839
8188
16005
28948
10321
10169
2472
125355
294
1113
26286
3070
5167
4112
951327
4548
8324
20232
22539
23168
27205
1083
16780
14454
7048
45580
36282
25410
1461
6084
9517
27340
318
27150
632900
62994
28307
29067
2808
25297
18918
29730
28167
49761
21386
54878
203070
3840
22784
28422
3240
9223
9258
15016
72163
19549
2466
34696
13246
28160
10169
35776
3126
2830518
27622
18471
16541
20256
38544
28428
692
45126
19389
19010
19671
7030
3150
12269
12076
136
14922
11241
90528
59492
600
19244
5193
3346
7260
3637
1587
89340
20836
275680
29031
44916
22167
69951
27849
18010
36609
103530
24051
49332
172044
2675
48156
26974
12885
15994
30174
21556
26810
5334
48388
4443
54494
9351
89433
9578
18098
15398
864
1119
1468
8983
73560
38799
1753
24409
40788
88578
19504
6359
15258
2242
10268
1853
42610
9595
112084
1564
19124
468
5092
383670
13111
3154
15568
23268
324
94545
19939
7445
2722
548
1690
57608
33378
22058
33290
10721
61710
20236
6633
28317
44724
29910
2362
33711
28155
56718
6535
28129
10386
119466
5349
4905
25649
8247
2664
37674
19836
14502
10846
964
3787
1251
18902
24011
3690
2108
62912
6994
6383
247152
17973
13676
13235
491
5339
26774
18068
2104
18019
29483
