64374
93546
7815
97143
502
11877
85101
14710
91100
2035758
32528
25483
23301
22463
62588
4730
57288
16293
18933
27014
10243
3085
11280
19765
23491
124140
39844
30964
3213
59312
17492
23473
131040
51976
18165
62838
21165
13422
13360
212968
15982
32139
4273
24042
15764
31583
5787
33392
21678
29674
3717
22506
6182
99840
27490
5763
21226
13061
30193
19093
18521
12522
24357
27407
104300
63694
153140
7457
5848
27513
43826
16571199
22674
16444
32022
15083
31604
19280
56274
2932
14310
4159
57466
39266
9327
977
9481
273429
19135
1118
9952
82020
63488
52046
112196
20198
28766
11544
15954
64672
32212
23103
15075
19498
29241
30603
9557
18381
23690
56976
472
19493
20856
24794
1336
19800
30516
87723
11676
8619
51442
22956
5998
7671
7899
7113
9404
327173
17486
752964
45210
23256
11257
57954
61900
12110
10480
17160
64784
95823
25598
42498
3000
1160
47736
13812
30603
23375
11982
20974
11699
85593
40694
29735
407744
11432
7232
8454
24261
27618
6072
13403
13996
94176
29500
39854
17520
3770
21362
160839
4550
67100
14122
9777
1292767
41360
19209
25542
2720
57424
71871
235587
8679
47104
6301
6407
377
22691
21383
1816
29282
27382
20703
13149
24760
32177
13085
13339
7539
43311
13493
36396
31784
55732
28516
23698
5859
64852
16056
17031
158
8478
10116
27683
23247
9320
364
4484
1411632
25185
6154
9142
29635
19044
41568
41428
502520
27882
6348
5368
9518
38760
18651
4631
56714
10470
6661
11739
21246
30434
4129
11886
61098
29157
11785
21522
64006
13636
63808
10966
16377
932217
12576
4247
152950
1827
64846
55330
86788
30492
267564
38480
36868
44212
97016
30217
11957
3817
996153
5571
24048
74140
38456
1973
27702
135520
28876
2096
284
39894
13617
13878
27324
1284
23072
11125
20735
67760
65080
25733
22608
19903
28188
30049
26757
20412
31028
269340
10786
22874
16347
21508
4711
19554
12161
12947
25777
11400
2896
56217
13233
23861
1857
2266
143310
28956
16995
5639
13635
49506
11366
8964
11384
1610
8814
30301
15698
18670
161960
68829
3823
9906
6593
27733
14565
26426
12583
65472
23316
16724
32031
7125
40974
9784
938
31739
1728
26706
3393
13829
20232
54772
5215
12999
15005
13418
19536
29907
145138
25439
19259
5992
7530
31081
18138
19676
12809
1655
30696
95612
1401
5053
45142
18637
31408
17302
28483
55716
62560
29642
294126
13607
2161
20144
185646
23674
1419
79083
12315
46836
547
4063
44744
15258
21911
14326
35496
35910
24940
98230
24474
17127
11767
29498
46488
23762
39060
26267
17123
15509
21186
8202
122621
586
16012
21933
81636
14305
19231
23580
1575
45592
856
6248
41550264
19593
222480
22946
97902
29400
129684
130508
92226
28241
12966
19728
42507
10398
18112
6180
11107
41212
13272
29730
54742
58149
7058
10639
85495
22876
59104
10710
31436
24640
186792
27375
47974
9657
94788
4953
20619
26777
109040
802
22644
7274
2878
17394
5163
49848
23210
6185
2459
4547
7007
163740
12708
24381
168015
226640
233073
126084
31382
9481
47496
10190
25683
6511
12120
12899
30531
22356
20162
18179
1274
14566
32459
37588
11513
44476
14850
64720
19617
19105
29283
196434
93
7833
22448
244672
8714
2261
52400
23402
28842
19423
13632
195516
19785
46010
75232
25021
58552
5611
7033
10700
325
20407
4277
60178
17100
65559
11262
32214
27256
14212
1430760
109150
129890
14194
14439
4118
140210
175236
88857
15470
31171
23270
6079
29832
6319
1588
60615
9984
14916
183625
19462
28845
9104
6798
6856
28413
120004
95090
30639
8170
276
2763
30212
31718
3535
963
35972
5672
200608
25665
2573
25701
119766
3884
21047
8132
7454
7274
5773
124304
1949
53910
4088174
32446
4632
25170
12509
24581
6396
23834
51720
2397
28864
5230
18569
16824
41190
18224
23349
3943
303420
4978
13222
7559
14693
27494
43520
94120
3975
15992
11057
193842
16978
49490
817292
32152
12751
19501
6860
52036
77880
12944
48300
8933
19080
18533
245760
31547
6270
14967
36840
17801
10824
29588
48672
13835
14394
975
1138
52230
20340
25770
77508
445952
8058
18122
22054
22290
89484
3301
86448
11677
99760
28234
16893
6459
125380
16039
11839
440858
25865
5649
1230
17992
26133
21919
74529
43
27196
38616
14564
3269
60321
50162
54730
9096
53338
36340
31615
15235
12751
13698
10437
25759
51520
97472
25169
23831
2221
13100
27678
15984
56193
30325
16643
25435
18255
47668
492208
63069
11223
571021
144423
25321
10507
23390
12196
8864
62216
36627
15206
48458
5449
39418
10787
200823
25331
10582
1450
18020
22734
54612
30324
152675
165864
117900
122815
12921
5359
5971
18457
1565
32008
38552
22059
16168
160461
103005
239168
16114
35116
355266
25396
14383
7817
161670
16873
498402
53616
14587
26207
1180636
1363
30148
538
2423830
4392
22268
268690
3420
3670
19691
685
62652
7116
27847
13232
15416
11940
11914
299632
9865
40182
26770
13377
19680
16974
6252
8385
31009
64364
14334
13002
23809
30833
31234
30696
30106
56344
23076
22370
4539
27665
98920
14076
21890
61894
4658
32662
14547
19181
10680
28570
8258
12364
37720
25572
33460
52788
3663
144408
15152
28677
8496
6786
3622
907
3910
29878
33950
358996
3408
6802
25578
16302
54099
807
12425
9748
17432
22069
22448
94700
9674
48626
28525
5919
13613
28124
53680
2494
30448
26374
115910
8637
4101
6202
479384
3698
27301
18780
25346
66530
23729
5597
50074
865284
14414
12476
51372
77312
8891
18404
1175256
3806
39656
16923
16595
17423
28044
92400
25798
1384240
3399
27171
26490
2295
5111
14773
28801
14356
8216
125640
89787
231680
24078
41735
15600
23574
42424
6231
13921
19460
25800
22780
23311
8626
3420
61364
18196
6242
6466
3016
7712
27952
12363
82713
26135
12234
46455
323578
30504
23574
26518
16783
6462
18053
64886
3142
419679
17970
9060
28624
32058
62472
22693
1407
319004
92869
140442
14628
15050
22687
51285
70053
114888
12429
25333
182916
42006
26780
128064
3709
149118
6062
7448
2764
2190511
30401
26196
1487
15874
16468
27118
8447
6986
2450
25548
11975
101583
28138
124608
46356
11723
98400
22674
49130
59780
18138
136619
5578486
11644
37176
11560
7352
768
21405
49602
61058
25628
28269
26352
21237
2913
2067
13409
18876
25052
10958
20403
16425
19206
13528
78960
112392
20362
13792
46192
3762
667529
61188
28212
46113
1709
13003
4216
28248
30113
111485
302150
211446
63986
2208
2572
5358
16964
22239
69016
15326
30742
71010
18898
2645
28807
7187
64800
14120
180104
7836
30428
12989
5097
16029
18960
11073
3822
19699
35148
31945
5552
31417
2758
16690
1842
53708
10510
26385
16584
23160
24528
192378
21131
676
25506
21921
13988
12094
29984
2875
29061
50115
61665
28398
13835
23364
29044
75795
25893
1325
8506
31751
3988
27414
301652
25695
1520
59896
16130
22712
20206
32531
44552
18357
61156
10976
4762
24166
3615
1266
43550
22616
33582
28021
14304
24288
15230
16698
5572
931
30427
23952
75852
8809
1836016
10438
1471
27718
12907
24917
12718
27961
7478
10532
56487
2329
28933
556512
12339
21756
20390
1990
85
16377
50523
21151
32928
26192
19448
122985
14789
5615
984
83100
118568
33640
8609
2147
30046
23383
37814
9366
10631
7150
23248
5553
47376
25410
1348780
35452
62410
71982
10912
30290
31979
1263880
235328
19388
8031
32542
276887
31599
96066
21869
354555
46690
19925
508
26264
12933
62526
57375
3448
32213
37908
61575
16281
3811
101148
11274
31792
83622
4391
17384
105435
25391
29897
3623
593
25060
4152
40264
229
10976
30668
12788
151480
26784
110256
110452
18732
9155
17896
85140
17018
16428
22231
26958
19373
14200
19379
27975
31728
77610
31602
31506
123288
13556
13798
3684
14138
12848
28952
28216
37264
23038
86688
20317
123053
52530
193688
24131
164488
11445
330510
230430
25650
21170
4199
15019
1357
9479
13779
25810
32351
39864
8765
7259
1247056
9785
12859
23684
95092
28087
40290
27443
25235
1260108
42642
1409
2293
15154
13473
21381
8835
29171
27664
12133
10637
12416
6962
2970
3170
16680
23620
2310
17554
25304
21249
26925
42507
17814
32703
803968
476252
68787
12491
54471
94705
2471
11777
24629
413
24709
94218
29690
6114
27670
18857
14960
31246
26797
32687
228190
11280
188030
98300
29234
57726
18963
32364
37824
31914
60232
4255380
20944
30298
20182
8334
91191
96384
1376
532360
16040
4829
154614
14952
29697
86904
26549
23782
44529
30933
15522
10838
10422
6308
20353
1531
5925
10527
2642
445578
6859
13074
27898
6711
51888
15510
360168
8760
51194
368655
30504
15415
14005
18904
27062
31558
22506
13068
67816
21950
16094
32536
2180
27553
30982
12708
116552
14129
148575
42861
3436620
2928
22672
15434
41619
18202
21708
18178
7683
14400
55302
9006
28311
16807
20015
101398
9669
10433
12304
9797
29582
2090
3568
27153
87837
92175
59344
8392
16196
152
11074
27481
14284
13094
17069
17588
12255
1293
44558
5258
3611
18719
24616
26185
20291
25412
16795
87
25325
4688
45150
22413
79276
83043
16406
13804
15097
26621
4842
85792
430680
9810
17847
21923
17290
19405
28575
94488
3230
38435
6252
271630
13310
16026
1476
47928
103390
51214
8401
23622
32582
110000
10865
6043
118935
7580
8709
121860
21867
14335
7042
31836
11567
17372
3331
3327
29957
29500
449253
20990
63762
32769
63074
12013
19652
26945
11358
14782
32439
54915
12201
9630
27881
19341
9566
94581
22752
23699
89637
185304
37272
18563
18197
4157
11249
38792
56343
19367
18517
13036
47943
78
23981
15602
24272
20024
21258
44124
16064
63382
29022
17117
156636
25344
12781
23636
17895
186184
1505
3325
149669
22885
12340
24066
95985
18721
3685864
3852
93612
20433
19859
30804
114
352
23341
8313
38828
508788
12122
19548
8401
5654
12868
23265
942942
26241
53460
29371
6756
21401
63756
14035
5026
15919
15035
8435
18852
225816
26882
123316
58576
23479
1881720
10714
3155
4572
19998
103842
413406
143004
22362
10869
20920
19321
29457
17898
11371
13402
15993
23737
9519
17903
201381
20124
9612
2813
155820
7632
80733
25814
27910
51714
29485
13712
9324
47757
15205
83772
3350
25923
7668
14112
23866
51302
23246
16301
22187
31473
12346
21697
30257
5020
94840
44358
19741
324785
10010
14601
68760
17678
474118
7724
25629
28985
15918
10132
21964
3473
32199
13682
17071
4547
12434
33024
22076
22032
14699
23144
12976
21428
17123
21487
26026
17848
11019
84807
95421
30857
17022
17802
12285
27431
10927
27962
424732
12045
24436
32763
42846
140
14291
12952
28032
3858
108592
30832
846
10008
72882
36552
6315
21207
49274
16925
30461
62432
56728
14854
8038
10173
57765
12728
82334
18579
32347
3323
13314
79656
27865
8698
32759
61742
16864
24994
98440
18217
31346
25130
32491
24582
37323
454425
42112
24216
14370
13186
30912
1774592
31290
10788
29480
5172
31375
2860
26237
31178
39124
32800
20859
17001
12339
12498
25276
378650
26693
3767
467152
18431
20723
1252
39088
12558
2010
20721
51720
27219
11880
16469
2958
37983
5036
59138
6237
22965
20832
16891
185
65158
10291
21648
18287
9698
544050
14770
30835
29119
109932
4974
2870
17293
16
138040
380464
78995
25604
23054
20622
30165
93088
17248
18172
180705
30076
3795
34246
18638
1152
31873
14267
15734
6416
31509
38356
13612
2130
2517
41022
85600
32634
30996
16440
4042
183120
9789
40942
26515
28777
26675
26742
149824
9704
25470
5284
6068
19968
14548
23562
15584
191664
51897
23197
63928
20229
31350
215336
478400
22762
1768
20205
65115
19705
6044
53590
128739
8151
18250
115396
24064
30822
19510
129534
5947
430302
29492
17053
30767
48819
29242
49244
17942
66864
11370
19574
27117
126162
317550
25624
32533
193323
3269
55600
18479
28722
2181
5446
88011
37982
26169
248696
56228
236184
7370
4034
14094
8243
60596
26110
791
123555
32703
12263
1771774
128240
82172
2238
10816
228522
9612
15333
26532
31462
4097
5432
15734
31099
11038
23874
41120
4220
7745
33240
1672868
129560
24998
27221
18222
9227
929
94092
21019
15162
54324
32715
31692
10495
19528
3439
29422
7710
74259
27173
22501
28859
31585
18661
21013
279490
199968
24374
2811
21512
3738
46762
18316
99864
78726
1959
15309
24916
27114
18272
119500
19969
32258
22644
29756
48302
286110
6904
23502
51072
46692
15470
16591
20846
50001
283840
1924
17312
16158
3514
24622
20785
46328
29357
16995
32545
75630
24398
681
20430
21668
5007
96608
2870
19505
5753
6576
57884
21978
45300
15645
33810
71135
21594
28340
1751
44754
13768
17213
53848
3608560
12134
32225
97782
10527
28264
303744
58994
13083
15589
47820
31643
1232
29318
26242
22831
10590
54502
525920
509
12755
10874
28146
3590
6440
10143339
29824
83874
43395
63879
20149
31826
55023
24275
13835
57482
9659
24478
859545
29943
52366
16385
23601
36358
869868
10847
37200
4677
11841
250547
7942
26107
2208
30487
446796
4057
3085
32633
21814
55632
25245
17408
22375
23480
209448
10848
32421
54864
32649
82488
35036
26037
49484
23612
31338
24010
8598
173632
9282
1232
42678
75055
2387430
19396
31291
30803
27936
19670
7471
530332
23159
20933
67548
27736
28361
15316
2677
30029
145475
9320
27071
19165
11054
6857
12535
68487
30640
30709
9534
8469
31945
29479
52242
30738
6664
129568
19739
668595
32430
21591
120216
2114
105530
3189
7870
17485
2643
26931
6405
246726
19720
26463
7062
19221
24108
71844
58308
21101
24720
55940
1277519
20514
29546
5028
7774
24004
25362
24775
13496
14602
252369
10674
25862
28737
8028
1285768
16691
45038
27714
60969
3406
27600
29376
31994
20551
19753
12956
27478
10472
42678
23973
34456
17966
14448
39416
4253
9512
29803
3992
174270
56468
15028
65200
17472
54870
19315
1042150
62188
39702
109722
6082
4796
12809
40701
134120
72644
36368
17968
31800
30078
39663
39020
18120
149590
24309
1048
29339
2155
84915
10390
16800
33740
1360170
30046
4525
7858
11885
3806
23607
9080
88056
90625
53548
251537
5614
88825
68424
30748
68684
32388
69615
17084
7129
10225
16176
74007
395
57954
50704
3430
28098
578170
15392
13696
24621
30782
24396
27221
16514
52124
4784
16623
173208
7719
158015
3214
11992
39784
4519
91638
2974
21880
28565
2124
21822
500868
14678
54729
101436
439887
23218
9701
3264
24500
28280
27932
19932
30223
20828
10380
152500
31783
26497
12060
14357
21294
14800
17195
10775
4358
13608
24429
55238
29648
26900
14241
319431
28176
26097
33856
73521
3094
18845
19522
10547
153770
20764
726
23684
15502
4682
4437
138290
39990
22437
415
18985
639408
405524
576802
58209
1131
73108
130316
13081
12717
3308
12469
72552
15766
10714
7311
269640
6675
15804
28371
16341
18511
64245
16112
21031
17374
9369
24586
95937
38478
1041
15496
37488
54900854
21229
95550
67592
9219
89267
22957
13431
5596
513
26847
27068
12697
43035
11470
12135
7587
23175
28657
8888
27896
76632
19445
23824
2540
19475
17409
57987
21247
12736
94178
23419
18774
29852
22121
22536
7651
18880
76824
145848
21391
6141
18809
31266
20139
52970
145440
60552
578754
10104
9716
8834
1717
105088
14674
44266
10121
22831
24723
31494
188895
56568
20838
11048
19979
81580
12159
38916
63814
26901
19868
18064
27613
41648
12249
57666
9316
248501
27574
8784
11089
4101
583700
15358
2591
31486
19422
7055
53148
102
19735
31913
8022
22721
10661
52464
32590
16787
22654
330930
7900
6266
57764
9076
29663
5257
27992
7883
5722
14822
76656
39978
119215
25510
99885
27272
179663
32743
31858
3479
10706
23087
5351
30379
11012
4100
4854
16292
12597
9060
2494
9539
84702
17356
401328
3053
5291
11272
18254
2208
23591
16091
20684
10805
57934
87888
137390
32472
17495
4436
30695
4547
49500
25347
56676
47748
13781
17513
25949
27874
19418
171624
28567
11259
19478
59044
20448
14530
107596
17998
30483
29030
354
20954
16734
19218
22899
548471
10704
24451
2134
21329273
23862
13287
14952
31577
10182
9764
30049
56782
31247
1376284
19285
8975
10848
8461
14408
102193
32137
59270
10503
30163
10750
12499
26020
789
20904
30935
7201
44908
21363
28585
20576
610907
1742
31084
23882
106152
79384
5652
59004
22766
26504
12409
16316
131885
20083
32561
10834
46096
83576
12524
42380
12558
361
176736
232380
31819
60302
92694
21321
16985
30742
16795
13584
52515
307060
75960
2404904
20590
2018
4952
3334
238320
7360
18241
39506
144900
25638
3023166
113040
32578
72728
6004
432
21112
4778
104980
3482
53004
106452
32756
11521
361
52190
25652
35820
28556
57002
19528
4908
16924
6750
25539
148885
11095
20020
13051
11188
91416
26578
13711
32335
12656
13466
68436
34234
6281
448698
295620
134380
15294
70164
208360
27491
15454
18297
31786
23227
60729
22896
9590
32732
11565
64629
7941
11957
5439
31176
15841
30297
4604
16967710
22330
49892
9038
28566
86874
70910
9656
63520
14200
24777
5101
12858
58012
25734
64864
19199
29238
28903
22253
53366
17433
17596
26136
26786
1324
11160
8586
12617
13866
8320
16264
28276
29910
39322
2575
89752
1696800
62616
125
17126
18402
11300
36120
4943
13021
16075
28588
242232
29456
159928
7955
661950
10601
43060
9558
1616
9198
44634
19509
20455
56348
2802
174090
11803
23836
4857
87232
160780
9484
8937
4945
8434
29035
11249
57364
27117
48108
120855
15176
9570
171174
36012
25468
26689
23198
166560
3772
17169
118302
29809
15494
8059
45903
28386
30870
21786
8901
23180
14496
386
19304
16403
45744
28558
30609
19967
24041
6637
22962
14696
16511
10718
7183
9189
2116
27531
99264
2077120
3241
30568
5671
17199
31409
7646
31111
26727
62692
9162
14606
23139
29920
156925
119030
23801
65034
31760
8735
31699
45585
15143
6582
5376
25331
22488
116368
4530
15288
9766
188390
102536
6575
29803
22798
27903
34650
31974
1421
10137
10513
40198
51768
11341
39484
233152
80652
32435
193315
4002
11469
2309
4127
6515
19172
28882
8731
7286
22988
25032
17910
232
29028
9326
30439
187348
13169
114148
30835
8811
33818
28816
14752
32157
23354
10154
8678
162975
692
15959
3219
36944
5970
37350
17205
13481
29765
29930
224487
1314
20111
7204
27430
6314
2757
22193
20681
1904
1800
7222
7674
20622
5440
7013
816
138761
8603
1743
1245
27239700
33418
18687
8376
26223
28728
13285
79280
16544
11879
18818
26729
10289
6997
5032
3177
15939
4539
29188
14286
13423
777875
6349
429606
23632
53950
5167
29922
200510
7926
10408
40131
13245
32734
24514
8123
65528
24262
7362
28711
19044
15
5135
25215
4094
14308
4181032
2944
60698
45006
2286
8302
18145
119496
24279
813
16480
11424
23302
418
1183
32258
28370
11656
66714
7658
22457
12309
9768
7752
126328
23951
32309
6519
9271
341054
15072
52171
2658
34875
31326
32383
18542
25376
2589
19562
15338
202
2637
20797
3081
22691
267960
104769
695232
25390
16021
32366
6650
23614
24139
17978
73024
50408
7042
11990
24636
20960
264404
36522
26245
2322
13967
10941
6798
61812
31480
32716
41792
219192
9199
356760
14141
9454
26322
24594
42076
49316
26638
2227
27357
38248
25911
269580
19504
92520
241
154105
17250
4636
11906
10237
51744
26090
38896
1496
967
19613
5207
14127
5521
62908
110400
21045
24984
12280
24424
6410
27149
30447
10158
26609
1472
9691
24021
23407
10646
14217
26201
12890
1844
46760
2417
7970
27672
22335
59295
46869
50588
6231
13828
17943
333104
3399
29111
14692
82925
10044
9928
56084
14940
7419
103612
96480
25972
409899
1009018
11517
42550
21848
14227
7406
8880
19712
16406
756834
137980
8320
2514
388
19548
14357
95010
54388
8832
9017
32139
31959
1214325
21648
2704
473
23707
111032
12948
78507
31699
33096
14683
27684
4182
13484
5240
31833
25149
27289
32136
7867638
24125
11684
30706
4364
580986
26650
60632
9553
31408
25005
2165
29257
18538
1100
14145
3114
26467
18050
1446
28594
5621
5365164
30584
31898
31968
3197
227722
82628
18420
28252
30750
28677
34820
18740
76456
2885
23550
26900
12651
31274
8057
4507
77
15168
17471
14601
27915
4917
53217
18136
10555
8964
5363
12131
27547
1560
12762
14276
59708
16021
27117
44488
23089
10546
87321
91749
69566
18169
39974
32160
12198
15164
10869
8186
3542
118480
24289
61374
76788
50022
13547
29414
28848
16232
28132
4946
54618
29783
30269
13689
15247
47490
29246
18849
16921
22702
4072
49218
25922
95886
18983
911
22982
28032
4726
7618
29222
91324
19560
25157
26993
1626
55956
30542
4432
2068
53600
91245
36357
30478
24130
10388
11030
27341
15874
2460
16942
12079
6970
25721
4818
146080
90102
29184
22172
26007
64200
81820
38830
18268
21740
128720
108465
107375
26549
19369
28545
52422
26111
106828
15776
1000
11252
22539
137648
22812
16973
25308
24776
8558
25664
1175
28761
28675
13996
11060
225045
31035
51121
24432
20951
32266
86552
13219
6772
24839
19470
5346
20885
16169
21338
23125
65182
19651
7917
35979
89595
25986
16955
12505
6206
79980
7972
25704
29361
17339
2381
21411
33952
16931
20540
31045
30204
15360
15181
20875
3712
2172
1151
11594
6552
18432
98616
135555
60282
85192
19141
15348
280
2606
6369
13066
22250
14
5577
27621
17072
16000
63644
29636
1341179
7687
44086
11876
24094
56292
6836
4552
33141
80628
29601
444092
38682
12801
54340
64362
17091
21753
5906
12885
37142
2098
21593
3303
32546
21410
34552
9990
109634
13706
12999
92205
26032
11934
48951
34696
25623
14870
25284
56906
21830
77754
40982
22409
40548
21603
22975
28714
360943
21967
1704990
26867
30607
5381
5819
35796
52862
27193
14659
107148
29445
1060
689850
12542
31515
22946
88107
105576
22260
38218
26531
32198
22006
9209
9302
56304
13741
2654
1783
17583
85197
7534
64083
23238
20605
7391
5662
18825
22936
2550
27574
14372
10508
1002
23165
21254
5876
93170
20816
22314
13546
59784
23567
4672
29072
4071
20248
132881
1978344
13098
1762
6706
65880
42663
28002
148920
94743
4088
14644
26428
15765
5570
18140
95546
90216
89080
211309
1579240
8740
54172
28448
4895
28392
30181
30918
450736
24682
22463
747
9221
52736
38397
665
21252
17432
29669
8392
4079
6165
100896
48737
21116
19042
24148
32003
29517
11528
92290
10544
12430
47952
28263
10171
11062
36456
30982
30704
41946
343196
28217
18023
17635
153498
28181
14131
7580
29495
26156
15002
1153836
29862
3271
19262
8896
8578
30820
26891
20519
2222
3954
157945
6256
128586
19531
2065
12492
16897
4465
6412
30066
358080
2573
297300
32112
2946
126936
30153
3187
4220
26139
3033
62234
2585
2797
27542
42756
13375
15530
11296
65565
65480
99455
19530
30502
37538
31334
19752
30631
29546
32096
18214
24568
8172
9715
15030
18301
78400
20196
18146
5632
15681
3946
32780
13300
18016
23858
871
52389
4337
36796
97124
24623
23426
19648
31997
10792
533494
48261
14922
56034
29734
32522
420816
114412
7993
163
7355
14634
37862
22030
43983
5308
3804
219050
74793
32609
103876
13986
33172
72125
14832
31416
168666
18252
6239
467
7823
28841
14045
4848
7007
13376
54874
47438
60921
64165
22399
7381
28871
4534
23169
24408
17501
218472
3750
25371
11153
21196
25780
4858
26069
246048
19238
31216
6552
8645
26452
26147
17265
130604
16768
16180
17037
32646
19618
49374
11866
30887
14614
16705
24948
29465
2323
26107
286693
163064
29676
26600
11814
18732
80499
2796
18595
22920
15923
11839
91242
25489
11577
30440
88812
110800
20949
3421
7242
50672
501200
22682
657
66324
20652
30880
139970
9036
20996
26928
42346
13495
2750
18632
27833
17140
28064
65468
106605
61410
25129
17499
197183
9385
742
13658
22403
454080
4917
2849
22731
103520
10452
59840
2862
55274
353650
4520
26383
3143
57158
27693
43086
49594
235152
45824
16098
16045
8952
12336
993
7296
25546
23034
15327
8453
13619
9905
22755
63896
75712
2618
167
7395
35848
29433
1479672
16300
58432
7954
29997
107527
16720
121008
18235
8841
29314
89397
20538
10174
55652
68630
2416686
16841
4834
7390
28906
57968
17655
43082
498
1104
6773
8287
2095
5567
11168
17821
422250
752753
32634
30615
18732
25715
25698
4708
81785
11316
16734
6007
49680
3914
25254
21944
13125
13135
3445
6504
29122
28518
26379
19182
3529
98538
31494
10055
24009
246640
27874
28036
5202
54572
16794
41415
3330
23445
212344
20492
23214
41648
31352
20903
1448
11609
20652
1530
4673
28809
15450
29298
30461
27997
1095
21711
19327
6961
16897
15532
32525
19402
257193
39372
1907
16567
4480
14542
2024
7005
3600
67960
6461
21863
21290
26637
16014
169456
13980
137195
22414
23791
24050
35980
3381
32374
14723
23904
7724
84350
24255
16965
15764
26973
19895
18940
8050
15681
56282
17888
93381
16838
40122
145
1487
99665
59798
100190
29000
14858
18510
691
25924
49137
25372
3884
10756
47800
112115
20208
31976
17597
13464
432180
48351
12836
21755
40440
18534
19716
18026
23309
11431
4294
21357
9693
24956
16435
31922
94360
482118
29430
28057
61820
25336
159291
14339
1547
17146
15860
25435
36516
29388
43337
68840
30963
2587545
43372
48360
18975
1848
29551
8016
3036
16303
28246
63540
20858
348
42430
222600
6151
18517
22084
169820
32136
35994
126844
372704
21624
8119
14409
5542
793728
7919
5299
23802
16760
52722
18180
6763
11678
24974
291870
28919
9237
9543
25709
443726
49440
221144
16740
2657486
4511
26769
18848
17175
17737
16847
67320
15974
11432
2000
23969
46754
59328
13418
30402
14899
10513
14374
1268
30792
257319
7140
2271
20334
44256
119899
8452
28492
19591
35886
26395
110084
7335
119532
18350
84114
6315
22043
12277
18580
32475
11230
11764
21812
11804
62632
48550
52176
25974
19681
36602
304950
2700
17324
29563
18384
19695
44304
30226
6252
28263
31010
21300
33766
20695
3179
18721
32680
1312
37520
32896
42940
203478
37944
158168
22567
11118
19397
20831
1902
143840
39130
27544
16259
63704
21202
14673
74085
103480
11105
22928
7944
15224
3263
3665
23908
5070
9018
6177
289860
59660
511054
10238
11932
34862
3638
2634
55810
156177
6101
14046
14880
3850
151228
58488
725
164799
8062
27607
179130
381
51796
25973
3361
52710
401112
24426
4909
159072
21201
18343
14395
52728
18598
27305
13904
4883
83648
139428
41272
28770
24989
70485
3413
22844
22110
98
15285
29204
146999
133
37148
53024
6780
22458
39300
10254
19989
3137
11428
59544
16531
7510
21083
43104
70684
57202
20440
13272
23423
2166
29646
13841
49308
57636
1124
9572
6129
24321
24263
9678
26054
20692
141144
99700
13806
4695
17595
29700
10748
1643
52802
50960
21068
110808
3797
44198
169
2712
517990
347
174
13942
63200
21479
24242
22401
11596
63258
12983
31506
2975
9426
2962
6716
1663
14748
30232
6979
66200
447640
17111
180397
29694
32694
31108
29451
10624
30966
19272
21222
12040
13848
26746
1317220
32948
21226
95376
24339
24294
31955
15573
25997
12328
41600
18243
129232
27276
32518
28050
7287
22981
20822
8638
20858
30865
9476
39846
51548
32634
4175
29201
29684
13075
26844
4309
6433
60969
30802
82764
26803
11811
15084
32314
42706
3584
48724
397088
565
104904
1105
3028
51156
30448
24870
51086
46752
3636
5515146
15056
335121
27853
29848
114744
23878
11454
7354
56751
49446
53962
6832
5257
6139
52252
8886
1575
7583
11065
20543
26986
4022
31369
24631
115552
76479
13054
22191
14860
149300
16957
571
19
11777
4382
3640
23967
27221
14203
24405
14402
9716
1644
24370
29076
24379
7819
4344
5542
33356
99936
6680
12967
29744
6953
56028
17876
12655
1235104
6512
162264
29679
5636
10284
201536
25678
5634
12716
47584
23192
18280000
45300
21634
4708
53517
16153
32249
55900
33957
11814
27215
24311
22261
48598
48570
24859
12458
19120
25728
5715
30502
411029
19368
5032
32483
117
13771
8928
6734
14968
52278
62613
8594
14982
604010
58092
3496
1162
6369
23704
58684
16892
22252
30738
25895
17649
62547
138150
5988
23219
2652
34598
116608
53613
19759
29256
26161
30320
37602
16560
13020
30577
54388
310408
28452
13035
7440
29477
27641
1485
31398
29452
49608
1538
32129
16725
6664
60614
13946
7234
8110
17457
11592
53144
3326
4716
28497
4679
52825
27580
31678
58072
31876
5037
26154
21837
11069
4143
48412
82485
67151
6989
19052
28647
329791
1324
93416
31699
14190
42835
19984
9517
3553
233224
99198
20028
9294
30938
36428
23068
6520
12432
111240
21458
21279
25128
8528
7442
3653
22845
61600
21044
13058
36555
16008
31400
15009
92560
15484
7290
812572
30823
55448
29322
6741
9462
114632
55896
27920
141798
32199
5183
31778
8041
7849
111690
36102
22298
35150
24932
244184
13841
19514
17285
16746
9225
12019
89904
12487
12236
2211
30786
14124
12649
186270
7087
58052
37956
16887
29876
24154
9225
20555
56914
13575
31538
21112
10169
6792
27323
16968
14778
3189
15203
31489
32593
12682
25047
1022
8134
19176
690
179207
2084
8499
1719
28947
10773
39453
30360
4413
37100
2234
15162
4043
32082
29242
7075
22172
9797
18184
6467
8266
17180
213600
16875
19293
27026
6202
44146
12088
22971
28764
73428
1106754
26904
4005
97713
25551
2867
29862
209580
6326
21298
442852
8760
25623
13617
21592
7284
23746
478
30681
25322
30917
30805
6424
52418
62406
2621
63812
58578
27133
23622
127468
209688
28878
165011
8908
787
30096
21130
15757
10143
7921774
1131351
127100
6375
193698
144955
35996
47804
56536
79419
42692
58299
31186
393
8496
2429
2530
3404
16722
11166
29690
10613
16028
87831
11181
17940
31245
51784
24174
85614
2669
27739
257280
30031
4008
37800
13085
28660
20850
535
91992
229740
138789
236700
77976
25762
91338
655072
2486
85395
28696
157520
9286
15402
31257
57158
8101
12301
56048
7800
81798
16786
19358
59154
17079
292
23604
501543
24953
21446
442020
644006
29891
13484
26280
8395
32249
23088
1192
8839
3574
7798
17884
240550
130525
15033
26184
4458
9808
18167
15025
26441
31203
1090
25975
9385
20262
23242
33392
6128
15945
9008
7334
23002
7328
10796
56930
10526
26960
38082
114653
11750
618830
14463
7582
65697
14380
47926
11906
17044
139865
23498
21321
29817
169
6404
49480
80332
23654
83106
40814
28446
4772
74400
13158
41296
2835
913
25411
2473
162150
4088
13683
25290
46781
58983
24932
26372
11766
50133
29215
122556
453555
76413
27492
22124
14176
35482
123412
1856
4365
155259
4191
2656
15267
9550
4278
8954
27573
18388
9912
46404
18874
40953
28979
60376
28464
15190
23971
7066
28271
26166
35052
15062
5743
30478
82568
7666
10437
25904
809025
6886
1460250
4678
15722
6162
10845
13220
492
3343
15901
43425
41676
14403
16713
285935
11426
24581
456498
2067
18225
665
13488
25022
11489
26048
61350
21358
21534
50481
5707
28251
30294
36093
24044
11994
416544
46760
485982
16920
18528
22209
21987
446166
265540
34182
123836
28983
21283
72033
11863
23291
1767
79848
102160
81204
49550
5671
6113
22936
10288
1281024
5015
1303200
11060
7841
2407
39080
19469
4824
355
14458
6508
28235
23200
91770
32670
7769
6630
27311
18946
57328
47922
6
44247
9275
8935
250912
8526
46856
55446
26012
10855
461958
30911
31530
20906
3206
56128
23791
52902
9245
24510
30019
7783
35934
18411
31975
70695
29503
1606
2509
13266
23363
20847
52828
12331
4469
9485
15339
32769
63195
11869
62568
25829
33202
25532
23335
150156
73263
9785
20065
25182
61473
12406
30164
59728
68949
27996
11270
32064
28076
13352
31239
13127
10339
15986
9321
28520
3045
24923
230870
6695
28020
382866
39166
17768
21471
16137
20216
15682
16886
20939
376409
43032
10570
22592
12264
46624
297
28300
127770
11703
15832
11683
19157
130559
9234
11577
28591
12334
13505
91320
57610
15127
23030
22178
74865
914
22079
13402
24993
23683
8944
25325
51160
10015
21266
8364
24245
20063
7491
188870
10052
12528
6139
4303
28592
149595
24327
31324
37860
24403
75666
6349
15206
8746
662
2028
1313
992
15923
29648
85296
11228
13581
8248
16373
38154
29851
43934
13768
267969
922
13958
7508
16731
26778
4037
16399
642666
11770
331965
52413
15200
32739
3616
1472310
1392
9213
19825
624564
1701756
3042
3019
12924
187929
28420
83538
13173
542
14621
14787
21406
8529
18047
26752
4344
24631
121380
144140
61144
29066
10659
448575
58096
49236
19989
2303100
21672
2098
2793
115484
28713
3501
22374
31260
3494
20538
2957
23973
13413
124496
20432
24907
2722
34928
18193
19609
28971
24806
10335
6872
13628
41158
11962
8671
29852
20337
19670
177348
4088
16805
89904
3976
18303
46510
12720
26866
215982
16879
2400
3833
237400
29350
27628
2812
22873
10303
45100
21712
869694
25406
1166
86328
95979
19464
144330
11464
59028
2181
212211
65781
137778
38248
102572
6988
34175
9781
7712
20581
32510
469476
11061
20180
27251
28659
70312
354684
87714
32016
96324
7558
26393
15128
33636
54795
55404
6867
14372
9277
20616
47204
27196
314424
25169
35444
7667
22953
58704
21633
189282
15501
19167
4633
214627
2000
16258
20348
21760
15710
14258
96156
83485
38591
3780
28748
27218
63818
45160
26394
27288
8194
27968
28494
5398
55586
15945
16569
22588
25657
31851
1939
156303
19843
64946
17728
14790
61704
200448
53636
22200
17675
28741
1715796
5755
22028
36282
16049
71094
7755
3692
81112
11203
25750
26563
6833
78375
11744
26132
29344
23654
10387
13208
16326
17490
56696
15459
20199
65506
2190038
31622
20858
7896
29841
18022
32011
28214
91116
25782
5665
87606
326808
144060
25983
6856
22449
15369
27445
58762
8055
55460
28906
16514
186928
79000
1896
22718
1898512
4588
15208
7423
8054
23147
3486
50324
20175
18573
437360
15392
50646
24796
6770
26556
13058
113568
185475
42776
49558
5142
8625
32492
32048
28417
13743
11817
14599
34868
7131
23914
18981
19977
5682
10150
30435
28808
935
12916
28158
53864
107
42969
23160
25448
27255
79416
48262
30225
21486
3781
87699
5569
13052
12009
66897
54352
77872
16149
3312
1040858
105144
977018
16192
22805
25766
62784
18536
21460
2476
24208
112896
32464
71872
23910
28899
17870
46926
959
26174
13414
16598
18733
1148
18210
239395
21490
3792
17252
32072
62199
1987
5578
9995
7204
28896
46884
19527
26950
182196
47832
3267
14805
14958
17372
8901
27697
3525
2476
10017
28295
22794
10343
22339
17274
25667
21582
15714
17216
15420
141800
27341
1433
43506
6798
7543
95271
5470
54766
7361
43323
14364
3548
91676
7035
11742
22222
82863
292996
27828
28334
21865
30237
22719
45852
17299
614
12830
226872
9261
22028
13336
48162
4589
34114
20873
9868
150854
23744
14993
188
3237
11433
6011
17543
149730
48500
9451
44634
24283
6319
14998
19686
228960
3446
7030
13137
20513
20136
681858
53750
50037
27020
71170
22279
2560
38247
14092
72428
352632
24918
21842
31322
11634
31770
2834016
8456
65780
303480
80892
21573
57760
2514
799
17227
21024
8496
1071018
3960
15172
13560
15985
4282
6738
24313
9693
11847
48314
49791
4888
11284
1584
18216
29550
12946
14208
21878
5460897
8964
64914
2787
6356
28603
85572
2861
21962
21336
3134
2028
19600
652
14163
3098
25114
509
13580
7052
29174
8592
3678
17122
18247
55755
72492
5645
40884
768
245421
11124
128576
709
4952
15933
66537
15095
15678
37224
8419
10366
576955
51678
16018
17140
218424
66531
31852
31932
6566
4344
8959
48895
6834
18777
2353
15907
66594
4216
5075
66528
22910
13516
3992
14719
30003
2424240
91428
18546
40560
41686
121877
2364
38510
45890
14910
101148
57136
32619
29915
25838
81724
4864
64557
50796
17063
1813686
25196
402
17357
23535
5560
33104
19615
55404
8000
96120
49368
91836
685755
3747
72384
4988
29377
26120
29634
17635
13156
24243
2011590
7459
1580
17035
8289
22692
13374
47290
2464
13276
12434
67160
20836
21341
31139
21385
16160
8404
28760
71176
47896
24577
20529
26627
14592
14634
67465
4569
15224
19523
22554
452219
14178
4225
122072
16781
2098
18857
1701
27778
50796
522
104841
541042
16429
27002
30635
24102
308
9248
22904
14120
21518
6288
3868
24365
243140
869
25975
1872
13871
16947
27258
25636
15240
129272
11027
12777
14363
25661
52770
25352
1096228
12370
17917
139160
43074
38034
23529
27837
357
28176
1337
19824
7829
7287
65106
12846
10114
20521
26944
66372
11199
13033
16539
65368
7772
667920
13917
1946
26820
62092
29304
5225
19446
28287
27762
7024
146265
25144
3304
17913
561962
61926
380055
49692
126936
164256
22301
19433
4710
19244
77368
18718
12292
71604
17558
270062
8837
48832
428
23190
14229
2556
30229
14621
21775
57045
17969
27893
1170
20162
27492
53414
17997
4991
58872
19046
48664
1841
120810
19124
43776
25640
4228
48159
208221
37654
29826
5552
6747
30177
18839
1000350
27862
7063
16457
28060
10886
32856
108575
54444
14548
26143
38544
19758
301450
20589
11822
21000
28334
955916
7499
96012
37970
20179
132864
31828
18429
21429
75621
6941
78040
20086
7862
6304
13710
14159
461460
25784
14775
25997
84429
7837
19800
1294
6356
25099
8345
1654
54432
64692
10213
56781
11367
5459
15802
1486
21794
29300
3786
354333
13453
3579741
29293
82623
26017
20223
18071
27228
45484
27608
2556
36694
30266
21679
12954
563
23306
13408
81020
143920
4651
24861
104352
5560
6758
10777
116256
15387
562
10892
81210
23499
9437
9253
60776
6814
44514
22233
2247
17910
25280
1916872
11606
16354
14837
5003
8092
200915
236280
41199
50702
3253
180816
2316
14665
20082
30409
13774
6894
31271
20281
22890
61638
3524
764
2735
18771
13581
65144
28631
6391
24406
25826
102714
20253
18815
15376
24616
47877
28772
10061
45561
185328
72468
25321
265248
55692
11241
109332
5864
25410
195
14286
5637
3432
12
79807
17887
12977
32665
64628
7632
18430
20402
136250
180336
11604
22280
26373
25471
213003
32238
41258
32482
8281
22520
268
19004
24719
15993
19631
8132
132950
44878
8859
6998
21543
9324672
7188
299
1377
764
76964
14621
61542
13379
39508
52448
35154
42090
80526
27272
31436
18910
4330
7625
24179
24813
9512
76480
5726
344232
23652
18226
14872
19083
28163
37032
16472
115720
23097
19467
13563
6106
33774
54612
18933
11842
11297
30360
18664
53628
29150
26170
16487
19233
31845
6528
11086
21528
16852
75009
8771
964
24420
18256
24393
26919
22227
8184
17318
19932
3888
6648
32046
11044
15911
46370
34088
25317
44877
2635
30049
9489
33252
27533
18104
14582
30266
201609
147530
31723
7592
15654
55622
239
21191
32438
20680
1843
4497
18745
31856
95718
80572
17001
1273
13657
12873
10441
9579
31590
16173
16896
27337
29381
5953
13179
11159
3479
2346
8513
133354
3236
21309
204952
51790
18451
18341
16345
31727
278334
31658
7712
2055
6077
64096
432
201648
275520
3319
17396
127806
9468
5490
8752
67608
5554
15969
6905
232442
255290
13989
18550
27092
5871
20778
11642
60060
21520
152202
66768
67664
180061
1155960
49386
260379
57820
27307
29882
9577
12701
29787
623847
25154
4319
79457
4947
21610
26038
21484
8962
3165
26649
10149
29157
13602
26128
23047
21060
143318
29990
96464
7484
30864
7976
3409
20575
22020
44840
1334
17170
4137
16952
11351
9477
194664
29766
24892
25056
29523
19449
18810
28811
18421
30315
21570
65390
27090
22299
18128
23405
46062
17798
23340
42200
53622
20516
30294
44592
2837
8105
40406
56698
45594
30329
30952
26331
981
4310
15453
15951
3094
99220
25761
19599
49910
63696
18581
10026
6529
22124
15091
10989
18813
40506
15312
413040
20461
207402
83992
2980
12806
156880
24033
40760
10863
46296
62235
28036
1238
2693
30640
46926
5644
19695
16123
9220
62862
2120
9397
9654
5571
50272
15409
18109
366672
4671
29823
27708
24446
122804
163458
12526
63046
4060
188808
31794
8869
59060
447952
8690
59538
15308
30721
22198
31885
3129
71804
2018
27057
11331
14708
36890
5763
2333
6847
181928
30831
28826
14649
21905
668951
2602
90836
10399
17048
4116
2034
32612
236621
17653
314820
19761
26183
24952
4202
26526
7921
90885
45810
11555
14352
32401
494528
4599
21405
22980
15670
24152
13197
55050
10007
159887
566
18839
9286
44295
12119
2775227
39348
20916
17647
28922
83840
16933
12920
17601
10242
506760
20624
124160
108856
27836
9149
6506
5332
28316
708576
84996
24109
15291
51885
21114
28464
14339
29616
2982734
47220
40480
192168
5460
17447
21517
171576
30326
31426
450874
1028
26046
29636
43608
22721
26094
7226
17319
7824
6918
24857
58
19644
12305
12532
5242
122168
49264
22172
17394
213664
29408
2514
30657
17241
19175
13516
16500
17069
21023
9653
2592
93995
256088
21793
72777
235240
25304
23790
21212
60195
9630
24996
30792
25969
9943
10749
29536
20896
34878
13939
14652
974
6189
15868
210368
75780
63522
14790
8974
8243
17583
23820
20759
19548
30843
14766
14725
6929688
217658
32119
73209
146784
24424
11915
27711
51900
64700
309815
27850
19176
21863
31694
27430
28648
24970
21102
29420
48750
4362
418
40320
48444
21213
1017324
29010
205088
32360
18460
13801
7276
3968
28369
230945
80148
762866
3174904
87644
29556
7123392
25325
24450
2399
56974
101800
15414
16068
11614
114880
29870
21670
11815238
41481
25493
74008
17760
30717
21308
31765
55318
8713
4304
18979
20142
15390
28616
8758
3446
29139
4551
20548
11924
79338
5295
172776
28921
20334
2223
12952
34472
24172
29421
61634
300355
31357
8062
28168
20964
30163
23936
183799
8858
2485
18809
30762
18800
29428
16879
12398
25129
95529
25160
28632
8370
11711
8163
35952
15796
14278
25974
7670
70645
17963
37204
205569
29951
11560
13812
2732
40084
3717
107613
2029
5613
58482
30101
22325
17238
29933
17692
15580
608048
63328
27793
135
9842
109032
199073
59094
15537
57009
260
2850
1534
19710
32644
4275
31588
32826
15982
30772
75904
12972
18534
16641
1730
50520
27955
6922
8256
61250
14946
9560
5634
82806
74375
18782
30348
28466
5186
20716
45644
11150
56226
10102
165909
22008
8820
5798
21856
14707
26828
56943
29996
9951
63274
9893
1031
30246
29900
16434
119992
1190
16058
31673
28054
118890
14429
20400
3000
29540
17757
25504
588
9461
8788
5192
22345
50176
74070
11736
4770
13122
30545
17188
27686
5700
2330
866
31355
23487
40584
8709
16345
31126
4891
1496
28646
29430
29088
9204
9390
19462
94588
112868
22198
12167
61964
395295
21814
40122
3189
58038
6810
23458
38226
10609
4038
192766
25613
40440
847440
44320
29596
4058
16887
6171
14588
220612
101540
26153
144540
89136
34892
20401
424403
10165
19340
22620
12383
10441
18918
10314
7541
29592
69820
29868
21990
29539
13420
32177
28508
2287443
51708
15792
29735
78888
322
13717
25562
20656
243162
656
62544
23149
12504
125904
45046
41066
48170
33050
27349
22312
23666
28093
665504
14359
16711
21624
18688
2897
13272
28677
7934
28516
18645
31799
14426
17336
18288
94032
11344
8473
18792
51545
20988
27002
30076
642147
28044
39492
25135
14946
12003
25446
7358
2094
32335
26643
4191
1578924
19418
20372
75500
30045
33552
20685
84660
4414
177056
1756
8763
20666
1120
17568
23764
19295
23010
16265
74337
10963
19882
7585
23315
14176
26367
689954
24636
20277
114788
31130
17837
18788
11688
14220
28230
57078
28445
22408
17514
4059
9264
20012
76299
7369
45405
1308
17446
29687
22351
10480
1403
78396
55754
23612
20472
27699
24994
7901
22740
84801
2752
20610
31083
9553
29479
6776
12490
32635
44584
19642
10052
7977
26819
31288
24972
30072
3180
24678
29533
15908
88890
156720
59672
13899
10413
47028
19477
813447
20803
209265
464625
51918
31036
1188
18384
3346
4579
17300
764442
31088
52353
25916
2163
31293
28944
14082
13171
10151
158960
2134
12010
115190
15525
11049
13252
13983
24648
325488
24228
32290
19547
90576
874
1985
5388
25048
62265
5643
2387
22224
228744
28874
24823
10136
31023
28721
4275
4576
14813
51858
21438
25284
14066
5946
9429192
8363
1554
172248
705474
21958
6876
31086
19809
112240
107922
32018
12694
26614
14702
3671
31198
752736
29281
29216
19943
627648
11280
51256
63537
53336
5500
6446
6157
2440
58204
11034
160940
75951
6257
22897
11778
36354
6133
19390
13006
17246
5314
16625
1379
19157
21040
22539
327195
200937
63584
24074
62948
7954
25135
39470
26888
30867
55310
80583
29206
95325
37544
18712
1245
560
16596
46941
1112
19967
86898
41595
16153
22100
109795
8950
33226
4681920
19529
26945
69549
18208
5589
26913
31761
181468
4322
13881
46800
6764
10038
39998
11984
30288
11293
92196
44204
1482
159376
29576
26173
37684
35666
3528
6331
8680
29741
36212
17174
31290
63915
77888
32641
28377
55422
7164
4728
25341
92178
64104
19924
6417
866781
5722
16180
22085
3138
14768
177594
23897
44088
16890
23979
19624
29034
15282
37976
11123
60054
9172
3820
12910
87648
15648
22144
7056
85632
21299
32361
1302
2248
6482
76365
13272
342323
50802
14394
16592
24570
4498
16946
32231
44064
14514
6295
15364
58116
15615
16867
27724
34443
1500
154360
7877
373290
4826
14083
53391
10734
16222
23443
27751
33196
3450
4855
23118
20940
64998
21209
2514
8572
30612
5896
17638
205205
25463
215008
318208
6985
8903
21081
20941
12943
19068
17256
30486
47462
28421
23684
19782
54120
25878
35168
196728
12323
211743
14841
32559
124207
13628
55316
59598
121356
2158
32016
3418
19088
12144
35232
76776
25920
9286
12805
15692
125630
242682
26110
10040
9423
6738
157392
339184
78588
7410
441
13872
53838
17015
49863
87885
33228
8592
1220
5412
81993
492408
10316
14825
63880
18006
735171
14407
12768
52350
31584
1058
23380
10618
125629
20228
32195
23391
45234
26505
23680
20012
64842
5657
1593
30077
29772
1842
51212
24808
50688
8438
157390
11615
688
4086
356941
15173
10918
5952
10913
1524
11489
28583
466
27012
6836
16978
61145
70458
6559
10784
10528
263312
19309
2185680
12280
9810
1166
33182
16337
14553
139150
1462
2517
2524
286407
34896
96252
20309
21657
38970
6268
28980
20994
31334
32089
5964
16067
4596
7224
111720
30146
66572
23381
4945
43056
283773
40092
70
7890
17373
96260
17149
29149
103660
9623
4390
3795
19587
13017
16669
18907
9816
5838
20787
13880
15420
1755369
6874
12608
24276
21463
24407
7224
21158
294432
6574
18543
19745
20125
16842
58162
29690
116476
27883
75591
180543
24692
30549
8065
83670
6792
216336
13412
20131
72304
22743
65018
14271
26206
89106
5411
26478
81666
19138
8316
65904
26465
22824
19610
16536
17515
16029
9042
28784
23660
30780
29535
49104
20644
1154
29920
36153
5454
23607
25134
26812
4433
55614
45520
9071
122164
32481
12642
22266
8901
14518
62472
19666
26281
26370
37120
20488
24278
23967
23502
14001
9239
250936
32171
17119
4192
5315
29039
5624
3909
9912
17710
29368
14016
15777
74553
28294
9251
346390
28920
7676
22875
7832
2194
6672
5734
6608
25
258687
383796
26532
48783
14012
64014
143448
775872
85956
15838
6195
27039
245142
3523
4433
177210
60864
1568
4344
51705
6748
26778
190470
25307
5900
28239
55761
64900
214613
29522
71915
444410
18990
14948
658
22254
325798
17651
24172
5679
19703
31575
4839
353575
5300
8522
64822
9911
53556
42322
16313
58886
115856
2258
26999
14851
287963
17883
293710
6606
63686
15908
37908
26183
14997
26082
135234
3713
7403
7571
3893
2647
13272
28419
22251
85848
28988
11412
19034
15662
18548
59172
154858
14948
23972
31560
682647
39636
20548
36972
24456
13874
27880
63270
28665
20683
21076
31493
31073
14008
21951
27807
1682373
502773
180628
17179
25216
3250
267332
22104
4000
14525
11888
17429
61372
6285
15303
16077
58479
6149
11290
49968
13775
52274
5034
59570
15658
28387
22082
17812
4976
1032
13702
23503
27248
466923
2682
58110
9108
247572
727032
4764
7307
32440
11534
18130
24008
30552
4112
23830
13453
14543
17890
1138
20211
27668
12033
27226
31188
57884
64740
31355
19150
3820
36654
90988
70707
24074
25560
18795
13390
238164
7063
89223
32390
6914
42788
29894
723600
30066
3968
36308
171720
29373
34908
7761
182848
94932
28996
3783
3121
18862
14863
52900
97760
21465
2892
1842165
3028
70560
42280
25619
31941
45252
27762
2479
15401
59040
27753
16072
22054
234108
29766
190104
9700
22932
59376
23600
54453
11304
204
111980
22625
75504
10141
21125
16280
288860
29691
1895
72678
31969
19018
12295
92979
5502
18928
139
86107
11589
7140
3708
11600
56034
157380
63212
24877
29164
10581
58590
7655
31026
245640
45020
18334
78642
14710
10574
5500
58218
26877
26712
20513
8938
21962
27518
14667
117064
22652
64107
2249
22436
82796
12612
10913
28742
15648
1299
32637
86865
373755
68148
123264
16943
25867
363001
175866
120200
25152
23780
1235200
14226
231829
221248
19419
30718
14911
68109
49940
16471
55310
16689
18677
3911
23626
157385
14394
65030
20515
63370
55822
64160
23804
440
14703
38194
19058
3734
17821
29901
29958
50430
25530
333150
22873
12836
21527
24851
29230
269076
10726
108584
14005
19563
91090
43830
2716
25287
3804
36840
2465057
1394165
1117
3459
1661145
25195
1055
44472
7805
25483
1194
94506
1507
105136
272484
57098
79401
50402
28269
633624
139
25892
24184
27091
44392
183936
23548
8390
115800
102348
9207
32189
526
3209
8218
201903
2990
19430
19860
21180
38666
20705
15085
25762
31152
137333
2466
19732
90153
4257
59628
635085
18221
36915
24406
23609
12380
127794
31756
28034
33200
32175
4229
19484
24036
442464
52095
94405
24420
20063
19170
48678
12258
1619199
23119
18818
26949
24378
14820
28386
17385
19054
5066
17430
23534
127053
8347
28081
7172
13910
1001
388
2934
13109
159222
7563
19316
7312
18214
12152
101945
32272
62532
517408
30640
175488
7246
26022
8569
124780
29368
1474077
23827
49948
66909417
7382
11060
5260
10844
25520
339521
8905
526205
3846
113975
3003
10330
49533
3793
10816
65778
11669
32910
117948
112044
15729
23547
14280
4481
6405
8998
27513
407136
2409
1529
27579
30895
33012
19240
28786
12646
26545
20151
13909
12149
13248
179228
47310
8658
52964
20010
456048
28396
69460
18723
18934
19158
44284
18636
11127
15616
26519
8994
4764610
12744
16521
35810
17068
15729
94645
21842
18401
7095
1834
2674
2996
21756
24105
121296
22188
3870
10460
591624
70889
52514
192
13841
17720
39156
8385
9607
23811
1427220
31061
2630
132416
3138
21211
12458
66087
6622
6704
3322
29388
122372
13203
16782
412
21859
28602
8579
27526
2388
32564
20402
21151
25643
32769
1769
8536
16495
734
436
20460
138920
107376
90174
25750
8343
27864
27771
9074
73380
13874
39832
44754
1063
16997
4194
15047
103970
76737
3511
186816
15758
74700
16058
13375
254280
38402
28546
141300
9012
5315
20294
20742
11832
29800
13670
18668
19708
7927
9660
4422
13333
18157
24681
24561
11715
27928
1864
7660
231530
63846
10928
26644
55750
130039
16394
21543
26438
7349
22454
13815
7085
3174
50336
24813
6232
27973
20241
8641
14606
23985
7023
27767
4369
71379
38568
31389
29805
20771
10902
65862
4001
8203
491480
2617
27756
9349
51696
354981
30897
21527
46774
82504
806
77733
23544
9314
32061
27490
31557
24068
83013
3429
6382
41480
17431
140238
17251
6563
27708
28670
29349
20739
50882
45012
29415
58318
19070
264390
13021
16815
32319
237816
171162
1120392
23888
9544
3016
11293
44157
12678
19888
26817
54740
18132
23951
37362
85053
27431
87672
26234
15688
96536
19405
16998
1129596
63195
24225
18006
5238
32593
8976
29375
4967
9157
72310
175686
23620
7645
3677
19670
96540
71127
29347
13152
30983
20013
7339
49977
1697
43368
30075
84010
146064
22535
17199
16710
43492
24863
63026
12991
19241
274584
8939
41948
21567
11776
34863
53606
53835
2672
15887
8005
20086
88836
26362
57106
64608
57352
32154
31748
43692
25435
7987
17161
85605
30905
9927
19684
31731
31333
43568
78600
28271
23831
15180
32800
24630
1368
319122
28008
29927
21424
53868
102
1116
7591
58496
153552
13784
12688
7092
7985
30837
27847
149970
73820
8589
243
17737
63393
85904
14354
20436
5210
14176
29635
57564
67392
97449
12822
4040
5309
44430
17106
21034
4133
116724
36106
55172
348
8520
13035
1616
22694
4296904
93471
37794
11202
23485
12150
11844
26534
59068
22559
455
29693
58920
407
9126
21440
38846
30178
24784
23585
590352
14017
12098
13318
29151
32319
4317
22410
23310
122220
16584
26912
22097
42552
16688
27273
99
1664
32368
55542
35312
15492
2878
16506
1352
26889
125541
23497
14017
10275
16433
4045
20506
5622
10967
5245
26328
216468
3278
9286
5812
6523
119070
48804
28735
52202
18159
12071
4823
14896
5380
11203
1866
82344
767452
14599
23335
28817
86004
23441
801
18386
27077
32759
10174
141430
25409
7747
28288
463488
19058
30126
26835
28022
30375
23711
7416
103248
37326
24806
18224
17520
81384
13364
19693
3636
21528
8414
1461
85320
28153
722
18583
30694
19810
217
13010
21460
300872
1052
106239
14914
31274
28280
10768
134755
15551
264393
7698
8156
48480
20216
25991
10937
179208
22663
63726
29551
11562
16181
225064
28102
3178880
17731
29372
32600
3810
54610
103590
31452
36840
13463
39414
14900
35880
19755
12412
29077
79923
30575
7029
43444
31042
5013
18931
22146
4167
12149
20611
3298
4385
24390
68601
25698
7796
162365
33358
18720
1563
13122
81520
3466
59864
28311
1920
188382
64410
22413
30511
148625
16375
1120
73528
48722
28944
19701
25740
5444
55005
5044
22438
28804
403580
20552
493872
127956
10148
80100
18288
25653
16102
28152
77553
56992
172214
11461
30672
15069
664650
3068
6788
62128
32711
30542
6048
24514
8909
7504
14698
6262
10040
9214
29818
813816
26905
25970
22079
29174
29163
12517
83856
911
31002
38860
30579
13582
27604
12248
14029
27063
10315
16305
16743
28094
22234
29168
2611
21204
13752
54875
24742
90291
16473
17162
71874
8760
5835
30206
97720
125270
26272
27276
28158
226065
2959725
7074
25382
4068
28275
95646
6343
56504
74016
19426
18406
8646
26760
46076
3939
31664
5040
24456
1623
9741
19992
6031
15140
20537
51264
23843
5432
121566
25373
4975
22898
20213
689655
56370
27500
30138
25756
140652
22124
61038
20400
3529
28327
18921
38994
22832
16898
6636
27135
43476
27285
1889
8103
3143
24355
2121
6052
31257
19518
16516
29040
22296
24500
5360
15011
53307
26793
27370
60286
22951
14422
77877
5920
52536
26919
64828
36828
23870
361386
202
10924
31980
24953
256322
50438
61371
57624
10434
70492
12312
28414
8109
114660
20473
105825
24405
4574
4975
10921
21380
520980
18307
46648
42444
38626
61012
10878
92724
21830
12224
3066
10997
32304
19831
1680646
18035
7159
21805
15546
25209
89592
26200
31018
63422
30890
4554
9124
24736
9181
32013
21233
12424
610134
14813
24238
95330
19833
60372
73945
51008
6188
32462
12353
1439
3320
22092
15248
21281
249669
84780
21031
1160
22045
2065
63652
18256
37732
29763
208144
61256
837
184784
53046
4158
30974
45847
31134
361114
12816
725
25638
14557
31248
38786
52881
11611
20818
21925
10996
28295
26635
17275
24429
12423
270504
1148
23948
30839
16696
4893
19518
6149
21246
5196
702
16205
14897
21227
147903
16630
135296
21389
17025
334633
29838
63710
201580
76128
53679
3513
35514
54332
5979
130505
52806
692748
90072
20175
5618
27085
29845
39964
73008
25708
29409
28068
21107
47506
32434
30479
39616
29645
31311
23881
11813
206353
3608
21137
2405
3047
24078
17600
17123
31582
30371
78005
130832
12852
31938
24131
12956
160895
502866
37280
31152
64371
30406
7400
6353
4138
295925
6801
13996
65280
2982
6467
19481
21796
59124
21472
28805
49824
18341
17649
28575
61176
121068
3879
5185
10193
622
11793
43328
27364
20584
27417
38766
299
9861
42376
11248
490808
97256
9770
64988
22663
186224
1202
3818
97260
26771
56886
13912
32346
25730
142116
11176
10422
31357
52896
75912
26431
108056
15727
12568
27330
5926
24739
22716
22246
128984
26783
150925
19065
17265
18064
12416
5720
4788
8398
73197
18725
6250
17121
6498
35818
19068
1583340
54828
18304
70461
10308
32320
46310
10378
3991
4380
28246
8014
12872
123232
13728
11504
29362
29907
26040
15509
27772
65060
38108
172035
1175640
26305
12313
22330
8198
26741
95574
17260
15730
13825
29265
26203
10326
3344
3943
77646
33597
20930
39342
6661
18518
507127
9899
5964
2356
15046
31227
4285
19623
65106
43390
4712580
1005
17634
5200
71406
18226
11247
30098
19755
31176
10370
15844
23207
31397
2528
14355
31245
7457
25636
44996
21667
26096
29105
21270
43460
18524
84366
117020
93897
24519
21712
14660
72
24929
13515
23105
9420
16933
31867
31714
6543
19737
29360
5103
27900
9669
34448
10863
484288
29428
39602
16286
4224
11689
7840
3386
25364
20580
129304
27247
10109
25238
30781
8180
5068
7265
1427
19045
10762
7828
67350
26339
14784
125844
22692
104360
17841
2160
70563
24690
7295
65980
9850
19272
756
7995
2312
140648
508112
17795
6087
45150
30088
43924
38734
21703
58632
18982
6738
4404
23562
15927
3882
29996
17832
26980
12917
2382
288
35512
95050
30740
25518
7372
7326
22873
21846
32349
134759
158004
31599
20465
16080
10133
38112
32285
12197
18359
2809
1001
27168
48495
7717
36236
18557
25091
3341
719
27707
14227
36573
17219
22788
13134
30369
18052
288930
680160
28416
21191
15760
35919
1117
7142
39435
2094
74379
25670
363776
9774
22559
26336
22
18609
18354
34788
32067
10786
26233
13660
3100
7264
21895
11484
9917
30744
26718
29449
30799
190946
840
53346
1000
63154
25532
22938
65272
32045
286470
21757
265395
469920
4812
5188
31563
1615
9227
64272
63014
2004
3972
88527
5127
7482
27440
57790
204435
20585
12081
12121
7181
7843
692001
20051
27030
40742
26981
15685
33442
1616
3905
24825
28938
4314
10201
63110
3800
26864
29318
19243
280247
1108
23232
623616
15933
7764
23794
50700
7546
27194
11903
32618
22830
28156
29972
136542
14898
21098
6448
97629
10990
30455
163760
118980
27978
11239
14366
184947
936
29604
26236
16538
169695
25687
96231
84501
33168
3476
5706
5891
40624
12036
23010
7400
16587
4680
28489
24288
10920
20183
43984
23392
2484
2716
10428
24997
18709
20713
18777
203136
12119
37012
70371
22413
47136
235
16704
9041
55170
30074
113856
98100
26222
80104
274548
5984
61428
85000
17788
32314
84927
13266
2699
4672
8678
49512
22525
19396
23814
18389
20912
22137
1657
27528
41074
39800
45362
23306
34128
21717
9023
31706
25148
31599
691
20658
5792
21672
914752
3278
78872
5228
3468
5202
22475
26615
30575
63858
307350
15370
21938
1435905
8364
30279
2643
14309
317317
9440
38664
6058
30902
2253
122050
51194
4049
19532
11446
102240
31630
8601
39656
144340
20287
17903
3538
20128
26253
9406
2628
17955
36474
5933
26470
32593
60544
31698
20988
20427
9219
17758
15625
32707
10196
18800
11307
14658
823
9187
7130
25263
21247
11448
6637
848
255255
14969
24318
36742
80205
10646
24854
2154
159624
1510
135520
977
30532
18596
2188
60950
13066
20707
36226
78
8164
9462
32088
91701
24774
19692
3767
10965
85392
2791
9396
77697
34650
24004
316368
29860
7158
4272
13668
29444
20592
89799
35874
25116
478320
175602
27932
9758
7032
32050
22084
32457
58614
23342
3148
14875
16597
22048
6115
26179
2253
32608
16339
8340
24435
73362
22120
82856
28238
21403
32838
6508
29382
10742
16190
5674
4860
26385
63558
29430
11398
14678
34680
945569
5513
93345
7116
29940
12221
288982
7672
25328
1519
229075
16238
17411
44421
26354
392724
9102
22919
20174
21355
58928
27820
23238
272090
16372
31583
8064
25035
58166
51556
23302
24839
204792
54444
8970
13410
15274
11735
30585
46874
57852
23643
19468
33930
118174
18850
4436
280
22407
13690
22055
21844
140550
40251
130080
3294
18148
10899
30788
20918
29430
208670
31737
70248
26186
61642
18508
89785
25888
12152
33740
24379
298802
50648
32096
3439
86658
12420
29902
27679
31694
25081
132384
16375
27828
189984
32375
25028
10395
56394
29141
30003
35846
5916
31209
207540
12180
20451
41356
21806
7149
44514
36054
2968
2085
15286
95604
31237
2858
717
7585
10793
17243
8942
3632
8555
29902
28292
6605
59810
23400
13513
20908
11815
22330
1682909
30349
28273
4897
10040
19432
31123
160770
21175
16831
107118
25985
89379
23722
29982
12132
2780
11916
30273
1317
26654
11580
305859
23510
25405
21952
4409400
27600
32123
57854
290994
243880
18065
22429
32297
31207
3130
2261
48860
8616
8451
16910
3269
68012
36002
14961
65444
24572
2916
4655
663525
4619100
2768
11637
25895
50114
37068
31498
8068
11724
26718
11527
20694
23049
7192
18129
51324
57788
33158
13992
36270
571956
39024
14209
38280
28534
41144
29961
12089
6125
17576
12634
19195
3748
22180
51636
18335
7168
57210
5730
17272
6483
56464
26365
51584
6289
24017
25538
37906
31485
15017
31917
1992
5514
3246
26570
979
3073
77844
85758
22744
25641
3347
15549
85098
10661
27562
9654
8521
15788
30773
370176
126240
19038
15378
1047
25217
12066
122625
57231
90144
30530
9157
25370
32431
28040
7546
4566
32020
54036
3111
58396
13442
12461
12444
18448
22288
2581
2130
80067
102636
48312
25585
13852
14220
687
12948
28047
20786
32311
1949
1653
31345
21662
23022
6774
13136
29444
29372
923274
1313400
6668
32662
17895
12584
94797
25200
11020
76293
39633
18664
10419
5775
155565
19786
20444
15581
8415
210224
12756
19434
19014
15443
16084
25301
24076
767178
11276
51060
11516
157736
23484
30546
85492
47616
63464
79000
15081
8336
1077
18237
632403
27623
26436
21085
28331
17048
27310
27510
12868
8480
24182
449
413181
23910
4890
37284
151445
41772
3842
7792
13861
29130
9714
19748
28629
30590
39844
7432
75332
21575
10970
13245
16840
16004
10285
71404
626
17970
24340
45576
74538
72843
19540
13776
24371
82593
9022
10227
7420
302
30699
12577
17399
31184
5559
14811
55834
32297
63484
17308
26079
14381
57690
4230
690408
36969
296040
25990
22700
20082
10712
7434
64100
20650
21360
16174
28422
96639
43806
30650
16494
29181
12543
27660
28649
14595
10927
23492
27933
604
15471
42260
12876
18842
18921
28820
2823347
2204
21986
114224
123
17838
13234
3444
62806
23403
28929
2291
25003
21830
29635
8570
27602
30998
6498
3385
14195
18398
23705
5578
13820
1924
8559
32492
13647
31206
21237
36294
27183
17351
24352
52318
133275
2623
21174
30706
116156
12264
48955
9328
19879
24514
2964
1634
28704
4170
41232
21922
31759
162215
31278
6614
101648
149595
57458
4569
22882
11880
22008
25289
18884
4475
9108
21260
152160
28285
31625
13317
7542
21277
30818
28180
1390
31042
141725
166146
67900
13685
48858
17589
818
21472
5668
12080
28169
104
24582
80190
27898
16505
1708
28636
30209
21905
350152
3424
31311
14528
24309
18764
24249
3517
57668
17311
2422
32571
13033
10351
599944
52442
3933
140250
30295
5036
3688
35604
7463
3357594
27655
29622
8849
32113
23752
28086
21267
163360
34310
30239
433720
9055
19544
7263
14640
31917
14446
19954
15930
12007
63830
25797
225780
21771
48048
24298
25332
21189
106588
11133
5364
1016
13179
14549
4255
9896
5123
12271
12275
172568
740736
4652
26205
23731
104
26071
151998
42655
22134
23588
27696
18175
2383
7878
14806
52814
81144
12039
14977
11541
12038
928
20329
18108
13106
20704
25398
87138
11287
3252555
32665
69549
9709
5215
33374
1812
31711
12875
32152
20189
3025097
20813
32674
56164
6900
30744
9531
13976
10144
13826
105555
13597
14386
35094
27261
18661
13720
26862
25598
3684
134055
59316
22780
28317
19901
31250
22862
232864
1768
25171
9081
8141
34307
65443
18836
25037
6410
19530
34484
4408
12780
24562
25678
63086
12507
14550
82248
12753
8880
16919
27200
1333
20903
16573
30485
30788
96828
12358
43124
63674
8158
54440
23150
327
49278
24805
32241
7989
312154
9578
24875
30941
23644
23006
3453
953
22636
32538
28261
147996
25
12659
27352
95880
12947
106876
14555
4957
184870
16659
54825
20469
15278
4992
717650
10644
48522
9604
13666
14952
31307
30366
1343307
9056
6438
12562
20348
36344
57546
10168
18216
26454
28939
8219
28734
29552
6967
50350
8519
4032
31342
38178
31128
9721
3606
62380
32626
4150
13297
163115
22714
29373
5616
16779
960
31385
48392
423954
8074
12632
10721
8170
345562
3486
7358
14270
26860
50352
24395
31293
22352
28997
14451
64946
16977
77382
106482
3615
37604
15578
2298
10208
858
63258
20577
373302
442660
7263
9900
14709
6093
8996
591894
70389
3109
39956
11882
16920
20142
28110
5768
20394
29133
28611
5398
9218
23815
26280
23622
21749
23653
14674
2839
3994
16082
31792
9046
4426
70384
92720
28632
64148
5391
28857
22261
11196
16463
22386
21831
47896
175567
21108
14664
44136
921388
30484
4952
5156
107720
31235
12199
9967
67
24766
16320546
80412
565347
4094
39184
33786
40730
15094
15423
14066
25604
25200
11410
42370
5857
3245
17550
17803
13130
2648
8880
153139
55708
59988
30578
15703
54418
24875
24622
448344
8454
162312
48868
62225
80694
17998
39770
7858
7134
244656
4633
14391
12854
13471
6450
26447
79688
1172
13173
16185
6594
10219
45242
26885
12029
21386
4916
8628
18373
63333
190251
58720
20132
20652
8223
5040
21705
8826
27774
55812
29354
128912
31645
3378
28374
6047
9099
21501
36404
12800
23861
64750
61360
26757
26020
246
7587
4480
5642
44710
59223
615680
12175
33614
15637
1890
409935
4438
23700
7128
25960
36102
16615
57392
1797
22010
22442
12231
5718
22371
6678
28440
1052
60828
10248
32126
32876
24431
28522
60110
27896
4244
10698
28894
25560
17955
17490
42576
144
161056
16320
7617
28165
69872
6029
45965
36112
54261
29966
5489
150
3150
31012
27841
50242
1840
12670
6234
127464
7545
16476
23012
858364
29363
28996
20137
57617
127724
24658
14145
9924
14517
5104
1933
12331
9598
11157
9009
20574
10065
19579
21747
13347
99408
12465
25544
18365
58914
5249
152815
84395
9778
15368
2924
40548
53578
13828
18411
22837
650057
12558
57302
88893
94120
47044
11411
20189
9918
66021
11206
48192
21521
18280
28326
74320
18392
22280
21270
64036
123356
31169
28688
18508
43923
7215
124179
7644
20537
1272
163917
36720
17373
31358
60720
19771
10621
30748
86196
51110
6242
5034
12161
24520
15614
13134
44484
6232
10255
17807
25432
20823
20363
7928
21492
11552
27150
85312
2224
3126
27279
26412
19079
26730
5915
9369
18413
27630
956672
46791
14769
19652
9672
2894
86248
107538
78483
16804
30207
541856
17399
27768
15762
18258
11019
16029
828487
19101
290150
31079
64515
3258
57672
55566
2282
63490
2088
15192
16578
22502
962
882786
15960
11114
15343
28902
59280
20138
26561
24228
10324
10421
21031
1802
24888
10134
30733
61010
152256
5124
6084
25187
15276
5947
22955
6664
19272
7388
32290
28338
408338
108912
15536
13987
28634
51960
32996
31932
7173
32275
28102
32643
143370
29375
23863
14831
29252
23551
28504
19220
9096
8798
73572
24469
47584
7046
5300
46664
242703
21187
31195
4768
8267
402
12356
187852
31535
9394
83634
94485
11349
123340
317328
4593
31754
2810
17344
149620
51278
10354
162545
8405
33669
27612
47142
4084
106080
123570
2898630
32598
7420
27485
179795
31844
17584
31646
15769
118735
14798
177696
201970
22490
16871
18607
112896
23748
6681
8224
14425
5760
13600
52720
30490
205488
51985
27073
17455
55780
21926
2904
15657
14868
6285
17272
27827
12310
12240
16602
22468
11303
11024
58130
18438
10703
24381
9469
32645
10581
17602
9448
16795
100940
39087
8448
47668
24506
42596
7830
9147
14875
21511
57194
31430
35672
611
135700
28930
1423
22256
44124
1503
781
25596792
7773
7106
54202
17568
18327
24655
29991
7260
20490
14876
56222
6222
18429
533
5022
22766
25108
23116
38732
3299
58303
21896
13589
89730
97290
44450
8910
14972
21155
101380
9710
52666
127135
21534
94955
1002
28340
79900
11697
13630
14460
164784
5298
107775
48472
19236
170808
23336
20465
28144
31179
22560
5757
52854
20553
64636
6832
52408
25510
65246
32158
7746
78410
29720
124948
125084
38988
50658
23691
27844
18648
6081
18492
9285
7548
9644
835
12638
17300
28473
36812
28386
5476
8910
43918
24132
28626
8435
32432
23703
62008
8867
12191
31419
43776
14678
9260
12225
5201
375008
22358
29854
3792
16445
155428
27174
1574
79632
507
16859
55400
7801
28076
12310
152328
82688
131360
20982
4974
21324
4447
40437
29605
21742
25053
40710
73059
156070
52988
41196
5749
7065
10572
25434
3240
15892
40733
1158
259560
170832
7704
7604
21491
26176
41956
3761
11498
12787
43650
6249
28239
65348
684178
2409
76860
63058
4496
1970
11932
27961
3508
96516
32651
3774
41785
1034
4320
25088
31267
89235
8953
108016
42684
31232
658
14309
9607
3658
12694
37512
12768
7093
14341
2202
9317
12452
23237
11820
16368
8801
127400
32030
9351
3470
8331
11608
7986
49050
607320
11430
240705
1908254
1810
28788
21786
16302
218133
30914
42520
1658
21544
32070
4279
23027
17416
52884
726
62336
97016
15054
29237
12967
51716
3400
7335672
45634
56536
72759
58656
19724
5715
37458
27698
42274
10986
10999
6279
166380
15000
557
103688
8919
98868
31511
2556
25914
18895
21506
18820
28433
14067
321197
25390
73428
26845
55672
12000
169242
551
5871
12594
26593
4362
23622
23556
25205
16506
29662
97671
41232
18305
17150
21472
101356
13019
50787
14825
76521
309720
8123
4605912
29999
26460
31135
5788
51376
333144
76998
4567
30287
6323
1991
7239
24675
29752
30622
21160
21745
7609
115210
24844
41762
21411
18480
23198
13564
26861
7741
16565
3909
5259
17706
13947
17584
12256
7060
4243
4084
14394
85401
17482
28442
9746
5917
1488864
157010
37896
30648
11991
39228
31040
8249
30467
4362
12847
27872
31027
57836
12485
3906
34096
13880
30942
183939
6708
54364
31728
10716
44344
302600
30893
31975
245400
21580
30240
24264
4635
3791
15296
11355
4936
16403
30286
15707
25928
8829
53704
21582
29529
75255
25614
149584
26569
29992
110508
6789
49684
17984
59505
29665
60740
31786
15938
230832
25220
39452
27377
11426
27977
6843
29512
27150
105160
93627
23365
23618
26206
49440
631
98988
41358
2004224
90348
65815
71046
4722
60732
27426
20188
3455
22114
128982
7100
64464
32114
17392
263945
250068
63948
7051
85713
268970
40468
13610
21455
6326
754
140952
12649
24412
9569
20903
95444
9750
6458
54396
20730
18409
52107
22227
32498
222744
132260
16284
15750
34551
15056
23557
36508
1227
999640
5694
8661
17245
25910
1543
56322
3861
15399
20155
14077
37947
23578
11418
10331
5208
26939
15707
155405
92979
32544
61395
39513
171784
23626
128331
21928
31069
11905
48232
4341
2257
80967
209130
55836
16359
886
18685
31231
9115
202980
31741
7762
10846
5401
27356
3044
1625184
12918
12442
7182
22531
32747
124584
15220
24629
13628
42586
32510
27437
64162
70554
28776
42530
3796
42338
27538
6855
70800
48328
23682
86694
16137
48326
4768
10140
8919
155865
3504
14127
131270
31698
57639
10966
435
30677
3879
204435
5665
16414
26430
167580
32667
63670
24415
11556
23962
54832
31197
18470
30436
6803
44636
77955
20644
9412
68732
4818
2893023
15020
6990
5907
92820
5562
28849
193620
18400
20297
11210
25113
18162
84249
5323
16251
22917
93196
21177
13473
38046
8380
28648
32714
22632
35782
52204
17424
936
12794
785912
24705
31342
746
20100
22175
15242
32145
17196
10368
54322
359007
31891
142614
39666
10303
31162
5160
9342
187374
39656
23328
3238
34914
18340
26197
28476
7340
40110
8999
5643
7387
10641
18931
23863
21381
2827
23928
6614
10183
2742
86435
15271
20721
26170
25326
166212
129824
6315
29349
34832
1075
108372
26170
11217
32542
14859
9081
13921
20294
3190696
83997
27077
12352
20979
37059
18079
17099
30873
118456
21380
31073
15000
13007
76851
23509
13413
18671
9369
14016
25967
1545
4332
37590
1221
85647
20352
28440
21845
5995
1152107
1042
36864
49824
1232
109572
161345
111078
32030
10525
744
21366
4359
90699
258192
8304
4816
17549
27395
14196
108096
10496
25696
3437
931
16942
12057
25756
5680
34248
22388
30274
189
19788
38949
8992
13155
32758
18723
94008
44204
29735
22958
7626
26033
250488
11744
38150
23388
7538
9108
11030
56970
25183
23222
23528
30884
19924
22336
1812
2770
266490
21362
6213
24764
31440
223328
25785
94924
110030
8801
18238
24382
15679
28837
78183
28345
9361
27607
799
27224
111468
12259
29804
28777
9143
18088
22674
12392
130464
21236
55566
32742
10216
26293
10497
42614
42346
16772
5474
22907
2011
29272
31721
3025
9084
424372
82242
11822
27128
17396
12381
443408
11554
18601
14350
130856
25054
22130
64776
20327
48720
15340
32396
79329
24029
1910
18712
289530
790
5897
51344
37700
25723
2111
16103
13167
176616
2575
66804
28098
8689
17235
19540
141410
39226
27292
113236
23982
17837
31303
23765
72264
26502
28639
31420
50164
208080
39288
27764
2459
77196
71883
60584
126180
85005
14160
26960
3153
22097
14297
20443
77200
22092
18309
25884
25038
11685
88536
25752
2440
11260
126534
11578
112050
2087
63465
29357
13546
61232
39807064
11054
5228
133512
61398
3664
1747
23887
22210
53370
395253
47460
47040
42254
50409
7416
16232
29492
57198
9874
17336
15023
16340
9635
14329
126660
24689
25699
1846
19450
18708
68668
65312
12637
16286
32434
3254
3818
18684
13924
16845
637837
16812
15518
4207
22745
14660
95013
81651
10624
19792
4884
25275
25971
19304
30585
2117
6630
45588
5010
29395
16440
11120
21515
16851
161530
187544
12059
3432
96759
6289
36452
22441
31745
30846
28231
32186
90130
11990
1127
14458
21836
26780
32122
22679
58215
13088
6743
9343
29617
288810
8459
19431
23809
26536
8293
74448
103630
20739
2757
5276
3616
60414
40047
31630
20232
15328
32615
378709
21200
29464
54435
7707
64658
18620
58482
17209
24254
2078
75630
29149
2631
65815
3111
33054
1004
17051
41962
4897
21914
7718
190560
31602
35798
4717
26852
5300
58852
18496
10582
5469
2470
16481
3578
4970
5776
37280928
5142
28338
46958
362384
44964
22937
44950
29220
36988
54156
54562
17756
36134
14292
34076
22922
26939
314980
32759
229054
8263
7334
29102
29294
6508
12984
38146
20043
15506
10560
9272
17121
28579
7006
30492
5207
69990
37330
30552
19415
15528
12024
54344
25690
4118
15158
130496
28838
25128
6400
27355
29735
18726
22435
1488
28300
173568
129772
18683
4674
24925
17386
16729
25639
27941
25331
6693
65156
23807
12551
6147
53752
87985
25184
29035
37906
29783
30293
12375
13555
27861
1472
2351
18788
3248
51130
21236
22488
17771
104742
51888
24383
27531
211757
7180
434
15308
12218
50604
1614
17836
1834
63948
66084
12245
21849
8399
29157
27950
50692
3419
23529
75692
2
12684
32128
11958
10807
232220
27850
221319
12410
173814
11322
22686
30173
90936
16496
38606
20773
1060389
57692
6258
17546
32024
895
100266
7431
11854
12988
10355
23474
50474
97533
10322
14974
3721
12915
78948
9706
13854
20443
64588
6363
9742
20648
44210
20703
19722
11875
3287
61192
19500
18867
14887
157242
945
17868
12396
18354
29566
14724
2046
9492
4124
7085
27745
16364
7870
35490
33112
132378
8788
3844
20773
22617
180255
22024
17705
49602
5756
14891
12700
14256
23189
21083
69260
28129
4042
21868
10396
3514
7674
22325
8615
13780
2568
492327
113096
24325
13507
23233
6984
15932
15125
32312
32348
4192
25451
86828
201278
44619
17507
14144
3086
610
17136
7310
448
49296
13433
60546
18735
31174
84833
201
80985
26004
22641
11188
62902
87032
30513
17931
25798
25931
23930
2516
24353
76872
28434
5996
4024
29889
16981
1644477
50440
3155
35886
23918
90108
126868
6361
297413
9597
15127
64094
20277
24241
24392
12000
7162
20981
30996
74205
313812
22439
22162
125544
36192
16589
38512
20864
55977
9120
46140
27854
72888
28504
20025
24382
17352
276965
11941
92157
51670
17629
125520
12569
32628
25478
78525
30492
36730
10264
25978
48882
17598
9204
25569
24116
922410
51568
376
24141
57500
11874
829
23219
29945
248000
18450
5322
26958
1093
10507
8453
23818
8872
20357
18606
263763
7763
94916
30492
38110
9628
60225
14045
10263
10485
68103
39638
19714
348
1679
109417
248336
38506
7042
64160
37854
22901
12488
59044
6648
9553
19255
60932
15306
35490
25902
66096
11589
15928
10454
31162
27529
26328
22173
31160
27152
16658
30624
18765
53266
15530
7735
26976
16375
2743
7702
86
6934
57054
5857
117030
89265
16596
23742
57886
37365
19167
111762
15670
22728
24396
27086
607223
77193
63564
25802
7227
19616
30195
56472
58590
29935
14177
20519
13016
21736
124002
18678538
23006
54916
11558
16336
439
150
71856
28605
6723
36452
327600
51192
14681
118244
1738
28442
14962
21207
27100
9129
59174
27520
19678
3570
22262
6699
3951
26647
15629
30366
53438
5899
5119
58654
8676
30796
28356
2540
21731
12423
18136
9358
6819
51490
246477
69006
74004
18857
249301
14330
10323
1494
13691
24270
25951
303
102355
75423
16904
30143
32665
10094
29238
29148
78664
5864
3370
124506
32557
30249
52412
11246
2688
15078
13547
15418
601839
109264
24585
15050
16541
124316
183720
154716
20758
79527
342441
2124
14038
182856
3744
19672
17939
51128
44638
98196
585186
36687
4174
7888
25482
284860
1041
18755
19386
24967
7612
8367
43202
3443
8260
15543
22438
24723
623480
982872
79380
12332
24059
15126
28976
30870
57228
2608
61540
30431
40516
32067
5866
30879
23617
31303
16616
32285
1448
30629
12411
35399
10182
2984
87738
16158
29412
19879
24605
6905
18348
51805
24709
97710
16727
21815
9246
20444
64584
31288
12594
20335
71576
10825
18528
34672
67440
16428
3714
14272
165114
21076
51015
7858
12616
30140
12421
19282
24002
28625
63588
148630
3223
10138
66522
56670
1670
2946
2231
23505
14012
19440
8720
931
23380
57714
14568
63570
31318
4407
23117
13446
31465
3719
13555
54358
13132
12295
206
22280
6839
10607
54116
26266
276390
27581
24640
15492
17506
1005
27667
55144
187187
48114
27435
49995
25412
82072
27289
8649
17068
21025
45240
22536
78147
25976
28378
15116
25176
12509
10418
11063
6040
2416
28416
24620
21594
31642
159756
19121
17857
2801
12107
28583
6225
45074
36255
27682
25998
16990
29579
19781
14331
11168
24951
14941
1373
5214
168
19773
26298
90990
16840
27056
30272
4068
28188
32292
22410
8681
11388
15962
9712
46094
18294
8311
12285
19380
8381
459
7690
19193
96645
259556
19323
2669
26648
13182
64558
23665
21228
58250
29147
16492
14760
1251
6412
47702
6942
23896
26727
28003
16455
358190
17003
13413
31576
112430
5985
30499
22363
8565
31887
54664
36648
22452
32634
16000
21860
16227
19155
1490
15451
26521
65206
11925
20970
20559
25665
709
15900
61050
53820
12478
2554
26356
67119
24901
36114
9276
26579
16283
16040
5551
9462
9403
26766
16790
13566
24274
25618
32259
1386588
41468
24909
28463
15402
26443
16462
28693
15178
6890
91728
16718
23045
691
52359
20109
76233
33687
39220
30752
23896
28152
5691
18495
28439
30011
30145
36456
235854
2365
27326
13142
27748
5097
20683
11519
5475
1093
7148
24876
889
34726
190743
23128
12149
63468
32120
316071
40602
25447
23427
10747
27972
22781
145500
129220
131570
1817
14946
10248
499
3885
28318
18262
51207
14784
23686
10626
16694
25403
22768
17549
25254
81180
26615
88950
20933
332
6260
3371
40472
139932
13526
59528
6386
25942
14484
18494
19431
16015
32468
3854
27158
10539
11448
17912
3123578
83340
26296
1558800
113752
29100
4780
121835
12969
43416
104226
18026
7503
12128
19384
25820
26789
108728
35674
60136
41568
24510
9866
16188
4678
1960
25904
27948
809460
29412
41460
24375
25176
22998
9849
29824
74080
12794
8386
13334
1725
3406
10804
25081
25193
28398
43345
7334
55558
27611
3871
12291
20724
8158
38476
18740
25022
412416
9100
35032
28000
10996
25162
79128
28135
17476
52676
276165
22324
12596
31124
536
12717
30578
23323
3477
25964
21852
31097
46332
62200
16217
9797
5328
3063
832
2561
25591
102096
27819
4104
23746
4409
24082
3164
21862
28479
24991
1802
25576
30000
8852
29789
499824
220510
17777
10918
26498
121200
35512
1318
26718
25194
18400
13365
60753
4465
1162
6833
13024
32440
119476
25770
27044
9724
23798
68904
17991
37614
5920
62484
17648
22654
1013
10514
16808
31725
23304
717
5431
31373
5539
19324
13374
59055
27816
30218
11413
82104
11363
6771
14798
8498
512208
14234
1950
6408
15448
61274
155695
23911
79864
18168
19322
6511
162455
4225
52788
2402666
27106
23054
24711
45750
28233
30003
20501
6016
6377
31154
13646
21801
144956
13302
11522
13185
1270
748
8941
15791
86976
28188
341808
16359
472832
2286
46077
47385
245328
13379
131508
4994
14530
17945
30171
11859
5633
18047
29148
10248
15323
56184
171563
1682504
3525
20410
4652
8739
2477
24760
10821
31320
17270
16175
23471
14799
370752
56840
16119
8354
14491
29167
20011
23805
23646
26922
26554
28536
19331
11358
59158
51732
18614
458
1627
22237
51261
25524
48162
19694
26044
65064
47122
4148
26786
134388
15950
18422
21237
15440
24793
4500
14022
94551
13754
13839
13786
63154
11074
52632
4488
36300
21273
24029
14003
4689
79581
15569
10000
19325
19336
18363
8537
8218
122490
56068
53848
30626
38546
6965
31607
18412
4638
21472
15388
21862
5443
19598
112273
18620
1289008
21721
23948
31179
129260
13426
264
7112
19460
4428
53170
27990
12714
23138
18621
6625
16567
27979
11724
13362
60718
24976
57052
31984
10045
7903
4695
115685
26356
19602
5572
12653
57940
17283
47064
2698
44902
39364
9967
30696
18428
17829
27499
41824
4282
372
83043
66438
84915
9300
25402
30151
90308
22619
12306
23154
22703
7657
18221
14246
5152
27957
58616
10627
42232
30298
72048
53352
11440
30045
22332
25491
14340
1246014
39303
186792
38750
27293
8123
21524
948184
91938
31279
30967
11279
10226
17051
177480
51393
28758
11352
85095
31077
22285
11015
14615
17237
6288
103745
104188
32472
11732
5711
45987
17555
22357
17908
173160
27010
31713
31685
9391
25251
25671
564536
140420
21032
2048
12353
1824064
52436
31866
22415
21871
25220
15795
6557
2417408
27952
27364
24163
16394
303552
10928
58480
29163
8224
23387
17104
43983
16254
39102
7286
28267
126760
4660
25482
23182
20084
11614
1596
9112
50735
41328
26523
5411
38256
21247
7286
8982
23938
12098
8332
27547
2564
31431
20115
2761
198944
3232
26328
31580
7584
143122
8709
27489
1959
12247
27488
22051
37338
456
153692
7852
80956
199400
11008
11138
22574
31945
22312
58210
7390
28030
30270
101922
4559
24818
16023
8081
534
590365
21548
17000
211204
7378
24920
27048
54110
24454
16285
19893
6928
16084
13330
26045
2342
57423
42326
54342
19113
8238323
27602
98556
30436
25750
563
15076
183126
21513
68724
23901
24943
32908
215720
17941
54100
13220
57668
19289
2157840
14234
293384
8668
3136
22984
14940
820
209656
57488
16194
30366
13176
21100
2244
94152
28668
25338
11042
8142
31803
32483
14970
1348
16806
2391
20423
8645
5508
293697
18075
3348
25676
17002
9256
5514
22795
13526
1499
58786
23347
10558
23165
19083
27589
63250
23258
8467
6372
8653
7106
28112
1741
32948
201
