13563
20578
9481
1488
9636
29684
21678
30157
29718
23185
21998
8081
293
15254
9613
7276
7672
30545
18951
6623
56234
1996
17705
16820
15150
26004
87432
28765
30520
26037
42934
21901
1255
31617
17330
23317
19734
24135
28583
28160
20179
21559
9683
1521
26564
54804
21349
1723
380544
23258
18407
22593
36640
63696
86214
41248
29822
47164
98208
58542
499905
1060
67005
4340
10177
4995
147595
22130
10416
77876
58718
8964
17644
1768872
15276
71733
19510
29667
4027
8056
37362
5090
6177
16632
39267
10540
14304
34835
23574
27832
20195
29160
5528
4784
23149
6085
195288
10912
7871
6497
20684
19452
35854
10544
2361
19159
8336
20588
19197
57794
29223
7374
119924
30370
30924
52982
205404
14581
6297
30340
32462
26311
68322
110894
16191
8975
7934
7927
4350
22288
20779
10583
20928
12493
20552
29439
657
2509
87240
28024
8685
38448
52356
21686
9250
93508
15360
17219
32031
16632
25351
183978
7549
103880
51826
86490
11982
25299
29968
32642
6949
13067
105140
28623
11237
8818
19466
22422
58218
892
73617
9986
14404
28455
22342
4591
11745
7718
18389
12232
23614
6266
15298
28065
11517
13810
28354
691592
21554
25643
5798
13920
7908
47506
20316
14911
64185
18422
36806
13318
26508
7276
12401
42758
31440
9182
21986
10770
7730
96324
17196
27777
40226
15178
7008
26406
88208
10623
2390
183
84880
9477
28909
25735
5053
30338
7840
14879
25156
59260
363969
30110
109886
53192
61900
11634
7302
4076
19608
1915
13549
17191
68820
7399
13937
28855
20091
172506
30155
5457
18955
21009
9929
28578
23287
20207
477
9839
16034
1256
8425
30536
23229
31318
8010
224098
28920
21320
18722
14091
19292
1156
52178
29122
18446
55635
27190
5735
30123
58444
7369
63459
151015
29831
31453
5250
29878
48418
26540
5830
2409
5138
177036
31051
14833
52335
35082
8657
20248
18301
29316
620450
25030
18420
45566
65868
856
23192
26736
67140
1414
5483
4088
16037
21394
14384
153909
2020
18609
16584
1792
30145
61110
35368
55558
25729
203004
61958
19421
13669
27627
57616
108564
45423
29551
45580
54288
9285
25464
17830
847920
16512
18086
32078
18478
89994
50616
24891
137640
49788
5010
53283
43876
30102
1463
22886
17669
26529
11095
25322
2088
20742
57620
95535
29949
12280
28636
6453
10458
3229
12626
43318
30801
8794
13372420
3253
58504
22362
13333
16489
16937
24095
31893
26496
128616
39166
265950
30338
10527
30051
119248
28623
63
103712
20004
56834
19652
14472
15067
14721
22861
167364
3420560
3792
57678
4530
17958
920
28434
94563
12594
6681
17944
28747
146740
49888
47390
13490
29947
9693
14635
17535
24414
12717
28410
32055
14729
1376
15714
2751
47004
17635
29499
43300
112
14001
25983
79296
29584
53706
42720
11348
43180
38988
41742
62577
85384
3330
1131
27753
6772
21746
58344
40794
1464684
24186
34400
21567
53352
21109
12408
16982
1585056
27219
123564
49788
57428
16879
65928
16316
24497
23471
186746
28159
78436
13026
28231
32615
10332
369660
15108
27574
24420
21815
17642
65775
31430
246312
8123
25698
13068
12473
43396
16133
20088
191664
36294
24835
58088
27801
7807
31710
387324
28885
43244
30682
23828
19924
31340
45912
27096
22442
31283
44672
30096
23588
99
45630
57009
1218
23409
3651
13013
72681
2892
28047
13694
147495
59548
28151
18024
21332040
13770
32956
4416
21845
38064
11506
23774
32597
52482
3156
7535
13304
28624
6864
36387
818
5025
25209
125840
46356
299
51036
25904
32428
4812
162260
32700
455379
29331
102084
17693
8723
4665
30197
22460
32042
23242
2687
14095
4250
17148
15045
7352
104328
96537
40324
27520
55179
115647
14201
16797
50386
20417
12715
121332
5964
38726
26272
19639
57288
15754
105495
22444
10195
28080
18777
3200
2146
27706
4537
27328
4914
6534
21713
5451
15202
3589353
53235
7172
2960
24434
27594
15035
15211
178308
31600
14679
4858
9572
11028
22856
28724
3870
20059
31788
34238
16122
11075
57214
13658
107115
36784
8472
9108
197015
11314
4482
22746
28074
21682
19206
20288
31078
20604
29761
28252
26337
18487
2380
32862
33438
80649
20744
27725
11501
57206
17589
10928
16456
41176
52324
113400
25755
13844
16127
50859
12822
66525
117792
9810
23992
22302
16029
2576
12618
77165
26823
7840
276540
9015
6156
41668
9427
15963
13198
15163
19721
105925
22367
94266
11252
38046
21617
29246
42928
27045
185130
42800
55966
23454
2739
52240
187880
32871
9953
253512
50720
18919
26341
721
20254
7079
663
71460
129624
78969
21618
11255
12599
6055
28227
25856
12372
2903
88383
26909
70740
29636
25179
8234
13796
20348
16479
3918400
36736
2443081
18410
23154
4603
22544
4404
53196
6704
17601
23054
23972
1007
25123
23373
12665
22862
25252
22392
13679
28609
48402
40298
14777
9376
297517
9081
21607
10840
15034
64824
24265
19965
21205
31185
31620
29712
2426
48278
2596
22669
13756
19335
12707
24120
29698
17334
25272
62032
23536
29975
19202
294
28634
18409
1660
29659
51470
7573
594
1039136
15658
34629
35720
18793
30621
10413
6263
48234
35262
25356
27674
13510
2512
6173
28160
21902
9258
23877
219835
61750
24454
31340
7858
55876
18433
4938
30669
31943
413
44835
6592
57242
18897
1700
80324
15322
3720
21654
20162
43398
13558
48740
15794
154
24629
26745
16820
31477
31908
38692
22607
236544
3669
29664
16374
13253
13238
14703
5161
123112
25119
31084
122672
37142
23912
3992
81237
46674
20088
4517
8158
40996
129857
9266
977
20194
330218
44004
11959
21530
21043
12720
32407
44301
33690
2394
17550
18134
17328
5872
28434
425220
11079
3534
22371
18541
32073
29568
11454
4398
24488
6099
57988
46446
12826
23734
27760
26230
28278
44768
41472
12174
39561
22728
15732
20224
16534
23950
7453
3243
19625
23654
25061
11800
1611
64128
68343
8905
11766
18756
123360
31680
2637
29586
3175
31315
26775
6211
18822
16942
25978
11106
94488
31400
31227
25313
439399
82398
11145
63812
27631
24477
26456
22122
14132
24115
8293
79083
819
65008
26920
27799
75948
27833
2037
9377
15752
24052
395760
20612
4364
8644
59385
19432
25414
23304
339
6168
24320
532695
17523
16561
23660
3588
28789
1422
32623
27702
32868
30194
14359
30801
55594
134350
249204
54238
46512
32565
3345252
12214
109564
6582
23802
13673
3989
29209
9267
22834
565908
98334
11036
21639
14345
6096
502987
69285
4464
28272
9869
5368
23224
28321
57240
23178
14838
2903
43160
11579
166779
31590
85028
123739
61620
18697
137315
18077
25465
27405
15430
5794
11016
30272
16281
9333
11181
1049
227591
31376
42704
18855
15495
18770
26976
26656
53688
29669
5892
6483
1012
18666
22410
9549
34752
765
743614
17005
7659
3924
3231
6109
3576
27255
11724
10850
14363
6935
27544
7076
16501
13002
31522
27594
30036
47216
10236
3463
10122
28880
6890
216467
19725
29045
9490
22275
18895
22834
39404
24795
31455
3687
25094
28064
318669
10235
7637
8194
967950
46014
18435
2183
23358
21775
257094
64226
10477
108210
7113
7660
260184
69
27395
12921
181797
108616
39219
5786
3232
18151
28072
145872
11291
30381
138540
30062
23576
26935
5462
85035
134060
60816
5412
2268
50598
16358
23458
63082
21321
8288
17913
27753
58242
1236
16740
27860
4980
6182
71721
92352
97416
22646
18333
6281
326620
12032
16305
39104
4469
36610
4108
541
17440
970734
11061
226768
20141
24641
60630
151151
36519
31625
46990
73791
20068
18479
26194
57936
7857
14727
79680
34744
7394
3637
14696
7636
26441
21046
26626
9101
58532
41060
11679
6600
12823
32256
26221
8250
31300
12410
30890
20849
12333
97174
10857
29705
11053
20988
29572
21024
24384
32796
16938715
17333
11748
118380
417848
124920
31020
24144
22851
32794
21796
18976
944
56310
88644
35361
9987
12004
47435
7911
24344
254828
3748
15907
792
42516
27304
27850
54294
357425
120932
20883
8316
48040
9561680
11173
32370
34966
28470
18606
13034
31481
148990
23080
17513
30801
6407
146304
20785
25212
29319
7106
517636
25407
15295
44304
15116
19750
31053
37232
404
32245
10292
18413
27210
10832
21169
22535
11130
32423
80632
21920
76560
16743
198114
14878
123940
25183
31199
29346
19758
36288
27171
21440
8029
252560
52970
31421
22268
55552
10134
60236
2529
4643
24200
12534
31620
109125
390793
12793
17027
28644
9120
66392
17119
5233
17940
11376
105928
11814
4333
2567
1842
4197
30556
15068
18085
25950
520940
29030
12708
24704
10744
21638
2387
36998
9741
120600
608
23613
10497
32212
57078
30361
2545
10535
10282
9404
24945
693
35015
31238
32040
18121
28533
29555
27049
397
27899
2184
11924
2070
59800
8448
19146
28850
224528
35274
24440
5744
276496
46534
24010
89040
19293
17758
232225
124705
24148
18616
2845
519
25725
17103
393
27733
62558
21860
59654
115410
50734
39196
72135
27558
2032
22232
28909
18816
53512
9403
20621
12946
31684
58248
1186744
16549
18656
25291
24737
28798
13560
4132
29071
14632
22158
224042
1287
32004
8088
10299
24260
137020
15793
34848
13250
31982
9862
298802
9440
63195
28594
553388
375
194
25336
1490962
22272
1098
173140
10617
186480
127658
32461
111843
10048
21871
18759
2115
4763
13610
23528
29221
5565
20107
21889
19855
5130
20678
30640
102096
16877
29285
15588
57400
24435
4823
24208
40026
6439
21305
18350
18431
22110
77394
12151
11538
8871
30774
22624
6175
22845
31779
12119
26520
9025
9726
164151
79662
1726
73758
27816
22170
10204
1324
79688
11232
44512
23892
58824
10126
18174
13768
616
16629
93865
30440
25158
37552
63732
14035
50980
40083
11236
15227676
7710
344409
18121
15039
29603
23842
14293
6021
31397
20351
20662
23029
102612
18214
19071
19987
26155
13965
54522
30960
20901
27380
243501
13720
4543
32405
14457
27260
3731
14354
784
11884
12403
794
31850
46191
847938
56508
30536
14364
6879
162533
46028
26676
1475
18311
17791
7914
669
26760
14906
13906
31771
28819
55922
31052
110176
15834
13268
8434
700056
21337
29987
30058
29327
19322
13159
391
21309
36882
14606
30371
19086
50844
8724
115110
31798
1690
18801
775
45968
2513
23638
117420
3203
20586
23270
220
62166
6034
14021
15139
9958
9848
17834
17435
179202
10930
23353
107768
42834
2738
5408
55268
8382
26729
13684
18899
21828
12791
40244
4162
29666
3711
2463
1837
271505
47650
47286
32320
24530
21717
11206
764104
48800
12921
22040
19030
57594
23700
36526
35652
18960
45297
18293
25824
24875
32027
13993
184536
25255
365845
21514
4210
57930
129708
27249
9480
192592
62596
32655
23279
86193
21180
24908
13443
7730
248856
23238
55268
3519
29726
290160
71457
9460
20856
49176
50318
44306
18556
5407
28951
14870
10224
80355
736
26739
30316
20614
3220
2200
27441
90993
24134
13788
606
2513
14945
46809
24147
30339
16584
45648
8804
11866
27088
28123
38979
21195
6397
61560
1444
13649
40062
27280
29117
8713
5396
43020
9690
20622
58450
27641
13786
11820
38180
16367
26835
15309
8574
29933
26882
113
5296
19824
18376
69816
33650
6377
5999
22459
29147
22396
940
49002
5287
29175
9779
1593024
25196
16913
20749
21705
32287
26339
32614
514470
114772
8619
7987
58222
7985
14015
9126
31818
52994
3790
111125
21551
12918
5214
3097
2767
2489
2434
9643
16580
7792
83816
58680
33162
85767
27856
102550
2669
19661
7184
32596
24892
5764
58512
338288
2568
23764
17953
30219
18070
27925
71152
21273
87156
25533
9457
29015
47100
25310
10116
25274
80607
24386
31401
27007
73213
7763
8826
7752
98946
198107
29239
16213
27318
26806
39420
69720
18232
30653
43820
3890
21692
3394
30404
31971
25750
7526
21337
31681
24385
28116
161240
89520
19648
1040
22044
6020
20082
80630
41616
3640
21455
26549
5135
7759
47998
17797
20741
18633
20414
325
12405
32457
36642
51138
183410
24134
8172
15396
221824
26592
19599
30658
8288
84783
17567
15272
9174
28308
11906
1927
330048
24944
9966
348488
28754
3801
34978
16327
128955
37774
11794
227164
26327
28087
8715
16586
91824
5466
38558
12878
141
60664
32737
15375
84050
3889
3336
53292
8142
4166
3563
175210
26412
25036
10355
13728
59100
22411
19553
7765
26086
17448
20654
621598
17234
20262
2850
10197
26026
21560
15927
261730
25800
29691
31023
23444
23504
28525
18035
21658
13693
29234
17454
27539
16050
14514
2430
44580
52716
14586
184100
70677
18736
18692
5134
12038
92649
77784
19919
434658
560308
24823
13339
12873
203664
12551
47328
88392
7180
54368
240328
4259
137431
24049
64801
243240
28732
18666
17433
26958
194985
97864
22978
20328
31403
32116
4248
62050
18301
20087
91172
20320
29004
5551
274008
25802
17432
3182
29085
1057680
13205
56612
1124
26670
8992
28954
7556
2357
64514
53496
31929
188748
78518
86412
27205
25654
11663
6799
32470
17220
23520
30382
16330
19504
9862
98788
8235
16408
31034
8228
9389
12770
2692080
98052
14709
86439
14979
7493
29826
189912
112868
9987
8834
30079
25855
55184
16128
10339
6421
56026
21308
12477
4018
24627
29198
4658
63634
17260
154805
31370
32768
32612
1433
98838
16749
255759
19354
30042
22675
10251
30875
48734
19228
92988
34371
23589
16005
6232
3095
32296
30835
22311
57472
27768
10490
62782
8122
398
61742
43328
31465
15993
14073
123460
37040
1786
11821
259866
19739
12258
5394
11011
24268
25810
8930
70614
32620
6630
30240
4168
1274
10017
2787
19668
14516
1307
143458
4882
205821
22044
22627
15917
91620
10813
40066
2046987
17635
23430
73038
37994
752382
30257
5014
15183
342840
11329
1987
949
5503
8259
78455
30151
19498
4962
5019
22412
1030
17072
62484
56124
21858
32691
28647
63664
57558
20526
30350
24096
30514
8497
6508
15644
25611
45766
8178
9194
28208
22158
4087
57816
22169
17622
19433
50194
14104
27311
390949
5224
12211
2133
32316
14136
3653
26244
11954
9908
19543
13988
9370
14738
65144
12714
9819
61540
28695
11472
20969
28936
1056
28457
153594
88364
11317
10120
10712
41406
13628
18399
10439
13439
6113
279840
27735
903
4350
5471
10995
24030
29440
22518
8758
30817
8441
14152
127680
30352
29189
14287
736725
154716
11873
26602
30520
19791
25545
53580
12392
26060
142182
311790
20395
511632
4358
65406
16402
5633
21254
25892
95064
24001
4061
26490
14539
25619
17506
19142
28913
127771
32594
13754
20813
46527
3564
52562
5813
8599
11981
33726
4453
874
422096
843
8632
18110
21913
85032
1799367
143292
67216
20819
7035
13429
23143
30866
23648
56262
60126
16382
43534
31113
10954
21991
3633
2611
26552
35452
23142
27453
115570
21092
7283
24656
38904
48769
30246
32535
2086
18010
23368
9540
18653
19908
17626
1042
32277
12427
148
37132
25623
6129
90728
68
17636
15278
3969
13099
28218
4480
27777
22104
14600
5104
64497
3628
16731
22734
10285
9995
39580
6368
112844
17824
17948
12390
29504
689
26208
5312
648370
22133
25683
29203
22755
2130258
537
32361
130004
289490
104910
3400
31551
8960
364860
4710
53304
22101
29244
21938
5893
42854
9681
60746
32158
46010
14218
19146
23444
31337
25279
25483
203600
76365
28187
91190
14104
22450
62912
63642
19013
20874
41395
11886
29106
57300
9892
1564
28336
984
127880
27121
87318
11814
144960
38050
22849
1776
49208
648416
27651
18770
19798
20290
158114
15915
7526
34960
22643
14043
11186
15383
18002
27714
25817
7882
46858
35506
25828
28072
3546
3228
24420
28668
46104
29564
28252
248820
5332
22641
9933
2808
4812
24965
37688
32318
33758
189486
12844
56862
68397
4811
29958
10682
32601
21618
18786
15412
7549
32569
4963
29354
16702
21715
11891
8875
35142
29901
54330
1901
2063
35307
5779
15961
24447
392973
18185
2775
158725
29086
4198
55990
3447
69705
6997
45920
12570
13846
225630
6275
15608
25351
8092
8242
26608
2019
5668
173316
12015
5938
23088
16270
40276
30268
72498
32013
2640
6694
32363
7821
52738
24836
16396
30485
32657
15835
18199
10065
55548
14500
25819
62240
63580
5338
652428
34065
14188
20680
33146
32084
28196
21442
52224
32389
18526
1914
103995
9962
6008
709
13113
27200
102044
14197
139625
51228
29104
32554
1219
150456
15586
3508
27324
365376
8534
58974
94530
19956
12906
3308
11317
7935
62198
14229
6428
19883
31845
28325
26134
20425
7774
35354
3308
27518
5804
31931
26490
103552
23820
60302
546158
295485
3954
15071
7494
25924
212646
44512
6472
17904
32392
49194
31364
24749
97490
408640
17211
32517
10221
8246
14306
16258
64348
14102
52947
20540
26822
53319
9010
24353
16093
3277
93932
8100
11751
6588
32490
163335
38082
4963
13075
10252
10036
49860
29091
311
25962
3430
42230
3014
8504
8133
2872
116656
29483
17145
16607
30785
3420
31268
14390
82110
18705
17233
1509
1376
29157
22499
6520
15888
28339
30267
10734
18592
16289
8360
31626
561564
18548
32147
24273
17829
149100
88210
12859
5857
992
394740
48158
24458
49720
44780
25214
21842
28350
11373
21501
7551
18780
91335
175441
27258
59232
7744
17234
41276
21463
1858
9776
217134
31871
4452
31914
17143
21871
15166
70368
4663
36870
13482
19464
55834
11465
28157
513
7987
38524
170838
21062
31576
35175
58704
28975
2070
1544
25467
10422
9156
7464
20188
27306
14550
3266
14831
7297
38494
45921
1200
26635
190122
23502
63480
93562
31469
25195
114205
6839
64198
45369
36246
24905
39188
11521
519
4392
14480
12668
14867
53030
16371
13898
17934
18843
31144
2167
31823
21711
8102
25415
84336
438960
48246
342160
31456
4152
28418
32120
11528
21657
22715
20341
1146
18815
26224
25778
5447
31789
29164
7786
20337
29024
19842
32247
3953
4688
1186
2900
87243
8203
30131
96775
9535
16656
63978
30521
63186
1327
230074
17011
6844
31647
19987
7581
1190
326048
17590
13975
22474
24019
18590
13067
31659
7062
26827
29310
8604
7077
127650
4884
36302
47452
91152
86778
46380
179
18498
19273
13915
29414
29776
25742
19460
65408
11843
32130
17695
15203
2795
18536
28455
42084
8055
22936
21944
8109
8740
26574
36432
60774
3047
43222
31392
59277
16371
12715
14943
51736
80763
2015
8655
95790
8427
5874
30073
29941
32290
41012
80636
56835
51897
989
21750
9794
14690
213
23833
27760
32230
7017
7851
7181
436221
26132
10733
6151
50602
727
2880
19730
31619
23861
55188
12834
122632
125272
32456
63934
60690
29409
16542
15281
14853
34836
44448
19196
8559
51856
9852
3932
29801
16604
13694
784
24556
27462
30164
201850
25774
15291
77784
15294
20261
32642
90370
30366
12551
13738
20110
27892
2210
39064
19924
39384
35022
146655
5708
43696
27038
6895
24120
50120
116756
10645
2032
2707
25972
2874
7712
19099
16086
258363
3999
22536
26602
109813
82056
62643
13072
87196
15569
24249
18512
324383
15738
7722
20907
19781
2307
581994
58698
32600
13073
23597
89160
23340
142045
1165
181209
28966
13286
88533
24228
61206
11851
27879
64338
4066
21782
20103
22582
26804
25830
24536
5982
19443
27303
26564
19853
8314
216013
8916
61474
17603
6908
11182
30695
26409
20558
26359
7054
39046
47232
30761
1811754
28135
48172
26963
95403
31332
12269
7410
28368
24566
61506
29195
156585
82548
35046
60696
15515
21462
1276
121660
32700
56020
348
50112
7389
65298
26771
19400
16963
122550
41098
29626
26774
13020
78789
49290
883
10941
20065
16457
29296
26818
8983
8730
11787
37274
39918
12961
11820
137360
6259
1654
190036
65288
10209
29755
588
14821
20064
86763
6506
665091
23821
25713
58066
43136
25446
13374
132075
26918
12276
491820
28101
17255
26210
7403
9049
28090
7754
6297
9623
10850
6
13185
37758
1353
539
13502664
408024
7294
27726
14466
48170
25058
25521
11463
32066
157985
17436
15770
12101
469
29404
1949
70150
26786
5785
18844
65072
31900
24708
31190
6709
86661
42378
14334
54586
3313
98584
30537
86985
18313
245
10330
3868
2306
45712
4916
1290598
4729
19536
96711
6029
17668
233792
49330
12972
35414
23636
85323
13370
97965
21438
6160
30558
3177
32337
28335
17839
10420
261280
72632
23774
18879
7915
27258
24407
32349
18154
67772
22378
7934
5019
27813
4062
1769
6333
8326
29623
7473
627732
2394
323
49726
96075
3326
7274
3791
52416
12077
39020
28362
110572
12442
24384
90498
11466
59019
41175
22585
56589
18480
411280
5298
1427
1922031
15378
8126
76749
15425
70
11016
28344
28844
30048
70848
11663
37218
23729
19904
14889
12239
15371
528411
7675
7624
15507
50448
25897
67008
11464
25037
4784
6065
29134
22174
25042
37905
29695
55154
194
1532
21171
25036
12432
98334
27470
61550
30295
5586
32650
76002
18852
9154
1798
26319
55376
70599
30735
81825
22177
24118
10076
54438
26373
1831
241
24204
30688
18656
17277
19220
26959
11499
22868
10941
29261
2145
3043
29450
13437
63732
16462
11304
12361
11263
21247
22831
69582
7300
19052
22834
25544
23844
27944
17666
8132
20749
1836
28193
94857
7902
571998
8710
11181
21639
30338
18069
402
7519
26608
50820
17064
26246
60162
19214
32689
17265
62364
91203
362
29955
4098
2920
34418
21651
28686
18706
268975
5081
28118
24006
23589
507348
23697
22727
27124
9855
149
29718
31699
96208
29796
23031
12617
39140
19703
9568
45234
352716
4756
81210
3247
24290
6440
11698
1926291
7511
620592
20922
7060
83980
4678
30003
28013
12684
202236
70317
23101
10148
16869
119556
22733
8782
4609
13410
29214
9337
42776
51628
34382
9247
17228
24671
15490
925275
32421
32302
30546
1675
20861
15924
19319
29188
107262
32832
4852
2091
30219
20418
18079
3605
30921
60160
24587
30658
1445
21433
11442
1811
28012
61008
129432
5938
7596
6580
51698
33094
411099
33468
23851
17294
43150
58222
16806
15956
39862
3653
8840
13552
2315
2580
23653
54822
179416
19792
70878
19230
95355
22434
21533
28854
13276
3598
74922
24422
33924
9577
56412
370438
14704
10396
14252
23811
32443
21372
17427
51924
25520
118120
394800
7891
16045
17538
16414
132228
1201
15580
13235
32470
22117
31247
114144
118027
97815
24000
4067
60264
3814
25666
21561
23942
2194
11262
99768
18998
9060
20153
4845
31166
80898
181990
19694
20683
7568
24405
1357
38186
6756
23234
13646
15106
10545
44796
6618
32252
55414
231462
28656
30484
10974
3902
10032
26705
28780
49608
2312
8025
323920
42318
19614
291300
25125
9524
14173
124736
28578
16776
22277
10249
19992
7940
58023
5838
94302
9914
604
12723
21686
117005
20136
9341
7095
41838
8583
4428
1583
29872
12562
27848
39171
21118
4120
10244
375
28010
10248
55734
25037
19730
51687
12777
11520
38872
25353
12735
4056
23803
55336
17167
65433
35742
15746
25320
261220
2242
14407
7134
16875
63200
12325
3406
6053
35564
120105
23268
14318
17263
79960
8420
248930
2604
3135
4014
17716
1586
15449
9708
20835
29561
11804
18160
37668
10593
61166
15181
17119
30456
31383
30643
76680
2922
12504
17935
1146717
9928
44508
11491
24058
7674
261950
12514
20697
1292
2034
78652
29232
27932
55338
15254
26334
105900
13196
28843
8087
20440
22046
46406
29551
545620
12852
19472
24749
24236
140129
29664
20689
30122
12409
9336
11235
31690
3884
23502
18173
39896
16638
22725
31259
2489
139518
27020
161478
44577
31610
30905
390020
1543175
1807
4578
154638
13765
63906
27773
200
193270
1406
25572
22281
81924
13201
11292
30719
31120
4251
2366
54616
123912
43002
3598
48765
28777
35428
55180
9476
28817
6400
31633
66162
24657
3043
22019
31682
23960
1145672
7795
211159
12773
21154
11025
28877
55812
15691
9358
278190
215124
11378
12878
8124
7816
13444
15416
28752
8023
30598
17526
14012
5171
13109
31148
20697
12740
14897
16382
6964
12254
40014
5842
72345
31223
10124
3809
61928
10216
16065
24160
334995
90450
8093
4050
64524
46442
26668
3154
268323
3900
8992
12972
3445
12842
1330
22402
17312
10742
60996
6548
42648
5939
127425
16600
4348
20920
6019
27012
64686
5432715
15626
10256
30989
12769
95
27684
750024
218944
10510
129320
2039
31951
13282
24504
16091
140820
24078
23946
10705
30471
3483
15040
2530
18179
34344
37029
76
59992
112
18312
138864
266870
228789
26782
5727
8375
24600
14908
6568
35695
17729
686091
35750
53646
31392
23215
29101
48595
8417
43191
29381
38696
2440
30391
22734
9607
31865
48124
55320
31227
17701
13390
16433
6175
196821
42572
33636
1096053
313803
17476
2735
27989
7902
12856
978
6110
22514
262107
108888
32442
105618
92214
468
9831
730802
33680
3559
7413
63398
30376
61944
9638
37038
8876
38840
8217
970
11623
873
29078
48536
167460
3153
56476
146367
26398
30639
4811
565
14570
11696
1465
21709
4481
11862
8670
15272
38678
22028
7046
16698
9385
137448
38406
123240
30874
15642
8036
14416
6801
8101
13689
28920
80508
14948
20230
364632
30360
26273
9797
31923
319824
29841
22946
57388
23812
17314
27569
536732
1271
26115
4979
24775
14971
7029
22730
18406
16399
12112
14648
12066
31625
1496
227733
26745
19378
25793
17333
7451
43070
17151
25350
10579
140268
11218
76988
18871
11810
273
90312
1426
773
802494
31474
1314
7573
87294
1302
11692
19976
15314
5325
25943
32146
12122
24245
4330
31533
19515
1171
62436
22315
29474
7621
28108
4739
29771
1844
20878
24608
6651
90084
26899
64856
4343
19517
50528
246000
31313
15477
45260
32624
23928
71700
82968
14022
2434
91161
12640
16958
29112
19928
22879
30310
20834
28474
193644
12713
17832
36942
26718
15530
13752
25731
15461
21732
28829
1419
20797
21891
2496
52062
12818
32408
34356
16923
106796
6650
30121
29842
199815
4061
30722
98032
7896
8112
11287
93387
23370
555
32906
486
30612
5415
57152
492
7458
23842
99210
52580
12879
26951
26705
34422
962
572
142569
30275
14766
733
1872800
30728
4032
91395
4255524
64752
24969
18657
17817
10098
30539
27565
2421
11832
22914
13838
22283
19550
31969
14571
24956
15443428
290286
18484
42164
30475
12857
612
6577
50224
44487
57294
19797
25806
65458
11939
9069
87750
20944
47054
21567
24333
32415
637
28477
56462
9535
20439
85488
9555
17014
13480
6756
19382
16483
19393
30771
27750
11697
18010
55468
93560
62952
17295
16264
50490
1753
4538
18552
3750
121184
157542
610
21131
17888
31009
5749
97761
1507
30460
48928
76708
36636
26327
6673
25408
111333
25292
193860
16691
39075
83301
54021
11106
9718
17485
145341
23851
26711
7999
372
14224
31034
22416
113000
21590
30118
20256
22517
8828
14983
9202
1942
65652
29213
24688
83502
5605
63152
143073
287370
1066
21602
1801
69537
27999
51864
7322
10084
1074
15340
31273
20114
23083
6285
33974
10879
205770
5392
2498
16533
59536
11396
13108
19121
15844
19926
22122
31006
31197
119552
3291
110
4104
1113228
16602
4044
30136
55406
23278
70455
19305
27950
26993
15671
52518
9833
7787
15657
7461
21790
16304
4396
14405
44
207296
44964
22999
137151
8637
222426
31776
34450
116332
150348
25463
46440
3043
240
48678
15906
29120
31612
27271
305740
22542
6622
10432
4556
18232
16734
27324
31232
6820
16019
16717
59066
24182
29317
17167
22478
32454
37610
17063
8257
28570
32940
28989
2229
32283
63904
10555
32352
2729664
51025
23878
15135
21753
37422
26492
14877
31801
17259
13552
58254
765567
116360
2403
32494
10087
66153
22339
11581
370098
5781
26600
2270
68322
28335
20492
25959
1209822
1604
27788
1546
52608
30350
50874
21244
9812
2745
154848
36938
24807
1971
10505
2313
13200
1841
26045
17910
113950
12804
14379
24175
117540
26014
97320
83589
37656
43190
126230
10081
25595
21540
61
16951
30584
12434
132
16104
27032
423000
2291
217830
31929
17376
19393
98692
36920
4120
12180
32654
15937
10624
19327
41462
20080
6228
29500
92370
26365
67196
40788
22844
14226
41616
32528
26622
48822
9912
31859
29648
21308
260232
16413
5897
15144
50907
52126
27748
55416
41566
17441
60826
8756
21487
45285
1167489
21909
28817
63670
27459
50320
17736
13149
45852
29240
7303
9872
28794
9052
86223
25314
38188
28429
74288
31366
67650
82689
16712
1003
30124
6119
17229
1178
2763
15749
15529
119084
40326
5196
307716
11548
6629
31970
21554
10255
46562
24039
2235
202092
8385
32591
3237
7240
15090
4
25158
34098
242328
33654
29491
30413
12704
395850
9878
66219
23872
16379
25349
1434392
5293
16435
7418
49364
27716
23622
6837
13529
25597
53544
7354
20271
982
22199
8660
29216
23303
558560
22946
19957
25562
130272
808875
21292
18025
6593
26115
70048
80943
92889
14940
20327
5267
6451
61872
99064
24184
2537
43899
24317
20296
27822
4956
7439
25873
75922
23849
1631
51782
16706
9848
70209
29766
16578
64096
29122
17166
5087
2190
109785
22065
11494
10758
8351
31636
46287
2460
32014
154
29510
17381
8499
38616
18127
46838
47705
12105
28859
24573
47102
3292
33390
59710
21761
91276
999
64484
28486
10071
23912
756
100492
18488
1100
13676
1197504
28140
54464
5405
29568
30400
162546
17218
29798
46594
32481
6126
15128
183656
1095
16297
148218
22989
32439
9200
16109
262925
17113
1538
11377
24540
8790
6882
15494
5695
5944
13234
65016
88640
2173
16284
7277
30981
8968
26416
11445
43322
78492
24228
30130
29013
9081
1411
7290
10123
12786
961948
68416
22705
1200
692
2854423
92592
12958
703450
265111
945
13135
24677
21393
64158
24249
14265
901
21374
14430
1343
16242
25306
102215
1506162
17830
5975
57748
12003
30285
578880
24610
10608
2219
15887
260772
26468
15511
9212
571
3548
34932
22410
20444
19146
25097
137664
71121
24196
30464
26181
10061
14622
32032
1103
31198
28588
21588
205
88086
11555
83880
22483
18496
17231
1260
51663
196658
3945
9475
68778
84248
26265
28668
17292
13176
7738
14366
16251
4237
8044
18710
9585
41624
20959
13432
8895
13480
27102
9848
91245
5032
234081
16100
11032
1206519
89235
10853
26221
33918
19739
30710
1069
25422
838266
78825
34214
23244
62490
50590
2585
12384
17482
20479
6427
31700
29064
30771
8003
3635
42867
16838
132786
17482
12703
17116
2676
30244
5249
4428
59000
54448
105288
27174
120384
17108
22218
37944
31404
2899
58164
17915
28977
21773
57573
26099
47796
20572
15331
15886
14833
14452
35194
1870
8614
20640
24203
14907
13858
56244
18309
21979
25329
13998
5861
29773
13616
13648
119574
23937
66404
24552
3131
111824
15542
15243
25929
107688
8774
94580
25925
485128
108070
2406
7732
3214
22028
27428
11701
99052
27694
862
10907
18651
14584
19824
2990
21281
33777
30998
9274
31783
41433
7124
17734
15081
3887
17619
124000
15325
45020
4430
5641
17630
4782
94461
26902
20968
47727
77256
454083
27686
21553
10664
15771
31949
13402
7663
26499
3768
11203
10240
29830
8850
31324
86205
6184
8610
5446
30172
8254
17474
147882
17576
54540
17745
54234
11063
11240
363
30535
28857
63566
258008
27074
61278
107232
11169
12928
25546
16573
21940
16224
25610
26026
27131
875000
7936
17405
5286
44142
91869
41540
194558
522
12259
29459
22396
31373
23559
8200
12295
24080
26590
16927
16427
95595
31044
30392
20732
7016
9154
8627
18147
7336
33114
31869
28568
22556
9026
17496
12319
58065
11816
10198
8966
15004
28790
13321
17848
25381
29543
28613
127952
29684
1118100
14261
18523
12271
6870
49950
7446
27337
55964
4478
30432
95945
19266
29145
43334
830726
62340
22655
8680
51480
17714
12356
68988
62670
2010
86976
6501
39963
31566
11765
2922
60256
18853
25154
19590
31674
41932
412
17447
6363
26574
53358
2211
63804
84798
51792
47862
4380
27509
16328
10462
24088
5873
71550
1846
11078
117150
13456
16912
23197
43145
8561
5384
6607
23148
2996334
11675
11125
59686
7637
388308
22455
20229
9845
16036
25148
5262
73365
21983
12627
18954
23320
11667
4707
17738
18057
9570
73280
13555
16592
15039
19118
14483
17681
3537
29034
129828
24384
120940
48490
19926
11527
4124
28020
62526
366288
25179
1122
99988
19850
18560
50856
4019
18723
6348
10623
11573
74046
12946
13638
16792
7898
37208
108915
13793
36696
141618
8599
30220
8481
23420
2324
19623
69240
8533
13354
21678
7325
20608
48848
7591
1396
18287
2037
120325
11749
72135
16646
20393
29320
87787
22658
9692
5892
122945
15472
13207
3100
8445
127280
22658
25850
160580
29225
7147
1978
11094
13284
25129
25913
10699
7358
26908
17439
2019
8780
17338
27434
71937
19088
20895
14012
497350
10587
7789
52046
7280
5970
28588
10551
4968
4148
30108
17536
16316
13709
10960
18154
6046
732366
10276
11769
21236
18461
41709
31329
137376
37606
116056
1097
32448
5990
31759
13756
7780
66450
31512
30262
40775
20563
19480
54188
84999
51464
13462
32014
18957
17110
7194
24692
13932
24341
12170
8503
29875
6560
44490
157848
41646
20740
31564
28827
5434
23067
76720
16582
9680
6214
292875
15287
101492
19484
60540
19665
29186
31215
12199
16379
2077
47932
22224
12429
39180
32416
45186
23881
31681
55
28230
86224
17690
32399
23061
7032
28367
739882
8762
64662
20311
2695
8472
32725
54402
22064
17328
1280
24737
19813
13266
77748
10662
7549
32237
179090
27054
15773
3430
29831
12712
77010
30826
73074
19781
7860
27176
25656
44886
16556
51148
23879
25186
21190
27484
25335
625
17931
4891
31035
448
31743
53206
28240
17598
112676
22631
9628
1350
169170
29397
27979
49647
27843
10900
27704
32666
28681
27646
7731
30255
10281
23020
7056
26006
19737
10158
30706
11431
12670
5270
17497
8345
14036
9744
105
86008
3804
20790
1789
100376
30283
23220
101256
44980
21679
2270
12569
3464
28068
1039
8576
4968
11688
646
22014
2750
27034
9710
8354
107094
31754
15424
27238
3171
17148
8746
27201
15424
10012
30547
30192
24613
20524
32199
24769
22370
25216
15133
22178
26614
19774
15058
152600
21150
52676
31460
12651
51363
11361
24242
30259
506880
16944
17426
20129
12458
93360
63932
59472
6361
25525
32182
90139
25563
2526
32647
11299
958
25293
14336
59052
23672
15889
191610
729
21896
9837
3015
2222
26736
11653
8277
108780
8724
3274
2564
18299
7081
36686
8740
29800
17282
15083
30380
36801
131130
17785
26475
62676
13752
181524
12158
137020
22897
27411
6735
20809
478
19907
22182
16030
2297
6430
83296
34150
14817
5166
69853
10852
58156
11865
18162
4018
1011
10440
44208
5795
16854
292280
25284
5614
13831
4412
30096
353452
8316
92721
36852
424554
688
126780
15152
21588
28509
12100
20277
458964
11745
128044
31782
98238
31060
34172
27543
30197
104336
4322
55390
16973
28012
179700
31617
15622
8906
31886
2228
159
18875
49181484
7735
5925
16814
29662
6055
489
6557
17424
23393
16504
11467
31224
12428
7935
5659
129349
46358
1711
14605
10963
16728
17089
2808
1203
327450
8716
125620
21692
29006
2477
892
18019
6527
5980
1969968
175301
1856
1165843
15856
16281
27996
16187
10583
35944
21094
94680
12067
11523
16965
441602
8780
1124
4510
141066
11218
68952
17866
274780
24619
2655
747
11485
15666
146
6730
59162
4046
126095
754
31242
17319
23013
6284
13272
115505
7779
61940
29333
24392
8740
13629
231
71580
30360
26618
1383
21442
23276
37082
13117
149787
50202
20721
32412
2124
8080
25871
19524
118326
65288
40664
29960
50012
28483
16507
13630
14901
20241
3204
3932
1751
16181
96597
14613
265041
15259
29540
27464
17593
8321
13839
2073
22473
89376
16759
36744
12748
683164
17548
20800
3676842
5744
181415
104204
24970
44840
25754
50988
2039
9775
7282
67740
20452
12419
220045
687046
646506
45484
3494
27987
27911
13342
26121
27713
1333
11760
430710
1323
8352
96510
24168
32113
26729
45502
5202
53820
23640
3842
14945
26758
89895
31318
81600
14003
7818
29204
26191
2638
31051
10718
6463
8032
21733
54260
27634
44062
28159
20308
10419
26539
14884
273078
2541
23293
3584
19559
37940
17363
7250
24998
23369
6599
15289
30237
6118
12879
10436
75784
53564
10761
24029
24141
53475
18759
2185
22891
48348
208233
31456
27940
121980
21530
21833
123684
93156
365887
25722
38212
1236
33200
28591
12182
17610
23472
29482
6172
27483
24007
746
32353
31531
2467
41820
62324
38370
26336
12376
11083
272578
67560
45340
28664
30457
50850
14893
15436
51708
189738
31121
590
16488
42484
10407
278850
22619
1691
45516
26070
20120
11250
7130
18252
10982
3699
17528
64311
3111
10242
12302
7709
8046
8388
30658
10450
18710
25127
20726
10726
27002
2355
7931
29071
28925
17427
7538
8640
46826
26334
9920
27939
81488
51966
31434
23771
11330
4562
27122
6127
4153
57612
8273
121800
14306
20628
3381
82218
19823
41708
8924
4847
1849
143778
490500
87123
24760
9202
154695
27177
550926
31140
3159
16732
8264
32709
54980
172550
29199
49712
14803
17895
546
67791
59331
17141
13130
17284
4509
22655
2044
26132
15640
31168
17766
22
41223
10853
4236
28293
10082
30271
104174
15567
8635
32300
5803
56888
15247
71944
64166
15773
85887
12605
37512
11028
16145
21803
1432
34120
16820
16383
8372
2266
37536
11631
6714
82929
194500
13318
29318
32542
31990
15522
5285
19425
29874
17965
45784
86556
16338
129699
37130
569688
2991
1182
3924
53660
6648
18610
1455
3527027
23184
11815
50976
22176
4973
4375
22710
12777
1615
96180
23361
7918
35109
32211
47394
20547
185700
8172
194
9950
1293760
13142
12830
53126
62283
25802
13453
17738
1582
32674
37012
28903
110380
2727
33038
16508
32247
2654641
12335
41676
4901
14239
29622
23164
18544
47235
19294
4202
31253
9759
21411
4345
1077
61692
159470
254120
18379
9932
23419
10335
196272
28692
12966
7928
13116
18976
19346
81825
24577
22699
65156
2870
35808
3687
2268
29711
5829
56247
97161
343984
8950
10049
3188
29103
64904
23768
20068
11013
15229
73880
76104
23500
18279
18494
22800
24093
33398
5358
15528
28256
51142
26312
15570
30876
3312
18180
2988
8576
27766
13597
30585
4940
25153
1523
283857
23514
50104
18814
38400
31212
15335
18491
20058
28965
436
88866
97110
8368
9855
16980
28610
6294
9653
31036
18970
378994
60249
73422
4382
19623
7716049
73892
5200635
15029
27310
2253
31398
5712
43370
15239
16809
125605
7361
73152
17465
10068
194028
25441
14623
59157
28548
16081
25816
7689
63688
89216
35636
9495
30234
6335
21033
4955
2760
50014
13494
10896
13045
19048
12279
7145
647
17419
78356
20734
150735
11466
28098
73092
48015
26312
5782
31478
3515
26629
16353
24060
5415
23435
11515
3996
15701
16345
11206
36588
19418
11919
28653
28262
241264
14683
19126
14078
20385
2083
9495
10201
35480
18662
8112
103764
32346
7720
15340
16484
1314
60090
18646
94580
34016
30102
20764
550260
16280
28202
7916
28366
1318
29685
24277
10487
12785
6206
51644
92091
20471
33228
28644
15371
17184
3538
1848
21693
69636
30618
60267
12338
16048
4978
330792
24072
21966
51635
46926
109092
23976
382
20628
34424
62360
10745
30438
15412
21548
257360
15461
18430
23044
15212
210686
22252
15083
1152
32062
20903
22843
420070
65154
125904
7963
17114
14434
17605
27681
2792
32020
25730
335
16235
7458
103616
32081
23729
4503
8514
516900
21558
13123
44334
1157325
22734
98202
13780
38199
184434
23737
25579
1808
57685
69690
4939
101260
22576
25321
8945
8553
18529
18909
47452
20427
16779
99071
24250
21663
11319
55488
31865
23180
23162
20338
61908
47556
14476
65472
2587
4944
11301
18756
274080
13413
18759
20572
32631
289009
31753
68848
20836
14046
8152
29934
15973
22626
60138
27205
22635
21768
19618
302383
26160
4546
8975
15079
24245
631764
25731
8241
31000
7860
14414
61408
27616
13680
10145
23883
20944
5313
11007
240262
23800
29112
25703
11101
26879
11470
14724
89740
30895
10632
13923
58455
27329
2511039
36820
17309
145805
11492
30983
28457
7204
6549
2084
30320
30017
25195
15134
14719
4270
20436
13737
1199496
8335
6959
32037
23813
24488
26706
19721
22619
11826
11787
13449
16385
2690
15894
351221
23433
30466
9823
63884
26942
151
27063
23361
158
15196
6028
18671
16496
13928
19130
16543
363160
17119
123
25899
59342
46198
64515
28642
26980
12251
16149
18484
20956
14796
61120
49784
6310
31148
5066
94696
18188
10185
94830
17725
36807
18953
13581
11130
12693
37893
4629
17530
10715
30148
29396
11152
30844
9101
7737
274000
11191
36360
27163
17700
26194
24822
12212
58668
13546
17982
333486
62634
24807
1810
3733
11694
24193
24864
15946
144430
12391
25555
44390
3537
10928
57903
18291
29548
111660
15138
8997
22443
25675
101368
131058
17266
62140
23642
18889
29554
3661
18962
13994
14934
25083
1993
9920
225786
25428
29816
15884
45393
17501
9268
61404
15676
103552
1343
22414
177930
24734
34980
18557
5067
31769
31785
10998
28469
7667
31822
27737
24770
19856
26194
877668
120776
2249
9320
2995
355235
14683
11243
32250
16482
22768
15570
16000
18259
254232
23188
188
30698
18715
22133
186277
50040
100
12505
6461
4362
32354
1323
1078
25031
37196
8285
6792
16962
32705
22245
18726
21945
32657
152538
20263
19138
15767
27653
14112
29871
31412
15452
8988
97008
31614
31970
48802
15482
8514
30439
21086
25467
377344
12105
29582
14910
20709
25732
28333
18525
40972
15353
11985
21492
92865
21754
9675
43257
9675
1333072
25868
50128
54158
48796
18940
7014
32068
14067
28733
6201
13452
30763
3219
26670
23720
9984
6224
16478
6775
14895
59054
17755
10258
28635
20588
17053
3172
88700
31262
31534
31500
58008
35540
32660
14933
30456
28478
13567
9696
675796
98772
31155
586845
4732
531
4790
7245
6480
15224
60471
4864
49962
1658
21152
6749
8165
1456
2664
17650
11158
185200
1047466
34162
123976
18564
4685
20567
12388
28435
994345
26487
10076
27058
27262
29388
22452
57898
117936
81856
29848
31606
5109
86379
1600
5966
31841
751800
56026
190533
207684
20877
2353
8546
11551
147637
17791
22668
12970
39759
3028
5556
32606
218120
24876
2474
18484
2278
6994
7123
23374
1668
52818
24059
4766
3289
57102
6412
5273
2958
28108
72234
4383
30498
15862
22370
102808
7033
26818
44148
217569
4246
20149
45238
8789
15221
64560
1068
87585
3276
11828
18564
31295
21498
24755
18433
8526
26137
23833
746
24596
9060
10842
4712
17777
44442
23997
65639
684
17780
7337
26182
79929
14019
4526
24702
1691
19148
100872
22703
25791
497409
26413
50208
18970
24692
83512
130
27295
54103
199719
7712888
65494
1881
16606
17837
4138
74787
49528
1191
92188
93996
19341
58064
36630
6723
44229
6808
11920
27901
17888
66945
1416
127950
6764
21663
3624
9351
7698
4467
27944
252096
6945
14899430
10549
95070
16739
19713
29921
25571
25442
1965
45348
39918
21446
9305
18644
21263
24392
12604
21365
23169
25620
2884
38950
8354
648216
21625
661168
2556
7830
76092
474270
26311
7495
10998
75856
12671
29325
2636
19246
16714
4493
16873
126008
713175
1964
28623
60360
462210
20377
12169
20025
12239
922
524784
16965
6106
94545
17778
32677
15702
8051
63032
61712
28469
1017
6158
20611
12448
3398
12616
80210
286
13260
19349
21395
30636
11671
2179
39206
2602910
8739
26769
11948
7112000
5340
7977
15089
356490
28731
30430
56600
258
24833
16870
53790
36022
10766
9652
7351
28095
1724874
14764
848568
19626
24712
49848
2105
550
65468
26414
3343
43320
18298
20718
12262
30635
7984
56524
24495
3020
85251
20953
24440
46158
6040
29201
4961
16944
15550
16194
3774
97791
20874
121835
40728
29842
42396
16921
42546
3668
11483
18566
114616
22162
83502
31193
8448
11858
7664
21023
23598
9848
23877
7917
71802
44724
27536
11461
13782
23725
18312
12796
16304
24537
16502
8587
53318
54910
27908
29538
586
32687
22244
11589
458
3424
6138
61712
25873
30802
114
22552
30658
9958
21726
1657
614707
30394
31041
5308
14142
13258
87955
195
23718
56200
3143409
17527
659384
55038
15735
63988
30693
7598
5202
92296
9019
7497
6673
26164
29490
22330
10767
8677
25159
345925
9126
12429
11833
18713
20738
4269
13042
2430
28970
7331
9911
55066
264999
20395
18214
123277
42590
2841
10752
5066
456640
89936
2263
6726
30681
24598
22138
9603
58428
7522
26431
8421
19315
121616
55868
20176
30508
404880
22844
69384
17114
9428
88308
98055
31125
662418
14749
33586
25223
19959
8885
58100
26300
29461
15160
61756
27176
1892
11777
15995
36836
19515
21568
22631
542
19287
20265
2392
25623
13148
29250
55578
14590
31004
10892
13468
39340
4555
19965
16653
62262
31180
28
10807
27752
31032
5877
24411
48046
344
103383
13054
227514
8232
19172
29067
25342
9341
31857
24104
3153
31627
489532
12759
20298
2825
19071
30929
46585
11303
45356
27167
28863
18128
29771
5497
26329
4674
117738
866
29630
61008
6701
9091
27868
20193
82895
9544
30573
31853
12558
5817
14223
54432
11107
26010
25090
15229
358134
23631
252540
30124
29727
1990
124312
57974
17756
396802
12391
29020
49610
97745
181
11292
165904
36757
29113
21022
522032
41262
19332
20833
31282
24706
21197
1289549
97152
96612
32036
32034
14302
47582
5026
18960
6418
13788
22238
161271
19815
21866
11988
20997
11335
45820
3476
19525
33004
226224
58509
159120
9358
29807
50940
9616
5965
19708
7723
21644
5453
5221
4853
817
55820
19912
20061
18700
25275
180
10496
25383
470430
19721
120610
562948
23397
13098
22322
6137
27554
96633
108995
4357
77580
41307
1788
32561
32726
20895
22018
8187
129615
26462
30213
1248
24588
171690
1176
44210
27827
77664
17316
14103
20167
62516
15150
17281
28376
2228
60216
53980
27037
29459
8182
5150
15459
23964
24978
26750
15033
18402
141986
3485
14681
22703
25904
15720
6744
9573
27098
6573
9872
107005
11938
1336
24653
57818
22687
25029
15159
7469
12316
66396
51966
50522
29697
31388
3661
22753
1780680
85770
459144
27965
115542
40560
20519
112956
18311
27650
40750
27188
12155
32450
21484
2228
48410
4613
68487
18534
43466
4950
511214
9842
6648
24430
15554
17690
27794
13983
12810
14480
5096
9977
1022
304620
24472
51674
154290
589316
26537
21476
2273
18781
31442
13646
3167
133380
6411
15730
275310
17955
16984
15995
59956
8315
29716
2667
26458
30417
45580
27811
50224
12704
38574
18734
26096
12062
1270
12301
25676
42172
31192
15432
25423
28838
25912
25110
30462
14610
11302
23503
6832
29289
20128
14147
12238
33213
24591
5640
303420
14411
3252
342678
15145
22302
45096
705
20792
104972
16465
6086
723
24765
6378
28773
8176
60280
63498
10672
16844
52364
14075
56313
211
30828
64584
22286
15823
5484
29668
11890
23026
11776
20214
1242
31180
91983
11255
24493
15373
21249
22069
121672
9843
14817
10096
48726
21492
9773
16529
27600
20524
551735
17762
287826
700704
6051
13614
25864
6067
9945
7777
125307
3521
74037
139980
14868
93796
25290
27864
23956
63864
10720
24052
27623
25478
9217
27930
31913
4278
17755
30876
52659
287937
13709
5939
5807
192084
147875
23944
69432
2580
2976
30908
9901
26119
15352
49442
33800
58450
8976
208866
8878
11935
65013
9975
22975
46774
57772
117640
32577
6726
6511
253295
194652
940557
24977
8261
68576
13822
10014
16703
47090
13705
26883
266673
53655
19860
4396
1334
8028
80811
8592
82892
68508
125488
39324
7436
26385
11731
31683
153552
96998
2764
207702
218834
277365
18722
32203
4324
44688
11502
25396
28142
32569
3755
4856
19000
34455
982905
5243
22680
24282
102240
27457
17373
12124
60942
257607
10749
32404
1988
109312
22823
53340
28422
20010
4885
3240
29648
263650
11152
34734
78792
12781
20035
29978
24081
378
30660
25710
21653
24156
56254
1106784
3670
942900
17189
22368
123032
32543
12725
20226
21327
1988
68571
19327
28683
24514
11395
25813
27818
19838
6520
31965
4404
13107
73580
17602
16467
20607
5168
1835002
11689
302104
16842
14404
14303
36914
61766
3820
130575
16496
20997
19218
28782
16584
21046
7115
38374
126880
130812
36822
7240
23914
5634
62756
20152
32382
111034
1488
9738
16383
588
5155
1707
7095
18351
16733
23075
10543
33886
31192
15542
23698
11079
10620
24664
10179
32454
1074000
20694
22972
14883
17848
2032460
22569
12810
14638
54588
7818
12844
4232
64356
13299
20744
2586
31413
160128
79029
30363
32440
145075
12704
27837
12628
8613
20945
51696
6682
29358
39846
19462
105268
19216
32005
16861
9434
17911
20058
14570
65020
17665
13861
29070
25140
200925
40518
3549
14559
23803
31433
58964
824
24968
3279
8796
30970
16616
19965
30844
8268
126468
50280
3686
1519
27938
23998
2100
680
31178
5594
32252
44490
25385
30850
145116
15831
27926
30591
5286
1087
8897
148169
77836
6459
24251
19860
24815
15037
28627
7201
12806
18823
82175
4800
24550
15188
69678
26022
12328
62600
81873
859
12759
23944
4406
22147
14029
20126
23658
31474
18180
26590
30186
12783
13214
18007
29160
8647
205499
15208
18399
11413
10008
32964
353864
27216
15295
10261
23041
4629
281016
15175
13153
48490
224042
16355
13826604
898680
16482
13107
55118
47871
25795
13063
10989
20451
29752
76914
36876
27456
9678
505
18052
25523
90100
885
10517
10172
8490
329
15070
21603
10387
18760
9770
9154
21357
19224
23994
725
6441
75884
377208
46336
2895
157
31299
22497
27959
24765
12813
16343
19594
46918
19769
19830
24987
233505
32054
15836
4957
8208
26570
4583
41920
31711
27822
1202
22482636
32062
24935
469
73809
10400
24423
7243
1208
12235
99
26945
7846
31803
9462
26979
15641
13003
17134
6985
15515
3236
55852
21383
6546
25302
12093
9210
6366
32421
36426
24145
9778
26733
10678
32217
447830
48818
12708
2330
646
26537
15814
5981
25632
99445
29554
26045
20915
9096
166974
20706
16310
29681
535374
17303
16128
132912
17326
22516
14788
20785
19825
20355
187410
12990
45130
12603
29950
21214
14356
18463
6405
50842
5860
216152
394878
15929
11597
4523772
26768
553150
15468
30114
1442
27093
3062
103516
9660
2292
15254
28461
11977
18203
40214
25941
136736
5703
19842
19025
26521
30608
6833
20441
22290
58274
21556
46666
198378
19307
173229
21051
25577
9761
16992
55295
83787
30310
5578
70152
10342
21590
57980
23799
30631
2044
15723
21748
2316
24866
3055
55016
40398
9902
9584
14483
20963
30284
8750
23425
521
18144
68190
16910
10740
21550
4899
25982
12708
24519
355580
19084
5839
29494
9129
42830
22549
3947
112968
7396
12306
90165
9728
11004
8376
59472
18508
85140
35524
26583
8856
39920
49836
22063
881925
1040
9450
21552
10516
40587
57096
16904
32153
49614
31057
8753
13509
25025
44950
11520
462438
24941
25223
18733
18222
4929
13485
22735
5946
9318
26293
41744
5635
2298861
31843
29425
1437594
13358
34312
176238
24925
15162
7145
29498
136059
25413
85356
250560
27447
9061
17025
2216
13915
79880
24974
26252
129984
8858
15664
23866
18997
51808
16165
105570
2254
69570
50300
191268
22212
14844
30328
314340
15735
6178
6512
37376
8844
17763
7040
6361
20855
46592
562265
6652
10753
941
48120
82644
16575
19297
38386
24065
47001
601
20795
921778
9763
163105
76935
24362
14391
19863
13696
311718
8921
4288
89595
107452
54747
11725
9629
36204
264168
4890
47002
4758
26180
13588
5476
2678
25619
29676
12992
27036
57432
7354
53895
31354
3706
11199
57248
17875
16039
205632
31315
41223
46584
53150
19060
28061
22909
5979
29030
498024
19268
2804
30164
13492
96971
2677
8242
2353
18630
485696
3389
301356
5454
4694
19253
17337
17996
3528
66933
160206
14158
31566
17192
49604
4951
116376
18641
1551036
20257
25032
2036
23803
26560
163665
20922
26353
2180
28583
11994
16869
8488
8625
42360
194544
75720
20611
4490
26775
13841
11316
32675
25650
20530
27930
74640
59752
23907
30366
113120
26424
16940
23874
90114
45530
17899
21453
7792
57800
57568
2310
30627
8874
24025
42702
62379
29849
9390
12188
60204
55386
10816
11014
13074
11034
14946
509
28093
10995
11928
13071
32289
119970
259407
13131
5116
29164
1847592
19844
4615
28198
18868
36965
12595
11673
33758
56658
16424
19478
60324
5964
15098
78006
21329
6864
14125
667
306590
10188
24556
19968
24685
67059
97164
196194
15450
64432
19238
94770
47585
38592
3816
20045
185
198444
30669
30922
12738
57960
11437
826812
1458
11372
10508
32734
214248
13972
5549
14339
33512
98
548316
35574
24756
1980
14938
16299
11116
168267
8034
15947
20275
12315
38120
108735
774
22278
19429
11859
4648
23956
896
54852
18360
18388
14462
31274
124912
9727
7241
7629
6710
49964
88535
12441
16344
23719
16473
30396
132830
8158
21478
14975
13088
14284
84504
6576
20152
19830
2185
6300
16699
323154
60084
4214
575275
30299
5981
10125
19590
13389
47472
4270
29149
87292
49494
27733
10430
151170
25402
27290
16223
30513
24536
15062
110992
18828
26817
6225
109520
19019
58086
25810
15142
125940
243592
23348
27545
30939
40498
28447
32210
13525
57220
29321
20464
6454
178682
6344295
5991
19491
29548
32094
9264
10771
32426
143885
24702
29363
3605896
24524
557
31194
61106
7672
680
12866
16639
214698
4355
17450
4265
116694
64440
28401
9716
11510
90928
120285
27780
88510
5734
30174
23433
23943
22624
29622
7860
8272
16271
282765
6830
13403
25568
212952
29598
12758
12273
55432
61614
23597
12824
1156
11590
19761
29329
7671
9775
160705
8220
3438
7501
22123
34222
49274
12379
14433
4440
17207
95333
9121
34844
1174
15053
28000
729
21638
19066
11911
18663
3316
25948
112120
23248
3224
31272
11204
10997
28992
20255
120732
18453
15711
7242
28429
25696
67625
125880
17539
88928
31999
18285
105944
6376
58371
19964
18036
83034
13139
25637
55424
565786
27239265
3924
24343
15141
61134
41232
71523
33777
3108
1659
31643
3399
15613
5041
15140
24041
17405
21520
6412
3839
42006
17024
139390
34840
26676
42930
40542
30843
22642
137736
486645
16312
4460
30769
26435
49985
3274
38324
28168
10780
9186
120812
18498
31914
20001
12732
62864
27252
126036
27114
28416
142331
24882
8676
18698
22227
10885
12394
54862
26900
131651
5319
21103
22659
51074
19285
14514
23040
12908
4766
10158
443044
27164
2903
26994
109386
26275
104010
3180
35004
5984
27774
78190
15588
32077
11409
9464
7479
22604
23321
62946
19155
4019
4143
3924
21211
8725
466601
28671
9591
20644
88020
32043
50970
28610
61582
16581
67480
12379
143160
14617
26121
16459
30800
8639
17753
11572
10367
15818
25197
10979
109953
3891
1199
19959
5959
20230
17976
26029
6311
32191
10196
18672
3400
120416
570474
25248
12932
979
26030
4674
32221
7157
4597
27942
417612
63897
31431
11199
230
51504
354384
40770
1536
1893
8609
19892
78376
8467
23586
18658
276
19736
35744
21050
22880
11276
38416
20914
59272
77050
20360
716
21668
60156
27444
12875
364728
24959
9800
53132
9470
32377
13057
26589
498288
24409
41282
30088
78570
5660
27103
23052
8913
765
103110
13593
6726
20384
2648430
24686
384384
54900
16491
25398
59980
14734
8815
6160
8898
81132
668200
2112
114632
1157
31701
4576
27238
11633
25766
29949
49580
13495
15641
7042
24835
228781
28590
32648
17713
18132
5198
96440
53907
22345
7504
9269
9627
20602
7128
6862
2200
235512
30860
22439
237496
5880
25208
46230
666414
18519
21672
8304
57258
2321712
182520
926
48934
47704
29671
27234
21337
32388
11556
7312
23655
28975
227696
29602
12346
38710
4490
21946
25104
30564
25992
27953
27549
22653
7072
32507
5645
24484
15265
21581
58184
5632
1566180
31926
24037
12314
54936
25171
16886
19462
26172
20522
23842
85080
25342
13140
25405
14130
21890
11412
18118
23298
60070
919
26282
1692
29208
68236
25701
730728
22662
15635
31597
5872
33798
25891
3594
24845
13820
21752
4672
2822
17478
22253
152798
32171
37744
31013
4315
735
30224
30797
295
28783
64134
3504
11006
2118
28844
27777
22196
78192
7332
31332
19054
9390
26015
11703
55800
11420
8158
18492
18799
20126
186816
14888
9947
8049
6227
3819
3916
15152
2008
23134
27579
24133
18744
12886
65196
783792
10267
21998
41860
359936
25595
28694
30430
10999
19968
16732
4034
9055
22814
15609
115436
15845
30829
77658
2554146
10673
53136
322421
29074
41006
15016
19584
5912
7963
39554
97755
36399
47924
29662
19522
14876
19638
3435
13826
22236
34052
17370
27566
15119
10734
5505
26629
10936
5108
276
11058532
12440
107538
89898
43890
302808
29099
24817
556275
33512
788
59382
163800
67710
20202
51296
43090
121140
12244
48207
18432
23786
133654
16112
6919
7916
30946
55838
12857
18570
8162
15230
9114
10837
29183
8478
7793
2498
25604
27690
19991
27482
10280
14172
40954
17952
121072
71616
22783
10761
24853
1495
5608
23287
51830
10863
4933
13358
7377
44804
274455
8062
35214
66273
8656
6354
32574
57822
26239
124604
32571
12748
5371
1319
22032
13660
88518
4379
30470
21455
19991
18354
36664
57676
50978
16211
707503
8338
54168
16271
90882
16782
19321
13166
62326
24890
15648
28707
4951
3450
190044
739816
12135
27471
122760
5788
86277
12276
32587
6719
27371
22588
6892
369285
12205
14891
26836
13878
19865
19666
5258
37772
44562
17007
574480
550080
56709
20676
19684
19364
20422
17335
98284
126476
59714
13866
54765
10630
94533
6712
63693
47976
19974
8704
20714
22115
10315
16733
67112
28632
28578
16038
4537
8074
345540
26203
268829
2854
43108
32096
14566
37122
2680
2362
37428
56244
25343
5078
48568
84732
7271
44438
264
32434
5223
122920
27963
32339
1343
2357
15753
8305
127344
27015
15769
20885
30284
2379
1563
5470
19429
9095
27428
22642
23728
25892
25293
29379
8859
27082
24742
44044
20637
90588
20588
9329
12334
360468
31405
11188
9282
14506
24745
57
96960
9453
29758
13470
349382
11063
2540
26994
30727
51040
27728
12591
15465
193725
1362
4576
28557
383
15182
17043
8752
5952
15347
31273
2929
293944
6296
60536
56594
6837
25284
57912
38607
22686
4096
24925
1636
86082
12512
13468
13232
33960
18255
19568
125340
3320
18458
8496
358290
2156
5056
368394
56146
32108
410242
60250
96350
11474
48898
14756
3600
7758
24416
16950
31651
7974
97500
13450
281220
8160
4787
10259
28152
20438
6009
53212
11542
12852
28449
76936
11896
4106
12882
22812
29482
141060
66669
30308
10439
22607
9409
5540
14413
22124
26438
10459
28691
233
9275
121134
72996
9871
26437
123960
10744
24812
27685
6875
7624
13042
13373
89544
11089
7074
21341
17543
14388
45090
32722
1880
260460
191106
50880
56298
2265
31239
47804
18320
4524
58436
5475
10782
23187
10288
40240
668925
32455
38160
6716405
27261
4627
45140
1351
25497
5767
23352
30123
14252
10078
24133
28850
7460
3969
32564
17318
27213
113960
25625
6608
54550
91026
9770
95264
36738
13574
7286
295032
7285
6013
29454
9319
8446
9105
7590
1046
27277
26507
13751
84212
160335
32576
3474
32572
365592
69306
9101
12268
30310
24182
15045
22644
50188
18617
15982
19590
3051
5886
24188
5892
83952
13107
387855
27308
30364
16345
53194
26688
12188
21108
16071
27843
9220
21106
31637
1875
45136
62138
27252
12294
16886
98564
11132
2337
1701
18014
20115
23849
92184
32017
395
9178
6288
104192
11386
31444
32013
10372
18699
5735
37372
8027
602528
2403
64848
1933
2720
14197
2000
555390
50370
37440
16567
28150
29374
20401
9048
16780
30202
11861
15232
14297
31283
20710
26477
21500
11672
10294
2571
29481
62030
29080
41430
10839
22138
11104
9189
273888
9699
10876
124704
15414
32206
309132
21696
6129
21589
3054
25821
8284
1583140
1885
177737
82890
35614
39696
10016
60668
241
253164
14157
26400
5586
5086
26011
76416
7179
12688
28277
21980
25429
24188
898
6635
9824
1986
31401
58260
24378
12757
23878
23781
31359
22171
21421
4582
38700
177639
10463
27106
24056
110640
25227
10433
25519
4044
327577
20206
32270
29889
32014
320320
767592
18580
29181
19495
23810
7224
232008
50740
324378
77100
14980
1343
12423
64714
16928
30299
6209
307560
16867
764
9265
27951
11644
50634
21337
15727
16933
1210
4601
1522
12906
24024
20649
11606
29657
997970
31161
5885
4602
20206
24781
11680
8593
15234
4454
21780
20498
14821
23431
20314
38600
15782
37659
74439
32218
22569
339969
16455
23150
12539
83216
257180
13632
19576
24698
370460
539238
7232
27600
20873
9331
1346164
10602
5952
97263
13767
28284
9471
10602
41524
53954
25043
8859
51694
7668
193776
288828
4564
26790
20389
8283
15195
6505
32096
28744
12026
21083
14461
53112
20557
13178
142063
26840
30588
16182
12754
16888
63636
12633
11392
14800
1172
14790
27731
93870
22535
36610
87243
13172
19918
152940
24929
35908
317
11229
24651
4665
17042
28739
20626
36632
26406
19961
16214
4509
9943
25895
13496
73542
12980
1219
7661
20988
28906
53598
7091
51477
20336
104516
32275
1197
13035
8691
8019
1018
24942
11802
87408
3533
43166
10283
6003
6515
7650
84450
28999
40830
7006
10170
55896
61617
1421
50
8095
1701
1717
221504
20683
23213
1359
1131228
205051
53164
30403
26733
26451
14476
74424
117128
21062
6587
20122
9246
18424
9340
427632
26427
49342
902800
30956
8537
18851
3995
108913
15930
19438
12421
2700
1516
8307
23783
23203
101817
26556
24877
8940
21496
38512
10443
32360
3023
5636
12475
27171
20953
41456
70064
34504
21811
117650
4529
294640
29066
20077
7706
58612
16637
125940
27732
5383
24624
42758
15087
34624
33120
20819
2603
5376
9614
8632
155010
199591
19564
17763
4485
16082
42782
131022
1497
4186
397528
28514
4338
4474
17858
70176
32753
43390
10569
20931
6856
4798
28887
26322
27132
32725
4122
21741
57660
32407
16933
12821
28830
30446
509335
23739
16081
53256
58155
11213
18078
14740
43119
23548
559188
12202
5366
1109
31404
9645
32634
64456
24730
17482
8040
853281
25414
26201
2791
13793
47012
25927
38943
28416780
31240
11971
31466
273784
130400
516903
9875
24401
147042
123080
10800
132005
64826
32065
969184
4388
25218
15196
242772
9300
9858
15938
6448
9616
9221
25156
12798
11144
41342
17748
9271
58704
3309
10588
20798
61804
24016
59292
24528
11953
741096
58560
25489
15530
119
32214
13368
32164
98058
32741
3794
62820
19368
134710
295830
40286
11633
234872
28944
24890
8669
25687
79593
4966
8557
8026
96115
14856
10482
7366
9429
3269
7137
10572
35972
1206
23880
6915
9782
31151
10512
319242
31767
343308
10613
471
23918
21358
1218
43716
16460
60574
24400
11239
58336
27571
3520
19071
57586
284784
29559
12582
921
8293
18778
15098
13936
17988
37268
19035
22288
53814
30434
43370
128690
30750
3055
6308
20184
80856
26208
25284
773221
32287
7887
40418
117870
11522
22588
51096
27355
8464
5141
44568
11797
17512
25611
12780
32333
15312
30056
33526
58242
25537
2742
14214
23610
3508
44064
9338
8493
10027
17907
33718
13333
32769
29730
60954
152154
15349
46462
6820
18358
152210
38424
23166
31296
3918
126136
30641
126525
7034
28350
16889
17727
41067
179244
27748
25246
23802
28286
60258
19885
86377
20035
11059
19721
91626
20176
51954
504944
33742
31707
11856
61698
21562
4992
24743
25107
46056
8698
9570
17235
20033
25760
29550
17538
48182
26913
3731
46686
20053
169005
25653
8273
12046
24921
20610
84592
42686
16067
8412
57000
33886
60246
65298
21173
1977
68919
26928
902
11065
28583
26646
32308
49535
24593
20849
23352
4478
2783
86
3428
12817
41967
117601
2320
1560
12502
10464
7017
30601
280462
6591
8849
2724
12901
16351
20210
26184
1524
25278
16672
11580
32621
687
44008
13420
1234042
55810
197758
14204
1572
28298
234950
173136
11836
11390
28556
23362
8548
32460
43912
15143
2853
3114
20095
7455
16518
112970
276738
29760
13788
157131
7977
4570
28803
17639
28938
2244
57231
9602
25247
165762
2856
158640
12444
13335
6693
29949
17156
45566
27495
13099
21657
351312
32516
13172
25623
24304
278674
71265
31890
32235
22575
8730
2378
27628
26148
7477
23022
10515
5368
14016
48464
32420
60009
12893
28077
17169
20594
24536
17315
26908
39808
56608
143676
16923
31991
34540
30801
11143
23623
30097
13051
59286
8100
19984
3307
586
40425
12362
32537
3761
7130
10988
49824
59132
1869
18058
22535
106308
3773
15182
26882
11377
4691547
4819
8999
30753
15030
44748
52332
12068
27508
24236
5252
102512
1510
5586
31747
20428
32735
4882
13059
9974
182616
8606
13709
1190
29406
231518
3318
31917
28094
13059
9370
245424
21059
16844
2205
13050
12794
13761
18706
3110
27511
26677
16321
14617
31144
22253
19595
1684
32362
26322
11299
21305
462
7390
19031
11762
20750
31393
162592
20477
18989
30851
2078
21539
21211
20633
17413
3582
8313
32570
6775
92675
493344
181650
25841
41610
19455
42994
6267
32667
13918
15165
1266
26835
23633
14582
12967
20810
26134
25275
27762
27729
70408
6848
5807
32303
12274
9474
17330
6276
2028
31158
57525
30452
20372
476
28490
28116
29484
45500
7626
23449
24308
23916
15336
50288
81513
15564
47945
1308
125104
31486
26457
60625
16949
6737
141869
26323
69756
27254
21134
21990
11788
27339
616816
437262
29574
15594
14403
13504
29222
12352
15984
50228
13154
11893
13180
26988
42490
2440
32184
14919
68766
22914
48914
7197
82362
19406
24954
13031
3744180
45424
27294
15738
7311
27667
9003
97569
19036
185436
64168
8191
106932
14508
103
4599
29409
9074
12838
17178
664
25282
74765
34287
21606
10336
22236
2225
11414
22479
9621
15171
21153
18811
25217
60004
8495
54858
18672
690
26189
81072
73698
2386782
4080
20329
3492
7687
24746
195646
25183
25472
10411
73782
32383
19468
96732
9647
28203
1906
14067
15085
114057
3263
3587
24498
23228
11419
19874
10650
9494
3791
23953
10144
104068
105560
597
46620
40035
27940
17396
12710
21151
25588
14573
27921
4339
15446
58104
18190
38222
31452
32526
35710
22285
26674
43012
22041
18335
26327
61252
31250
4246
24891
38082
26310
30669
13631
22101
107977
104280
6692
26614
6413
60090
41886
246744
18774
71223
131094
36940
6144
3552
18650
15776
7389
30993
17013
29142
10182
26404
12455
14566
15400
2151
27596
19187
5913
25584
16113
131390
3952
14523
177984
7146
16583
8466
11881
15075
4338
28884
8942
18014
39526
61082
59490
57022
14560
29524
35010
885720
51110
22168
17761
28454
47722
11650
43188
384
15537
46858
27780
20994
10590
26311
32048
13063
986
4149
56884
79890
13881
48
77508
26318
311
21710
789
43530
26207
17393
19147
64444
11607
50790
21598
30772
14627
123410
59774
5184
171498
296980
6735
31520
523908
19954
529796
1157
56514
24895
32057
30264
8635
300408
34965
31549
35914
11941
19422
29513
89530
56955
52508
6785
15211
16560
246
1401
6465
28392
23249
11628
23570
9951
6316
2231
28075
143625
23512
27547
6362
5799
110840
11571
54555
17000
18823
39270
21011
28544
12744
4835
58518
23029
47362
138050
22821
13341
126085
29949
1190
4668
18538
31546
16907
62658
11249
77955
314
29576
24327
91535
1233
5862
27428
69498
26005
11159
57254
19304
28443
15471
20732
16522
16822
27468
9595
21279
26016
94812
3330
30814
15210
1581
13152
73560
30120
54896
3191
16437
2009
17348
21271
31604
13972
56900
74976
4292
27120
30138
9170
82620
63146
18667
11526
59112
17174
60255
56490
13706
21489
29398
104248
66888
3666
26687
17803
3328
24323
61654
34928460
2955
2080
53880
4338
28327
27450
1480
21227
4101
66340
22011
88803
38332
80517
11372
19666
610204
16618
9854
6119
31825
33174
31418
93891
17810
52172
126510
831215
43680
31284
9083
23205
129260
830200
23437
21360
6308
29659
13659
83223
1872
26785
22353
3283
30001
47409
50386
8763
6406
687015
59536
28178
10588
3316
22425
42012
48258
13031
32425
2789
80793
22353
37136
31998
4861
53280
95856
4822
17326
27424
12708
20301
5110
24599
10420
9560
23315
406455
19035
15257
39980
6224
2942
5266
286320
5345
25558
118992
1140464
800052
8674
55700
65264
6772
19517
22007
2185
4312
15606
43892
2035
10608
43576
4372
30655
23942
14906
56073
46742
6663
10799478
6979
19660
30482
6167
11612
775
6528
17013
154660
38550
11631
19769
30517
13233
63338
82808
25065
24983
113190
2044
3892
20570
23699
72366
15114
59556
24698
11140
24498
96822
4511
8700
14227
14816
284628
54296
12861
18291
27502
29893
10426
9707
8863
15484
23830
20501
236834
19360
4396
25823
2345
9694
16562
6169
28690
28535
19079
26477
10300
28384
554370
40770
20728
17563
125820
32267
647406
60072
113410
59728
60294
8767
23099
2272
130864
2992
10557
8924
166523
44529
92275
14900
19931
26765
10508
48338
12808
19575
12514
31945
24061
39080
103896
24622
16939
65054
17280
17923
252640
167744
18343
23777
14232
22283
60814
29840
194139
3021
87171
32318
37695
353122
48648
45564
54456
165936
317730
9859
83210
10285
106825
416025
25970
40203
58
156555
25423
28269
25550
1282
10323
15296
15840
13397
52236
12193
7606
18437
8605
50992
98097
14451
19387
23386
175540
11076
2700
36130
7603
30621
25506
6594
2966
4384
132228
24882
18784
4902
108264
27988
26208
26686
16170
4819
27536
18917
84635
68316
50368
5254
31458
5797
20932
246114
37354
32078
821145
27301
6448
19752
33555
71379
21374
25341
19772
26722732
12160
16347
45440
81411
4554
29718
14544
57312
3021
23321
1424
10954
27906
12813
58452
53032
20823
30543
6514
27758
113750
28859
9022
12759
29875
15754
296740
2838142
149985
19930
26085
48688
17736
25081
62564
26811
32594
14476
22068
44194
36266
30998
29880
106736
5059
2259
22083
17291
23271
27014
15517
74505
32534
10008
47322
73404
239200
8478
29294
9508
25032
34638
97353
63224
16135
31086
69972
79176
23851
46362
14666
7191
31961
4806
21984
6003
463275
47752
28717
9600
11194
21497
21791
61232
43564
30174
4849986
11556
24801
12271
29296
77484
54063
8922
6799
302624
6228
29345
9899
146775
3438
27766
17654
1532
73940
7890
31200
250848
30021
16343
32050
32609
26983
64464
12494
19330
1430
5765
26560
15755
12988
20331
19052
271908
25631
270365
22178
29100
16782
15302
19811
21074
1585
121116
29198
7351
987280
9111
51998
13329
12853
18954
21674
15078
10389
65296
20868
37830
20771
9860
46650
32566
20112
20342
24591
20262
4107
14495
34984
7912
729951
6688
15756
696
20878
21714
4972
11520
27326
18792
20935
24552
313676
2048075
16876
2958
26033
18898
27927
33464
38828
10068
3978
38038
9972
14858
1553
20949
65615
53406
26877
220896
8577
10844
127225
14357
3485
553717
23498
73272
6819
27708
11102
125324
24554
62528
2212
20924
9978
29118
56000
29194
7622
32364
132944
20866
640
93864
17257
40368
114996
96035
15861
11328
23799
24630
252468
21826
27764
32097
40262
16667
57594
6166
9818
11452
1150080
59031
20274
86516
12812
12355
28726
62988
779
30021
19469
2963
31693
10919
360757
18901
26612
28227
37308
30668
19955
1701
53828
5781
13357
13031
15513
25788
28899
19662
24076
27774
2909
6437
18917
1987
6748
100712
36582
34808
58170
29356
925370
39330
370
30881
50872
29186
12190
104148
8753
10808
26638
35563
662607
15399
80480
25540
89100
184410
29805
30333
5330
4580
4218
18592
16140
10564
23199
4596
61914
34516
23542
778008
21369
18211
22023
199704
1099560
62768
23283
19414
26661
25405
29407
1315
238518
318032
125580
64402
14139
65155
10163
29967
148925
77308
23885
27909
49292
15033
32200
112296
223958
34238
22422
42502
23992
2578
4133
67340
397738
6863
14091
15930
19400
1681
5118
10019
15435
18696
81072
1194249
15512
18332
72350
135918
28023
21058
2288
203483
11871
475
3267
27575
1531
4020
18262
30606
12487
12582
6755
47544
31514
3552
9471
67596
5348
15342
7429
19864
8703
17608
17278
32317
118890
24295
29653
21694
18954
18707
143955
11375
922
6432
24021
48008
57982
5740
20142
1841
28928
31702
184030
43484
29681
9730
6630
62976
43764
28426
28553
61174
61572
17932
19782
11706
11039
25984
2529
16843
59318
370614
15620
5668
5574
7170
24342
12347
22048
26943
30187
9061
14009
1052
617386
7667
51192
28012
7896
89505
21050
20383
6435
36742
5688
14332
43260
8195
388476
9312
18952
91884
263200
122584
67311
2851
18850
40174
5104
6163
31984
7781
1317
20898
3660
28227
12238
15331
25638
25687
41436
15644
113288
1833480
1388
2770
4155
70563
2753
39202
602
128107
1252
552
16062
5335
30069
19429
28856
30073
20521
366977
373142
41004
22645
31583
30735
20741
40314
76830
216923
17148
24895
163980
14909
22560
59382
7012
28152
82116
21733
15216
23958
20561
48666
14695
28795
86631
4493
63940
42180
10943
31720
41209608
17640
7306
24562
28181
26715
3632
10516
11360
3974
22674
10694
188517
13361
23389
30824
6317
15175
17751
2115
19638
106026
18084
352937
10578
9440
23761
15108
9873
10742
19457
6890
192894
5339360
9721
8117
23356
18311
12086
10106
40380
74535
61602
17650
23977
32060
47628
31308
37044
14336
20313
8815
27918
6918
314
10146
24033
203462
11801
16086
13674
9933
31479
30881
21993
25423
4764
171416
22603
87495
11285
5751
10619
15299
124352
24197
2504776
97311
31415
13630
14600
22522
28970
66069
18135
13800
28351
832
1803
15618
15838
44254
31206
27711
7513
15539
30187
3227
3241
30932
169750
14307
18654
28701
47760
22432
14121
25267
7103
5621
41628
29100
11786
137328
5890
64224
34184
2532152
13467
22665
30921
30318
26969
19092
20730
9030
47550
8376
5732
14446
16986
12780
19458
24002
1526
11318
13045
21714
4275
26261
60144
31224
47714
107184
35499
21781
12568
233442
31173
22461
24453
57390
44108
24035
4544
741600
22950
8787
50245
12871
192624
71130
52170
24404
24987
7138
60642
28255
20929
3729
26950
4930
19040
32340
16230
31833
31886
7652
13223
26933
40095
223498
16437
26241
59264
8247
7245
70044
2522
7589
23662
63720
5324
8964
11652
12761
17660
7835
116256
31328
4378
6576
10266
9682
20182
20431
57622
97884
32768
24918
5860
20834
57522
27972
27491
79520
51792
7747
643236
29151
6545
60900
26489
14435
82770
26999
85428
31027
32670
3210
11002
29506
161760
20009
43320
28509
239940
118380
37040
20886
17288
5954
44560
9200
30709
19399
14791
1611
8648
27871
362
12177
257114
11044
6526
27681
20378
1836541
5594
53361
162525
26423
7550
16172
10755
96404
2406
21756
111108
19429
25221
9814
30238
27519
119084
31479
1529
31039
36914
3290
35352
43460
29186
17250
19813
21725
21318
19401
3954
145800
28164
15048
10504
18890
3994
9094
9374
8292
3661
347174
53822
28166
7883
1356
27321
15846
88239
1168
202174
92172
30481
11429
46684
361845
20890
28779
19686
1067
22072
6873
16014
207123
32029
8804
30135
21676
27805
30441
111480
5700
15957
111436
64800
25430
8416
18960
37356
8783
23311
1442
14014
63924
439920
58782
888442
6273
32735
3523
18660
26323
16858
31653
3203
2150784
38697
5329
430388
31027
42975
25580
25449
4435
5303
19772
99351
31623
20606
18550
6624
741660
29182
19413
276921
14035
3539
3665
32696
2508
7500
8330
2351
13358
10337
9492
6505
22289
9483
9662
25848
13682
1187
26919
11934
29351
4265
9752
30020
25028
45750
5988
11868
29831
29628
18865
20970
32540
2830
19809
270126
32702
241802
528471
8141
6036
30095
59472
27760
12431
10063
28704
41962
26431
4425
68505
17779
6318
27338
16511
18296
24527
11057
126096
43575
64602
6933
31359
24519
10998
42908
8206
42264
9685
22567
6807
52745
12381
24826
147
22505
96020
3943
21472
18555
11038
19282
23207
4891
21636
2593
31114
86169
15656
31158
31505
32760
4326
19371
28758
26718
16227
14744
41097
66395
250200
13530
28700
9696
4577
40686
210007
6004
9286
28434
147015
29185
9903
4840
26651
10875
569
13358
16976
26052
45416
31048
5829
28432
5376
76700
20815
48228
14124
97028
5789
17221
4110
17377
16440
62604
17271
7619
108645
38256
56412
580284
11351
23552
43860
26217
20519
24971
24280
89466
8169
29468
6477
12210
8664
5362
26155
14595
22400
16570
16555
1105750
67338
14762
43440
5749
22932
28382
16504
6546
7484
4076
3732
17614
23854
122812
1013250
33230
13668
141515
239000
239505
44468
24122
27268
21144
17376
18740
1089
14902
41480
59102
32310
2264
26300
43106
59124
16846
8119
36960
30780
15485
48912
7901
24045
58562
65478
6983
28136
15272
818958
15000
18662
22910
9194
16831
10667
26894
30839
13567
26955
151960
8176
806616
7870
11667
9310
725
49104
73071
24298
20102
19995
24416
591
24186
56434
260064
423
32640
9399
15715
29037
15494
22237
5768
5272
24611
29720
31436
11676
846
10890
13698
104594
38524
25298
23183
17709
45846
3869
2992
219300
16005
39054
116355
15929
88900
64080
11905
24389
33826
22499
57760
13400
145996
32111
739
6477
24541
46664
192474
22368
53188
13933
420907
10853
11080
4756
22554
20928
4174
37788
26793
2269
45360
9609
23754
25479
110184
10521
45300
24642
51430
18640
158166
24090
26889
20342
33678
22161
38602
25639
768
17794
27728
5786
24136
3613
20831
1986
28118
9903
788
19680
6982
17869
22836
38235
22209
19651
41684
26232
79950
6971
19485
25558
82653
28770
19342
5064
282060
317660
4404
2169
23782
10306
13659
20201
81570
12094
5371
10421
19386
29843
12757
14633
98245
8237
24788
116236
32389
13971
25250
18568
111008
23723
34064
11900
23666
17159
6026
17725
22538
2582
962
13681
30964
59152
3580
5937
41889
19980
12691
20421
12095
16386
49566
25473
10832
58920
89034
3088
19916
20588
18026
31231
17606
17543
29995
3468
20951
27958
17142
9566
2522
9642
22918
19561
26052
6893
103596
23372
1790
18526
72320
57822
31844
49966
91521
21698
25901
163436
220374
7368
1182
16195
32189
179
259552
14057
30079
14572
19078
31062
26569
24309
17170
4050
11513
53322
32571
26120
19935
60480
5450
14284
44850
47928
6475
1511
6406515
18882
12943
21208
17010
13058
7622
223888
23330
5757
50388
56200
102116
36746
2359
32253
17404
33228
30166
902580
31891
2616
189365
28786
585522
2646
26698
191256
19447
46902
19076
11660
73818
13147
38748
31205
125740
105075
26090
30715
7902
10549
14369
73134
38550
27247
5283
104212
14727
859
22844
724275
21910
168504
9502
10690
21432
20726
11334
20283
199255
5126
5536
11549
30274
13923
28098
39858
14463
58048
25713
61870
32058
23219
60465
25119
21326
35458
14208
28485
60195
9516
22369
15770
32281
17178
15292
43808
19149
38286
19943
28376
28864
206
13995
11570
110852
11186
23043
7066
59404
63590
26389
23934
83831
206
14448
30598
2324
28821
270
773314
68370
45666
32366
4194
16876
31796
14035
2932
1863
26531
223728
64557
25627
5570
22924
32556
7176
8226
153503
3288
2520
20968
97959
26502
87024
9568
2936
14315
98130
30913
17009
1487
8676
9606
26875
23926
17332
274840
12925
56348
20511
19296
126105
152615
33142
22844
53336
90078
31618
21641
10732
25636
194428
35762
912
34203
13977
1599
552178
32612
49764
2168460
20432
13320
8317
18230
25154
30385
29500
7659
27976
6112
8344
19927
2547
1801
100448
17811
20931
12924
30899
15809
18440
30868
10810
8029
3288
22648
32105
5444
23138
15884
179640
5380
20426
18010
15941
54732
44142
11390
27541
5433
70725
33582
44430
62912
17343
64288
3922
18718
28549
23187
56098
4736
21668
28533
75057
6603
31004
225486
322185
92373
5811
30712
32051
19279
21156
16054
13621
29738
50574
5432
17756
18077
5694
49763
22152
4691
29731
26856
130410
17974
9646
44658
26129
1535
21140
73985
39630
51448
27156
25629
23208
2335
15671
17730
16084
19644
53217
90351
50826
6618
63444
24757
7946
1159125
8053
100356
26246
2055
1708
27433
20809
4915
17014
29133
4654
21173
13691
3764
15797
106848
17784
14907
31394
65778
30759
41986
30933
62646
2151
21456
38104
36250
18167
31181
189060
57878
81220
9187
442
982
574848
14956
53392
31341
7464
60482
17886
24376
27744
14659
26398
27654
13568
26122
16589
8114
150685
48282
4446
81940
18612
43813
4258
6621
96873
60210
49131
6340
499
17667
18203
24982
88347
8392
26971
14907
5824
80500
93003
5514
25761
6289
25113
19344
19656
25798
24098
23836
79986
111545
24500
14904
13548
1300578
65472
182560
23384
128188
14379
22516
13994
351934
62276
12576
745108
159145
2043
1271
11185
23341
36784
12632
30544
8119
11039
16572
19292
222
50685
14268
1447
23022
10138
6625
16326
29569
1566
12719
17870
19882
9286
26611
29009
44734
70
13899
28104
32344
93824
741
125605
18709
584040
25566
154510
21963
53226
16099
26240
1811
5673
6866
8652
11634
15873
65388
8186
27421
109216
14370
10429
14367
24666
60464
2464
13259
26112
134325
13598
28516
24513
55740
4807
23070
23489
33768
8444
703712
3370
11613
19176
20123
36246
28669
11969
37320
14300
21680
41088
2961
17272
53282
177204
8616
6471
9149
6991
17877
390728
29928
27075
10005
29654
54346
23131
29347
3290
15702
5738
20259
4896
52996
23789
81486
31350
9550
15051
20571
32523
8414
3920
201501
13465
51366
19125
860
5987
7960
1559
10794
35775
14858
54336
5208
46770
53256
6549
13177
189465
383775
9144
1173
16640
15530
8906
27649
17001
10037
29384
31727
36880
82968
24546
354090
2161
3844
4241
27219
12874
9954
393092
32035
70173
234012
21579
31044
15807
14472
119992
8483
25792
15876
6424
39598
3716
28716
28169
30991
8905
45490
8432
6073
11298
10323
2223
24525
24372
20787
284817
30630
16646
4722
14798
35016
31520
88443
7837
11249
29577
17928
21980
20537
14429
10953
945
5249
29888
14689
124048
13776
19809
31781
4987
2928
147315
86478
5229
17844
65112
8835
26409
124259256
5502
21742
5677
21526
39322
10968
13807
11502
1307
113524
186984
10579
9941
99162
246808
22825
4815
17313
2743
102220
26339
18141
7329
53552
18628
42358
20949
53906
63846
9603
74268
28093
260
10089
29317
18965
13153
8976
35685
365638
11519
1375
7515
26890
8336
12419
890630
11881
57650
11844
53995
37266
25670
19852
4762
12613
14300
30516
21408
25230
26685
35874
1145
31922
126048
11838
652
14668
55112
16299
41515
8049
21928
40906
63906
8181
1415
5927
29710
15193
26829
51744
12468
30257
24195
3592
40764
5844
18676
7774
28804
55917
17934
18434
7037
97059
30264
28154
15868
30538
32536
6271
10254
30227
13596
2249
1489
25944
45924
8220
4408
30238
3262
26130
61434
427
47530
29780
25546
5392
2437
31889
17210
27868
17040
29790
20236
30693
21149
10229
24716
179512
96432
31077
25995
29935
31528
24161
28342
22984
17672
13368
22766
63818
325520
13805
7617
80496
24937
14282
7079
28690
27398
14885
10875
41798
269484
48864
14391
595
4878
4486
27124
505
17926
25140
192192
27164
46558
29446
103428
8672
4994
