459720
566618
11294
41048
6010
87448
26482
29012
5034
18504
18962
7116
28664
20477
8410
62868
31556
21008
64146
18349
15415
14152
38324
52058
123222
7036
21391
29628
78306
19192
12393
11850
199
201159
27496
15815
16234
1806
1588
13884
13661
12192
64425
4154
18617
4158
20454
85350
40590
16970
22511
67125
17790
31143
3104655
92589
4662
9494
7142
55054
26334
59728
24795
23951
26872
11879
178772
15356
21566
409212
19056
2512
26440
56223
18182
212040
3061
12620
494581
5139
51794
22350
2929
15094
37029
29828
7486
35908
19662
62649
7097
179610
24133
21376
22739
17982
79977
2278
84819
48220
12785
26348
3666
31871
32323
2478
76224
30888
24836
11485
28537
18070
16641
3926
10430
2228
20664
18163
12127
9742
2658
1996
61500
3213
31550
68832
3050
19155
27167
29967
210870
17365
9528
928890
10072
12826
1612
2677
362784
18190
25406
16554
140008
9770
14615
27801
66681
12065
142535
114352
50400
13397
58610
53470
54366
118044
60330
25481
16823
2753
15124
19706
45758
28776
17995
7574
33844
40488
39000
193
1360
66428
8698
113072
10746
31792
14880
30031
19172
9144
18550
12647
19722
26626
19933
10930
16132
66945
8589
6185
11174
3629
10733
34300
1416
38592
193320
1559
243690
207676
32258
96740
24597
23116
16676
31705
7637
27959
162325
52924
31915
114569
3169
4828
22979
4103
27368
143070
22451
28701
12691
2258
30676
12302
707783
21834
780920
98928
48754
23342
85200
20511
2476
14024
93159
23713
22108
29354
9955
18352
4413
13811
3135
16703
2394924
72780
18230
25782
50894
17660
74074
26248
61395
8506
11092
85527
11846
21524
14773
23319
8131
14706
18107
12568
35802
29939
973042
2946
11953
41720
77922
7315
17595
7332
198968
74876
23052
27519
10232
30966
2702
8050
15621
8767
16915
4379
18411
28433
5344
10028
10730
22867
16116
16895
1141358
45482
39500736
19206
28655
32686
4562
71736
1516
8407
15790
21253
10543
404872
2170
40536
25251
12754
13632
123410
12246
52730
317
38998
29278
120972
74109
55308
4008
18573
51564
31016
29367
26445
11193
76976
18300
31131
14427
22862
57815
58180
59324
7746
23226
26225
54834
20652
12750
20196
10158
21275
13027
10041
62876
2596
224812
57108
20953
29500
41488
54921
27086
26568
8284
8312
29478
8570
40606
7620
1121
31289
6898
16228
11094
94900
12916
13011
121092
22837
9234
52302
24489
18108
2883
14700
24636
54327
83052
163194
478256
23701
26657
5550
14902
5418
14308
55454
19476
21953
5762
656810
10321
48014
5062
30620
57068
70900
53704
29605
32767
679718
50218
152268
30735
7438
4623
22541
5765
16814
10499
12916
2328
14626
50710
287950
24822
8777
3026
22218
16405
21526
32856
54602
21380
991520
2967
6935
14582
215896
30926
15968
14102
25492
20546
27062
5088
435
13406
8597
5978
32431
37587
64086
687
42621
51132
8964
2997
26422
33030
4064
9837
23271
870
20557
10578
25454
1445
4811
15582
75816
111670
6392
25181
50656
19294
187
7670
31608
118048
6267
4086
17784
4998
5088
2399
34758
8371
12827
106176
1858
7112
27530
17398
18285
33237
46112
16658
12681
50840
275680
1356
9793
3325
15216
11032
25672
27635
22744
27216
23310
25573
9016
20913
8641
13400
31099
30977
20102
25505
1993
104968
85952
8402
25024
4486
31457
5863
8293
19516
26167
22416
22207
4144
8025
28929
3253
11796
25738
25752
23588
22682
941
24220
3140
8675
25410
19201
36472
24941
19360
198144
17923
25146
55528
22200
7410
15350
162127
44058
48798
22476
377
10717
10480
28442
18051
81610
19332
6057
110630
15333
257760
2622
23693
4762
1068
14820
7603
25368
51252
1659
26322
2089
1089
22144
50908
11795
50868
129444
162680
13194
14503
18805
30983
23779
23354
6186
22009
30040
4112
4190
6489900
19571
27297
2515
20710
24289
5927
18188
10444
23606
23310
73734
537
25075
31736
28383
26526
275130
84819
72834
18170
21299
60820
50402
1689
20734
2710
10814
6116
8668
14614
5117
23544
17484000
1620
6627
20464
31036
16878
54628
74358
27122
23312
19860
14313
12854
21164
30771
11128
20234
90735
13558
360668
1471424
22952
225960
10216
148078
30715
22438
10917
26981
29261
17260
19734
10159
30385
10149000
19684
23234
23780
14895
127795
5092
14103
15261
22799
9995
1480
29908
40192
20172
32224
18090
1710
85810
140670
27586
39250
190883
2146
22044
61592
1035
86916
9640
41316
38684
63534
10968
16120
4236
128128
16091
5944
1510520
26140
25060
140500
649
162285
23321
13986
26040
994396
46488
15688
185697
20650
28358
86472
10761
17602
101106
64632
15847
20269
29325
359128
23309
40956
3436
8549
30560
33398
60444
61166
97377
2370
213345
3462
6856
187260
5467
14042
13680
189679
49305
384030
3348
15394
15997
26475
48632
23060
165496
19795
30480
12505
36318
25680
21700
267210
34744
29540
8848
13197
20767
37089
29424
19710
118770
9916
23008
129552
498
63426
29180
29515
665904
18963
22031
28630
1599
17256
8306
6480
12756
59974
18236
4354
26705
39814
5784
32566
16640
28758
23147
53210
13672
113877
27051
9931
5742
28527
79250
148275
29494
242536
10314
8961
11313
9908
48099
24704
25956
16028
210821
61146
51188
3270
19369
64832
8972
20119
1772766
9970
11183
274068
29746
11475
31807
22847
11199
6006
2794
29840
68343
73038
12159
23352
11394
22770
119
29298
28130
13911
28484
1643
16883
3428
12248
28276
2890
61164
14201
63000
7468
13334
24259
30188
20404
13497
29437
8056
24901
37868
51168
21081
20786
12697
86892
26856
8107
12844
46158
14981
7915
15312
88496
16894
16799
12376
201756
30822
14280
2941
46042
81828
16820
23057
134490
4968
29193
5652
139740
16338
860013
3396
4816
10497
24736
82023
78717
2663
9785
2918
28108
4134
8402
24492
10534
23112
122792
61820
17758
6564
28932
110992
25990
10530
27354
29620
3445
4996
29770
19295
27022
14852
12888
107960
24346
14720
43710
1494918
12774
4667
78604
31706
3209
2187
22194
10267
6835
20303
654
13329
3766
4593
7324
11293
48292
32285
85194
7927
17092
21121
909
13072
18448
62802
21483
305030
61210
87860
8974
819
54116
65116
29665
23145
19231
15597
28480
1964
8430
10366
15105
412580
22587
116716
25474
61442
27889
22692
14543
15266
13270
82629
24813
15996
5081
3792
27044
56160
15002
98
2865
21845
12404
23031
20524
60464
23754
95385
20150
58800
32412
2210
218655
2932
9158
6953
31350
7230
25337
403780
38139
22075
32522
96762
24959
11550
24129
15578
11832
69036
69736
196380
19572
59416
15320
227944
54390
21947
28466
21129
60460
33836
32532
46464
15318
21573
10031
32689
30095
6732
43590
101760
58425
21036
339757
23004
28253
9530
22848
468316
42964
354090
51142
198919
29544
21199
18146
20458
15692
1645
219289
93849
12216
12767
4026288
32134
29544
31822
117204
5581
31973
22434
69612
67920
20134
16285
9749
8095
3546
22325
30798
28366
27558
106
7629
16118
38514
56130
56798
82452
7685
39476
230944
27321
29651
25258
22982
70476
31541
106376
62695
22452
19600
15218
10486
32483
21496
28805
34126
329
13658
28654
47752
24104
32232
22660
10674
6749
7158575
9396
8350
20144
27889
19899
20082
20821
25206
22768
439803
14540
118064
45132
19994
17309
13481
6665
30738
170380
19107
69783
32053
292
38568
9695
12534
5475
32329
57786
59088
8157
45265
19987
6142
22677
25601
41104
9877
268202
27321
32041
7107
2463
30172
54218
160872
23490
6470
24072
4174
11408
30015
6300
43458
42194
3749
14970
21664
26730
26816
74487
6856
148740
15374
32696
18476
23930
73428
16568
100674
18860
4018
42696
4185
31481
30696
3620
4804
9818
29314
24369
23558
10765
27234
26555
2979
11342
15715
14147
25337
15534
15302
13210
59220
24475
33204
15112
26494
32061
20719
12036
30258
151224
80241
25938
28618
37584
26765
17750
12312
11677
19570
30458
786
24132
5286
32406
66772
37912
19444
29607
77868
31618
351858
17326
1510
35544
8686
361760
33080
173089
7164
20259
16010
7414
24708
28210
12655
30780
24933
22025
11825
32707
18224
50616
12087
5101
440708
26104
45124
27356
2324
3873
52595
14188
20699
4142
3412
24808
27484
22243
4338
29758
14733
30990
18934
2182
30171
12005
16542
43606
61461
30621
25321
24072
5843
17486
20327
206784
44510
17670
834
20980
20838
13355
14221
926
14780
15381
31179
44808
23354
21227
19394
26859
9787
10429
22146
52962
15522
994
31919
291670
60440
10132
22550
20888
884
16786
84813
2520
26660
5459
10607
18062
59324
28986
24081
20066
10827
3673
28453
9259
17315
12855
22296
13143
12957
32295
9477
10309
23448
11682
14588
9278
26891
144891
38690
13609
53844
25028
12960
9413
8409
522144
51966
5089
16341
29072
21496
21724
25120
29170
106320
18980
2732
102715
11595
15640
843
15684
10840
568674
1354968
41272
15580
1490
4764
14980
48328
47922
14349
21688
7786
582245
16024
30092
1611
2340
17439
273999
7334
17372
29907
30169
2013
3197
119493
27772
15538
28744
8636
19982
7846
7988
8819
30025
17318
625674
12375
30430
20898
7640
59498
22072
3085
1298
23696
21864
11265
31121
22997
9536
11110
119014
18940
19718
60886
20333
87829
10854
53068
8253
10221
15482
12494
14864
31879
2081
31923
4518
42922
1692
4678
19214
13755
62674
25552
17536
28138
18019
13687
15455
28173
26958
32556
501930
7476
80320
9576
31532
16512
8936
1151
8401
26896
14467
32388
21508
4907
114695
2907
17238
25261
2564
31080
25090
20844
46149
98644
416
7825
19063
25991
11462
964
23891
41892
90336
64550
359616
23974
31730
30712
3359
23957
30070
18656
62282
16712
30040
25322
7728
17810
13098
379632
17305
16416
27425
3391
19869
46932
9090
1967
1945
31588
10750
21714
14946
24993
12297
123162
24541
136716
16886
26263
27871
12607
31411
4083
59346
22876
20290
13951
28247
157255
20186
31948
324830
31766
29466
127692
57576
236160
23685
70554
36742
8610
5951
4284
1215
1581
25606
19234
20944
6264
16755
47845
25643
12759
63285
46536
31217
28824
30460
43784
18057
52422
55386
30531
26941
14162
24654
3927
18963
3695
7723
17260
30957
26044
23489
58340
27364
47888
26617
188178
12768
36048
909602
31462
2683
1459
29612
13456
23575
19770
13864
65430
1854
15590
3986382
15221
7737
12188
23678
17504
25587
4750
7979
13261
11534
30539
25276
7971
32582
5385
29588
15851
2822
70852
41824
13543
46736
18220
6686
14379
134694
22380
1158063
4362
29933
52088
28226
63720
12103
30411
41739
58959
66882
63982
23101
16573
127053
13398
14032
96312
14432
19978
8848
18673
3130
30405
48578
9684
41502
2356
50301
23758
29879
22533
30870
61442
344400
15421
21139
7014
47804
21177
229257
183624
146340
66048
14436
19230
13360
48927
30974
11968
28839
30596
43334
9005
4326
209070
7785
15955
24120
16468
76308
51776
48704
19423
75492
19760
23834
12099
855
18007
3447
15676
65264
5704
168606
6658
47205
10630
10992
28735
88092
17803
26262
3559
11654
10295
91131
24385
6273
16507
31563
605892
23017
83151
52682
25552
38634
26542
21641
9119
4824
22881
18569
51290
32556
10318
14168
102739
48192
1679
28319
227535
963
215658
15523
21084
10724
1960
58284
29146
45758
9180
12660
16
22627
3502
65530
1201
5030
12947
29394
12080
9500
11806
15245
31785
19778
478575
39172
6224
28058
619625
11039
82470
11108
796
62092
14303
13981
141496
189475
22309
86967
28199
19452
235788
29355
7534
50979
18266
9092
23024
143910
144072
28045
262989
28406
8888
15348
1881
7546
11751
55146
2786
609440
20821
111412
32553
1784
18562
16156
14364
24030
16121
29777
1425
91053
42108
6522
55616
27145
61764
71
2495408
27092
20171
12625
9999
12618
6658
8570
41246
17281
27298
20581
11100
23147
2814
20280
35982
13361
49535
44628
9456
23244
3375
94335
20376
16868
23425
390
12880
22252
6499
13095
119140
48890
5509
3140
8819
16883
3355
22538
89355
5189
54608
24085
15574
3369
10252
72084
1676
13160
8139
10832
66856
26494
22943
33788
32118
9077
7745
9097
19259
3331
72537
18780
47138
13793
14673
17847
35610
9837
11736
47511
8913
3714
17335
5936
3561
28974
14165
20448
389
6934
29986
14892
21828
9214
28705
1801
17806
6843
8117
15417
30674
26762
24918
21534
7011
27374
13704
7056
26377
32610
100432
13611
8207
9136
7719
14244
16683
22188
31666
16558
51213
26034
23567
69792
28657
836
20621
1142790
30199
8586
1698
39072
11980
6314
45964
26790
12716
115206
31106
16396
750260
4790
17318
157420
17450
10566
17133
1267
39534
1376
27642
16205
29661
58218
161180
20516
13112
7239
11962
10138
28874
15429
23580
6276
2703
10796
9203
8234
5637
35892
26775
1146
31913
18549
8293
29977
31546
22716
15496
23100
95718
5124
13063
48399
88216
814
61470
34496
82756
96759
58628
83814
11293
22905
14271
10639
1507
31937
6834
6116
42762
94304
23071
31780
113085
23498
31275
5672
17751
20363
86704
25142
56332
16520
24416
24334
16035
15311
23505
139440
269137
2918
42801
11847
51240
29250
24910
19496
4604
18529
18938
57876
2372
9513
6513
8515
24594
106488
1742
31123
13978
3883
207405
2971
5114
15595
29900
17056
11478
32895
11914
19584
112131
17266
20030
17140
16722
31255
24987
13077
2929
188195
133297
20694
326712
24003
26087
7561
41034
28603
12326
5520
60980
96057
13065
2338
27180
21404
18740
4339
23190
15650
27026
4712
8034
868084
29636
11472
10768
55632
4360
19684
8923
48456
73600
938676
15840
9825
29399
294558
19973
6672
5133
25689
17135
25276
17654
41734
27635
22824
40704
60030
7228
88550
688512
26896
14458
30554
25858
10259
5209
12684
25226
6263
47522
19768
28527
19772
48602
889
26522
63582
59098
4087
3342
25637
27186
28061
53250
16108
10024
66504
113393
15736
118
62176
16878
18381
18920
11558
9201
59882
29496
8115
15877
1957000
4587
31926
900336
74012
15513
23939
48910
5632
17216
42190
3528
5931
41460
12079
5249
29107
10573
126092
29347
16546
16475
29793
5618
123879
123245
11641
11788
22447
2031
8520
501564
5535
28353
22808
988
1751
23037
248
27128
14278
24108
3250
21892
933
142555
7402
22224
2802
2299
71376
22698
167400
41996
26864
16293
17605
31481
36312
18768
18789
364
35016
30393
19620
29676
58540
28742
16931
40032
7760
2627
10039
31877
29893
24082
13258
20858
4165
13280
87489
24978
1338
30826
180954
42282
7214
63678
56548
9784
10407
3997
902
15402
64880
13474
162603
30211
63696
1800552
14181
69928
37892
57096
84519
17703
5444
16998
13778
5985
18105
569
58030
24399
14293
14392
13564
3326
58358
32119
23484
61158
18240
10949
295911
25154
16809
13664
30505
15166
20293
25742
10196
31588
31879
48022
46076
91065
45520
67845
7157
59998
25021
10242
6124
10021
3925
11063
2230
1664
73986
26695
12995
3406260
32600
52206
7514
12747
24259
2891
4144
52908
26341
9510
22696
18069
4695
23478
31940
21090
5264
10686
31851
26098
78942
18159
158785
28388
22292
61719
8676
47550
30136
22053
317768
13478
159750
51732
92589
31965
7234
31094
17861
9154
25409
23953
4889
3317
19432
2490
11286
28203
5778
29812
203252
11481
16215
938520
26997
28963
4806
19664
376066
6663
112416
21610
8148
356983
10906
785448
22251
21280
11067
17415
322284
214109
2129
59768
9312
18845
19893
8342
427
171470
23525
32493
12898
63666
14557
18900
7480
15483
18018
31790
28620
10811
17263
102840
15217
44420
6067
16950
6309
12797
30090
47712
28218
46638
15884
20947
23987
17880
8244
27195
280284
24587
2820
86901
5616
42212
1235
26896
11334
26374
30591
21640
80529
35982
19512
1106840
870
9269
30481
138230
8695
74200
4230
406
5746
27840
8406
200
5195
30242
12254
4386
46342
5452
22624
8918
3554
18408
14514
2950
48738
3283
23533
26190
303823
96714
15808
786
221165
17774
16220
28937
46640
26409
1868
86427
78552
45242
12133
22549
8545
16431
19754
14500
25909
2293
15736
19762
11072
23309
79816
1188
78429
21251
21106
7255
17576
23995
31850
22626
27448
25056
3199
31021
12352
25227
14947
9913
19686
1847
28403
7313
50262
13540
11408
30744
9483
9354
16834
51284
21696
8896
8714
7926
8433
25772
262
11002
7470
15450
3019
786600
24197
17734
23679
49286
4519
23962
1077
25214
25517
28757
18188
18198
14307
65720
26250
23256
1981
130120
45480
18261
44019
29464
30323
84225
23745
89391
12707
18732
12049
32618
18033
67585
9482
1155
21155
13859
118292
25921
5267
22063
28333
24734
64251
1146
3966
11940
30606
24634
16131
11753
4041
42078
35860
26714
28836
18548
20009
6738
42108
20603
16181
16010
19953
7276
21119
11054
43980
16037
19986
30718
757
30831
23595
57080
43396
82308
15097
11742
16404
31639
66132
13029
212184
48284
28484
50222
6678
131440
22444
31848
149530
21508
14546
22858
33612
48270
16028
12736
28990
29089
7558
27931
38312
29368
1247
19256
11854
313291
16071
38978
4692
5191
17964
32306
62574
20408
19712
3310
24640
53856
11967
32226
20309
7689
2848
11988
26897
168168
10448
608
21411
125880
25113
121215
19368
17472
7045
856
53386
31317
1123
14466
28041
2884
19838
28010
18689
20703
8568
22731
10550
38822
22365
4044
168245
20833
169328
47754
15702
31142
1455
27574
20494
59796
8196
125804
18664
31828
48219
117810
47748
85664
520
13851
1895
7936
6212
12837
216468
23452
26054
64396
27806
25711
4733
6717
28690
17637
5472
26571
8427
123084
25620
13322
23927
17374
24445
941
27149
62236
1990261
53190
20823
90272
23492
7171
17063
9144
22638
20985
14256
7623
19321
18421
450
18104
9943
4946
235395
878
10849
628864
14046
76930
2050
2501
5845
682332
11453
20289
29980
15876
12844
27007
17506
26735
2101
218420
88905
57705
42522
9856
17222
155160
117648
102034
20863
529910
7972
153465
9300
38820
50856
446352
31040
62398
7471
28798
15137
2102
6141
73396
21448
19151
438
14879
73080
17186
8810
24864
21296
16537
13568
119445
23525
966
20230
24660
15692
620920
18970
537264
5076
4329
9647
12583
16452
35112
4949
16333
11602
56712
13683
109612
2951
29255
13510
5724
8017
9300
19994
21126
32105
18148
21574
30725
20839
1867
75591
21864
5444
30071
14962
25978
2893
31117
33044
111050
13774
55502
7723
9035
29793
30388
7513
16069248
52830
62856
21
26523
26994
29071
18460
20636
117648
1797
5657
19507
15553
2065
1295775
4777
430712
16663
18149
15809
9341
74172
17665
1048
79000
18393
27344
67990
485568
14302
55244
3835
26513
7837
23641
6174
24158
158970
22309
63272
30845
29356
29536
1766
186224
56190
485588
18507
21447
12480
2601
7005
13660
21719
24760
127496
23127
1527344
5318
31025
20728
32282
16721
57208
95931
6232
1612
15020
27491
29387
22702
29492
13697
25021
118735
7005
3299
22026
10693
4018
40206
27850
25336
56404
14307
45122
292080
7765
33630
2513
15356
26314
20702
18752
33704
15311
14958
26055
32420
13130
9147
11389
31234
18919
30612
34594
173894
25994
22427
12246
25256
33262
10415
4493
59408
11455
18953
9329
4185
20845
10907
20232
56708
24305
22692
296280
11084
87344
26519
33678
7761
63348
18478
46098
22439
4522
28361
31616
193956
1937
128060
588942
3426
92405
35475
12128
9235
8628
11719
42840
22195
12608
19918
44810
13520
12606
21933
290970
26879
12874
36759
10883
37944
19675
55658
9792
6530
21908
27951
173614
26643
62998
423254
36766
10369592
9592
35376
19100
419760
82662
18709
56884
102776
205645
10840
107784
23006
330
127722
21148
55342
23777
8888
279540
16707
22012
18759
18434
9163
13501
12923
48426
583
3470
6650
15788
130464
27877
29406
23449
40942
32032
9706
8240
23698
19384
38242
27572
56136
18092
195678
16345
21286
29481
13215
3987
19043
112878
29626
8738
7097
25149
5096
21854
91248
49512
37584
19263
16788
36126
9412
20143
27968
95771
58494
31634
26247
7630
21851648
90690
86850
19708
18497
15672
44232
10043
14858
25750
111514
68304
15983
16763
21766
57102
21591
44624
7329
27157
18031
14716
32062
141510
5118
1077
138735
25901
11
63536
162918
20574
29869
16670
178512
1313334
30898
656
25618
16174
58084
30646
24407
72144
31476
44488
64198
22692
30785
27589
19512
29511
28168
22758
28908
13563
882
20613
4144
35288
230555
61902
49448
4356
1858
47256
23159
28359
32688
31675
9806
16206
31055
5963
123650
25128
14180
27445
17808
27578
26654
11916
30987
6628
16682
12458
15786
451318
44270
31733
16151
32412
23531
23536
13084
65186
28549
4740
5709
53334
28724
55725
61138
11824
21784
2906
17924
65002
24505
15173
14401
74904
86319
11991
18854
20356
77418
20356
3377
33528
23779
17118
43056
20902
494
13553
496062
966
1360766
881950
5864
21356
310
46767
28051
18238
110872
31027
29771
18474
2000
14317
7520
20773
16783
28668
5446
68919
8683
9036
89880
198594
3024
21912
39846
23638
12944
39384
5960
87027
15852
23205
24994
2123
3501
24725
43530
76355
10560
7222
67080
1494420
22508
1541
3112
26025
114764
26965
21534
21033
467604
219230
22562
63910
55724
113250
30464
19771
10226
72714
18104
204888
3860
11543
10521
10154
5266
57068
32245
7784
169673
16710
9382
29424
13243
32357
24485
24109
119208
1592
36147
2642387
16499
9477
414181
37268
8556
102264
24152
6300
135000
620
17336
32542
39684
64707
9207
18718
14556
22882
15517
11675
31963
24083
16138
186924
9882
11749
24731
3528
11019
9725
85782
6136
26573
12967
21375
28540
48172
1050
421059
182622
213395
1676
16278
17326
119252
54002
13198
45186
16772
16943
107724
30382
47254
5533
12404
89800
40509
21852
21038
23442
21615
7166
34906
77495
13441
13462
28002
9672
97662
14727
30309
8878
30590
44322
50264
33520
81909
250048
54810
5290
13060
3942
24561
35103
22647
11779
64436
31978
7021
27044
407
17060
5389
73062
28100
32176
9094
22017
49944
1534
24386
30845
87948
32685
28439
16721
188472
47301
24528
7640
125741
4593
61287
18334
1080
64920
12504
5535
1133
5777
30868
10022
16396
63036
30046
7184
28176
6399
21973
4286
28841
21372
404
31740
23482
28961
402732
18853
94612
4384
7374
1770
1186
14255
17943
26706
12481
31080
2278
11975
2510
73500
21147
12290
25286
11517
25050
21525
42816
8209
4197
27302
61810
24236
62070
10339
8875
11515
20406
9829
72549
10541
10698
25038
10793
16762
18219
17174
22340
2437
53296
61308
145124
61910
29831
40848
17149
5352
11000
12589
11944
30845
30814
14397
189
17061
152181
394328
5143
53612
6317
17000
23586
6996
30146
541296
64752
16109
138522
23540
24782
14000
44469
17182
19052
22223
30215
57084
15850
41145
1329
5243
1836
23516
26154
15193
14751
19841
14519
18061
27348
745
6324
30992
13469
16177
6005
4929
6798
25105
28512
3781
31534
15428
19915
18172
51664
16886
20242
49530
27014
6882
9200
17941
4320
22468
16208
27091
65210
9219
31432
25175
155502
23640
13188
53046
153880
63150
17526
129
107866
61000
18871
27487
25047
19041
22331
881750
18516
22267
7073
30619
13064
1318
13010
17745
26152
19919
314674
28035
4186
23684
6517
17849
52428
28951
7536
19066
1769
30817
44284
30352
143262
29977
20524
13722
53586
42840
84237
110824
44412
1651
7084
23857
12062
9163
50774
5664
31932
59178
60908
9280
3657
213680
2144886
4365
43476
19590
377340
8189
21288
60640
96532
1157130
5066
27925
7020
25936
26013
16224
6464
29061
1092256
10736
13098
29445
2318
3429
48380
338136
3669
190476
54992
32656
20456
25176
89300
22697
55680
95445
8906
22267
15920
3456
254953630
39400
18404
4783
12621
9815
16786
23761
4998
28236
25028
6945
27156
7141
3020
22083
19779
23111
18939
18606
15075
9797
7812
214227
114090
9447
10465
120556
70386
4686
48098
964
26350
5893
30459
28031
3562
22664
3051810
23716
35760
13119
11086
1415
27745
255442
11407
23621
15347
6526
23921
1843
19040
25208
4750
29958
898784
438195
20419
26935
9058
10444
1772
30539
788004
128764
15075
1231902
6789
4027
17081
97440
96075
60240
10550
5312
2570
13207
25743
196385
27672
28433
25190
5073
8919
28321
9222
7389
11885
12451
79005
680
7158
9550
10878
4700
135568
22528
63140
2628
29205
5064
382032
349
23876
20281
34920
23910
14086
302500
12548
30033
32230
4694
28990
110796
57982
2139800
27462
36614
69652
17619
30957
31060
2905
36184
2083
28292
13177
5919
25602
29989
128370
24711
6909
26227
147516
31774
10497
18449
14470
31497
4902
29321
24627
23884
606700
41850
1680
30760
11863
11920
50554
1795
43338
28111
23428
32702
25297
86319
15213
16620
25769
190
8694
19358
13014
93297
12991
20144
18515
8880
17113
24204
132512
30809
6973
25433
10108
77154
22467
56095
81536
46130
21507
190223
6528
15197
13532
30556
11392
27625
12716
39606
175630
42764
4412660
91490
47162
19596
24120
3398
22243
18899
31552
2298
12625
11736
28810
104100
13904
64716
32208
3423
20468
26168
5099
15047
61416
8171
31248
6423
28775
21033
439101
27431
16577
27924
17741
23902
13068
1471
32237
29242
19818
66126
65334
15614
970
19999
17554
22343
7657
8765
27484
4753
3468
3088
23372
8458
12539
1059006
20577
16794
15808
10301
21465
15154
81536
8448
20676
13139
22490
73089
4439
11234
26782
28358
12481
13355
374768
10309
24524
6450
63484
45538
24662
25539
81882
328306
7070
39265
5771
15465
47824
26091
10178
1851
26905
29395
23896
23436
17371
18739
28351
9960
63452
23703
10553
8302
7435
2902
1436
8034
311696
30944
12871
40632
703
85272
19811
68152
10840
20490
19294
3464
55782
83064
17829
7229
144000
15204
11680
19028
27458
21205
8178
16142
1321
88829
85960
58110
13424
4954
25444
10895
439
367248
26236
23481
71560
394290
8212
228576
49878
17783
13867
20494
4899
32552
12960
10330
803682
12859
36960
2795
35518
14352
12122
22818
22657
28808
29056
9490
2793
62250
20321
65190
3417
67718
2388
36346
91173
3251
124266
6874
31973
1690
852
10879
28642
2125002
3565
170
42564
26801
30912
31809
12585
5309
1575
19703
1390
449673
20125
54524
22637
32073
27340
15733
27149
28651
13194
17482
1589
38804
84056
62560
24489
484
7314
3854
3369
94335
62854
3654
4912
25630
20232
5613
12697
14516
8088
27369
32615
20684
31744
45456
30965
1252
23259
5984
21580
24618
55206
60022
19112
7575
19845
933640
20149
11668
14749
14630
6384
109655
8283
20037
30653
7642
39360
9095
28070
10189
7225
10661
7652
13289
40130
16454
27769
2231
18632
10682
305690
1721
99232
40650
87636
16354
8804
20334
4994
52586
20354
16296
77709
65220
10731
41856
32365
5796
32673
562400
61805
6623
14400
60870
14524
270721
24184
28752
22256
23962
25034
40758
28308
13920
108834
7266
556168
9394
27123
5380
46862
1656
19179
27603
26588
37767
18092
31642
20307
30110
19809
27878
53492
31428
13286
13784
26932
9170
2301
100596
166
6344
22296
61494
14832
9028
11351
31176
27738
12720
58748
8224
14397
18088
5306
59988
30180
29820
10710
19334
1256
19030
10169
25563
21088
27218
21347
19328
13904
16717
28328
24680
21657
20975
24044
9811
27153
97240
16928
22834
10627
196
51444
53684
15928
29227
1405
18924
36355
8312
2722
866445
7587
19133
29282
247730
21192
15458
121520
9378
1640
28398
29745
19879
25531
7953
36471
29018
20237
8437
10026
53
5458
32710
25829
63120
27035
13439
29179
3278
28211
32759
733594
20840
31741
26710
21778
73
69684
30924
8899
8291
40464
66849
16977
24018
50016
18921
13842
19728
24675
35918
10863
2155
26259
20622
26289
61192
21811
12796
141750
222936
13904
9124
27638
19274
26222
14327
15235
22769
30756
23399
28437
8143
11765
24564
17854
14722
9841
6013
22380
216552
11544
14820
43208
97708
59190
18675
23192
9034
859
761
69138
11090
7859
9088
1524
1276
1901
31610
21867
552027
160704
150619
6175
40278
11571
52308
12081
23885
11765
82872
118790
14001
119802
23428
18012
18126
25566
29391
66678
4548
31116
26526
23807
37
30039
19451
21114
20341
28019
6157
5764
27020
47348
1684
272088
32530
14698
175161
29539
6605
30990
3176
51974
73148
18229
258808
250020
258564
6319
3064
30103
64488
8509
17623
19348
13688
1165239
60402
57188
27732
19649
6918
13957
18334
48123
19157
25911
5913
22515
27456
19210
5018
10537
28754
4877
14570
9894
54168
18974
115816
75735
1607
152537
37042
18407
10854
21372
23012
22844
21939
10716
32306
27876
4410
390011
9824
7718
22864
17846
12942
15564
20213
13024
17226
18632
21650
13989
30149
59794
22821
6579
23347
22734
1940
6051
88317
7937
432762
39784
20480
13934
28161
150857
332
10843
39704
35900
2256
11753
55242
31692
31340
9996
28471
110188
30071
2337
47985
9601
8471
7703
31680
31997
9231
23892
27062
25433
55302
15364
2177
479281
40136
8639
30139
35780
10909
1323
23498
31015
31102
17641
31843
85779
30183
48222
8798
62442
19129
6075
18964
87324
29177
29447
29941
22963
12613
588
59932
25210
73332
12496
292675
2639
24488
14928
22457
115435
64094
18777
42408
4600
10868
24095
1532
3485
14692
2987
12994
29679
14246
11099
29229
19945
13186
10257
23582
22925
15470
12499
15325
17215
10374
4516
3108
21166
25189
20129
26020
57498
3444
47804
27106
7241
60624
62740
231606
17864
3834
18849
24250
161775
13640
25945
31141
17892
17610
1009010
15506
27203
21280
538270
50978
28604
18990
26929
14914
30200
7062
33
46014
27508
5785
122754
63481
106312
8965
14091
10202
6356
21697
11299
22688
20966
40396
20954
18941
1541
6377
123228
5544
15757
4964426
36027
46838
60706
32151
157878
3198
26340
23207
8097
21433
26040
16114
1432
27636
2123
22596
8369
5071
22971
127816
19113
18122
138000
3282
62510
383262
30594
14072
86403
46450
18724
64266
6506
22570
14734
9173
11548
1324
23594
176918
16152
23349
127340
12137
21797
25219
21869
14986
24685
16510
10739
3396
8364
34594
800
28664
26182
31917
1941
14862
678
88407
90550
61749
729
264480
16143
19713
21010
38598
41220
15339
5247
24366
22352
6507
31028
7058
136870
32110
38108
898304
32074
8239
3492
47770
66258
83331
31266
15540
10101
62409
22334
14892
13332
11571
26124
21227
37526
956672
32722
24890
1352
95931
31181
635
17505
110845
18802
11383
10375
93384
16902
32236
22520
51032
43536
11434
8228
3994
6241
504
97730
16304
31424
32573
21214
53379
1695
15900
7802
39168
28944
17162
30024
19184
27900
14310
26471
29707
1110
7819
38355
6000
140772
17113
5305350
13220
7761
336167
21821
29406
4348
62646
28540
47320
47944
2900
31359
7913
31069
44406
2260
209748
188448
24875
28454
20631
4097
13935
122507
4823
19545
85359
85158
155835
917
3999
18490
12658
29942
13229
7418
50460
67518
6996
25214
4751
43208
1225
32687
19472
640188
64832
88644
6570
26283
57260
62958
9570
20908
8590
22982
26647
10227
7998
5672
106300
580
49200
62588
38132
185440
24748
26763
18242
1316
21441
10582
24882
12010
10227
25894
20330
42609
77452
161119
29195
406770
22463
26481
20774
8563
7635
9267
31174
411
25935
30269
31471
3290
25626
55536
11564
27703
47880
64608
143730
21666
6519
18048
23404
17234
3712
10993
21937
17504
19470
53800
24254
8100
21730
1295963
17726
1999
4520
12675
56482
20370
18831
25623
7425
10829
32639
14114
21223
6082
175428
1522
193872
9819
24486
113432
10325
22641
19399
52622
126412
1311
12385
24138
28423
10014
44908
28996
101720
21330
24114
24589
56054
472872
4970
78180
14553
1429
18973
60644
50054
104996
19266
30394
13673
32327
46664
24258
1548
15178
79206
29282
136035
41997
153345
6083
169960
9489
5267
12
124952
2470
32157
16136
32496
1946
26394
27322
8719
28075
16180
19106
5081
22533
227304
25393
5151
1119
29898
6537
29996
13398
23527
55026
8134
29714
52005
30647
20153
11220
13265
21087
56195
29969
25064
25004
192582
21037
5909
32232
60
21895
61746
67515
28288
40796
26279
58410
24273
1179
18800
629518
12829
86055
6511
13252
28038
15468
23532
25695
29860
11841
20935
2804
85680
28188
17183
97472
21581
2854
17152
84812
20215
279968
130576
72188
11792
5371
26331
120864
30231
170412
10734
51747
24755
32486
786
57846
31009
28153
1124
55251
480
55623
64926
16904
3994
14014
19481
42396
1364
59898
2097
23504
120120
9327
17847
68208
28258
42698
2508
27097
249374
22365
6939
29440
83396
43700
172272
6572
46221
10496
18647
4262
9595
60900
16191
3523
10907
135520
46944
23485
51996
13867
61442
30690
41200
9579
32286
223048
589
33780
996100
29752
12481
30164
87876
125531
9070
19424
22544
13581
1095
30896
12584
99768
58608
30352
5856
29038
13101
58706
1210
22431
361260
22824
6088
57688
7790
23053
29086
10315
8104
23919
1106640
58158
14676
9806
54450
3646
2499
7921
30219
724904
58882
12161
20062
7770
25914
31462
20410
1213417
200536
7649
18000
31964
27645
39126
24798
33150
9892
26956
31138
32333
25246
29694
30331
42752
22748
26819
19455
15181
19334
28420
1576
95753
32245
29164
18628
21449
25997
65162
27764
31458
63172
2194
58644
27297
66320
25196
82690
196452
40312
7713
215817
60120
158022
19614
14238
5593
10206
49752
6384
31345
17361
16530
30171
15626
28348
7401
185906
101415
2638
331892
13815
357323
17461
10418
24831
20740
57967
20901
6230
91641
122339
26500
16922
7614
7127
56086
127480
18848
17192
112005
11476
31969
25020
31763
28246
330966
227925
12655
5100
9680
14228
28708
29852
58684
6642
12402
169763
9424
9468
13452
15720
93231
15236
22636
4949
55100
9512
59120
4142
3981
4892
28530
18393
61358
20668
28158
31317
12039
194880
21623
26948
37916
51950
25493
25785
7971
27716
5408
69740
7485
31587
2457
31017
31120
20498
10193
35964
166728
25251
4810
22504
19544
1125
4557
17781
9354
11983
18124
44820
8740
28653
20217
29568
4050
16414
831636
41973
24162
19632
351
93075
30084
1188
13125
50336
18626
87186
12461
67785
55682
27231
5880
25887
31275
27546
26320
19073
16434
24693
6900
20026
28928
26605
3564
19074
24960
3818
98160
15092
63016
27860
50650
34584
27867
41355
30727
77030
21173
50928
29173
28313
15478
52458
12155
22059
13368
116044
10087
12245
3079
15230
25327
30929
265104
8632
8776
34884
11337
40834
1930
2730
1007
24393
204312
288378
18044
6170
13800
24052
18207
15744
3748
22008
36771
16116
143095
15716
14110
120874
28092
584
19777
21485
126160
63638
16067
24292
33292
81573
1637
16649
35994
9925
19372
5452
20952
16724
18845
241241
24752
25057
6586
27447
39776
12857
23988
645540
284466
449546
3729
23577
106560
692
19736
20620
18552
33792
9499
13579
85910
62772
7716
141830
9616
1240764
53768
42508
7973
2372
16760
30748
2828
14132
4584
11316
13346
46696
26302
26045
21342
63352
20603
137169
32501
9711
22724
22754
2552
20295
5815
7048
19214
52806
503217
17892
705312
48928
69985
19065
24993
14678
96204
27662
36518
24390
159200
10270
5632
23745
157620
26664
31848
15244
31122
49800
25479
31980
16765
212730
31180
17138
116024
9896
2362
43860
2780
1986
24440
64209
21345
20510
21317
16798
41074
32108
24718
20334
18394
2657
30058
243136
790
47816
24780
17128
171792
23675
34540
11317
23676
42212
25747
41950
44340
4429
13103
8198
20596
64480
269
11230
17324
28940
84000
21586
4494
673608
257328
318274
53450
76548
19125
29632
9309
26506
1980
53330
55428
79640
54040
31984
4554
91194
19114
8176
11346
39399
3164
64563
20600
12691
20739
43542
409860
14299
24548
23625
7293
49755
30513
8548
9656
232191
6223
30531
13995
15536
24414
30118
15133
10686
11469
3068044
4648
11953
5426
20225
7214
17984
8636
26434
14622
25284
11473
15984
13032
1604
17820
61626
20541
2296
23944
76614
2955
230565
112500
99868
10808
19936
30647
10681
12317
14586
2527
9114
82383
22883
19617
31902
5094
22461
9285
26910
31040
26009
44000
30061
3828
5604
25792
63176
4102
6899
27949
53162
27030
16688
13630
27541
29500
1122
4939
98056
337601
12324
30290
31647
88728
54232
55377
20799
17714
169020
26864
179
4404
8748
58286
7692
20386
124488
5042
27703
17168
13265
21657
31896
128364
43358
292720
22853
2543
4678428
39762
102888
270621
14238
5184
27177
5159
52938
239832
31530
38700
20661
26804
30181
28948
5269
2559
7308
11178
7608
16795
1454
43302
18772
9796
30212
34004
319
26981
52884
136365
30008
1784
26845
46344
23607
18338
29250
14940
83631
28942
9064
28519
30561
66088
204204
203220
19690
6078
16732
7620
62272
83988
69925
198840
317145
22693
27625
28216
16749
12129
58836
5442
20892
103950
14003
126765
7796
156400
23748
67098
10628
5872
85977
8127
6903
12649
377825
40744
56970
18672
205
25768
19120
22740
8679
21477
13999
35946
32041
6739
14754
27746
10895
3667
40840
60656
11990
27927
27374
12961
9861
74031
49334
34712
20540
92580
27919
8266
573
22181
13246
60754
22327
782
23506
5333
15540
169485
48150
11628
46382
75004
85257
5984
23862
48100
27844
25555
36666
22915
4568
26158
95
20136
26753
2691
26499
65288
29505
11336
176296
31201
26219
11907
27108
16302
843
33944
14032
128403
27073
12481
1580
25266
26524
19284
21175
4185
5461
3466
27489
4357
30966
9998
20264
8033
11534
13332
8828
129412
1830
16368
13364
3840
52940
28150
64684
9536
7555
51494
21572
30179
3819
22188
50878
4710
2611
18230
1769
13758
29632
329758
30843
16470
85560
3386
11192
21447
173205
92904
11392
1458
22102
28326
1743255
20922
32850
5753
3002
637
65844
26018
27431
27093
5792
7410
77883
18449
11873
28158
31986
25179
1564
14319
16704
22572
157515
455154
50642
28946
31679
30118
141705
24230
25191
5949
54552
47900
14500
28037
31848
81489
20574
42720
167540
6855
24057
18549
49670
14189
32700
54246
7876
23756
72579
17292
3083
6786
513744
143358
30098
732
16402
10903
7944
10110
243
84660
81897
30943
11543
7313
6118
13012
10240
24566
221858
10214
44058
444774
9091
22577
32222
190638
32284
13849
8967
34196
19660
45206
9721
44236
31410
7792
13613
31811
35060
28214
23441
168336
21577
3642
57564
12566
5818
305580
38518
24876
2271
25744
2024
30108
28225
470394
764136
23909
4998
13142
3527
20723
2590
30212
10937
26174
13482
11906
10790
13089
42864
11060
28634
6652
31450
62259
38540
7308
124476
45976
15526
41490
16820
16298
8756
43776
30359
24784
8917
23923
24282
96249
139320
1676524
9144
26402
28277
23147
26314
59170
101840
63314
9534
25985
3940
3017
16359
10138
14047
13418
5829
13001
254508
39690
10581
23804
280188
1963453
26076
9300
55732
9852
5103
2379
17574
5901
9798
373971
20933
30645
32706
61244
26672
26196
551718
3002
24521
70896
74466
31758
28311
64200
23398
91574
22636
6297
2122
14140
12174
20468
68661
28592
21514
29564
109024
27082
18588
16658
30289
33850
2369
42018
1129
44990
19264
53044
92673
1943
116005
22664
31803
15526
17756
13119
32368
50775
27640
6205
4532
59751
61284
21364
25233
22340
32239
12269
3775
20232
31972
24986
58592
166634
7554
8570
11672
13710
105116
22514
29541
1744
39686
29034
28102
281376
20295
14631
30779
20106
20
22120
15838
34766
75690
18371
1714
21136
221607
30912
16426
27965
18986
19895
3324
36850
54848
236180
26664
27586
14693
355836
532650
63034
23047
76710
26631
1964638
13423
21166
27198
602080
23384
275
28207
16578
91359
21000
16162
13645
7261
30308
25966
63810
47790
15448
11342
12510
62167
13133
369614
1590
2707
23483
18330
6710
30149
28939
2262
4462
25048
19784
10984
28289
6237
81567
63384
28566
15427
25092
31032
5937
21009
33906
15484
29400
7979
26870
21880
1401
18639
6569
18629
18263
13640
5147
63370
24019
54444
28090
8714
25158
5335
21105
28049
13180
9658
1991
24594
32668
12325
14552
17127
42986
179544
127796
28310
25559
473122
235592
155218
8834
55364
15599
78352
14058
72779
6945
24347
941
43682
13042
147170
32593
17479
19019
2974
22722
17927
29632
13142
18452
2994
32367
55156
11588
19565
32231
17304
16408
9232
48144
58524
104170
5904
2329
7426
9228
26536
31786
244
13800
41272
26028
2309
26278
14164
21660
13580
8457
4061
27673
19082
5145
7170
28622
17109
8446
29765
31871
28956
5736
14389
4460
53384
63870
27746
10845
11032
84357
2435
10442
51534
16628
10469
40384
32379
54528
31255
136087
23566
4874
28115
21194
184
5636
16942
563584
22774
15538
423990
21388
65012
13056
137676
22700
54108
18274
185028
425893
21210
11169
14662
8132
1191
10193
57694
117145
15286
18576
11431
27821
113404
31101
15618
11722
35086
18427
29517
34754
24439
18983
18239
519
10506
26134
29275
25409
18330
30035
6757
69905
18284
152
13831
22929
17150
4043
27972
7315
17328
19003
796
11769
27376
25371
26880
10002
36392
3646
260190
12040
94986
30995
59571
10983
48710
996
140
17571
18925
226464
37272
23564
30388
12788
784992
12968
2130
2712
24634
72716
6367
25145
765658
5453
95208
8858
5734
6450
148176
9473
11973
20014
199815
31328
23186
16239
176940
2601760
22808
59538
21444
2048
21720
1578
158389
4570
30440
27522
9441
394044
24363
26522
124
10946
82008
3107
35434
20147
32462
20568
1302
67194
3740
23126
20130
20021
35211
391755
13012
51464
6562
278362
73323
3627
29881
28490
52180
21179
14960
20782
73734
85568
64266
24552
32382
16910
4811
24561
12274
16927
31821
4236
304755
179592
1834
4725
5133
10202
116470
32154
13338
280973
2412
8324
23394
22661
28797
3205
21586
24726
21735
29278
29966
12884
221060
249525
31488
19029
9100
16943
15774
7060
174318
28252
52593
20610
1906
112914
3216
2518
18842
15808
2251
18081
26012
48908
74984
8645
5310
11947
31023
11850
16653
13648
4957
98780
26571
7667
10437
487584
25886
18518
9462
15820
16095
395552
16937
16762
60024
43244
8578
30691
13636
378158
9406
30025
39158640
17134
16998
594762
1064
13020
12899
8532
6339
33736
24135
7778
32405
24019
1243
57375
14571
27614
26346
101750
29005
24799
143542
8971
20899
32584
24692
14776
11668
2238
12234
47090
9533
19430
9057
2006
11541
8388
651496
2726
20030
666468
55880
20239
403754
58260
17738
6973
19781
2622
32577
30404
25886
5435
6736
21613
190980
6129
2577
23309
5666
11654
2960
27368
1063
22541
10231
31256
24155
15525
31644
9446
19259
28116
57828
3529
52018
24608
23757
3489
30277
25838
5081
12335
8959
18336
116982
29104
80165
53714
89373
11163
9863
29810
13968
28550
45700
3251
20514
16992
12925
2314
6400
21835
61534
8736
61484
32024
9474
10364
23851
22552
21510
8552
41492
8351
25362
26115
15330
42636
13673
41795
10364
16152
27227
17533
3060
44230
5799
467780
12911
28838
6676
17899
40712
1292
13586
18926
26331
4786
83823
2803
407
13529
14996
18722
22315
17257
27474
607
8039
15273
422592
41800
21439
27965
33384
10397
27613
10080
255075
16260
49876
50372
45934
22335
1816
17094
7420
10679
32499
36176
18331
18676
23528
150708
25108
18836
44994
4933
32500
42324
23891
26880
29190
58542
18051
20930
24236
20426
30834
2427
30380
6304
51726
2060
2558
17662
31764
7047
145950
27123
7094
23466
18412
13836
12792
8734
55908
59502
929
60609
85269
2589156
28820
5439
46105
47730
6993
19552
57102
6650
48356
237
24957
21584
23190
16988
66187
15138
266088
26799
15942
11826
12780
381691
32221
18748
32157
15120
28731
161930
11941
30996
4641
6894
24576
21791
13642
41346
38313
205
24534
22318
24275
5614
17654
7061
7544
27668
17113
2464
71304
533
4566
8609
10552
26227
4313
31019
27824
30510
23314
988
11258
45292
4828
13016
9840
28505
3563
28520
7778
66630
80612
187720
47644
108435
30514
30814
30294
19406
75141
9331
24522
51680
17613
24069
55006
27986
9352
49490
74520
9391
22327
31731
24567
30666
28623
16017
28776
76137
101372
32588
804213
1623648
2771670
8808
21754
39676
25158
12284
17289
37152
71522
9105
3760
4728
44168
2420
15437
346512
78726
11280
28799
16737
22722
79904
35800
9672
63270
20514
239004
52956
32158
11250
8387
23078
13860
35522
2304396
356660
1100
5607
22377
21625
54164
85690
2971
8138
45732
12859
9870
375122
45242
20570
25835
8378
26569
15782
66868
29993
23743
32082
78112
53398
15073
708
5047
11011
63342
14648
28635
16875
57014
24982
30797
55710
8803
50462
19133
26223
119868
26366
15753
30838
20403
26236
30794
8116
8294
29764
31573
15523
10689
28745
6967
6194
21273
30358
72405
25673
15395
10469
217469
29183
37656
47620
49438
29212
10185
4896
59998
27117
514940
3830
4400
27668
30235
544880
102450
57828
12976
32603
1382
5872
23983
133542
25442
23728
30128
7645
20649
16815
110430
25439
15999
17651
19702
31777
16005
42350
12946
22108
148210
718688
60910
23595
10205
30302
18734
46
3683
30378
25279
20579
2008
25286
113296
22144
26529
25151
4460
88380
4441
17133
64860
23454
89511
24318
146824
211644
13448
31351
182808
23412
25443
19140
3922
4486
7245
18302
6786
27054
2327
5909
2220
15571
7938
17119
14177
8586
7884
16136
3116
21681
18416
11194
9213
155925
3108348
26712
7125
2911
22768
17142
24242
644832
5333
520
9405
100373
683712
14009
4017
4327
313248
108276
4238
226037
46716
7666
4473
362900
13242
24554
9991
1324
9693
976
28530
1358
28044
20304
48753
98190
27690
38732
5433
31494
3319
402486
33950
17435
11373
58672
35148
17105
39804
21733
31358
25496
16610
7862
28308
66020
2698
25629
14102
11006
10337
11724
8330
103270
36162
32216
15546
23312
19023
2093
63240
23392
2368
14670
1824
7306
107532
303079
16382
28773
420
21178
23186
228540
37006
26570
28218
28878
9795
28377
28752
20639
12508
29877
23344
3508
20166
28272
127140
41086
2037
25174
56406
19390
26793
41864
19600
63726
17337
269276
10829
11931
24607
11297
22756
161336
48008
4150
18441
17028
23949
10070
28461
25734
29004
28915
80200
50864
21260
17826
102900
30450
21856
183659
7623
19480
23018
7447
26336
25954
113815
15604
14037
13930
49232
116900
12684
64278
25011
21698
5784
5168
19446
14540
57438
14635
23084
171931
20135
7313
2893
13411
24319
2722
16520
11610
3822
404
11579
18558
9215
38313
11504
56762
7776
51606
192582
24202
67360
28998
10346
31292
18558
2616
130647
105535
27953
1288
28549
26527
32451
10327
25439
6332
14227
21902
191838
5029
13430
87115
27507
1331
19645
14600
69984
10168
41450
15029
16451
42990
17978
54294
31299
18213
8278
59544
22946
10116
32680
25234
87344
23934
5782
6563
31515
20690
73956
46512
26542
59480
27715
18618
20844
2157
25651
5271
29395
15239
28092
23841
24581
112504
120890
206577
5012
2862
26986
17062
16012
284690
32166
20548
10176
160776
25456
10093
9818
23685
4872
590
925
1381
1440
68115
20476
20412
752
119844
30560
57350
22074
48438
8373
13345
45562
20604
18794
8164
28725
25205
10233
25792
19704
12436
9276
12514
16320
11436
27889
60156
11800
27808
94488
15508
15081
10490
36816
19280
40776
28373
24608
20194
373002
60951
18516
7135
26392
7114
20992
8231
4462
11726
74396
18267
24065
18938
31767
8665
5470
10329
10988
110556
155529
56277
55440
145270
13494
21524
24132
195129
3536
62696
6251
19388
16912
7454
49338
13420
11191
30376
13259
76312
10998
26785
28540
23103
26133
36318
43344
109856
5858
172953
28558
5158
17776
67170
27061
12215
142880
472530
21420
5582
3859
89367
130660
1709
19152
13120
32455
27212
16040
26254
22128
25032
9063
9626
30663
51530
589
13803
18248
230
50778
13019
16196
53967
1001664
5862
31143
19886
46266
58632
11531
160050
14981
7433
26882
18185
42262
27324
7582
22455
15370
43500
44751
31907
13656
48993
57190
12740
51072
2405
24912
6765
20860
29601
62745
24202
12998
34766
114980
1052
16168
13646
24378
242
2879
19149
7165
507
17112
16521
3739
130815
42819
39260
21411
331760
57028
513630
28251
4307
20358
6102
9237
26408
31533
3764
441320
15663
26245
15792
11896
20408
28919
17347
9762
5103
8368
28808
42950
4421
22864
21920
30614
22031
8722
746774
2785
27656
13339
7884
151795
21772
15726
7093
1266
9273
16915
14092
8734
180270
4885
16844
1107000
57970
7746
21432
9576
90306
27880
25032
16396
6805
10121
255672
25806
72834
8587
13725
15449
16898
14878
59409
48573
21926
15980
13179
223720
40584
14599
34628
15201
25206
23182
28768
19837
27993
26529
6032
10007
5105
67605
18610
976
592
9788
30090
39370
20786
30082
26873
14433
7797
3072
8218
13099
56242
12220
49984
29856
39920
28577
12142
12177
32136
88347
622138
59998
3279
16813
24792
95192
14181
22122
80076
167508
1432368
21924
30285
2281
27037
98590
42924
396382
27675
2139
19410
289780
5561910
1984
3227
15745
2768
131663
6503
20809
2009
39540
245691
709962
23634
29949
32171
98088
29383
20220
14662
25480
22509
63850
8762
23627
10978
63584
5677
5508
22955
25030
10431
39002
26090
85677
32484
15401
11743
32296
17542
2251
30113
21346
6235
11433
57100
15442
2562
95718
11085
17330
1636
2605
25917
27112
40082
28899
19259
109660
42610
210375
23005
7897
11562
172701
4152
510455
52712
57150
19166
6470
12164
6639
16152
27505
7726
10818
32956
11721
17877
29728
37986
24570
11272
22884
4057
42410
88659
9353
1247
16761
27269
81474
126910
6701
354
72345
26367
30446
22339
1341
14725
31337
146300
223195
24694
29921
19024
23148
26210
26742
5403
15150
62120
38052
11423
1470
4473
66644
11947
4648
11274
3197
18825
70475
50204
601
7967
21318
22903
274834
35984
54383
5516
21803
1652
307788
46054
2506
10622
832
17742
78933
229019
34095
296790
29126
29357
7515
132905
56052
16622
77082
49845
29484
16830
243540
16751
23029
642022
28289
23257
1841225
3708
20556
32088
12579
36708
6549
12231
45194
172176
19653
4064
5461
12770
3929
25914
22897
29861
13306
21670
30699
7782
49396
19388
504
2203
56310
44722
2173878
162915
20711
25179
31178
56494
9326
22683
54226
27964
55056
434864
334742
53445
26258
27344
13495
31571
18982
2498
22635
815360
3316
23970
61284
8818
6794
188
6370
14233
17985
14717
30060
24995
1361
27446
32597
2128
6167
153752
12054
32148
35823
5461
15950
13682
129852
80435
504174
225533
12259
48510
91952
42090
24482
19587
27434
20292
1308
11807
23625
97520
35250
58664
860
14030
38190
238872
51366
25311
7327
16842
1089
5082
38040
50301
16935
12066
16855
14507
166410
18471
1235952
77883
166068
15037
22362
12031
163750
28603
2970
29271
31741
10199
7537
41640
17065
26817
5009
472
58296
26749
29905
22772
16643
4869
19068
735
10172
1567
209
37386
21388
298146
10008
8952
29732
30991
9960
22224
28454
85794
26227
48330
55388
4103
7266
26742
54462
1395
5442
6671
2578
53060
25002
32178
4338
526
4878
87309
1398
29152
67440
9374
17618
13833
48722
8356
200772
3492
10058
45914
53094
49569
9448
21194
18677
23662
517
3763
29973
16093
32768
18559
3824
9610
74616
28833
29608
36624
15322
32370
21840
14196
299
17452
15064
4044
86847
137785
4410
23796
6707
4429
14821
7985
88326
16361
17001
4064
8244
24257
12644
27382
3365
145260
5292
95
3665
32137
15549
32664
4280
58737
20836
22927
11068
51410
55900
21690
12841
5428
8456
72900
26502
14036
11202
27809
13977
26755
7331
9850
36214
14170
33734
951
29022
10473
12114
32949
26459
25929
65819
40980
143360
31976
36754
28892
61618
1547
1140
20684
16189
12935
22989
12706
324120
22971
3808
11730
14634
39027
12217
18300
54528
30314
7466
10008
9091
1364
3068
115544
320830
27545
148960
20708
29193
51016
6807
175014
32475
28108
7392
178134
26921
23767
12962
29681
17101
58352
4532
3005
14754
2313
53132
11358
32341
20745
3537
11808
20075
19672
27585
5283
392714
12386
11807
1822
6701
11495
392616
76134
56139
18630
12913
21050
40524
12637
13982
27355
8784
358722
9866
21338
18628
22884
17631
29337
1683
18208
25826
44229
290080
47118
45730
15559
18801
14025
51514
3936
9666
2281
16848
1734
21869
30344
19141
9094
23272
228965
35989
56750
9183
6934
63350
30112
27843
5659
23326
7077
31634
8577
32161
6310
15848
7691
7421
29626
5702
22297
31624
38256
103044
11234
47934
25863
5677
29939
17015
69464
55617
25063
20587
15454
19312
212333
76665
1927
19795
13669
84584
13284
56574
32148
27634
25141
70788
87678
43338
10227
39634
354114
31283
25021
23202
19978
26574
9164
29106
29787
37944
13090
7718
3163
49370
29672
13692
5252
33354
16905
120924
12665
26475
4110
20786
11905
30226
6910897
39504
107916
23495
11243
23604
12225
17532
312120
48852
22322
2086
32398
33960
24150
52380
10946
12529
32229
4086
53088
2395
28710
23882
3234
31843
2193
27050
21083
26244
28416
11395
8369
19447
3765400
67191
13849
9213
23433
25058
81507
32616
15899
27985
21268
199107
14862
28580
12940
14802
26556
19998
316332
25189
7171
43954
55848
7753
77940
15726
155670
20982
917386
7140
9615
12079
36282
222
74466
31261
57300
13312
11167
14815
7629
4513
54224
28751
17339
14373
121448
25878
32536
7678
14147
20466
19836
7274
15062
28229
43346
23247
32000
204490
23956
23246
418996
131930
11921
123162
22002
10220
61902
2155
10395
17111
16097
58932
25968
36014
78564
20509
29060
13344
64098
5805
78001
240339
12114
60716
34228
23087
23066
19941
99057
4253
65355
21464
12384
143937
4907
9474
30363
27330
1146600
14714
15372
96184
26744
10196
21204
1466
11635
31856
22337
21198
39990
25411
2085
27123
26163
32243
215984
991
23406
14025
3367
28930
142160
17818
7749
26744
27387
30197
2644
29687
321818
6797
25835
5036
19991
92064
24973
17463
1512
16456
32714
29788
9849
17113
35628
62000
6242
8220
18386
16684
27357
18834
24983
24551
44694
204828
10352
126156
10881
8435
4251
1745250
7612
6515
53901
1850
24744
18285
28473
29428
8292
86856
26390
19261
22554
2182
16465
75360
13059
70614
1469
7151
15678
40114
14863
4901
4714
12712
22161
156430
2185
34344
18363
25308
25820
3864
69559
8361
17449
17019
32046
259686
29085
21732
46200
24855
32087
7010
14543
30819
12384
7766
53204
20993
64995
34004
9
253680
29395
19747
336360
38968
61662
3441
4789
28477
237069
7395
87384
14290
86852
12586
6342
16740
90139
6872
5594
21888
2494002
30342
1389960
2472
15364
23362
73128
21816
24573
12862
251
9496
41860
9142
12369
16318
82924
35396
89568
3933
8078
208964
13837
22669
29399
6950
19230
27038
48724
50530
2369
20753
187456
10504
31935
15864
91776
49548
17714
57924
11784
1420
28253
76025
52788
36828
8011
22516
96088
17213
8361
1752564
60333
88932
9880
34146
4403
26061
59660
12665
29148
30981
29640
62570
15084
22019
391144
22523
2532
20615
29367
3703
17036
13112
47952
21228
11895
3261720
6244
19350
19986
29916
3265
21561
153120
154182
6752
81480
55236
23537
4114
55824
52461
64734
51172
23307
23246
26904
14785
29849
1456
57804
21377
22622
25584
26457
18516
277080
54964
2035
7573
1403
127900
23318
15470
276998
25209
21980
6332
30360
97972
9749
4726
25512
18951
79500
40536
5219
12488
12087
6675
11050
1426
70050
23030
26222
9276
25096
3032
2724
336015
27863
21718
18682
18829
2820
30472
19505
20598
44066
63441
17418
530
18335
12153
31848
22221
31966
19697
21956
108680
36186
12025
1797
29264
7441
927690
26132
5220
61110
27052
62688
5838
16844
4156
442428
5948
11708
12064
16179
28771
3849
2778
25158
4403
29379
13891
17538
15193
46632
31034
38920
30096
176148
29929
7696
32162
6158
92504
30648
27294
15792
5598
10453
63158
17170
9574
4403
19756
88
10114
20995
30436
49890
183832
5412
34840
17787
54340
191884
3171
29375
230355
135144
50988
10283
215017
8189
269568
906
8752
24251
24868
49055
28200
13866
19368
32469
16037
8344
22165
21488
14115
38385
1549
11486
37784
43256
5580
3221
10076
19523
8867
2166
29545
3715
3121
149645
31176
57124
2786
51102
24348
23298
27738
58482
3006
14024
30472
18173
5032
6265
44395
3483
21626
113
29484
9450
21342
19493
1708
25129
27804
151550
13730
13521
18651
14451
74184
25031
9639
21630
17473
7107
63027
28164
56240
9471
25354
9445272
2157540
26148
24810
7085
131530
9841
23040
21182
28984
20780
37599
70632
6882
29773
37008
27607
21925
25704
5858
42308
176168
12763
23666
18105
2835
23353
172088
6685
2215
26869
5364
20096
7647
24146
16864
270
21463
1560440
1580
12858
20649
3388
114605
6093
23207
1307
25049
8940
30679
44968
45519
7124
52062
15423
3742
20621
51746
10186
9200
24484
5769
51266
162848
969
25285
46146
20142
21362
22184
15871
252856
14458
211783
2227
26644
18300
21044
27306
17606
1535
27167
9132
10747
40514
3278
27659
17044
32533
14312
23308
5338
33220
192486
30362
48474
57570
5533
67704
19787
41828
10851
4839
16473
543
27100
364320
14102
157998
13629
3859
24712
29542
22838
49700
31485
12063
78440
32938
6911
64334
31460
26574
29516
58550
686
5240
18380
31533
1312
11008
487680
28325
21562
29530
534633
18743
16142
24732
22249
9671
58250
287810
2199
47214
27556
15105
54406
31422
10827
19511
18980
27547
6981
9
30035
15992
2401
35752
25768
15032
17412
31040
27604
20773
12307
15472
36222
19166
323653
16237
16968
26643
15795
16800
29802
10898
13484
42844
44936
13013
12057
14024
7819
141762
19236
37350
49588
9450
848937
109164
19050
11252
20996
15744
213136
21512
18725
24386
7068
64836
96171
18650
9524
17817
24204
18004
64996
119840
241116
24360
36592
6262
26684
15137
95748
44570
248175
9967
190346
258970
1103200
26467
25253
825
80716
18008
29932
4725
11943
24808
14912
20082
6563
17816
12818
5218
24712
13860
26941
19250
32758
11274
24920
85851
26348
10329
23040
22331
19429
6038
73212
13839
29655
19398
7889
26847
1642470
69605
23150
10842
88953
92640
63990
123508
165645
25120
30060
13747
22290
27937
43612
101645
35392
1247
29020
31319
16482
24968
23551
97495
7224
55548
45166
16695
31436
11271
43210
62074
7114
24702
8513
14201
12256
309880
1851
29167
38766
96268
22039
31735
283824
7834
382780
98384
28899
6300
768239
31933
3540
24007
13376
6454
110145
96330
19668
9356
25062
59514
31154
17580
117318
563976
13227
22620
32262
32187
6437053
149100
11473
52248
48522
17620
18645
9619
180414
315276
96561
24808
22446
31698
27772
154260
70548
5555
6490
46556
2595
25064
417560
9344
60236
40714
41300
14222
30628
55220
64250
31546
4514
17857
14059
7636
21746
11299
28729
3110
25788
15201
32034
2887
218491
49596
64288
24529
31146
3324
23961
272349
7358
12065
9660
103565
136
78829
5980
23696
30502
1228
41722
8651
12566
28128
31165
31986
6748
888
19240
28779
3087
14246
65438
53252
21598
1901
78558
14286
12291
31950
126896
8445
18100
30224
27368
34364
16938
30927
21297
9514
49228
27147
8510
70532
52034
32109
56061
283108
13923
56421
8478
1144
17126
325
23162
10162
26732
8609
572544
30522
8030
23885
10764
10602
5095
21644
5087
21130
1233
25586
31456
28058
1183
11480
6136
24425
61908
1682
30930
52804
29696
15147
7952
11061
17594
19201
1540869
464738
22685
21478
26508
6204200
273112
13074
25007
21668
17836
7279
23688
13299
30128
551070
18721
20936
46350
14538
25827
28424
25665
26474
12211
7745
33878
17074
48960
53408
25094
101576
32084
41706
17082
10003
48394
22910
31732
59860
24718
25597
23802
171128
3597
10721
9792
3305
108724
58060
887656
13308
15159
3923
62258
23087
221598
22185
26550
32738
69937
17374
5744
3119
17823
2666
4794
45054
27139
5385
25648
24896
20674
13400
32458
13253
26549
11372
3065
20334
6202
3300
59166
7897
21037
3426
32751
17240
90912
30814
16
108408
15741
22636
15058
31826
16100
19419
22678
224030
17213
18722
19526
32402
32481
2894
475456
10985
13832
18349
82
16264
25217
37980
93000
17466
25851
19019
5859
11400
6659
176604
3424
31360
28475
62784
2888
48098
29916
81120
18501
38126
10093
59460
55148
15884
28100
629
21406
69753
1854
14198
16580
8771
104680
15111
17378
232726
26038
15144
1261
18199
29181
2580
14268
17373
3191
13710
33849
20325
12947
15641
29568
2483
22474
21794
15097
77583
17092
1896
1528782
12980
28047
142356
28358
28482
12829
31651
26239
168816
65030
53794
29830
14428
4208
43656
106290
9765
26987
17786
12459
25350
2384
379742
10495
8719
32700
20117955
5766
12263
3992
23484
15993
28760
65126
42300
433136
4891
6371
33360
29277
343972
4269
28956
1605636
72336
26898
16419
57870
26958
144846
8309
4231
7980
168648
7881
13817
21602
13803
26108
32172
106255
21486
10774
22194
15174
66342
68844
6840
3620
75660
17965
22898
12170
13071
1123
30276
308270
819206
2632
9776
51810
36526
10652
20030
96906
18999
5973
18764
38570
62528
72996
22624
77770
111630
44424
59668
19536
4436
250470
54144
65058
110020
174825
12726
24673
41001
53242
229075
43978
27592
36502
29607
9638
1216
156005
13292
28261
3514
17834
23807
7330
99239
126864
55098
13133
58486
12536
15109
151695
21057
28496
14292
20264
19294
7449
27204
1927368
164160
29955
16348
10102
187299
24261
15860
163614
62848
48010
46284
42066
30946
9481
27388
21204
34254
127348
77583
23338
16158
25286
17345
25941
32452
6693
55925
22996
8943
2095
16813
26413
43768
6284
73938
22133
26590
6298
18270
20298
4494
25235
8708
32722
29574
18044
64808
20030
25991007
11857
43128
12450
12958
6126
91941
8890
749
3697
2543
17680
5413
155358
68592
163692
102665
64272
13583
16444
61042
24443
8077
1247
13668
15970
181626
16824
16256
7836
110336
164454
23366
32748
86380
38426
2355
5136
51134
90924
57684
122655
86051
174504
53994
4756
8707
19984
29946
45717
9390
13857
5672
15336
26582
48152
22137
15178
49355
22067
27016
30208
10872
54742
19273
61650
20203
96334
23795
18093
29280
99360
18981
159402
24427
17051
17762
171710
26045
46062
648846
31018
62262
289125
29479
22826
18286
51462
26885
113432
26218
28570
5926369
26944
22195
31397
293282
42543
28077
86097
17991
12148
98095
15892
13890
9224
110397
14746
1304
32058
28362
26290
56512
18864
176169
20391
68776
17116
16654
30617
25921
9414
455101
227494
24225
26868
12393
31511
20795
19864
83667
56028
15079
312210
41545
12333
18857
27666
21515
92712
15400
7074
14888
2065
24003
96918
28994
23033
42410
136050
11204
118444
36550
2442
22184
16015
5923
29546
7059
281
28609
14720
8800
10792
29835
97864
13772
18733
34088
8464
4147
29572
700110
19682
4809
11499
4135
31686
7403
15817
15840
199450
27918
50716
8008
98133
25082
22119
21950
29722
8233
43782
24961
12039
2214
16996
28908
11911
26996
20202
25402
19474
17292
440550
16182
10020
90870
399698
29388
15238
16323
4208
25604
10869
13393
19254
237384
13717
77904
20823
5034
1212
27170
29996
393120
18310
20094
17592
29120
10183
5917
15165
29139
9523
9101
92705
19620
35990
101096
2194500
10643
19082
6210
23366
779259
18896
14382
283724
926380
251253
28763
21127
95352
22628
18807
4333
44768
31400
25725
24422
351296
8482
18367
30716
14486
92568
18863
25744
64743
4004
31225
4306
24420
18920
37310
7075
26854
23440
2259
10131
5796
31815
127634
5478
19880
97596
12831
3486
28445
31625
19458
18888
23461
29743
10323
13061
1469
9771
13162
6236
24807
56426
520
61512
1123
38720636
22546
359499
321530
635575
14717
10926
79675
19801
17454
45160
4608
26106
30758
2094
36886
954
28806
12084
28824
20102
5026
13865
11135
8755
16949
15400
16683
13462
25823
464550
10972
2680
544368
13905
4578
14501
4364
2130
26100
24157
7502
6852
6879
7549
9035
33376
29082
24970
19184
12034
8180
38205
24880
7816
20
59762
15241
7245
2002
2400
12405
10868
54195
24856
8221
182754
36492
12824
293403
9305
9720
318174
26932
86463
14838
13876
36732
35712
4558
51855
6577
23692
19675
29555
18280
15404
23989
14804
18653
62022
2962
26411
5827
5969
43128
31956
23012
23354
15462
40164
29884
5785
3890
7321
68948
15396
8730
5303
58100
18081
6419
50320
26277
16168
11392
15673
310910
28346
8856
8604
183804
1794
26405
29236
28097
20074
25903
23139
29730
7009
11258
276265
31436
10987
28748
10752
11051
7784
13262
29087
31799
11433
314960
3306
65121
21040
39232
3242
22598
13080
12534
57426
29392
56452
31041
19488
12133
4759
17149
4830
53916
17695
27329
27065
7073
24870
28029
28532
2140
14778
85400
22915
44
5296
34042
9859
4251
1274
3829
52596
53688
12327
28423
32148
790066
19258
25760
27771
31146
208944
16044
21340
6113
6426
447971
24806
28213
27940
204493
40816
11178
9328
19513
11515
42232
20368
53691
9771
10894
15071
6454
22250
21547
9911
18180
27624
12180
11844
4088
18486
3718
20876
59112
23797
16978
28351
33634
41622
11645
28022
24836
28800
5938
53700
3924
8352
2914
25120
258654
58830
17748
38508
87148
28905
26411
29260
120228
32490
15091
14188
9731
32234
21490
220210
1269
1217
3866
7505
41755
12363
14452
22980
13258
7101
59876
4158
7165
62500
145266
1335
15889
6154
11964
345
373932
343587
4821
18623
414
15348
1827
3049
5496
46
21477
94419
9404
13273
2225
9652
23713
9139
4623
9751
23431
201817
17750
27742
748
24270
32455
9646
24301
23665
70506
7326
142374
4767
27681
5096
19627
71440
62262
27445
4367
5530
293512
1833
13458
26452
7566
37218
25957
15625
24905
8076
4211
19654
21568
50256
6361
13959
248742
77079
53066
11078
13589
41148
245220
12677
11270
29086
644
58836
23508
6641
3968
22727
24386
30085
35274
12363
16468
45248
18769
164266
144760
32250
3782
32252
23846
9965
30332
18637
37938
16980
2790
73449
18621
17393
103632
30014
12157
39729
8544
4988
23365
55534
463944
28824
12956
1765103
9339
13268
18172
7853
25630
13280
12404
34737
5816
31146
783384
9016
339471
56430
422824
16236792
27022
294624
20823
4783
30041
157925
91767
49194
11126
2964
9628
11037
17360
30401
20573
26632
19313
44068
11389
30081
21890
39204
51544
19749
27777
10340
32144
15184
32648
21342
7450
10793
18733
18772
7004
58317
26415
13702
10495
12421
9984
21321
23474
4668
90810
10943
30334
26080
69147
76038
141820
93708
310
401
11702
12689
22618
205812
628
9612
25010
30936
3560
14887
143676
19077
22340
29451
48480
242550
9966
4835
7733
30388
11165
21036
28752
16093
1783
14651
2937
46719
57954
1837496
26789
51045
32139
50350
39396
19213
5628
3141
178968
13120
53010
6293
153384
577
3776652
65202
26006
37032
4199
10503
16026
5612
13984
27356
8664
29107
1983
49636
39655
11676
14791
30071
136235
21211
8398
6990
10008
132792
20914
3539
30590
11051
502
7755
7515
17578
23195
47204
37678
30708
17470
93160
15488
103460
15466
100216
38619
21978
17822
16240
22469
15982
29362
17174
17252
19029
14966
117216
11885
225925
20098
15502
27261
23859
22823
22561
162296
91693
30458
26862
7277
530
693854
31744
6156
11300
265770
154672
4304
20969
9758
11475
32017
3172
57324
358644
3465
10492
17904
38706
5298
943
32369
31544
33908
6639
6694
1774
17088
13532
12060
61896
13262
25643
13576
133
10263
931209
31983
27891
14322
49872
1866
804270
2190795
18581
26664
31961
149
28909
25872
68976
13853
23987
30882
12010
42570
1527
25011
8075
17687
35238
10105
21358
10612
4012
18411
110880
12011
9905
11013
6687
613
20511
20827
20547
15883
71805
1402
30637
6210
29498
36610
6655
29416
11120
20218
46712
18127
6628
16126
19152
10106
29226
26760
13282
23318
10924
70520
30937
17083
20051
9099
53892
3811
17271
18745
20698
349646
119889
31056
20888
31146
766
53470
6552
12106
220402
42252
1562
12567
8781
62620
702135
16162
49136
24257
37682
27244
24132
18310
27735
2493
22099
380856
19825
32838
25134
18743
4611
27562
10620
35364
29681
92436
23504
19099
19570
85484
84831
9782
1501
31485
16330
26487
178
25927
17750
23198
28630
15662
2102
25134
37260
11818
27336
11722
3266
15580
45560
21324
30685
26563
13076
29298
15378
3129
3400
188139
23143
116274
184104
27398
18872
27960
26355
13973
24831
30498
447920
8488
5680
32020
50228
10256
7384
24123
135814
5746
26901
57232
62240
3440
61860
20397
19425
18455
31569
23446
31487
25228
8013
4180
11648
20453
17122
5250
24673
11388
32595
43986
14111
25720
28607
6102
93339
3595
26182
38988
19826
152850
28167
1950
26009
33594
53110
1696
6327504
96604
30471
27734
189536
438158
55025
32024
25545
10450
11762
33572
18604
8811
4366
105304
5562
28850
17394
16172
24628
9519
30604
307138
22487
393276
3487
30486
56470
24008
19313
266868
360
77753
26763
12208
15751
11816
33436
8885
4768
67407
28857
2336
4202
6931
47846
9792
8330
30664
1567
26830
15205
84404
6368
15983
26385
36065
17490
59856
112880
237408
24265
641
90393
1442
32055
24471
32136
17404
23066
30009
27582
67740
1052
17380
31797
25648
4847
18430
16855
29401
7583
20084
9475
12989
23577
45489
43095
22248
16379
31692
5126
14846
4254
8671
261272
32372
199017
17622
61560
12273
34012
29916
25253
7368
30323
3734
9380
1463
29138
30378
22920
23868
104228
84357
114498
1815
7232
52614
4783954
30675
28527
95330
25153
7659
967
194722
48056
16327
9608
5904
15614
11756
121340
9687
21594
12136
56904
18926
30287
11170
121816
5211
13538
19147
11767
2221
23957
40275
5021
1854
14000
13414
493769
25514
12163
676161
3867
790097
22218
18734
8082
8581
16198
203115
84312
8384
23104
28957
90147
54560
12751
9705
170376
6729
23465
84339
309099
46960
25530
17350
134024
26340
16944
9754
535500
3604
9830
25476
15731
30800
44890
28806
5705
10627
60942
24531
565656
16560
147375
23086
50512
26993
165474
26756
54968
1452
2120
27718
16314
8898
13969
25100
46731
21485
27389
38094
1789
21616
71172
108830
39758
674
61340
21528
24287
232320
45420
28079
5567
18176
62109
23060
28739
25355
6488
2922
22607
22460
56273
92432
138240
942025
946
24635
20792
8337
66633
2832
74025
1399
24429
8270
12943
1470
7701
15264
24235
9462
2646
16752
29213
14214
145345
17478
259290
30763
20792
19091
79011
22212
146751
16974
23977
13551
19637
52528
13964
8968
30942
10580
16675
106232
34245
85340
4866
6801
29440
88878
28422
15324
53318
25103
18398
21752
26436
20542
10711
47892
37874
1528
6124
18627
28034
32536
61518
145644
26419
29751
54620
27412
1094
10640
27027
13922
175230
8214
94530
5936
26534
1235
23880
5929
29111
31364
11992
15385
22557
26052
22145
9114
23431
16785
16524
32298
8555
27508
21123
8825
31939
245630
16108
13903
28949
20207
3596
50830
173082
23686
26093
16375
861
1379
27337
29335
31402
22982
323532
25760
32303
24075
9439
16353
31984
5896669
26824
18206
20154
9941
22629
15160
14070
89572
30072
5805
10036
30271
22245
26261
798
5352
75404
11470
22660
28642
19681
279062
108980
29389
15243
16423
10130
53322
28308
31305
32614
512976
3658
14552
20860
20344
10505
38358
25467
220617
22103
7942
9313
59886
24696
5557
88076
24742
3367
12728
6891
17804
11495
667848
32009
47396
17809
32521
13918
340592
18484
32720
32489
29312
24996
27790
6048
123929
10183
13330
22436
17284
114919
72165
11499
32676
45393
7120
30537
10145
14845
46212
2415
49428
20584
22225
16807
42010
28642
30066
8364
59386
210833
22829
29079
27991
1035099
32633
778
21975
33771
568
71889
54504
31216
2704474
9091
391552
27431
9117
1415
20095
7904
214284
31013
20388
41026
22511
7170
12853
23882
42804
57638
28368
10824
723214
24586
20857
45694
4818
233020
3599
1230
21343
36062
10960
398223
21374
7232
12354
26868
7124
354300
12004
8278
17696
21287
156860
10755
130836
948
39
20914
79588
34902
4318
13399
32328
9945
369578
9008
19407
15955
13836
26133
28087
2021
30670
188160
23215
48558
13132
8410
734500
1867
821043
13192
101718
26300
20412
12085
26145
17492
25199
23777
7175
19853
22490
62548
5480101
60730
79045
78603
21418
31891
27158
7518
1498
6037
377862
9713
128420
297104
5399
58978
55488
23554
30757
17374
8336
20076
8617
138082
44274
321230
18656
2058
31420
63600
55158
22042
65208
42970
27094
30610
89704
86210
3973
17464
49545
48456
65080
33934
4135
2117
3176
13392
90735
24593
10481
47
4262
19392
19868
51658
30920
8896
27132
32264
10768
23576
63
5759
57357
17955
3542
24498
2262
4939
11762
15284
23140
14346
24832
52113
21632
25223
3790
11408
21300
44064
17994
19285
147330
21503
31136
19475
31242
665175
10002
8616
28220
59406
1176
32176
25680
28049
122386
46886
7320
15070
95012
54684
66228
8180
1029560
25733
4748
20327
11691
6217
17989
21656
28200
15398
53871
9697
12596
77760
18916
18440
12708
974
150404
4644213
30892
84515
6784
66882
4474
23563
19479
11864
117516
155952
100795
8444
470577
37096
14310
23291
14632
10195
154224
53952
8004
7547
90789
63806
26162
8660
1059
8604
12203
27982
23032
29833
29424
7092
22746
10375
13582
12184
43286
3488
4503
2796
19879
7400
292032
56566
173204
9565
113396
32646
19789
27040
623300
56408
12122
19792
146496
390420
4175955
29922
8224
13312
7672
15515
89980
163210
86688
8052
45274
12835
549144
8934
9342
24223
16724
320320
24009
20343
22449
75756
28644
28530
30058
20816
23902
49698
13511
25380
2845
2320
13976
30886
9722
31163
48832
18717
97230
42332
17385
155590
30607
28018
31026
25694
25007
3381
68742
4520
25267
16104
35378
4584781
16914
23749
28926
102308
129303
23810
19893
10712
7009
45616
378990
537
2098
12376
52908
803010
24219
22640
28393
18004
51636
30906
9173
28024
17269
27141
19942
31883
1271
31399
3098
27203
40324
28418
1761
70662
83016
63916
17755
69141
38982
31879
39834
82760
12735
5551
16968
6062
42670
13031
3678
5479
39422
354179
17485
10202
16593
371160
12058
7168
16780
328196
14531
202
50900
25288
89180
18484
3904
3942
821370
82110
29660
59754
9468
30825
12698
27440
31394
8766
7240
63140
7938
24413
12092
1680
11219
8859
8036
16311
20676
35040
117592
696399
32628
8854
12674
16606
87
2838
23440
24104
4532
79
19715
42222
6019
49390
30070
20459
8212
125872
23782
19786
24972
433200
25885
125103
12189
211
50556
9032
1195678
17154
12683
112800
1496
398400
20099
7721
25944
23360
12032
19482
4310
30465
30225
11437
21044
17555
36964
22655
38133
32663
7336
97653
23219
27223
391650
205002
20936
3517803
2668
2676
29005
33660
4837
43804
78072
31839
26570
48510
11476
17226
5902
42875
17296
11428
6624312
13095
8569
107176
26797
91530
96516
7866
36366
46722
21297
16523
24402
363024
29921
45074
30314
3219
24885
50904
27248
19066
23962
8331
16159
59440
33540
8653
23672
13242
6996
37180
9665
14210
3160
19800
10094
13986
5658
51692
11131
8175
44922
15363
4164
29154
29898
31543
3472
13564
8953
13733
161502
17092
581360
30999
12713
31922
42034
10592
7100
18816
35170
14278
23890
11216
14703
6445
9045
13424
19818
74328
32122
32651
29214
31063
47302
30121
3545
22077
64492
776
26705
13312
25596
26692
168512
285516
12541
122785
62457
24731
1881
16239
790119
18496
18090
36715
30956
20850
17241
87756
31849
29466
21631
41495
3039
26912
21502
32527
31692
28722
27870
54304
119676
17941
21484
6354
64976
5969
36128
3336
30183
8727
27631
9410
16087
44895
29761
14186
55882
63909
4723
1993
64120
13106
11264
22200
10469
184212
69924
17412
13381
25646
7873
20841
6302
17277
21998
26181
8227
2722
24541
150440
29978
14550
32628
17297
44974
24542
23694
190010
79263
22350
48849
1697
97363
2755
25462
858
34443
162270
31109
6852
8211
49810
30766
26150
15106
28623
132012
17250
27928
187350
20058
25218
120305
21039
21408
16051
21312
6884
46100
15764
2652
2247
15248
20130
35682
40856
15960
22040
30835
14627
23395
22527
25062
10908
20823
12600
20442
31907
43026
18044
205315
7533
18303
21640
25328
13304
16172
27906
916
20553
11053
65084
62630
3766
9203
29605
21916
19634
25631
35280
12395
107188
20635
21685
29430
5950
20218
48560
47550
57124
1549
104734
8561
16663
25797
4063
32992
7785
2896
343020
3978
18812
29294
21833
23673
27914
55846
15746
58526
20287
24642
3548
47211
27043
19752
26714
20602
4679
2423
49626
89656
26265
16901
15853
3676
17678
9124
154710
114920
24078
143896
34052
9506
11810
13893
22047
9106
10077
14369
41024
11264
6566
8762
30498
78164
131222
26880
246532
31660
6864
29326
13325
38040
16926
62360
17286
25058
15060
26003
26591
314910
22280
23038
7011
103296
18259
24875
101790
30794
5447
53288
330005
5865
43000
96378
342615
159168
2935044
49206
27603
31172
69568
31457
30608
2596
20715
27561
5396
29243
21060
28683
21104
92385
23234
21624
2769
38716
87672
67168
21492
20658
25183
997
21155
19264
9406
10631
22106
30296
3839
9444
21168
42992
54012
20158
32156
8745
9267
26438
12400
13118
32690
27779
64132
10609
24128
53076
27554
25750
40600
2563
23190
9345
3645
13963
22026
25919
30945
16845
17437
16111
13206
3063
6444
12034
20650
38916
4382
2226
51994
27828
164610
27788
21966
26740
31145
4232
22778
27019
19631
16127
21787
20709
428142
24290
194383
20223
50234
1309
12090
17863
121065
820832
63780
593275
9256
21911
56214
8992
54194
16087
4754
95152
81850
10857
12640
43692
44525
23592
46778
21524
28880
56354
11113
4277
4067
86955
9387
49323
119502
20242
15530
6382
18458
26334
91038
26765
79212
36296
26680
6292
14424
1328
31961
15589
13256
188912
24909
2208
14581
84301
16588
17724
20189
2307
81644
10220
29507
11665
400148
8496
4026
27477
37954
1394
17676
5966
2136
6018
221816
6731
3765
2603
49120
1116
37876
13720
28875
69110
22819
15306
54886
1489696
1947
32509
4526
11023
1616
22785
23786
27697
25940
11485
28745
4704
13848
11937
21931
23365
85820
96417
3195
44720
55474
55482
28664
7517
29581
20468
30932
38792
17124
3149
31666
131642
20067
105776
12340
29548
6857
19053
24112
30929
148950
16951
10951
101970
2729
22586
615
17636
29772
211510
11398
63398
8252
12098
6054
15291
18219
37398
443
15424
29131
569682
21120
21726
5937
129146
29946
1362
65386
1704
31853
25385
7413
25655
6990
95361
26092
28326
3983
29157
16421
29367
32754
11506
191408
18544
13720
24056
26219
81198
90120
5362
3567
1139080
13182
17802
31292
3962
199185
6123
156468
127140
12537
32497
51646
118432
374
156339
31223
19892
16936220
15532
53220
24011
10133
5103
27424
8002
6208
19489
18149
12036
58118
4668
42704
62210
28592
4479
148572
20296
374
9882
14798
32105
80772
25569
45216
17955
114365
23279189
3300
3642
22662
198108
28748
14290
1847460
24065
9297
8334
22286
22474
38550
30174
18451
27438
56244
27951
65234
18694
18709
15750
23234
4203
17708
16607
3258
224656
27359
20424
30733
6569
92769
13117
15621
54344
12746
18629
62916
15455
92259
13516
28665
4015
17897
64780
32482
614688
11963
13941
4420
27351
22175
29740
24034
30885
13065
49672
24037
30772
25636
60086
32107
11318
22404
23720
21329
7373
22789
95697
27708
51334
27049
62142
29933
120356
29602
24656
265486
54195
8388
484
24983
14762
32688
37779
8621
23040
44034
189048
58480
13011
24503
9078
15691
75894
10211
53488
20929
23654
26260
25421
15662
19060
8192
33795
15805
60714
492
4488
10392
4944
29827
31449
25134
15416
12002
22157
28924
19050
34622
5433
21850
31123
19761
6155
178871
2486
2511
43700
25262
7317
12047
87486
4752
31098
17082
21479
16831
9720
11496
41138
88440
5164
18958
26906
29447
47013
53448
108772
38222
51188
6724
21050
25590
603516
57426
13745
16369
57904
26625
29258
27984
75852
69930
15651
17722
25917
15228
18912
27724
18429
29900
128588
11621
16163
21888
51110
28885
19296
56334
227080
299592
56410
4330
15817
2634
624404
24631
1982
11878
27954
5166
16626
10591
93942
26410
1079
25092
4689387
84804
66537
7356
18135
2686
20016
29216
10861
24302
15654
29553
14700
30506
20672
7280
664
10960
314472
50008
14133
6876
21800
11966
110375
46024
12548
30675
29656
9210
9735
10693
296738
17237
20073
9830
61562
24107
6949
3081
57476
17010
725
5202
15394
587575
14433
11390
239368
14521
15987
11743104
6982
32229
2279
6351
230478
7995
25811
2595
7567
27692
52502
4439
91980
10405
18644
20644
120728
22890
24941
6184
11994
28707
24079
11954
21513
784
82482
7625
15387
196744
7293
59127
4598
44464
12788
30833
25593
482800
7126
302055
3957
5655
11706
16784
17516
12364
24861
88880
15128
74020
50679
837
2157
27674
25017
72150
62484
118736
27688
27598
11134
68988
30190
33911136
23295
30512
839
3454
19743
19036
653310
10171
2624
4244
1933
29805
5208
121510
28922
26679
34608
4352
464
30120
9012
20077
9036
32364
29390
1704
58898
5489
6721
19564
28846
169
31256
72280
42926
19405
11284
5626
1370
27570
9556
17957
18422
9049
66308
76924
9339
20602
27480
35084
2524
18272
10597
17206
7232
24694
25867
17469
514
10046
25502
3325
5909
19194
14073
21666
70533
23349
27919
52620
10955
25829
58068
11107
44538
10906
9952
16376
36927
11830
150898
3582
26393
1278
18746
5402
32292
18537
76135
2889
16139
5200
105264
47398
15786
6000
7514
1261
656
42217
74
25004
14672
20910
78666
4552
43974
29094
10219
21936
11331
1401
32348
31489
19072
60676
27090
30856
3624
28317
9429
3686
29723
8714
3590
10996
30350
21390
31987
7708
85325
4275
23036
25796
25698
51398
10443
31555
1179
101436
10524
21504
5498
34845
16822
27942
2313
8312
17752
30017
28174
32618
15219
86192
3883
17070
11131
13624
28728
83001
27004
64826
35774
2681
29278
75372
17273
17245
105332
29461
23336
245540
5033
27998
19509
6464
30044
6661
7083
12292
78564
31952
21299
6952
80835
14130
8754
23035
1185301
19575
31298
13683
15022
13106
41517
191568
35660
49100
21004
2292
53871
13556
40
5210
65124
1928
5354
12404
21255
763686
16062
159270
87006
16022
33078
22062
34364
287397
25385
17859
25630
21962
21440
19443
3135
24678
25989
4938
129102
30754
28564
34560
25435
22903
31636
10290
23996
125958
12322
20051
67911
7763
21788
32029
42284
408
54627
14549
93507
25438
45084
10464
333982
19016
11178
34578
47544
7072
3984
11781
8651
113830
73368
60082
31964
19767
31075
12434
9137
30727
25124
16949
18247
2530
43335
923644
42111
22891
23768
16245
38122
1460
31429
23080
1094
14089
180256
31210
29538
5897
80832
24770
550095
17508
18785
5334
7794
41364
37660
10992
8162
28691
25496
81348
9550
105468
3731
23693
26686
60028
10192
138852
69417
30635
58038
1054356
22092
31308
40234
32085
5219
11175
12435
29529
8237
4251
14486
3152
18882
30922
49176
2350
20361
39204
28903
46464
46248
14101
18493
27778
13579
13407
32322
112640
26760
14299
21952
3384
55236
4534
31935
51990
117726
20292
6354
49986
55938
10156
21984
59516
219296
11727
130308
32382
13277
29560
17033
1882
26364
2506
8145
26784
1455081
16734
27298
21146
19868
6362
4589
13176
18498
32209
50634
124315
3038
1213912
1272
70236
38817
1966
56034
201789
14088
11376
76713
1618315
42028
13062
209594
31927
23964
15969
2630
21944
28079
233
79536
21646
17594
116942
26546
4576
29346
24208
77035
46
1480
30170
31739
17576
2117
17081
29969
60472
26471
1349
27948
156175
26330
6460
4426
8399
13184
10867
8341
3442
5098
12930
4534
13362
51586
11178
28029
95745
30268
9481
80982
21284
12826
9218
83608
27180
5450
32486
15465
1273
10815
36990
29865
25252
51760
18236
225918
31481
24363
122460
16234
78858
17660
20424
17465
19390
17202
445455
5328
690
50318
22103
177456
7001
19595
1990240
23161
246960
46026
30283
101361
19340
8390
11243
8785
24264
30800
353132
75432
1678
24740
299046
26783
7272
6530
7379
22189
20972
92144
21723
18326
26317
18938
2959
97005
3621
21717
22532
5982
3840
6716
30466
32430
27691
38756
4558847
16925
7998
1178
25843
276330
13030
2221
32631
74
6103608
43634
29116
78170
21683
12449
22954
57752
57036
122857
87393
10065
21727
3759
542
30748
11307
29666
25379
112260
32047
57210
13956
17412
17291
14480
11994
182992
25433
17860
25284
8030
159687
16348
15002
218290
16010
3135
31022
5272
22686
139825
37956
11193
3296
1395
1154
110971
14321
9758
12485
15237
2288
5534
18246
15359
20617
1043983
21224
6520
28479
21438
12991
25541
56816
18337
61194
6234
15198
12064
22656
7769
57354
76212
27053
65262
18304
62438
32560
53490
20008
10235
27136
42534
3525
2573
31181
25094
130104
30996
28725
57948
8688
12990
20775
28038
8473
48516
15510
26944
78636
16715
15714
24483
30943
18884
14722
23046
2583
1741
28534
32086
32082
8927226
149500
24238
64526
24002
10928
4624
15347
1194
14809
25877
15043
16642
11825
134968
14576
31605
12772
11630
21989
15400
56536
4929
14853
129115
14012
8919
19965
31767
7850
26490
3403
10160
55850
27548
32798
25972
45832
77908
10256
51780
60890
29624
977235
3229408
16245
13252
21589
24528
4999
11869
3951
97437
4773
206176
11855
2383
29296
26320
138
29066
11365
11743
145800
18281
11321
5098
11827
14813
22980
106608
6205
6311
1296
31702
24626
5286
20108
21103
17695
25836
50784
13064
19907
17448
29530
57528
1173
31110
9072
5425
2367
17116
6268
210
22614
25985
2249
6267
5835
42783
94392
4595
27290
1064
96970
26087
36474
16305
30989
27781
4392
79048
28718
276
45678
2747
30829
17267
8110
5535
1272512
75765
98991
4038
1485
29514
24687
9840
12139
18168
107863
32690
5560
41846
330260
16476
21940
32354
81636
17686
12432
3357
146270
