9594
20271
24174
27337
29496
10755
35472
9336
2955
30825
274230
78474
55401
2526
48608
114360
2116
20468
243820
1483
7920
24531
25667
19586
951950
7224426
77730
20309
62872
58426
12891
64443
64936
6552
1305
21218
13092
160920
6902
78324
42124
24716
12510
8816
34440
1452
47196
10879
4909
5764
3117
274536
26001
21234
80950
7756
2873
17078
17087
13295
5410
29000
7460
81294
22930
4445
37308
1080156
30881
11734
844
1803
4212
5944
31182
26241
16258
6468
5805
267388
17026
9483
6350
7674
5992
328757
3733
2074
24690
22070
13208
27728
29544
28053
7714
11923
1652
45776
4832
31742
11422
27927
11722
20120
62890
17317
31560
67264
2550200
32208
25814
13320
5625
13249
212025
32288
259
16342
2208
20256
82089
3678
11744
9531
474
16786
16765
31186
10669
78213
7991
27633
457296
25700
27154
23452
17036
4363
61745
9198
36922
111768
91540
29873
17770
32478
23300
50304
31931
5539
16752
18337
65224
6581
6494
66711
34846
33860
10341
29603
293689
15101
15868
13341
26965
14303
1952
9232
24613
11939
19896
9786
3260
13916
25762
8142
15532
18074
21959
23253
45518
275782
16564
26158
9932
32346
32314
6258
6477
76743
6362
37105
18471
11869
63954
26104
30394
31958
26663
16876
18579
20387
15296
67796
7346
31019
27860
12614
14128
20269
7708
27478
22497
12414
3949
45186
7669
58120
73996
13937
24145
31236
19538
6873
793
17969
89268
30461
31966
17359
419385
29479
4780
11076
112424
121176
16727
19419
4774
35770
13830
24784
4406
315480
61435
38140
6898
110840
21941
11371
16184
24915
18703
22040
2147
3328800
1785
3248
87848
16546
48224
4995
359
6585
4754
95805
7823
28482
14339
15984
9914
58648
5070
18361
11099
44028
2971
9384
3955
62571
29413
27719
40488
46652
16383
30183
26279
47082
30111
4114
28468
1728
939
13992
25423
167849
66444
842
9544
5356
12813
64770
12947
33356049
288720
43076
49620
11029
2315
94684
31712
17024
20061
29264
28128
95418
11898
87884
43370
14924
9443
50462
22403
22446
1446
30702
9608
5672
11119
543
2829
28754
43422
2741
4032
108716
15563
23105
22016
7154
15016
22944
11028
15178
29940
958
18915
28663
29656
1939
10316
11960
7836
6751
22223
58383
115176
30249
11945
31324
374907
16500
27892
624855
14751
21827
32474
47682
205552
12880
253620
30241
19858
194352
26328
26065936
10116
54162
56842
787
280016
24798
44979
54088
8355
20922
18737
18140
17535
31732
117328
23759
11144
2435
31767
9795
28118
220624
111495
10049
25935
14470
24266
177463
18376
997
22130
26634
23267
145485
8558
29033
474228
157990
38058
38338
7376
19888
7872
5548
30221
41032
21507
30624
81108
11395
64282
3208
29388
18897
9275
59124
19200
19738
87600
10270
3067
26225
47586
18415
28628
194586
28727
17267
42340
27124
448160
29544
14587
2240516
23445
54232
84084
6457
24941
18328
28424
31915
19055
7598
15833
12096
19920
4492
7195
21574
18040
108660
21947
79014
36312
1912
21075
24466
32375
26022
31254
24180
23455
10288
20219
226272
48688
45610
1828
12835
12350
87416
23776
20789
347412
23066
57680
16254
3956
32146
46821
41667
1094574
19662
31584
2546
27126
66516
22848
5240
839
10364
19966
20454
1507
63126
27818
17141
65244
23711
4956
6535
690
8926
7675
9576
3796
27042
16278
76050
30911
144802
24540
24387
19917
31573
109452
93480
7094
2388
55996
460260
18878
32986
10214
16566
28442
64716
21470
20448
317310
20993
22141
29752
65400
22045
41574
92388
14606
22042
47315
13519
83925
21614
62082
16260
12561
12273
183888
15766
17334
12078
13032
45450
25064
71616
19223
28514
9434
48006
31344
18565
25980
31412
2271
34104
16855
3683
37564
3401
8710
76510
11727
21708
9382
19654
12168
19260
150430
15410
16156
56330
75340
150360
18283
86580
78855
13694
4075
233830
6711
17729
2616
10958
8211
222537
44468
9662
40758
14761
3413
11143
23656
19015
9964
52598
10867
8051
12180
31395
20382
23877
34696
6845
30604
46402
22553
31352
16894
28559
27066
8796
143997
11737
24846
28258
32383
24555
24773
6714
1852
81330
22512
63736
22098
26885
836
14070
48270
11573
27049
37858
32357
53724
57407
160855
1344
26286
24662
118086
3586
14490
114436
13246
8124
40329
85940
20856
47443
9918
75490
13712
3194
43558
6151
13479
18486
3707
39120
29513
29624
37904
26825
29372
25342
158308
176085
13191
31045
24306
10492
22574
16165
14615
28073
29451
1316
6710
24386
5706
31544
479304
28111
26144
55694
65397
86355
3528
22482
5406
1664783
26969
29281
23001
27922
19747
26920
18326
3273
7433
103668
125944
12001
10227
18816
64254
17017
4299
1540
17387
36002
783
30132
4945
30109
32506
31515
79953
14343
37650
22706
15209
8453
520800
13783
682720
2653
6892
616076
1413
5621
24298
18320
26079
8927
27081
289700
30282
2514
9582
32759
30004
88938
25087
19557
11968
17084
33834
25104
171682
31138
566
55256
73360
102762
26528
112336
31348
4356
21840
30354
104256
53306
25056
14606
25619
27084
64216
13371
30703
100864
34064
46144
11066
37666
1690
24420
14278
14723
122964
33012
29314
59440
24356
18074
21713
13717
839
7567
82130
127160
37204
31744
45024
474734
1607856
145
10425
7296
3408
24780
60316
4200
23528
31526
157842
47844
78720
17808
8122
25752
38223
2107
13258
6721
10424
12756
14559
94092
69813
14848
30405
38258
26618
20160
24250
21700
34744
162505
7766
4010
69741
2548
93860
10931
9909
56205
25134
31048
19969
7850
31869
31085
27607
16545
13319
4855
29918
2736
7796
14081
8758
12096
9534
8827
31930
35218
9102
2034
3429
112650
30293
11426
12395
22219
23214
17593
51078
31417
13939
20676
11213
28449
10013
20287
32004
139320
29409
14608
7998
16968
43029
115496
20718
10002
30349
1893
35972
15444
20475
13694
29429
23842
13072
16318
7005
33372
14556
26065
46630
21403
16658
29750
10972
17477
179472
26650
182
24838
22740
7013
14095
23987
57480
16392
53412
20682
14761
13957
63180
18455
26682
3006
10786
8869
12262
21508
183728
47056
26976
7164
3615
26702
361
27390
46488
25134
20544
55468
106935
14900
46390
63900
20360
30218
53019
1668
42042
26930
24970
15997
10691
41607
13164
23062
10933
13605
1384
8472
31262
18013
28156
15668
47136
28150
48148
77136
6564
8437
5554
30794
6742
215556
133380
107695
130956
202104
4456
11114
29366
68870
1321
60066
22127
26795
5471
171094
14693
450150
2565
11105
7262
14561
15036
2299
3725
9887
73263
19559
22988
27825
9988
14496
60520
20355
12500
19516
50862
52146
17318
131862
15422
26295
1051178
19849
70092
21931
1391
7724
121500
6010
41836
6189
12500
128104
17429
8143
27486
22459
1203042
1720
23576
35574
8623
23742
24721
29907
203
34784
12856
21377
1140
5095
32652
88641
20352
158242
24468
1860
9768
30384
53250
18686
5234
1920
158970
30328
25218
11886
395
20192
20560
64462
4798
32466
1835
12781
62180
62514
21804
19992
17514
27253
269136
27372
3334
8431
22568
15965
8317
63486
12741
33504
25948
61888
35478
78489
175848
5051
21112
29743
85500
35064
30080
7116
29688
661
15599
10500
14453
12731
7241
12684
6386
10188
128690
21568
122584
30305
8301
910
10389
17570
14586
18090
156646
17718
7918
21790
31651
23916
80556
9323
180726
27051
29553
64638
93684
19223
3188
16365
5202
10884
106240
80748
21891
7327
51546
15675
18090
4953
29512
24505
13332
18583
256440
14375
5146560
18040
2717
10521
138180
11942
3302
1023126
24939
19583
97500
213409
8964
53770
9010
11630
55107
421
56138
27432
45730
168984
28641
1844
111012
27504
16305
48159
819
778
148421
14446
298260
11294
14648
109552
72873
303340
17484
21940
30264
29630
6400
3117
28999
16505
4767
6417
41716
62316
18419
17440
174824
348496
141968
13468
10647
53943
81939
32950
23080
95764
2150
26241
163700
77696
5814
22430
26159
28700
20026
368
18932
20736
26254
61108
27389
18826
266942
48516
29749
10576
13472
24883
26784
7914
7947
1923
7991
129736
95053
14467
3600
24238
110968
61812
2405
56302
26144
24536
14448
8007
52130
55824
13159
10715
12437
9843
13498
4177
13677
20503
13994
31497
5541
71464
6332
11417
102347
17545
20704
18010
28652
12037
17528
41616
113964
13022
32636
52724
16957
51850
15926
6323
5343
4050
11064
6121
25614
15187
3489
13541
32701
172296
25490
314388
57842
57722
28350
29500
27090
28653
10824
55286
18491
49010
29762
15579
20827
26361
80772
24449
7222
24084
3425
8696
11456
65397
161546
4482
4593
3025
4320768
27486
41274
14274
2467
21310
201740
5348
20576
31723
18405
12041
23337
24689
24815
14966
206368
528
5457
118464
10317
258492
31206
559556
80836
155305
2540
14526
41936
31736
28469
8644
3251
95103
11654
13104
31638
21225
25200
32110
25176
25532
542502
6963
44658
243112
514
25365
56424
15566
3467
35800
118
5501
52545
1995
19486
1506
27865
14545
213416
98805
21714
30218
18672
16992
32751
101180
41032
1134684
14466
12378
107107
23497
72933
33672
22066
17024
39744
12655
389928
42588
5505
1599772
4118
18466
30358
78244
21024
34154
31234
29143
14023
8184
16322
18796
21472
12058
5457
30190
25091
23304
4490
124155
27306
10537
6698
18472
21451
148050
80104
25266
16579
48597
27820
37350
859000
231930
30426
7146
12847
16104
29626
711
41982
118692
20730
58786
41942
35888
7971
9215
40922
724532
6750
272781
8850
9461
25035
14203
4028
21897
56880
8878
60144
31112
13956
26924
3223
28510
7912
19691
16772
15140
12742
6906
28462
23197
19829
30548
52786
24156
13022
62594
63792
21640
9144
19470
128359
15428
21587
25936
3517
631
16976
31045
32173
51720
62720
3025293
32210
25032
20734
28739
22869
5580
26507
24008
57994
14763
7721
12788
10086
52874
75752
3603
22644
5284
100285
5708
4710
57436
29753
2796
5510
2572
404814
23797
60484
30425
9241
5068
13200
22414
9640
19148
22235
29357
277416
25224
29207
420552
40988
101762
4557
23971
16878
9166
28950
31289
26132
21756
85740
65889
132990
31143
13007
20446
6745
10647
4467036
3783
711
50414
61068
24984
5342
65556
6991
4941
2467
26920
10181
6966
5149
84756
315469
22183
23603
29642
21080
100114
7106
15686
15515
215992
44550
30425
68240
2951
2256
28419
141330
5580
18945
71388
46468
51058
29998
15564
3047
27332
116748
63942
17415
3299
16206
1045488
2097
14952
127488
10847
9532
21547
60660
31124
78705
28288
45480
15322
12481
18590
56288
28945
63068
23887
22075
40590
822416
216559
44438
50152
9146
516
89007
12779
46527
21835
19096
960
6645
1278
29070
53194
8314
32043
21801
90747
11220
61155
5861
815670
543354
26300
18156
10136
15687
3097
42996
17685
6124
30334
19827
22956
6760
28313
21442
57244
19239
32260
21236
7173950
195072
18050
25492
16563
64296
52798
56208
825
31710
16162
27308
36176
13652
6520
24558
15986
9239
12636
29098
70203
105512
63638
9863
27852
11646
77682
29732
16526
84066
25768
6489
40402
16211
62797
26059
109550
16100
19145
6735
86550
170082
5544
11938
17189
14821
26730
21749
5493
454035
31537
11718
25866
66360
31158
3582
24748
31772
19926
13132
6968
25912
15055
704
5682
64500
148183
11690
45844
90880
61352
45418
3630
3302
16498
8510
29905
153998
120740
7418
16506
15346
11183
12231
293891
18928
174
42914
12936
121338
2815
12264
2876
14374
1551
6176
47478
27544
8589
21675
1603
13142
293085
211046
28098
16467
49452
51698
45576
31280
7505
21236
1881
734
6382
3216
8081
27432
19362
27639
12041
54666
414258
1120
18419
12281
16388
1650
38346
13569
28598
22595
20298
279054
2826
28158
16996
76278
66324
75
24853
18777
13942
13788
52178
22250
11526
11948
6440
83132
487914
28265
12400
29313
156745
53842
31925
46288
138870
7854
5849088
39842
50448
6636
5639
103782
37004
1748
34990
62002
26961
95916
29278
2939
21041
31227
3076
61911
26128
16341
5996
55670
4910
5919
5383
24610
6151
31422
18650
2346
19039
87852
12320
22132
28239
48700
7618
28719
51970
18536
2319
2274
30744
96725
26165
29773
21585
12884
23936
1726
22051
13336
24757
29318
8008
17936
9805
77920
31816
14741
16314
20985
12793
17602
238
10530
17136
124896
32559
60072
8818
11700
13081
122432
18586
31863
2547
221354
5067
64424
29238
5511
9048
11973
12122
23366
6001
65128
454
5619
25169
5196
267960
3724
5797
269828
80102
9236
24382
32251
113292
39976
3066
392887
14952
18262
24559
1746
15840
71328
3289
161518
45040
7471
1990
20939
12725
76575
8959
81804
3490
31892
6456
13546
64548
284472
60406
100464
20596
42496
1874
399006
10482
14716
140696
24402
23499
6258
22320
77655
23172
6162
11998
730198
18608
33756
6719818
24108
2588
3209
40210
21496
188825
1529
3144
26201
12841
7645
8596
151595
14028
8095
4930
12443
6672
22763
17204
17301
3610
10351
23411
30158
26118
28884
30065
27150
63628
22518
101044
31793
161600
13560
31399
11143
25845
19291
13324
12010
9572
30732
16135
7416
7505
57682
28456
177910
133955
5234
21013
63198
31788
4741
82117
63162
72813
28382
12330
2844
506352
1936
12631
22355
16032
17103
23538
2644
8034
27123
26140
1580
28690
1129804
55239
61046
1500
2775
6940
12988
11183
55126
4079
27865
2486
30188
9061
57880
22071
72120
2696
2754
35168
2504
54990
130088
15118
274554
125956
6361
776
759
3810
91128
407082
125510
2524
8611
9797
74013
11061
31178
20088
19790
142525
8650
15101
1810320
9539
25336
41772
19882
102848
18332
167610
22575
17294
26317
21272
20024
107360
17035
19253
15265
12574
5149
11558
8866
9838
8876
53448
26491
18315
32
15706
55332
14060
18491
25963
14733
12420
15859
19012
4572
8492
50726
22627
29522
22348
78396
14568
57254
14539
1136
64820
15655
10809
105768
4668
12482
4923
26270
27153
6754
11318
7790
68100
16049
318
12835
1170324
27703
22080
163420
23344
16950
22638
20544
16712
25995
18667
28848
18132
37960
3255
31705
58398
13507
179388
3374
13349
1330136
13234
49680
64070
30539
10575
21639
29896
32738
15593
21883
69815
46902
30496
72663
214092
14961
32207
41076
159732
7179
29315
32017
57756
44457
96621
61132
11883
21420
2847
20277
82831
22723
22498
27916
20200
112
8940
24966
69132
11870
11397
19514
28396
146442
6539
30012
338430
13446
45516
11409
27742
8546
33882
14262
2146
122600
45864
24790
86424
20250
25880
17428
4047
20871
16110
6274
8922
15368
4392
11183
35186
3291
26280
21593
48363
2620
15689
84485
26863
35530
1356
31352
35072
15817
356352
40832
13492
8331
32693
18466
10556
147870
29409
21648
307008
16876
15801
28988
23854
13387
24
3192
51838
8722
21996
7171632
58134
61940
4038
50425
117210
25488
58670
9100
4476
15734
86076
8524
62728
9445
20418
74691
32096
17508
24466
18032
2789
20682
1435259
720783
30791
30577
4054
2643340
24557
72615
29136
122906
2800
27338
56544
27615
2317
24698
25697
6948
30186
57668
3714
10721
30760
22924
29267
1068
17868
31074
27201
28707
1812
23922
17933
3323
94715
12132
29817
27596
19741
24462
17514
23716
11672
8930
31240
14825
17539
110452
29250
19955
16225
33426
21344
12009
16376
28473
128005
11483
3928
3684
26120
11808
12325
39162
41508
5618
259556
11078
30234
17692
14629
53896
30826
26097
103385
80244
36744
8184
6151
31088
6003
14647
13617
18009
4297
17823
22606
23205
30051
94671
6875
691
14846
16608
22898
229012
10513
1601
55630
19557
57760
6978
55860
27795
30239
42220
5034
1743
2235
8460
8676
149562
25766
41328
35228
7506
11474
15933
15233
21638
19217
144694
23854
52654
149352
78696
57078
125920
14242
23266
727376
12942
21683
22326
800
17461
64392
14378
10145
19730
517
25099
12444
31754
7257
63525
25715
4267
25791
25466
22504
68802
95888
15660
65106
24640
27353
69525
15900
314640
74705
973224
1998
26696
193820
182172
15811
26656
60628
20742
11521
3711
205317
20222
27740
37224
5762
17124
49668
1179
32041
10852
8120
10891
31155
9368
23972
18302
31213
22111
25641
143620
68460
22778
2652
68820
31841
7630
24892
12110
4656
31489
20685
8781
5619
30168
23320
3896672
11310
47772
118048
24922
24998
13540
14773
19487
81710
6561
4846
29298
17809
4313
24529
26796
14003
7554240
3710
28848
2232
6549
22550
39020
2007
14357
32221
25524
15760
22801
20866
37004
10546
488796
20796
4896
2634
39825
8139
3602
28146
86196
73192
108648
12726
15982
37078
25240
81400
18423
126180
27343
32229
148615
238336
20560
13813
11831
42512
115020
61756
24352
10647
16657
5994
25137
85184
2596
12733
6039
117
26625
28857
8292
8456
4016
21221
30613
10577
12392
6866
20664
19244
25544
15634
687736
1013160
27219
20260
20162
17998
28717
6050
21117
31523
22036
11176
11182
13758
15009
195789
2089
10791
81595
33108
53805
4462
18538
52622
14535
946
10924
93915
8091
27192
9130
10749
7227
16677
3321
92144
4491
29970
1455
56240
24994
130552
6919
18
9406
14726
7372
25906
14201
28393
8954
2588
8501
11024
64260
23448
75636
17756
10865340
9083
11671
14514
60380
33148
25969
14028
28409
12563
32428
929
23978
4105
7940
76797
26530
26737
4424300
22926
22972
32525
8844
15714
27244
639
111660
29250
7215
19568
14635
46692
318000
8190
6053
7393
31239
4459
120868
37722
2827
771
9405
47364
52908
25422
286
18944
22430
6263
12568
15195
109628
335502
29960
124000
13005
20884
11221
36753
5544
53454
51864
7859
14369
19820
157360
27915
13469
49242
1490
28598
147006
21092
239900
17931
5612
49532
25189
36270
38242
6067
36002
88440
23447
38763
9782
20618
47526
97176
7804
74271
48718
29334
88584
24375
189763
23901
10197
7506
19020
1262
76044
184
37071
30156
10126
29589
24738
5489
340
25565
25748
16829
19847
24023
1711
2465
19529
3562
3383
27403
8198
13734
58310
16916
64341
24597
28118
21863
15335
199192
5594
11252
23766
83745
16148
6101
9277
62313
460971
8832
97
7786
26624
17966
1400672
19824
123444
41650
117472
10822
11441
10868
17462
4999
19220
16889
23312
68082
3498
19380
2027
17273
108720
5447
60416
6406
8808
14103
6589
15130
45558
46854
52232
26581
28587
20794
84225
4027
50241
24909
4600
2030
26617
9780
23935
14736
53803398
116088
50436
119048
22299
14379
95076
22990
13474
67835
35958
23811
23964
9768
58374
19371
39798
11791
7350
9592
318230
115822
82740
21647
30079
18945
25229
55978
12232
125336
96885
2256
22965
50868
9234
21057
7135
21013
12200
28184
2856
68838
17407
4104
18227
8934
15113
596
882
21184
29423
12457
52550
14806
5546
32709
11523
27838
14050
103023
14548
12188
25610
24377
7573
32266
1398
1531
2793984
12921
6481
32305
90888
97275
24003
42172
96565
25116
29781
7266
966342
14424
20850
22209
9822
10144
15196
10549
2138
28572
8563
31863
31703
25345
4897
24905
17610
64988
50781
17493
38607
1502
22219
15342
2443
3959
8448
30829
70040
30767
34428
10411
63420
3947
11220
22808
30522
402224
4316
7351
6967
3252
25899
2795
13703
5272
236790
115204
24716
13257
131196
163830
63148
49965
74812
6740
29145
8629
32558
8157
20850
28785
75486
27144
78036
17813
265584
27909
22766
3191
2338
23075
5720
4637
6956
31340
52540
29272
4296
21362
14004
32530
53738
12536
274390
15986
29972
9012
20954
23248
19908
25861
32705
100590
132594
22352
13627
27587
43238
45990
3890
40104
15141
5456
7624
476368
21827
24914
21458
12629
20958
24009
181080
6251
13664
3341
407834
8367
2937
1403
5063
9952
17978
67770
13834
13800
1098
7005
1523
34328
6826
152094
17276
28334
25053
55392
47998
29251
31607
18933
1501
12713
26335
4488
22354
5590
6316
27541
23872
24927
67852
31809
9686
1533
1545
64450
7940
55448
30502
10764
30460
8329
28813
29639
47252
27417
23620
22609
1653
39520
7488
90804
18806
17090
11135
32208
234640
30122
15975
6119
24085
19992
17082
9700
31297
3136
3753
220385
10601
22336
11401
66918
11150
55970
2195
29568
20110
24881
11600
19412
253370
8606
11797
3537
12117
250425
17699
3959
12868
6016
24577
20829
4119
15148
13849
27708
1854
50048
17809
13759
2032
31416
42200
10378
22830279
9852
17376
70296
39044
103644
63474
10480
26366
85410
1390
134608
3122
23969
53000
26454
339648
5190
4511
19277
23592
1547
14702
27939
18183
17045
89262
5292
25250
278331
15046
2092
180
23842
29932
25816
27934
23308
4920
54318
4929
11903
48520
10432
30917
14638
6998
23109
20650
489942
22455
103824
230888
16911376
2133
156720
14291
17827128
18459
32450
443592
14702
46880
6301
62804
13916
757368
3556
9873
26990
175644
14471
8774
20868
22927
4411
20934
22193
17364
57910
427194
31999
20547
9210
2958
17734
402908
172900
23513
62784
21165
32311
4993
147
40322
56043
28048
27457
30239
3816
19247
9423
31575
24294
9437
19477
31046
15746
14317
14471
6454
26802
33999
20323
10038
2414
35580
11320
24942
1434
14675
11781
2408
3462
3520
9537
42148
11264
24720
37330
48748
26011
3027
25727
5670
177012
5797
6802
191400
127915
12246
85370
44496
12768
30865
185220
11662
5817
7877
18571
30755
11048
23160
9504
53577
15180
21945
18492
36982
89908
22632
74382
28652
81236
485376
12328
24045
45465
12980
10832
21172
11992
653
18889
381120
87162
97401
18272
101760
126000
26267
30253
52736
11388
59520
7
17719
21231
55444
1429
97573
53988
65214
5860
56690
32109
60888
808
24606
65735
206305
9576
13479
15510
31863
242472
31331
100
66
4042
24005
34946
85552
3225
14616
24429
9379
58794
10555
17848
47406
4715
18163
90279
31140
1382
4668
5437
15569
2668830
12598
116046
11912
18929
255563
8065
23756
35384
2819
219976
16918
36819
23701
12076
30546
59448
8942
19924
30233
35646
30536
3015
16177
7978
18354
42469
42432
96180
17526
12315
15334
12844
18348
20288
15037
27139
9790
96196
3347
1672
95
29543
3463
2907
32550
35494
10148
20017
32240
13706
23578
21631
6357
2350
187227
26217
131052
54652
11220
11235
14508
23392
11234
8523
3704
16090
18969
55148
14649
87735
41582
121925
7791
6760
12238
32003
27123
59940
32313
30860
7235
2149
59838
3980
23387
100530
20134
30401
5948
15748
21434
2081
25645
12488
6525
93024
5265
16076
15571
18723
3208
114804
30600
36794
19754
25001
31265
59412
9586
1201
45462
2577
63232
27709
25246
188730
28753
15046
22036
26002
4893
4830
7625
3136
88520
71034
4468
4283
3311
17812
30501
8386
12420
18892
16576
19908
175868
19870
16825
5000
7708
18888
45602
52090
19134
15084
96720
11918
83856
54060
19012
20761
62135
697572
74667
95116
9020
4360
57195
26746
281512
10143
49804
25481
22856
17855
12694
243108
12419
25067
515067
42813
9320
11546
25795
95985
2262
584
23022
22195
38624
27970
20973
23625
24592
65031
62084
6817
6184
4952
31558
31230
21597
3267
79434
30897
27745
11435
9602
765
26897
178129
25394
15434
27854
22926
9625
32144
26144
2134
15342
13158
80280
73924
67419
13042
18340
38310
17692
40998
20617
27022
60895
8396
15709
124182
31189
13286
16179
20916
28923
28955
14890
19180
6225
28606
4040
10574
7137
9134
10022
348275
9161
6334
1521
29537
8109
1963
12609
44504
10239
9808
1337
15021
14104
1289
19585
953
6502
9575
22673
21093
7419
55380
114289
17744
310210
8202
2508
7088
1258875
20719
26151
17120
624240
56742
18722
6954
23799
24844
5560
32721
2339
23152
25775
24162
48065
61980
160920
242451
6208
3364
20467
12635
166935
34056
29632
26328
15719
21572
15186
156893
34886
15083
22230
3784
25074
50932
15252
49096
2930
6574
26224
90
21440
283590
2136
39546
63486
50892
22356
31031
6324
22337
16804
2286
29997
23294
3180
10775
21045
20238
53670
10685
95650
27448
1322
5582
12462
29076
57402
43980
32653
24616
31219
18271
30478
13498
20943
20784
46160
57708
6273
48904
3655
7641
10918
26486
5839
6174
32454
29227
94041
18664
15047
8288
21260
16240
10847
13301
30246
21105
36914
2834
2347
14098
24087
30647
52362
14612
24786
5924
35505
60
11756
190434
32050
69138
12518
40598
28951
52466
64894
4348
27876
31617
426087
3702
7890
80769
13098
23474
61730
6360
26908
82287
9547
629097
86684
26683
25208
22449
23465
56402
15138
28048
21589
25204
28075
27859
23307
1149640
10429
81840
6773
15316
119104
5737
125305
46
26506
28159
9710
15069
551
27547
18240
2560488
6821
122920
15305
45780
2383
25428
30216
24336
139536
26699
9907
46478
27627
3431
53808
2106
9850
3397
1664
41699
24483
4832
31745
5273
656628
10118
12196
13134
1442112
20504
24573
3496
29682
9315
6842
53840
56904
31766
1534
75604
30269
29700
25599
24780
2091
46502
22980
43545
5892
25317
23254
1399848
62278
17798
17518
30479
18460
17239
8515
23260
26548
11770
5322
1854
32744
369138
23410
11071
168045
13
30210
10148
11619
133535
28464
37224
22177
42594
6021
22141
27412
17442
21359
19754
18312
27628
67317
36304
24276
17163
28613
31585
27675
6836
154560
258993
145600
52236
3051
4323
23978
6824
5260
34350
31033
28881
2779319
2378
85653
4400
11244
55284
22371
16787
61644
22373
21130
7938
27716
6011
8615
31801
13343
4787
18573
18473
19574
18637
16051
775
72273
29930
26607
78070
5142
7887
125124
6698
24136
10100
56872
8481
1423
7379
21671
16336
87348
49630
10209
6622
17495
1464006
35964
12530
22168
42326
23362
21745
1605
1398
25335
9635
10234
1177065
21670
55374
19859
56576
29140
4279
24022
19120
30079
44484
27573
11972
8090
30578
2689
21153
1454400
11162
19135
19507
27217
5475
13889
8480
1651
63160
378980
3712
22098
94368
25473
10116
28172
16699
29700
15047
23050
9040
40090
29398
19972
30709
27244
32253
14578
29968
15321
18771
62686
14157
30162
110704
28568
17552
23033
6124
37122
61242
27949
67
7596
183095
11943
110079
9799
26963
34827
34554
199200
16503
6018
21438
44880
52452
8341
52730
25961
6466
22860
5596
9749
39984
22023
49122
31690
58053
16234
5012
17188
5079
10549
27414
8161
31482
19301
10702
15777
633996
31116
151266
21726
14276
29805
43646
12333
6256
29147
71211
11702
6305
60838
15638
30960
402990
24535
14088
30881
18466
39588
542180
11542
1566
14124
21330
31390
73544
8115
59616
14488
19181
97602
166794
15084
11472
34826
54054
154014
6151
28086
143682
24209
63368
19557
122716
15531
16675
27577
23940
5077
35300
10072
31938
148044
25227
17864
12623
28200
24678
13704
8838
25984
17054
37086
20650
8036
5938
9484
167433
31828
847
79909
23497
2225
16006
27638
13048
7463
9123
13862
24788
96936
128604
48920
10069
21314
41578
3394
29029
3086
17677
30138
31464
115507
2484
34844
14420
9960
51078
27423
14286
24868
3169
5896
15820
624
13238
3286053
3921
31202
28236
24469
40764
12335
16923
1485
3818
32748
10908
91374
29675
27697
21107
425
123320
226270
12612
52545
20
12428
20056
13456
69234
125368
31060
44768
72132
24485
15798
26898
350252
16802
1034
27775
20795
74322
37095
11466
28412
25754
27041
32240
3387
214832
122056
1800755
18928
94728
145008
32768
13368
16261
11853
21646
12369
25212
9280
80103
2689
488
89504
7810
13067
31230
58464
550436
258
3737
15338
12936
25536
1798
36646
26132
1451
687
30178
101805
21062
10
683964
4419
11130
15451
10744
24082
23077
51502
315500
19734
3014
2130
107244
16343
16411
32175
91338
13987
28237
60804
22154
12076
8090
25311
49356
26977
189892
60876
155286
11916
30933
31284
33682
30380
128540
117256
23794
2068
11131
9027
100
55944
1641
67275
14064
47628
31171
51772
7051
28877
7282
34428
17859
17737
12582
3302
65230
24910
31054
167176
24290
64972
11672
1590
9783
9576
19867
2480
14033
11659
33921
18534
18893
31188
13932
6262
43554
10762
1243
112136
25871
21290
715
27820
27021
50096
22512
4048
2802
5800
18736
23502
4993
18064
14682
101672
55600
11218
19725
28063
31536
19824
24624
32291
2786
29101
13380
28482
27574
32473
44721
22547
4755
60240
3246
18591
23653
5585
19483
1127455
52448
2282
17192
9254
9186
24324
27842
21670
7684
55550
8503
19973
16804
2746
24312
28107
26049
6361
4681
52134
122336
402822
9915
27145
213570
5449
6515
84380
13054
198625
759925
27949
54472
48914
3792
32095
36438
1971
28130
8580
22420
152370
1883670
7836
60302
11362
9413
38594
37114
658
22227
18246
56010
21433
2866
27804
31224
10157
1816020
196056
15505
15327
5548
30736
28014
30888
4413
32307
42972
16668
30158
21608
114228
613
16924
11830
22320
15040
50148
29471
4059
1653
95403
6304
1200
14267
23674
34575
5642
62433
128028
2642
126350
996
6849
15542
195880
8640
171925
688
13607
29109
8871
129672
15229
8334
46808
13113
93285
83457
32970
106344
55240
26582
28885
81949
9047
54992
103542
31866
69486
74932
22150
24524
25349
11673
11220
23895
17698
44016
6922
9608
20995
213640
10235
25254
1030
61514
2016
12976
17461
19771
25064
9711
186500
18660
5885
162216
87150
157085
7384
12340
27235
430440
14407
2338400
20247
8899
8892
132
27640
39794
26393
19833
13251
17492
443
1125
4371
121764
4036
6455
29440
5641
6572
32114
2594165
25132
17674
341904
8034
5541
124536
8555
63924
8758
53481
28100
3203
40500
3411
60993
24139
24459
41844
8165
9208
17995
6846
21264
51062
12672
247080
119100
5491
33818
3978
14332
83448
9135
88740
66606
87999
4133
15658
11608
23801
25967
28085
10170
21730
10888
11631
31053
32295
7989
8003
3846
86925
423722
9148
223181
13125
31795
34835
64682
3875
28734
8027
357220
18282
52205
22066
65268
25276
75408
2342
27234
758660
42100
13451
12910
13770
71178
92859
49196
27049
440352
129843
26134
49892
58752
29666
3637614
33914
21044
13687
67860
24232
76479
22773
20751
10887
15161
85992
117216
31937
10175
22641
15456
5772
853776
8391
2230
4309
4852
6553
21430
4560
4595
43341
369104
26973
25198
6608
28887
13383
50170
67986
246756
15007
778
48
12276
27886
23213
26382
6256
12601
8394
31495
20876
27185
64722
758708
8266
28268
36008
27990
8439
45048
118748
20675
51568
50962
6374
637813
3606
28826
31750
25462
31718
22427
45864
3302
203
10604
1340
71197
14382
105588
12616
301
15484
32733
50552
18192
13027
73494
10124
3060
21398
79098
50022
25951
7246
161985
84024
8273
88112
13158
23744
50400
15602
8757
5675
32967
3520
15351
42660
125296
4882
20455
24882
13243
61614
1705
14977
351263
15927
15028
15425
10587
2016
23045
11424
32413
31407
93702
24388
22692
30142
23550
6316
32763
11529
8709
3016
14878
23308
12894
39852
24907
32156
16205
23679
3976
509
16811
4657
10484
5115
72363
28218
83272
30780
161526
5226
6355
4599
30077
24576
83046
13530
1841
24702
10090
12785
829632
290789
20049
86709
21830
23565
84856
21900
64146
29480
17773
19197
2045
693240
27527
7644
61317
22069
11191
31412
24707
15297
9305
31405
42292
4500
26020
10330
7208
680352
6902
26304
1872
8691
12126
46868
24451
17327744
14703
45316
8492
6436
14914
10354
17591
52834
31692
19812
215360
643140
13508
183416
16466
54702
1417
28091
42464
14839
2052
22545
26730
24631
1813
23824
6315
14562
22813
232071
19659
13968
88572
24143
4311
26220
1759
7060
30447
29041
2616
33410
89868
27630
26196
26373
7222
2866
5305
43468
18709
17186
44604
959
73185
27021
31448
39315
18756
980
63178
89100
1251
24253
21222
7841
48700
5879
61496
21302
12735
5499
9935
21002
29956
5665
16361
310540
47486
5249
7747
69176
117295
60464
11954
7790
20431
12394
11938
22558
66608
48682
31248
40086
10674
14754
7804
100085
21963
11000
3792
23487
7230
21448
59512
175378
7794
27110
271813
27298
32222
7529
25213
24204
1329
21422
15539
39423
55115
79311
75351
31951
32666
68481
83676
22074
42927
15339
4208
26040
11744
35698
32724
16184
29061
4304
29885
19063
22339
38960
24743
6458
73212
11722
16704
10697
5208
25343
29424
20910
30243
9367
24360
39260
22662
99930
661689
11272
26193
158291
22296
8684
19340
85917
13313
25918
2565
5386
9128
42544
58862
32028
3159
79332
13884
14108
24675
891591
11183
50672
5185
3248
18977
126515
121471
21042
59090
2489
4809
29677
2346
38872
58575
903
564
21801
18476
25354
11464
9930
28758
24789
13294
9501
46776
15121
54100
3798
24256
1580
16846
174438
30070
31635
21539
1512
14682
11438
19418
2903328
31083
22048
86172
24103
24551
40576
12912
25998
3376
20946
27893
2293
2576286
5642
16319
567936
7056
1265550
249084
84816
8493
20985
17050
20673
10110
44202
21824
16388
23857
4220
12657
62708
106890
64950
9180
44925
17086
3534
12936
13575
2020
20175
19528
160755
51382
78162
8198
19221
20169
50046
7040
29539
22534
64752
26821
26240
17974
26075
8848
110400
16551
405366
18375
16903
30035
23295
10269
86340
168003
3051
19466
31627
28959
31546
27099
17227
11873
25880
29264
13203
131712
9608
141576
7975
30618
156640
5530
15559
7467
18274
9516
17684
26900
4374
1651
70245
30282
348686
6927
29541
15618
69354
160880
26975
13754
31817
30918
5770
46870
15554
4226
8038
6573
96665
11220
22323
28746
30827
159720
398
23687
6729
23083
15995
102160
320198
14605
12420
16995
5735
11979
6882
34653
278418
15116
407
30349
31542
16416
6092
7983
31428
73132
12504
29198
17682
3860
25856
60630
85488
19694
1741
47118
29913
42316
28203
25138
17327
65114
3111
4469
25454
10600
932376
26201
32454
28694
2354170
2160
28584
27652
77344
50148
33310
31080
10934
23240
32161
27050
60426
48296
6599
30263
17018
19075
126210
52940
239769
404
21103
19564
47792
142198
4116
25854
105710
14088
57057
35976
19050
476064
11142
61698
13420
63118
25061
15310
36630
1222
61144
2502
7099
28766
30344
12736
120672
52630
5828
41796
18086
844
28103
26721
28188
35720
24721
20390
26188
24963
20726
1168826
21687
30405
51726
23481
61677
31960
30894
56
25445
144450
43518
52992
38708
26849
55521
29334
80655
13262
18576
10217
45045
12467
93264
56650
698564
19192
37270
55022
10086
7204
30591
23661
71307
231
9707
23488
7755
28011
38470
3131
22704
3292
58041
22932
24345
30773
5577
11796
29649
4173
13108
53888
4027
36418
7456
20175
2006
25698
4593
20105
41732
4417
183897
29080
42908
14201
210450
18268
6305
65338
25341
31089
753
31396
15967
49404
35287
17074
10680
25262
29934
15952
11218
57110
45020
30701
52659
19575
20738
9213
3907
8949
74457
48742
2828
21064
4495
29523
34888
58680
28564
73998
7140
27362
27348
20525
9030
40598
2777
24751
9634
110840
5713
9836
53152
17378
27947
26736
24171
97695
92664
31139
26957
19874
26929
6226
5503
31507
4627
33434
1596
63657
45178
28410
5039160
468
28584
22245
4224
25706
18954
48394
9165
28779
9717
21329
21608
859
31793
12803
8594
21154
52912
2346
30790
33960
50022
17141
94227
77535
30036
25150
16354
2986
14963
64938
10258
59490
16397
43446
24783
15262
15035
15501
29538
27326
5583
62622
34112
97344
17077
75252
659
6484
75669
10859
6245
32315
9713
22902
29528
15200
97749
691164
24187
11344
3700
134028
1708
60480
4549
9309
28877
70652
10853
28444
70878
21546
31706
22281
19914
7192
23744
3209068
47769
11750
23300
431072
1533532
26624
180312
18987
31790
28688
6118
46600
4883
69507
29710
13211
22337
17721
2954
17066
9297
1189
19071
48410
64118
973590
4620
27735
18717
20016
13337
113160
10328
25052
2901
2806
4346
29622
59144
91719
43986
30135
57723
19281
4847
32381
58623
17206
15243
29461
49680
84220
24839
9554
12418
26423
14575
3174300
13917
28945
12096
12931
958971
10688
2101
19204
13255
29433
13791
30477
10184
14228
5388
383
93475
20626
84912
1119
18403
10603
19395
25931
12816
24378
20776
6946
87960
22897
13853
10478
54668
20495
28957
62506
9495
4488
75282
24064
26109
114650
1227
3978
32169
21752
21235
29548
25977
30979
23895
31464
10319
32148
6683
65628
5425
19955
8941
24104
18534
62248
24444
28843
21823
20560
45174
32602
50232
47566
11607
44404
29376
16212
140750
14880
52701
3568
19377
17822
6263
15739
26194
16688
32218
19208
78519
62322
11272
9550
140032
36732
14511
163800
25542
23672
16319
39018
27942
27499
44112
27521
29632
25483
86715
13680
104032
21735
86247
5334
115052
10584
32248
19155
14195
19023
38186
4382
27
14844
9729
20258
28798
92343
23812
12778
13746
88263
6207
17167
31124
63166
137532
28138
7001
15818
29583
32357
25577
41968
22439
4096
35436
290962
22004
966
74160
7518
11199
34398
9750
71212
63526
27272
27708
13179
11214
129130
3064
14988
201978
18315
12976
79
108655
4473
10619
17680
19531
265810
25889
14186
13994
13198
13166
48954
5620
30595
23299
21876
9956
18579
2892
32109
19255
56012
25277
29095
15080
122980
49824
24113
32541
18564
830
24401
8690
30600
32764
57540
64638
7574
27000
8021
11426
33030
10132
30961
4416
29834
3043
8617
25724
31906
155690
80925
43208
30209
48114
44464
26318
23280
298100
25647
7531
26833
5049
4479
20880
369279
32405
32014
24548
32642
29990
57160
64012
3350
1216
26976
10367
5791104
50520
17686
28926
11955
6508
15495
31891
32306
9256
41700
34986
27456
18454
30518
18842
65170
13653
9201
32532
21633
18687
4342
51554
25677
4196
2880192
142121
25145
26763
20900
6682
90504
30186
11684
31172
34944
28771
31471
19643
26530
32642
2730
34220
149605
8948
16861
9631
17487
25419
14269
28695
21019
345040
6213
21363
19253
18280
23420
12020
15843
34198
72016
23048
63744
144000
501
29320
3647
18493
43028
58282
123608
478050
8418
28855
170
48444
17084
122320
56378
250818
2545
29873
16170
55500
17334
27426
61788
21720
30336
5852
30690
15833
12296
66
32663
20932
1432
37222
7785
11956
30064
15577
151638
12951
32689
6312
9779
23871
19564
73591
30761
284779
38802
30553
8773
20555
25461
3768
22960
795120
21842
14389
25230
19054
77156
18624
589
229250
13522
215568
29174
90237
24759
8894
30562
51976
356
34
61128
23121
4236
18541
46976
17265
58478
36110
13189
32549
54435
17707
21013
18768
20493
27840
34942
7488
188316
4985
1404
29288
14011
492891
7229
206160
385182
15485
6375
57528
9901
20636
32176
31542
53560
7684
29628
154323
52418
10602
16726
20686
27487
14707
405015
88512
26578
35086
22348
12040
11567
25701
95196
5534
36056
10120
9368
16112
16205
18189
26083
120855
16198
6031
10569
6362
34968
15428
20211
29430
23228
30808
11024
13944
31125
14985
14534
6866160
15103
16131
18958
15487
21625
25469
5280
1527
26104
2452
1629
379574
160916
18126
20173
5221
111447
36070
5511
19501
15149
74253
12350
26266
246470
27627
2059
14852
31938
45615
133596
32023
315792
32600
16093
90060
24727
23737
9798
16356
24451
11851
12517
594
3212
22146
44056
29197
25072
12991
125
26050
17366
4794
3701
27196
11315
19940
24822
224240
86391
21246
3248
14682
32566
3577
19473
8876
31965
32800
17348
20943
17177
9764
1928
33042
32039
2391
18810
90395
3462
5611
125460
39072
10464
5212
5231
62328
21050
891468
21287
15326
46550
46311
26957
37780
5256
43718
31746
9767
6736
8571
29169
364256
53678
52016
199920
47816
9525
4540
10989
84
17953
6880
2037
10897
6819
77368
16908
107095
202000
57531
57326
44688
215012
22089
32436
13478
32115
9570
39440
20870
16775
14578
54094
30331
28628
53082
10744
1691
21069
17934
61750
8906
56772
13708
33944
28476
22131
33934
18192
26147
5370
64482
15550
84712
12020
9195
11466
4473
1668256
29037
25332
18518
20250
25196
6076
20396
2857
303
16769
11750
19470
21983
34442
28680
12256
27180
12912
19721
22574
29565
19814
45240
6115
26194
13012
15604
37296
58494
13368
56403
44266
4348
4017
58780
29602
7649
7433
3515
492
14914
29696
16107
5627
29002
61146
5751
17715
57734
21630
15024
41632
18992
240000
21903
33424
29226
16272
57006
21124
6655
4101
3016
176660
16264
67604
22055
26474
7828
20070
24031
36261
29904
6993
4504
27586
30023
15828
745
227500
12378
12973
29417
13947
9040
6741
3314
13887
2659
17484
17817
17355
31842
11078
6636
27389
58440
5838
10990
399090
32415
13482
29007
546
6481
204
1392
17651
25293
20999872
28460
83490
29602
15954
2741968
34942
116490
29343
12734
12258
5706
5726
24435
24586
1610
25835
12696
18766
22252
61740
4571
15586
989428
3247
513104
64392
29756
31179
1177695
19608
24277
31066
30058
6318
12307
31599
497
26762
9366
120696
31531
31561
5207
97629
8350
6552
28335
41834
38260
70491
21448
9502
28582
13099
10987
18251
15096
14645
179842
4936
31154
7155
12887
8342
5760
42858
32328
6749
8752
3574
9981
30989
46650
31114
26371
30668
37488
2385036
4235
25561
63454
14469
24822
16213
27911
8032
22436
2391
26528
122305
88470
71120
18830
154815
19018
5272
22830
41014
24142
32486
48972
29466
402696
57796
27849
8127
21701
64538
31683
121848
27347
66957
31908
4918
633
15713
30390
64662
12933
33537
87625
12260
9261
16199
36376
6078
14246
22128
5367
23246
12040
1558
7479
10895
63170
107436
5994
30464
2070
27370
12589
30214
8322
63486
8463
3362
58203
38094
15724
40926
60400
15134
5807
32083
19172
24450
6481
14826
242640
28237
24595
436623
168324
203357
12922
27568
8822
73728
137655
7267
3950
7127
17608
18621
123448
21711
16746
5426
26810
8792
124119
24953
51804
30858
10118
12018
28404
19574
169
29969
8052
184288
21690
64564
24334
5688
24996
64914
31305
20976
13414
16642
47752
7722
56470
107658
96188
46484
14828
2019
24244
15276
6345
132979
29971
22725
17458
32686
64888
23741
29509
52008
35786
190580
4389
130240
60052
34956
171101
25791
9279
69636
16690
10740
36898
29500
10606
91518
48956
14679
218720
24398
27236
22210
25312
23572
21157
2384
47553
16156
1890
71510
40376
12462
664
24960
14218
14696
10998
1361
71565
12132
20195
24564
51790
12370
2636
4196
13800
22247
24870
74196
14404
21268
24776
82266
21726
11841
5042
22795
27114
1103760
13009
587720
27216
249
4263
6172
310134
175580
5515
10900
71192
38206
132756
28584
30588
166910
17006
24316
12006
30862
10181
26380
2699
6672
4282
15038
29562
18712
152912
26310
34196
10532
473980
45288
3040
1875
14266
26919
24358
3385
11905
1128
10536
8481
19842
29855
21355
23983
29423
15450
5574
94695
16429
27353
59787
13014
100878
14300
9495
1412
26893
117440
16790
5655
68400
4215
31932
97746
9754
52078
14540
21354
21327
22310
24502
25296
75184
7014
22571
6878
582
62382
46539
30609
6338
25658
29286
350472
4789
30959
7531
6592
23805
60230
11187
90459
21983
55690
30068
30147
419
3732
139176
27455
142192
69993
7362
61822
17502
7028
26868
8665
15083
47510
23460
53592
2385680
6443
27754
9352
14153
14538
26945
128864
17008
36425
17654
91116
14937
27829
10176
19554
8014
27849
29410
46710
65022
15546
15984
32190
11344
31629
27902
12215
19287
7822
3392
92372
29866
25563
13341
15426
72580
22628
22133
8804
22878
55293
30357
112428
17238
928
4786
72615
30738
32507
17346
17467
2941
7234
31608
6910
4921
4612
40706
11040
17922
610874
10886
11205
3091957
30768
53541
16222
15606
24339
52702
19453
1472
3352
105498
10315
13644
6366
21493
17511
146608
19474
48200
4496
88436
10806
20114
65068
12050
16375
32694
14461
8547
26591
9030
4339
21567
28416
8560
36840
154880
14825
21591
4922
20366
13466
23500
6634
116144
1991
4071
19709
29383
6631
2180
74668
23662
20361
30326
22844
45990
10301
202181
4501
57292
9759
4193
8878
10816
97465
1411017
2100
31980
16140
32613
438260
126395
15195
30163
2946
92200
8114
24346
70015
45048
25171
31827
8804
1021776
15853
150860
62558
13401
17248
6673
47044
18474
24858
154
2185
84666
23500
311808
13802
13521
51622
3281
514
3916
21045
89922
17127
2497
9209
158316
28487
14604
383238
4239
27153
150535
53584
14964
14109
61396
14118
30377
11943
29823
2306
23232
9762
15154
11853
12167
13179
26504
5527
25939
31932
18732
24062
22223
15476
7250
19442
52702
26668
3150
20042
15544
24
23668
130096
23054
29641
255564
60624
1489
18641
17258
9898
19316
28089
20500
16255
1516
26342
53820
12209
13732
132048
72296
30606
7221
29057
18998
188562
55502
7260
5124
405225
19048
22636
19959
22896
6219
28930
3392
25981
19139
2082366
8036
16991
16927
14055
4060
16188
8587097
20034
9197
1398
28282
2261
26824
55166
19072
149945
12260
10333
18740
17185
5531
56690
12522
31562
28163
17454
74427
12452
16764108
12318
19637
479
22245
219080
29307
11586
384
93282
49448
31655
14474
23873
140408
52424
54502
15208
54736
28280
19925
3966
4876
4345
21526
23481
64167
1213
26127
32668
2722
11590
31124
6660
234280
340836
7268
23161
21567
61740
40950
19890
6471
5421
16070
58066
24882
15807
25250
7008
10904
18873
2177
65382
18258
20631
32958
25183
23016
18874
17300
32806
1060552
27394
13258
31285
14462
18280
1626
21047
17990
59338
19011
49236
23474
21741
22513
57482
28498
18303
25948
29824
15088
17036
10335
59556
6338
18912
9050
107020
3519
8130
30730
11754
24706
27628
47438
31610
70412
5646
85844
1933
24286
470351
25425
26736
17025
2302
107016
10458910
368
4155
21129
1351712
8702
40700
322210
23732
21519
20074
28199
10225
21832
19845
22760
25979
11671
36414
18572
89947
63678
29058
5513
9170
19242
23744
25656
31365
32633
9970
12299
11132
11181
216013
26835
14744
19480
1757700
11666
14434
31560
2925
151550
3748
6844
6717
8102
152460
3816
4530
5687
28832
32298
21852
23474
52503
28606
127050
58168
48232
4344
218016
34062
6549
30400
13575
154070
31551
11930
2034
24416
49267
30757
25511
27878
97011
19540
1538
135345
712962
32491
27198
20187
56416
26043
45872
2098
31367
6226
2421
203
12117
10038
6154
3224
36144
60640
20040
1176
24942
1532
127566
28976
29147
30814
30482
24264
3292
47244
9453
14501
11761
305096
17242
17926
8244
183632
4616
9601
19368
21662
4277
25246
15808
90945
14928
437
14642
52366
16844
76840
22782
11934
23243
60454
4792
449200
11533
4116
9245
16588
7957
6993840
57172
5068
25502
10673
19845
31408
17115
8726
12568
92433
728875
158880
6810
56124
864
31062
25988
28716
23927
2155
708
29824
24825
18169
8208
3524
11723
4201
75204
89172
24868
24262
103592
20047
494361
19411
57840
31364
32041
20586
6190
6975
19607
48174
131832
18740
44019
12020
57828
26055
2197
79701
13211
57423
16558
26713
66796
21089
3768
26136
6176
29808
10621
11503
2631
89310
14336
26415
14696
23434
26123
158136
25155
25612
10452
25430
812
5
55532
33806
10708
9168
62894
3111
59572
405048
26883
17067
13491
31035
89436
1104
39206
17407
28141
28105
57098
31376
7501
18270
2476
41456
13976
45
515520
8894
4339
19397
204210
3398
26678
27660
42248
998348
24790
18743
472
22240
23822
8808
8298
2064
7848
4106
14619
537620
90606
11672
83184
9175
33897
30903
61750
13845
15336
20388
80481
26636
24011
25437
16306
36890
104135
29290
119504
32794
136296
18237
19694
9285
13289
71720
115828
14466
89793
42108
19345
28078
19901
367
24516
91272
20249
18744
145250
46048
22292
12564
11244
52800
54546
64062
21792
25134
1986
17066
16554
11184
48334
12823
31348
29455
6316
116774
220437
8287
258870
14307
29028
24638
59983
27435
32490
15947
35214
11368
27438
26601
32051
33086
24429
4917
31429
6885
38112
1313124
13697
331185
20176
31393
29483
25019
25410
68370
19053
15055
10612
2393
842
62931
7590
21225
194
90213
2214
2281
16268
72720
56256
32556
28346
595916
10404
801
9751
23749
35186
5394
6322
16545
24099
47920
120872
42056
20672
7010
79618
31974
23496
1318
23360
43714
15605
23527
22580
9675
183520
10600
18092
64110
77752
26351
8875
7404
25281
21100
22552
24579
3944
9934
1752
62094
29946
37532
14238
9032
19989
3436
30030
7872
25943
648192
16177
27820
16786
5488
61304
26017
63958
13953
29716
31222
36290
27244
631928
21012
21912
23107
102875
27937
21098
269400
23496
281580
3503
30329
23679
6432
2966
24105
82552
35242
3448
533260
6324
8262
15018
7612
20337
623
44058
2797
13971
54728
58315
318444
25872
13107
350265
29928
8836
94056
12464
2037
14264
60288
5784
25043
23875
7075
25640
32004
15693
30620
3972
58160
47850
1451
332530
5891
50904
11693
3924
17762
230936
2554
2163
9744
23128
157120
28038
6116
13856
21406
25185
7119
62790
65288
29198
19475
1668
14025
17925
27210
217611
81918
6867
48650
273753
20885
9645
20220
19396
31956
100744
18586
22843
27232
32127
91400
31300
36456
12152
18161
18122
116748
23380
31607
16164
27628
121252
14832
61876
13592
15417
24514
27433
12868
21181
7550
29339
10545
14833
31075
13457
26972
21152
15180
31379
28285
2160
218575
63257
34590
54880
18886
76878
20636
86240
323598
15203
1035598
28161
148660
10459
6882
2974
299780
23818
6560
120732
20381
21080
47750
119532
15083
24043
62004
14327
4192
13156
23513
170220
159175
25506
118635
29191
169365
29096
3684
60604
148890
28493
4875
5933
1894
73059
12227
11530
1364
1953
5906
6594
3927
18238
23934
19427
7759
7147
89412
6543
24061
13893
18238
64766
76452
25991
88732
2389
15785
29991
28240
1062
36468
39024
20657
37148
17518
14403
569848
39596
18105
756812
40218
26392
32678
18440
32474
26945
68946
377128
31206
36608
12141
10044
7841
17228
1110
20815
14181
27250
4646
12195
290719
24864
216762
33639
103310
7344389
16372
9434
11017
39604
1914
23416
17708
3921
5696
89985
104503
32775
10119
7854
136480
30433
13111
2200
29693
19389
22167
61476
62300
51231
331
24016
21627
29555
8846
11411
5506
122496
84672
54010
13661
16878
27042
30818
3573
5225
3294
13473
45920
8702
35736
18106
13330
10060
25619
24890
192432
1705
149436
32210
93268
13175
29808
20018
5288
123556
41211
13778
30622
26256
6490
7876
7196
29674
16373
57046
14129
7724
24888
153606
17982
5390
91236
24702
20330
15703
185
5709
5242
5866
21037
7915
170442
21009
680346
72864
273550
98400
457729
30115
9292
2764
29866
37845
2880
49226
7709
940
39598
63458
21767
13539
48632
32179
190
227367
94464
13659
3042
32359
14220
42668
25357
9520
5886
10201
22491
6492
19980
32105
27732
11804
3219
23214
4784
74973
63546
28400
18563
3132
83035
57892
28161
11487
3209
2502
11740
32440
146272
32688
156192
52326
2166
18118
100195
29393
21286
564916
28368
23166
91336
90768
5093
150216
29276
16524
16412
17507
26257
48502
1050872
29747
26179
27082
30176
67298
39438
20826
19549
4061
2673
173
19608
26133
19759
24612
4881
31178
39112
25173
42508
7712
19270
11664
31576
30060
13050
6847
17838
16940
24239
28358
31462
120144
241600
29379
62644
19592
29038
18325
11897
9832
96060
8536
23446
28082
1772642
530
26954
58764
75024
7609
29748
69216
7420
22542
27478
138810
8677
15263
2759
12064
274320
13425
9548
117472
9579
18948
39506
18118
4903512
205065
10856
19055
24100
63494
3063
23813
32240
153012
29810
32455
24962
78945
1553
37498
35994
14303
5145
22786
30356
27011
69748
21801
16052
12435
28893
34538
10812
19967
1028
32697
24026
39542
6754
18468
72006
779
13425
21297
10727
158249
24078
17605
32340
3975
87
155285
36815
26865
29997
46948
39166
48522
27242
73389
34170
12298
16061
53234
52964
3100
30882
2849
31694
44086
284544
16214
12761
23068
28606
26613
37662
29880
17548
27330
20123
21663
7869
18292
28733
8511
93027
13340
8991
18875
14948
142520
30074
21408
2130
48500
29033
28039
74484
17204
31908
22905
21336
1125
19425
10638
21948
31700
44476
30199
30087
13394
19666
16975
24827
30312
380
7715
122164
5898
48088
19646
40527
4382
13978
57
22106
31928
4036
29635
22028
31112
27660
202811
25795
243150
337
3512
71943
19367
28620
10786
21750
9234
22383
3952
2760
4233
26489
22002
226730
11515
17501
32294
7748
9592
49066
84993
40208
18211
8001
63540
17991
21431
27717
54812
409682
23604
8931
11752
468032
916227
22098
15376
126952
13293
12522
12499
9182
30200
23852
13496
86424
9633
982
106796
65328
24831
1316
9165
2540
197430
5209
24035
9672
38578
91533
37354
1171
23332
4244
18840
94860
3290
57552
5430
7179
14588
32700
24663
61416
12332
16780
11082
30214
92064
9742
2437
719625
78120
24190
90584
10684
4998
512596
51440
14945
23562
32195
16570
29544
61608
61832
15354
58214
20864
73748
10393
398619
7254
20061
5586
5827
11190
18102
27740
6046
269568
18554
21547
8356
139144
18396
93309
85192
424672
30008
20271
47968
7507
26845
477803
15823
25482
17030
3416
12036
28751
2850
23779
324
116575
2884
38200
21505
13358
6360
19874
29028
13706
21488
11926
17867
30861
16694
10176
12165
23878
31710
20833
17814
3803
30152
2558752
24066
20786
24082
62523
21598
990
23984
105420
25530
3222
2281
55320
18279
26925
22639
25315
16273
6437
28832
29470
11688
28340
56582
14353
27628
20325
9761
4710
1750
39020
64082
27052
21048
80850
27588
25888
15320
31428
32628
10171
20065
17175
32198
23419
19629
15945
32053
116527
33978
18105
26388
57398
13555
65026
6075
13129
14753
11555
17106
11670
329406
117740
11283
29529
7336
4064
2608
1017
2291
6044
16678
61416
29810
19086
1104
56452
908
31516
1921
3249
15872
22718
381708
79788
63688
22025
10456
22082
19931
31129
69759
12873
525325
29890
30333
12315
103752
15640
228963
27210
11772
115692
39906
12770
1869828
27080
6914
28086
40820
121328
11851
26800
31411
19502
844
4307
402045
29798
12751
4562
25042
1126476
18574
9174
3874
11846
14436
3531
20763
32004
9722
519092
10112
29051
18451
6223
21422
3346
9298
17814
204912
28230
19594
14471
35160
15422
334026
5438
70848
11951
52534
5540
38970
80936
1811
31126
26480
59246
19387
23680
64167
28606
14920
17078
1269
22452
27402
1072
1865
2023
26296
21543
2791
22476
24887
26274
55370
9895
23621
19960
5836
11644
7986
6682
471
16950
1139976
23715
32472
30742
29308
185164
71502
18781
24102
29057
8360
69420
16447
34896
27437
3825
12980
51636
10924
19720
152607
29988
17748
37636
110166
7659
30213
28006
22412
19586
208200
30841
24219
58910
8507
26070
24990
17117
1018
503664
5900
24870
6594
29613
13880
24349
36134
5683
9385
16702
193452
1432
38045
8666
10355
30438
173614
15069
67820
16132
121940
25313
13168
22763
28743
18808
25239
42274
29210
32436
25189
104108
40168
4603
1137
19102
7227
43026
25778
111256
8483
2118
18043
54920
30591
4425
29112
80340
116628
51542
136654
18158
27500
21008
34080
24229
21805
26995
7479
30618
8423
3249
5779
89505
670336
30809
24222
75424
40850
102005
5313
19820
22676
153655
33416
75801
11154
202980
349
53165
19342
2478
30982
32189
29409
34254
61719
12668
5574
14692
11987
9046
3838
4780
17085
1374
21156
31895
13782
21345
34466
21741
10746
54108
1395
4536
163691
100605
27882
7092
30514
7995
49608
31350
91434
12296
461692
4670
29856
10830
15636
26498
14627
243749
342
109044
6706
10289
26205
31503
27856
7780
16889
6805
31636
9810
17977
13926
11616
27277
9472
27233
2212
15284
14686
17075
22695
32359
14510
20717
29279
19053
16368
18642
8670
20040
24808
86990
8160
39528
1655
191741
10819
13638
19896
2945
51598
3234
30072
10892
387144
17959
17892
76149
21686
10543
33002
61130
6429
23923
31478
104136
9939
17460
71334
28666
4798
20138
75095
472305
31713
32172
8402
7176
22761
30369
6414
36112
70444
68850
29017
17783
158550
88315
20175
25055
20515
25478
17825
26796
2464
5571
12891
51044
29493
30394
644
62970
31099
46454
16280
27489
70320
33708
17835
15162
10105
5388
18525
46866
32472
13941
3234
28959
24557
7854
24164
30305
443371
171496
31833
18655
31466
34782
5664
23928
15547
21784
14498
26019
1995
11502
281200
7417
1421931
35706
38766
19973
2219
5919
569340
6731
31270
73845
60816
1127790
15852
24268
38208
25733
10566
8343
127060
383016
434
22671
19187
344850
222456
26212
25220
26178
144749
62902
17103
28063
6029
1401
11267
59778
419552
22387
4864
29877
8685
10196
14081
5171
28051
25839
27122
9251
31652
32519
16462
50904
30384
6204
4921
5636
57392
35696
12509
15156
13831
39990
22281
455328
13158
13161
193599
17349
17322
1183
27069
21972
25957
117332
40460
23119
2714
25777
27474
74550
19522
26864
10364
18038
30364
7053
91329
12921
173148
8748
73665
16337
3427
2186
16972
26484
13717
3282
5436
17258
4925
8507
39618
13527
14279
14721
16442
14658
59764
26025
17262
31531
11509
19074
61484
27085
25134
20251
8704
25647
105112
16087
19171
17264
31540
20209
54050
41126
12650
62230
142455
28680
5198
992
15333
5181
4169
2480
149672
14948
20393
34526
1050
4818
12466
22302
22165
17352
24094
29565
25713
23548
28720
29393
75450
55430
1328
185360
21968
22432
67134
18592
7447
14839
19787
44618
22337
17831
27172
87723
3086
23309
1602
11676
11634
19003
89481
7284
20336
64256
63855
269964
12853
32441
44122
21092
62694
18712
149845
3120
26624
24370
392041
13551
31406
2846
52932
6562
129820
4058
175530
48242
3997
3221
15064
10183
23736
68488
20909
18739
21024
14605
28153
27194
9029
51836
28119
223650
19451
35184
22669
1524
21785
63942
121335
27043
24063
11047
20036
7663
102875
19943
8902
49540
47793
13395
104992
2441
29923
24630
17421
12258
12829
9009
16038
122416
29592
141900
46386
11658
29517
44500
350
17714
11796
31369
26780
226976
20613
213416
8004
98100
9745
15980
3069
53726
104832
11168
59292
32376
31980
17828
25565
25244
29850
26886
7148
59998
807
51710
19218
13746
28898
67392
42848
142650
22505
286182
28024
173117
57044
10683
9857
23131
6267
13398
2925
26582
209706
32680
11439
1582
81380
96560
19796
1910
38838
8033
23674
23830
21994
119619
10003
13472
10546
14249
47505
28395
3983
16664
19351
28431
25182
305650
22415
23466
32148
15995
123650
25234
20765
12871
31383
386919
11382
32078
8361
22666
8333
243430
15214
2162
15240
12799
24994
31086
51560
29180
37360
17864
13823
8623
25905
24137
16888
4322
4392
25170
20309
8116
3543
29240
9381
14417
9047
86247
11216
792812
534
18398
12936
24862
24665
25410
2282
31763
4085
26419
20448
3868928
10605
3558
20528
18036
8319
1631
11258
1055020
60422
20848
11190
20185
15170
17378
10024
126244
27303
30182
412482
6303
13220
19389
153464
17425
26906
934
18990
25343
19269
29960
31535
10051
17164
55744
1819
24248
26551
42712
23004
23051
27863
5445
130068
1003233
21446
6311
24673
25124
271092
21669
32508
22857
5141
35866
10014
6991
33122
7735
31832
82638
12491
11780
23321
23782
64718
94508
10168
2778
10514
17797
26903
12105
265152
173130
12341
181668
121452
17824
12677
829447
14295
49292
12572
1624
8471
7414
29124
13475
13270
15243
18084
20158
25021
214319
36906
25173
137340
21378
8958
19417
22217
28868
23331
29000
32591
231
18500
73914
18169
13283
4472
6972
32195
65518
68376
52554
29968
28304
22789
611
21313
14397
49128
31041
853
12753
32412
30438
32245
30425
17785
2957
26387
64128
32970
9504
15458
64638
19155
31618
83016
49430
28337
65214
40910
4025
9371
150040
18488
27892
8394
27368
29609
35268
18496
3068
16073
121676
7974
19954
18450
29270
247979
53152
21543
10001
24972
24808
60141
856
2521
34260
8800
23725
7081
15146
29647
32514
2310
14130
44430
48242
1164
74280
11720
52264
18174
23495
16723
23388
23636
3793
9396
14928
389194
12921
7231
47856
27865
17210
28622
97371
220969
25933
51954
19811
20183
12275
24727
16744
24319
193518
24821
7287
18310
5218913
338086
29802
14762
116196
15402
20100
51520
21723
62643
24444
23062
29023
16786
10004
74588
31660
48522
13098
14637
17797
7212
27588
8884
13075
27632
15628
14717
27509
11003
5575
972
4229
9737
7293
60784
2540
25734
21348
7553
12136
20578
155376
9524
120775
76124
22901
3232020
36142
8290
14100
362
31336
27775
1256
44472
10662
22440
12785
20345
20845
32015
156160
1646
59162
27034
24291
27298
5622
236792
275
31429
8655
26336
1336
51606
79311
16584
24971
34383
107935
30951
29982
69110
20175
4523
31208
2649
32184
56002
1812294
31722
10554
36264
22010
31954
31270
104645
4150
18783
14960
9900
2043
115381
9065
7873
28409
8952
482365
13084
24431
19365
37486
266958
11232
23779
33572
364363
49041
18194
13293
50610
3603
15817
165326
28229
47644
15777
2925
19254
159586
27368
102650
80515
5951
52648
32312
71420
30242
12942
14798
13195
5544
26901
47319
8192
56294
8206
2834
23407
24537
30297
21976
26570
268653
14349
11472
12758
8083
24849
57830
1714
27652
173268
76857
392
4588
19087
30102
28049
22956
21531
15
45210
67576
2701
15835
81932
8686
19833
396
2679
60916
128635
95862
28650
17038
12719
27069
198077
200039
46006
59390
92865
30634
5240
14061
14277
160888
11277
30937
27630
24162
7824
21271
15259
4534
6535
38036
6817
3085
44600
41188
27048
13911
57177
13875
13043
97851
16626
5992
4094
13136
277644
7632
69585
17054
27640
63064
23982
27116
36690
778842
46368
24648
36752
29518
31659
132044
76395
89352
46368
23028
21231
16660
59858
50704
28780
851
57100
2256238
29419
5411
22277
51570
8732
24586
20720
23754
22623
8423
28652
20846
72339
6254
11868
10890
23472
4998
15030
421598
6619
19739
131054
44672
31465
22090
42376
22051
10855
22922
7325
8274
31862
47246
6051
4595
735624
14767
18040
10955
187216
395000
10330
13161
210634
8049
34560
8077
22683
26253
15848
23006
252360
4184
31045
51608
11522
18156
5120
31938
16255
8751
1710
10128
2366
24750
153792
23831
30992
3444
20381
54484
113856
9441
22844
36324
20735
31533
53178
1947112
24287
34068
21150
44795
1490
45470
49910
20793
27443
32209
10154
67572
62442
15004
12935
17128
10360
18990
9480
31803
441630
172112
30293
9034
4756
20907
40776
22307
6737
19616
89760
29756
15956
30852
1002
12974
4694
858
20963
31517
23412
13222
12667
31978
32900
29735
11232
58158
15463
89568
21102
44139
10871
112040
9243
142020
15
6554
30038
68684
6199
5499
13278
6935
20454
50240
25874
47618
14634
65688
62058
5394
36728
56208
20522
15846
594350
5161
17009
61101
17592
28636
27233
29417
14913
184
31989
33640
47800
275436
9982
32218
54645
4572
16432
31508
57704
4068
102060
5156
24408
15243
75940
9648
7684
411
66894
70842
32320
64491
2546
36334
5158
359678
280364
6817
33822
40158
35445
15749
43863
100548
19464
3729
1945
2163
49564
37782
4494
18385
5074
13817
20390
5600
31606
13531
28739
3310
63375
28290
14049
24817
23067
14180
27476
71860
62190
14011
455474
8825
21233
22588
8021
7179
24479
4175
7686
47474
20336
86180
10106
26414
46006
28876
69420
76410
2006
80841
119240
6945
20125
21377
32056
23655
805280
21616
22588
28859
29402
74733
2970
22940
276790
12275
24569
28745
17670
12845
13029
55658
2511
11721
88653
21890
16542
72687
18950
57270
23554
19818
1160
515
17218
24919
33594
23476
18246
9650
20179
23950
14352
18547
172452
23565
55257
143262
9984
73184
424930
14145
21168
30255
20897
21055
23142
23091
3669
14235
145950
1520100
28845
2712
7806
25700
8645
46816
234
133360
26551
1730
4199
30307
10453
11841
4823
8226
2853
55912
17507
65280
55354
30373
28124
27907
68538
976
207536
15546
3383
73500
43524
6015
5779
38606
25676
384424
114060
25317
175758
65126
503395
30123
42966
786
20834
26832
32452
4149
7789
17154
11289
31726
27828
257499
45510
2187
205840
64674
16696
40746
2940
28480
23126
3504
10859
3694
7145
24080
6737
11469
3351
4629
3730
16404
2258
65254
16877
25145
9094
2716
11908
12958
695405
23285
59920
51574
19517
416150
3584
18592
32264
19336
23388
8734
60816
73269
31470
9798
24220
18683
5416
576
13575
1581
6428
2234
113635
7005
3760
37746
21653
25008
22592
10439
48322
25492
25529
9629
25698
20241
26067
2831
192825
42660
21263
213968
17702
41034
6866
14726
11378
10363
16897
16470
51962
13524
60877
19699
61448
45051
102245
15340
18792
23496
19450
72144
105804
113495
31111
17710
8649
22914
5810
29170
12400
453120
19661
24170
29672
29610
148704
17094
17742
10334
11283
22568
20722
27490
22855
89036
22802
29999
8634
6266
15086
26236
3478
22254
46680
56866
51966
32391
26858
84016
29525
31733
18832
9044
9934
66605
65385
6127
53058
12762
40882
291161
75711
423654
28400
54878
14001
62628
32496
23324
149280
67808
20539
5736
12946
9622
16502
3999
21338
8383
6888
433
6515
20892
18610
16677
17227
11628
69357
19093
21474
124817
17932
30896
30913
157100
93072
54054
9715
24230
100080
8009
31808
26951
106248
10143
4280
1701
18810
22317
15824
3822
6717
127525
27334
11792
13610
26957
2170
8877
45510
61362
151800
22648
17887
719
1486
331552
132559
4069
54666
65298
21749
17037
20830
143040
34690
64118
3121
19536
14489
5779
7234
16429
66936
7596
9999
20296
26674
27042
123620
65478
10588
16482
4190
453060
4425
8370
9460
19105
27161
63230
3295
91280
22284
26730
20483
19385
61158
17192
14857
27822
8652
21160
88450
16274
27674
1833
189784
11514
32385
17406
59208
17702
6216
297744
56048
5588
3650
176288
60118
65286
15134
15799
22521
2394
61008
423613
10343
1868
28602
4865
23152
7181
15627
34954
23548
33957
29416
27506
12071
11965
40178
59155
1642
1679
49028
10195
5418
41756
54348
18210
40578
22705
28372
47052
23499
3448
76974
48804
15112
16529
8205
17372
129140
193200
52378
22595
10168
14644
14019
35350
40180
14751
27922
4646
15510
55402
27304
23429
12799
3440
160920
10593
15148
21314
39102
223553
27661
4624
6465
1037
15180
10654
73644
6779
31176
17016
7562
12151
17564
11680
27292
5571
32154
22902
4933
3490
66471
12848
30287
25160
45066
51238
53943
84744
742
237
4432
1416
16622
21642
28638
21185
27198
2189
27320
28983
26153
28340
1723
7868
19194
51494
1596
13948
13885
20906
115350
29317
21126
10393
12334
18726
27119
17422
87188
29216
8401
1262
23081
48982
21697
7623
133686
14152
94008
28396
2162776
11472
16368
23316
27096
12009
1783740
39498
92514
7552
13852
17923
3672
36170
12987
13191
32058
22175
15994
57330
24296
1442554
18469
6713
46766
13093
260100
31535
50034
62568
21557
37308
34412
19557
18413
40080
39048
14762
28529
27247
27246
12172
1949700
31582
2344
17371
32099
19218
22647
78444
31496
64728
19596
21039
36945
3400
2733
18766
65452
16868
36300
119976
21249
20882
31696
18824
205056
94179
29108
137238
22955
21384
15236
137000
22127
42492
44772
22527
15542
31571
5584
1780
9807
46080
150780
29840
15291
16177
19105
24446
3703
99840
1048740
21612
32361
43500
65490
57500
14634
1532
23139
19048
343179
26384
34792
61688
18002
4987
104628
9449
32492
205576
8002
63723
5648
16717
8832
41114
338026
66402
25003
9997
6923
7578
12442
11379
19621
22708
32529
13979
6113
211225
35260
1417
45672
18824
31799
11131
21750
32110
36002
1120
22077
418096
28500
139480
14315
417519
32285
24824
81860
36846
31300
17746
31358
14120
89156
27579
208737
27532
9723
22332
3998
572460
11549
23269
25338
26783
16580
25437
27174
14018
11479
149030
45506
141856
78
24017
32689
41692
17147
13114
38865
17666
17864
21414
5152
7593
99974
9132
246
28059
30085
8290
10804
224775
13079
19000
4185
1289106
126072
29561
11304
43554
58734
32114
8464
24906
36276
9690
123968
7027
25360
30774
9725
19785
19970
244170
16214
3278
27150
51598
13578
28136
21620
3172
24843
20365
68520
18524
103992
6592050
21662
54006
8356
33764
42816
41556
19714
64762
28348
44100
227150
13201
89340
439
31057
155184
21015
54198
19074
226952
20613
2860
2286
28935
10986
2459
57430
14160
58455
64590
13263
52926
82796
11715
40850
15102
13411
104445
32495
8438
850
222
97256
31839
24960
38874
65436
10217
27034
26732
16217
11083
578
73944
24540
85848
46280
62654
816
91245
21274
18546
123390
1309182
13123
17056
129140
20940
5663
6621
47648
24779
16431
22666
28155
11381
30283
1929
8536
16498
13060
17515
5868
64422
22076
63724
30652
953
11010
13576
7892
22470
48996
14356
5209
24759
39066
1304
61882
27636
44905
14288
13521
81477
26477
4294
24819
40150
18158
24418
1827
28822
62465
23346
52878
151045
18283
30837
19602
40344
4218
1006
3022
31330
35772
18332
47650
26450
20594
6406
27073
34332
53370
55952
19146
31983
22147
168834
383084
16602
18593
30908
34006
59463
18796
32279
30788
30574
59794
143256
23541
64272
16781
9577
22230
22214
160750
201610
2999
27820
22569
25656
48003
25779
11548
24636
15059
56026
20201
10321
21296
139130
17755
1164450
9660
48
36530
29299
129545
14768
8524
28824
25139
44818
2664
19408
20643
20230
8913
7035
2818
25565
24555
2961
10453
12922
769
10794
6128
18256
90699
27728
29670
13696
22058
30216
12444
17814
205173
29085
181584
18530
13292
1677
3951
6636
31305
7548
3567
64302
451305
22765
13225
21502
18479
60360
7797
50166
49345
43977
7255
35480
21897
46208
3062
6376
3014
5223
1369
85320
4352
10479
108882
1586
14242
140166
35396
107120
3238
13509
26481
148666
22961
7151
2607
90264
349920
16188
22809
447314
7722
28483
3204
26038
208953
23184
5656
3880
7527
13889
23573
25004
26025
44349
29422
15070
93588
20296
14244
7917
8440
8195
62402
26848
22343
23218
26095
8045
110880
9434
22138
24717
10962
4608
6120
9656
22282
62114
20740
82464
14832
97104
4026
5740
12673
14694
23058
7931
87693
328050
65236
10683
62828
24973
9720
32386
6720
2562
41212
27884
25788
56826
22606
16077
12667
6995
6017
5081
11
36201
16242
19012
48816
17354
6017
6768
13056
12604
8197
25430
117716
79616
21906
13875
16729
85815
8408
242000
29333
25283
30868
12148
25531
7132
77034
7464
15133
58448
20292
31790
28461
6214
154005
8426
12183
4392
113280
11370
6458
86163
22786
6678
30897
809
21760
33825
88
135450
8694
730
21565
21852
9867
2799
392284
29502
17459
21813
29873
256607
3435
16081
894040
57762
5557
35062
28838
19140
5201
124800
17616
29397
11068
18133
16987
127060
3693
49533
10028
15784
1870
28352
3482076
40922
8434
17828
30400
17834
2920
5260
24158
27967
9261
61323
31155
7578
2204235
20444
3197
29520
3018
12542
107628
4935
3056
16683
13034
7656
557722
69013
7140
83552
12589
11075
241145
113700
32588
23280
49004
12920
62736
23749
24462
101736
27074
113400
15367
14083
32416
27046
4371
25950
23621
1278
24283
22856
1192
13486
20823
5871
22566
24208
72342
16843
129462
18682
86896
5932
31804
29163
15599
19714
14441
889
7878
11586
14435
4474
4699
49586
25440
3185
12385
2983
8688
5562
16802
4656
84618
16880
18586
26159
29280
3775
33446
6746
107884
34167
13186
18807
5249
178380
29411
7326
6414
38589
21410
31952
28230
3650
5200
15288
8179
3494
49437
16320
14621
26697
1248
32599
85036
68835
26538
22401
1146
86898
12841
2462
11548
25795
94719
27775
45734
9552
18953
7334
59576
78864
24996
28600
84204
116540
10700
114656
34153
31590
15107
1659
26603
5572
17944
22037
187817
1599
8575
27324
12971
42944
10328
12784
16518
284049
92382
4486
49110
89019
28377
15472
32131
175698
38516
30781
7349
5178
2060
19920
171010
24769
15944
17926
13466
96330
31391
32642
2851
8812
3347
21434
9515
12804
47948
10662
1927
21441
13496
2406
16767
10385
29132
24405
2244
157360
3977
9063
182238
249860
22326
18938
27590
380
9324
14818
29892
18907
19984
22965
33662
32192
77841
250504
2098
13990
23342
126048
82662
58674
90240
22774
6984
80260
18266
94896
35666
405795
94875
29794
1375234
23048
29041
4528
25297
158960
2704
30390
6267
26279
52104
13639
22619
15313
2386
31322
3064
14051
16352
9376
6475
56222
33634
14605
211527
1136
18426
32719
25066
15609
153
132905
588
4506
1697
16799
13126
17268
17283
23879
58426
24759
26223
44960
24239
21561
31725
9133
25781
385803
31060
18876
8506
5268
116345
5764
16475
289935
49300
2068
40574
26021
12927
20478
15961
24788
67684
28139
4061
7648
25846
26239
28288
13114
9292
60060
10355
4751
25639
31266
19105
110116
4414
94158
789845
87015
16660
4659
46118
428
8275
627120
34498
27019
19300
57372
25906
117312
27986
27047
28494
9741
16608
62865
14556
28977
81824
115428
19807
28700
23226
41136
31220
6178
8996
27939
22218
2195
24796
242
4546
82203
7419
2407
86052
4676
10203
53525
29966
10274
13763
4698
6306
38180
19770
60057
105
27066
8122
27299
10540
21350
25938
16849
13030
6068
40190
30318
31195
26106
10310
55090
548284
10502
3733
53103
27367
32103
18651
58966
200956
13626
22986
5331
26014
19975
9211
15966
30815
43998
11835
650417
23440
166288
104
80295
44301
45232
11660
21138
50212
7460
23864
3839
28315
16058
16794
27493
23997
7308
21341
24731
118630
4591
18480
18674
31706
18181
796
14646
22519
744
31202
8186
166500
27415
5268
117
376584
47178
25458
4802
237880
18334
18182
23549
10224
17213
341146
32641
44156
13644
4184
73707
88175
19034
24859
21986
57264
8227
19605
2449
23143
62769
25896
30984
5889
310995
96315
35650
43854
14643
32762
1659
45476
1798
13134
30571
44328
24999
18192
123708
24100
24894
27845
92967
28150
32402
13598
24570
38116
6137
14661
23696
16105
14210
13957
30061
13181
1633
14764
9188
1862
26216
85524
5385
31948
1009
11540
14881
30153
22800
45963
34128
34378
3578
31132
20446
17710
50526
52070
65320
22551
16672
46298
46180
18611
15700
6256
602364
19826
8923
27732
25548
16283
15219
19072
20676
12897
15097
160345
12535
29018
159445
50088
15460
5883
32024
27604
8214
2920
16074
61598
149814
296254
559
5820
29737
48381
74
6498
17850
22679
9224
47284
140982
22240
28885
879
32776
4880
31925
21602
7364
78310
39366
25178
29364
12124
17457
7270
16795
4805
28409
22125
9385
8128
22264
23174
58910
27907
12667
22436
975
3235
4979
239024
31078
10571
24459
34916
23840
8124
28093
30673
29281
20613
61554
86675
228
9730
39352
2121
58788
2713
25431
19843
7893
19251
2661
93135
4505
8697
5631
9784
11171
25936
15040
70012
5781
5910
323874
26104
22984
20509
1706
2259548
116030
17384
23184
140510
100280
22692
21682
20598
326469
3945
8185
3849
30570
72565
17085
25815
420912
12568
19525
51498
12942
17578
28548
64666
29486
1144
26404
58632
20048
23397
5139
14602
12907
27792
320940
19711
166008
26874
27978
14820
1133
54849
15609
24816
1412037
38370
540810
84007
19801
203560
87078
8394
487
54846
27990
31097
776
45906
12187
20276
69945
17995
13968
26773
8088
9141
6076
12764
90888
15548
31804
11660
130050
23768
26222
11080
165870
10410
11486
24810
12339
16049
1327680
16868
30472
21717
17358
12507
84471
1474
42024
582934
3620
68754
25273
12467
10197
18064
59778
41380
30630
32162
30272
28876
45720
32233
23664
23792
23485
124080
36780
21518
23632
30619
19249
3285
25415
11428
66447
2329830
4067
57520
6310
2787
8526
8656
1019711
9584
809
27822
1094201
33976
238875
6500
14223
2921
152964
47528
29464
1768
148145
13676
30943
66796
13346
32654
61820
38954
3069
147912
47652
237816
30867
5702
24937
139280
10792
400960
20082
3721
713678
45192
1824
752
32616
16826
42560
221403
930
2448600
14199
60414
6929741
16588
36130
17202
31431
15810
7214
11803
380835
702
25357
171808
165720
27875
15596
9411
31215
22638
6960
49
46738
22072
55980
29446
11925
27740
17259
918
50658
12573
14007
15787
67452
51564
17676
21471044
2847
7535
5067
17760
27693
13291
55338
28634
25008
28775
21988
11826
20214
13362
3067
16974
19909
23404
7485
22295
13077
106250
4617
15131
8751
7913
28639
16742
34323
19610
30284
25756
192868
3533
14896
4278
29271
61170
16302
29903
2970
76122
8651
26774
6569
8164
14698
23765
27048
6936
27118
156982
160122
29541
14626
26741
54348
365208
75300
11089
10533
31816
2439
28055
32343
532
45444
62607
126480
11550
20868
3018
86142
773
37068
5990
156550
31804
4117
31680
22424
18889
49070
265
7533
3899
5275
28367
5043
19692
17750
12516
13201
90984
7113
32369
12913
145265
18096
48810
5512
30867
365200
11203
3166
297236
17254
25115
38853
506628
20629
312653
35342
24759
22031
17369
5621
11326
32704
22308
19630
7570
26070
27544
30874
482
22444
570414
504189
22334
2040
21572
14655
16785
3174
28593
724736
32734
12617
21548
137832
23999
15876
10914
13412
23834
14254
29828
2352
5156
14231
20074
91341
31643
118599
45514
10163
10558
30606
25508
54778
12944
209160
28052
11989
291764
188896
5773
28245
14126
76815
23826
18297
30809
27364
18056
17445
16426
973
270620
44110
21671
81192
9625
10318
14655
29397
46212
19993
15173
6835
79812
59055
1708
27899
29022
23457
16132
13020
846
10163
22708
941483
20548
65088
35691
32510
5610909
4023
7742
19843
207448
287
16253
6075
41812
10914
11446
23428
54432
31705
38234
6919
42986
10840
23241
14054
21112
6396
29330
54948
15597
23156
382968
9322
25916
48475
27056
63870
13078
32194
21297
15336
254730
57868
435712
5945
27541
63368
98752
62354
43902
29001
11824
56684
22964
602800
14878
24996
3217
13374
13111
282271
28258
7790
16199
27203
28382
21687
3204
4941
26543
34360
6552
2581
36406
61419
36117
4553
24738
436744
43505
32187
3285
227538
396
15944
60780
152655
13285
12037
13857
311861
20389
4656
26276
243750
33156
77823
54021
12309
114155
126200
17523
18590
29580
1824
15379
17115
66300
1284
430
2980
25661
22246
87351
1636375
58037
21092
23670
14442
93524
31594
56544
32215
55254
105568
6315
15727
9557
25528
30060
40704
13463
16684
10934
11040
30278
11336
19894
127
16512
17025
25119
15981
190856
23303
617778
20270
12419
54418
160830
43883
18342
13009
19208
25029
38786
24207
42144
19495
5431
18308
6218
112608
23326
17839
38076
15226
15100
23660
3195
83127
10630
114528
64064
17719
30479
30865
9242
821259
6046
20623
17727
16979
10270
28585
31440
26196
91293
18477
364854
21368
15520
1746
193466
10205
21883
15709
30581
32387
24295
23152
27867
23919
9044
1697
31560
7174
32836
1065
6398
29661
107
9165
9501
10636
24522
31499
9314
16568
14589
18312
8979
56950
388000
44772
1228
27006
230184
12496
21655
46164
832
29650
18253
8044
77511
172968
14382
30899
114318
4582
20416
176462
22946
44342
16002
26628
19982
18957
30794
3833
17318
21562
2529
28488
60878
43170
25820
141
15510
31903
63220
13318
19773
32697
22602
29067
69
31467
24108
17686
27741
56736
7114
17296
44022
12177
16231
13022
1556
114
30330
216879
1305
14810
1357
22391
30261
12979
13528
42688
11343
41670
13023
13359
26136
29433
32914
3658
19512
28571
75532
7943
46
53342
18069
253190
332328
18760
93513
16436
26148
60570
29031
3076
125468
24580
246540
24480
1514
3318
11728
15440
130728
26470
22516
616
62992
28352
963
7752
10767
31774
45016
180968
981
46785
64304
318274
22259
4695
25487
31109
2178
2661624
32304
82796
24022
25158
10096
118376
26174
2412564
28477
2485
27645
31783
29940
10120
15684
25127
2864
3626
85974
31766
4924
91347
62364
11309
21068
13894
37646
39596
11654
319409
68886
7909
7006
25865
20156
24641
5360
13118
23402
12672
31894
32230
178884
22359
362028
49362
125470
143836
17934
21640
27850
9978
1956
13467
26682
35367
44667
28415
26899
4318
20822
12156
179333
130275
1576784
9164
112770
23316
14466
29284
46736
27639
31400
20285
32206
17884
27288
7649
8837
41058
2154240
48756
26189
127504
3967
195378
22864
60387
3750
19337
23006
18310
120064
24759
25893
50708
23024
5322
11313
14778
61083
14564
10534
687
31982
20512
174650
7245
1836
2450
30706
3334
32127
9314
78495
768128
6558
61730
23370
58895
6774
28732
12827
12262
2170
46852
28488
30518
35644
15898
11311
18536
22782
68184
7718
8129
164142
9912
62444
4170
145584
28153
57140
35762
86940
129385
59616
50910
13095
333839
95
74
22370
120252
786
23702
40692
77212
17845
16370
20699
22022
24742
28972
92040
32593
49596
2261
6808
47898
2615
30548
15277
26184
672
19908
19437
171
29712
11438
30583
2298
145578
3471
29328
79473
6092
1362618
18621
17496
12195
20900
2591
42524
62772
24285
29456
4846
37640
31056
921
21222
22071
18714
57110
11920
207207
3038
23777
19067
80988
31889
3157
23485
68528
38331
36992
54312
11277
29000
13750
49752
30793
75975
204552
9085
124780
9904
13725
21829
133940
56314
1364
855
5804
7469
3188
45813
28603
31552
32015
5054
26678
262
8682
146730
40275
23920
38816
1918
228998
8826
4574
28860
56770
26294
13466
74412
4618
24559
20088
42076
766
22884
21318
44304
55536
27683
72462
13926
400335
11009
27104
31277
25470
30630
58770
28037
27682
25900
15616
9290
18981
10844
5934
60352
26274
501381
14017
14320
53427
279010
115300
56451
5442
37688
7396
13696
11226
1986
3387
31653
32011
15929
57848
19134
2094
29192
17385
19580
24070
84786
8961
17157
4134
16262
9118
10096
14020
3985
2255
23203
12368
30233
58862
12053
22485
24765
26022
29789
17921
285
130488
7228
3748
27649
426
7914
47465
175648
32323
21832
13398
6149
41670
54506
14498
27792
29258
28739
14974
7326
23160
3613
20871
16674
20619
10948
27358
65184
217770
191416
171129
23633
37774
47620
25679
65246
28108
25151
451
47332
11982
15504
7496
20785
9629
39324
23712
4115
64376
56934
20746
181566
2687
73144
224714
1027080
51580
18732
7752
57400
1657
12069
20656
23753
9058
28066
30008
22429
22222
9074
17543
5035
20004
20954
38444
28163
24871
26424
65336
23718
15194
60972
47934
32428
27408
24774
27517
14771
15667
3996
1688
16936
24952
7105
3770
7965
53506
22143
56049
26531
246800
24190
2783
47628
23130
15630
59372
22162
10619
6043
759
22753
73701
3781
18293
245820
32104
810525
24328
111720
30263
15578
26263
10304
16765
18849
31533
76410
22812
7397
19378
13976
2076
155208
38150
28187
9034
25064
126156
1783
4124
609026
1461
24413
32141
144760
31173
137415
21503
21846
33996
1603
24145
12127
29946
15704
8702
702174
14643
32698
22826
576554
26547
24468
8959
1759
15660
20611
32332
58641
27507
3912
245043
44118
22198
62856
18962
9909
51082
1476
25932
6332
23619
30298
9337
31581
643
244017
25204
18064
24103
31540
28835
19056
25729
9054
21162
42156
