
126033
126029
126028
126008
126003
125998
125993
125983
125979
125977
125954
125951
125936
125922
125919
125903
125882
125879
125869
125868
125853
125852
125851
125850
125835
125825
125812
125810
125796
125771
125762
125750
125749
125748
125723
125720
125718
125710
125705
125704
125700
125696
125675
125672
125665
125662
125657
125649
125646
125636
125630
125623
125620
125613
125590
125570
125569
125567
125565
125561
125558
125554
125549
125520
125518
125512
125498
125493
125479
125473
125458
125421
125417
125415
125414
125411
125392
125391
125386
125385
125376
125369
125359
125343
125325
125281
125271
125263
125259
125251
125249
125247
125245
125218
125214
125210
125205
125180
125179
125178
125166
125159
125156
125153
125137
125135
125122
125115
125106
125102
125096
125071
125067
125062
125056
125052
125049
125044
125042
125040
125038
125037
125019
125011
125010
125004
124997
124995
124990
124989
124986
124984
124971
124938
124931
124929
124926
124905
124894
124891
124877
124871
124862
124843
124824
124822
124807
124804
124792
124784
124778
124768
124761
124750
124744
124743
124742
124723
124716
124714
124705
124704
124689
124676
124672
124666
124634
124621
124616
124611
124610
124568
124559
124555
124551
124547
124540
124538
124534
124519
124505
124503
124486
124483
124478
124474
124470
124443
124439
124435
124430
124423
124419
124395
124387
124380
124373
124354
124350
124317
124307
124306
124304
124288
124273
124272
124271
124268
124265
124259
124251
124241
124237
124224
124223
124222
124221
124212
124211
124196
124195
124185
124180
124172
124169
124152
124148
124128
124099
124084
124083
124081
124079
124077
124075
124070
124065
124061
124057
124050
124043
124042
124040
124024
124017
124009
124007
123998
123971
123951
123924
123915
123907
123896
123892
123891
123890
123889
123877
123860
123847
123838
123832
123828
123826
123800
123798
123776
123774
123755
123752
123738
123732
123718
123713
123698
123697
123696
123689
123687
123685
123684
123676
123668
123657
123654
123623
123622
123621
123620
123607
123605
123597
123590
123582
123577
123557
123548
123521
123477
123475
123473
123456
123450
123428
123417
123413
123409
123408
123405
123400
123391
123390
123376
123366
123359
123353
123352
123348
123340
123338
123336
123333
123317
123315
123297
123293
123288
123282
123272
123271
123266
123253
123241
123235
123233
123223
123221
123214
123213
123211
123186
123181
123178
123164
123159
123158
123154
123150
123146
123144
123110
123103
123102
123097
123087
123075
123072
123045
123026
122998
122993
122985
122972
122956
122949
122946
122940
122937
122933
122932
122930
122920
122905
122904
122863
122837
122835
122832
122821
122813
122809
122807
122783
122780
122767
122765
122764
122754
122750
122747
122737
122734
122732
122724
122711
122695
122692
122675
122674
122669
122657
122634
122628
122627
122626
122624
122614
122600
122595
122577
122574
122562
122551
122546
122540
122539
122537
122528
122521
122511
122494
122486
122481
122476
122461
122459
122458
122445
122435
122431
122414
122413
122411
122406
122404
122396
122382
122354
122348
122346
122335
122330
122329
122307
122285
122283
122268
122266
122259
122257
122255
122237
122232
122230
122229
122227
122194
122171
122170
122166
122165
122163
122160
122145
122136
122128
122125
122111
122106
122090
122083
122074
122042
122019
122007
121987
121984
121983
121981
121979
121978
121974
121973
121948
121943
121935
121929
121915
121914
121903
121887
121877
121863
121860
121859
121854
121852
121842
121825
121813
121810
121804
121790
121783
121769
121768
121766
121760
121756
121755
121750
121726
121725
121704
121699
121694
121683
121679
121678
121673
121669
121666
121662
121655
121651
121650
121636
121624
121623
121616
121608
121603
121578
121574
121569
121562
121549
121542
121538
121534
121527
121519
121511
121510
121508
121458
121434
121426
121420
121409
121400
121393
121389
121382
121375
121374
121336
121324
121308
121306
121277
121273
121263
121257
121256
121248
121243
121240
121239
121236
121230
121223
121216
121197
121196
121187
121184
121183
121164
121163
121152
121149
121148
121142
121140
121126
121120
121119
121111
121109
121105
121091
121052
121045
121034
121031
121026
120999
120989
120981
120971
120963
120953
120945
120939
120932
120925
120911
120891
120887
120884
120875
120873
120872
120869
120843
120839
120837
120827
120820
120816
120813
120809
120807
120805
120793
120792
120786
120782
120781
120776
120770
120761
120758
120742
120725
120720
120708
120705
120697
120687
120682
120680
120672
120648
120643
120633
120632
120631
120628
120597
120585
120572
120530
120521
120508
120506
120496
120486
120482
120481
120467
120457
120448
120406
120404
120389
120386
120380
120374
120366
120363
120351
120342
120340
120332
120321
120315
120312
120302
120295
120290
120289
120286
120273
120269
120260
120259
120253
120252
120249
120241
120238
120234
120229
120217
120212
120208
120205
120191
120186
120171
120160
120158
120152
120149
120148
120124
120108
120102
120088
120086
120078
120073
120059
120053
120028
120019
119985
119980
119977
119957
119955
119941
119938
119936
119919
119917
119915
119910
119908
119890
119883
119871
119867
119866
119860
119847
119841
119834
119830
119829
119821
119818
119816
119804
119802
119794
119793
119767
119760
119755
119750
119745
119734
119724
119718
119714
119698
119695
119641
119639
119623
119615
119610
119606
119598
119579
119564
119561
119552
119543
119535
119525
119508
119507
119499
119490
119479
119477
119470
119467
119454
119434
119433
119420
119415
119409
119408
119401
119399
119387
119376
119356
119354
119341
119339
119335
119322
119315
119313
119309
119279
119277
119272
119271
119261
119259
119246
119244
119228
119226
119217
119211
119205
119198
119194
119182
119170
119167
119152
119143
119138
119125
119123
119121
119112
119106
119094
119088
119085
119081
119075
119048
119045
119020
118999
118996
118991
118985
118980
118979
118972
118969
118956
118955
118941
118938
118935
118922
118921
118912
118905
118880
118858
118852
118849
118848
118846
118842
118828
118822
118820
118817
118812
118793
118792
118788
118768
118762
118746
118724
118722
118721
118716
118708
118699
118658
118651
118642
118641
118635
118628
118620
118618
118597
118585
118577
118567
118566
118551
118547
118542
118536
118530
118528
118525
118512
118501
118479
118477
118475
118469
118464
118462
118448
118430
118406
118403
118401
118395
118375
118365
118363
118352
118341
118331
118322
118319
118313
118312
118309
118301
118299
118281
118267
118266
118263
118261
118240
118231
118230
118229
118224
118217
118209
118205
118198
118197
118193
118172
118161
118159
118158
118152
118151
118137
118094
118092
118091
118088
118087
118084
118065
118062
118054
118016
118013
117997
117983
117974
117971
117961
117955
117944
117938
117916
117910
117907
117906
117880
117854
117847
117840
117838
117834
117804
117798
117783
117776
117775
117774
117768
117764
117758
117754
117746
117739
117718
117714
117702
117696
117694
117689
117684
117683
117675
117669
117667
117663
117658
117652
117638
117632
117626
117625
117610
117605
117602
117595
117579
117555
117540
117527
117519
117518
117501
117491
117476
117470
117460
117459
117449
117446
117439
117434
117428
117409
117403
117397
117395
117394
117368
117367
117366
117355
117349
117343
117335
117320
117303
117302
117280
117265
117240
117232
117230
117225
117219
117217
117214
117213
117199
117197
117194
117189
117173
117169
117156
117152
117151
117139
117125
117121
117107
117104
117102
117094
117084
117083
117070
117067
117058
117055
117054
117047
117038
117026
117007
117003
116997
116992
116991
116985
116970
116952
116910
116901
116889
116887
116880
116876
116868
116866
116861
116858
116856
116824
116801
116793
116784
116779
116774
116766
116762
116750
116740
116735
116713
116704
116696
116684
116676
116662
116651
116645
116643
116641
116633
116629
116621
116617
116613
116608
116607
116582
116578
116561
116556
116552
116547
116544
116541
116535
116520
116511
116509
116505
116484
116482
116481
116478
116477
116470
116460
116444
116433
116429
116413
116405
116397
116393
116383
116372
116370
116367
116366
116336
116335
116320
116315
116292
116291
116283
116276
116267
116266
116263
116234
116213
116197
116196
116193
116188
116183
116172
116129
116125
116110
116106
116104
116102
116096
116088
116078
116076
116066
116063
116060
116052
116044
116043
116040
116023
116021
116008
115996
115984
115978
115973
115965
115964
115939
115937
115918
115913
115908
115906
115896
115876
115857
115856
115842
115821
115816
115814
115813
115794
115782
115780
115775
115774
115768
115767
115764
115761
115759
115756
115753
115750
115743
115740
115716
115711
115697
115695
115690
115675
115673
115672
115665
115662
115654
115644
115642
115623
115621
115611
115593
115583
115581
115567
115549
115543
115534
115508
115507
115473
115457
115439
115427
115419
115417
115415
115411
115397
115393
115385
115380
115379
115354
115349
115342
115330
115325
115313
115310
115299
115287
115286
115284
115269
115251
115250
115244
115233
115231
115225
115220
115196
115189
115187
115180
115178
115166
115165
115164
115162
115155
115141
115134
115106
115097
115094
115090
115083
115081
115077
115073
115064
115060
115040
115034
115018
115014
114964
114960
114953
114944
114943
114940
114938
114933
114932
114928
114911
114903
114894
114887
114882
114881
114875
114870
114866
114858
114852
114842
114838
114824
114806
114802
114790
114789
114786
114779
114771
114770
114762
114745
114744
114742
114739
114737
114723
114707
114706
114692
114684
114666
114646
114631
114620
114587
114579
114578
114545
114537
114530
114525
114519
114515
114512
114495
114481
114468
114454
114445
114423
114422
114415
114413
114410
114403
114402
114397
114387
114369
114361
114360
114353
114351
114348
114328
114323
114321
114314
114312
114309
114307
114302
114294
114289
114282
114275
114271
114267
114263
114250
114247
114215
114211
114200
114185
114181
114152
114151
114150
114149
114145
114140
114139
114126
114119
114116
114106
114104
114099
114098
114091
114061
114046
114018
114016
114015
114014
114010
114007
114002
113981
113968
113958
113956
113948
113916
113912
113907
113898
113896
113879
113875
113872
113867
113861
113851
113811
113806
113800
113793
113784
113776
113772
113737
113736
113726
113711
113701
113692
113679
113678
113670
113649
113640
113638
113629
113628
113622
113615
113610
113607
113602
113597
113580
113578
113574
113573
113562
113550
113549
113540
113536
113532
113528
113523
113509
113507
113491
113481
113471
113457
113449
113446
113440
113435
113421
113412
113408
113407
113406
113405
113401
113389
113388
113378
113377
113375
113353
113348
113338
113336
113332
113324
113299
113298
113277
113273
113265
113262
113249
113231
113229
113225
113175
113168
113163
113148
113139
113133
113130
113124
113071
113069
113067
113064
113059
113058
113057
113053
113044
113037
113031
113024
113014
113013
112998
112984
112972
112969
112968
112965
112964
112949
112945
112936
112930
112922
112920
112911
112902
112883
112882
112879
112861
112853
112828
112823
112816
112793
112792
112774
112768
112751
112744
112731
112729
112711
112699
112695
112693
112692
112689
112685
112682
112672
112662
112658
112650
112649
112636
112633
112628
112600
112596
112580
112578
112565
112547
112546
112536
112529
112528
112525
112522
112514
112509
112497
112491
112489
112487
112484
112477
112472
112468
112454
112445
112440
112439
112426
112422
112409
112407
112391
112384
112382
112370
112355
112328
112318
112316
112295
112294
112292
112275
112267
112256
112250
112193
112190
112179
112175
112172
112169
112164
112160
112149
112147
112141
112135
112118
112093
112086
112080
112079
112060
112053
112046
112039
112037
112036
112030
112023
112022
112015
112012
112010
111987
111986
111980
111979
111965
111958
111957
111948
111945
111942
111931
111928
111922
111918
111916
111915
111899
111887
111882
111873
111867
111801
111787
111776
111762
111746
111743
111718
111714
111709
111705
111688
111687
111677
111670
111666
111665
111663
111656
111645
111636
111629
111613
111607
111589
111588
111587
111583
111566
111565
111562
111561
111534
111524
111523
111516
111508
111506
111503
111501
111494
111480
111474
111471
111459
111457
111454
111450
111446
111445
111420
111416
111410
111400
111399
111379
111378
111371
111352
111345
111329
111327
111313
111284
111281
111279
111277
111258
111251
111239
111231
111205
111199
111198
111193
111163
111148
111146
111144
111142
111133
111128
111120
111107
111106
111105
111101
111086
111081
111067
111060
111056
111051
111048
111045
111041
111038
111036
111035
111028
111010
111006
110978
110973
110966
110962
110955
110953
110911
110905
110903
110893
110890
110876
110875
110850
110848
110843
110835
110818
110811
110801
110799
110778
110774
110767
110758
110750
110748
110726
110723
110712
110707
110694
110683
110679
110669
110660
110657
110654
110649
110646
110640
110637
110628
110616
110604
110596
110594
110566
110560
110553
110551
110549
110548
110522
110504
110502
110494
110475
110474
110464
110454
110453
110452
110443
110436
110425
110415
110401
110397
110387
110386
110375
110372
110364
110357
110353
110351
110348
110345
110340
110336
110307
110302
110296
110286
110282
110280
110279
110257
110252
110238
110231
110212
110203
110197
110194
110189
110182
110179
110170
110157
110137
110125
110111
110099
110097
110062
110057
110053
110037
110014
110007
110005
109991
109990
109988
109984
109982
109964
109963
109953
109952
109950
109947
109944
109931
109909
109905
109895
109881
109869
109867
109864
109852
109830
109826
109823
109817
109794
109785
109780
109778
109777
109765
109750
109747
109745
109731
109729
109727
109726
109723
109718
109704
109699
109696
109691
109680
109674
109654
109646
109632
109629
109625
109622
109611
109601
109595
109584
109575
109563
109556
109549
109524
109493
109492
109485
109474
109460
109459
109435
109428
109424
109421
109410
109400
109394
109372
109361
109359
109356
109343
109320
109311
109310
109307
109288
109282
109281
109280
109278
109271
109268
109260
109257
109248
109244
109223
109222
109221
109217
109212
109209
109193
109186
109184
109178
109172
109164
109163
109156
109151
109116
109114
109107
109101
109093
109088
109070
109065
109061
109057
109051
109050
109043
109039
109026
109008
109002
108997
108978
108970
108944
108940
108926
108911
108905
108895
108889
108872
108853
108840
108839
108823
108811
108805
108796
108784
108782
108766
108752
108748
108741
108738
108735
108733
108696
108693
108692
108683
108679
108674
108667
108659
108658
108655
108653
108648
108642
108636
108633
108618
108615
108612
108609
108601
108599
108597
108592
108569
108535
108532
108521
108511
108501
108490
108487
108484
108478
108477
108447
108442
108433
108417
108409
108404
108398
108372
108368
108363
108353
108344
108342
108337
108335
108331
108329
108325
108323
108320
108309
108306
108304
108283
108261
108254
108251
108250
108234
108231
108215
108214
108209
108200
108197
108181
108156
108145
108144
108114
108110
108102
108096
108092
108076
108062
108058
108049
108046
108024
108020
107994
107987
107982
107975
107958
107954
107933
107919
107914
107908
107901
107894
107888
107879
107877
107875
107874
107871
107863
107852
107850
107847
107817
107813
107809
107796
107784
107781
107776
107775
107770
107768
107764
107760
107759
107755
107751
107750
107745
107743
107738
107735
107726
107706
107689
107688
107683
107680
107659
107649
107643
107642
107627
107596
107555
107551
107541
107533
107529
107523
107510
107501
107498
107494
107482
107478
107470
107439
107417
107416
107413
107410
107402
107399
107395
107393
107392
107384
107381
107375
107358
107355
107348
107337
107327
107326
107319
107311
107301
107296
107285
107275
107274
107270
107264
107253
107231
107215
107212
107206
107196
107155
107140
107139
107131
107129
107125
107118
107116
107105
107092
107087
107082
107059
107052
107047
107038
107026
107018
107012
107011
107007
106994
106992
106990
106972
106970
106966
106953
106952
106951
106944
106943
106941
106938
106934
106890
106888
106873
106869
106862
106845
106843
106835
106832
106818
106817
106810
106805
106786
106777
106763
106758
106755
106741
106738
106737
106736
106730
106692
106683
106677
106665
106662
106653
106642
106639
106636
106625
106604
106601
106587
106577
106553
106552
106548
106547
106540
106518
106516
106513
106493
106491
106490
106481
106476
106468
106457
106440
106439
106426
106421
106416
106414
106413
106412
106407
106406
106403
106387
106381
106370
106350
106338
106334
106333
106320
106289
106287
106285
106284
106268
106249
106241
106238
106225
106206
106169
106167
106166
106149
106142
106133
106124
106119
106118
106117
106112
106108
106099
106095
106092
106085
106073
106064
106056
106049
106044
106036
106030
106027
106026
106024
106009
106008
106007
105980
105964
105960
105909
105906
105891
105881
105877
105872
105865
105859
105856
105851
105849
105844
105839
105834
105830
105799
105788
105786
105783
105779
105772
105765
105763
105760
105723
105720
105714
105693
105685
105679
105677
105676
105671
105661
105657
105652
105646
105641
105635
105630
105618
105612
105595
105588
105571
105569
105567
105565
105564
105553
105552
105542
105521
105516
105515
105507
105506
105495
105461
105452
105440
105436
105434
105430
105415
105411
105403
105392
105380
105377
105363
105360
105344
105289
105286
105283
105281
105273
105265
105250
105242
105240
105230
105223
105219
105212
105192
105182
105169
105164
105150
105140
105133
105127
105124
105123
105117
105110
105108
105101
105099
105088
105077
105075
105074
105066
105064
105032
105029
105024
105018
105011
104991
104988
104977
104974
104964
104954
104944
104938
104935
104932
104929
104921
104919
104901
104890
104875
104868
104854
104839
104830
104829
104823
104819
104814
104809
104798
104790
104786
104781
104766
104765
104763
104750
104746
104733
104721
104718
104716
104705
104696
104688
104666
104653
104647
104638
104624
104619
104617
104611
104608
104600
104583
104554
104548
104539
104521
104507
104499
104493
104483
104482
104480
104477
104466
104454
104451
104449
104438
104436
104423
104422
104413
104408
104404
104389
104363
104353
104345
104341
104331
104315
104305
104302
104291
104273
104267
104258
104257
104255
104223
104218
104210
104202
104200
104199
104196
104194
104186
104175
104172
104170
104168
104167
104166
104159
104155
104141
104127
104122
104121
104115
104105
104092
104086
104077
104071
104066
104048
104043
104036
104020
104007
103992
103987
103961
103958
103943
103939
103930
103922
103920
103912
103897
103877
103872
103871
103854
103847
103842
103836
103827
103816
103808
103797
103792
103779
103777
103748
103739
103731
103725
103719
103712
103709
103698
103697
103679
103674
103662
103656
103650
103642
103638
103625
103618
103604
103602
103601
103597
103592
103581
103566
103562
103560
103558
103554
103536
103523
103520
103514
103510
103496
103493
103487
103486
103484
103469
103464
103463
103460
103446
103440
103398
103383
103375
103373
103353
103351
103331
103327
103311
103301
103293
103282
103277
103270
103264
103249
103244
103234
103223
103219
103213
103207
103201
103197
103190
103188
103174
103165
103158
103145
103133
103119
103116
103115
103110
103080
103077
103074
103070
103054
103051
103047
103045
103039
103031
103029
103009
102997
102989
102985
102984
102969
102959
102952
102943
102928
102926
102924
102904
102892
102887
102880
102875
102873
102853
102840
102836
102825
102821
102818
102817
102805
102804
102803
102796
102794
102790
102786
102780
102776
102757
102754
102740
102735
102726
102724
102721
102697
102655
102637
102625
102621
102620
102619
102612
102609
102585
102583
102578
102569
102560
102548
102534
102521
102508
102507
102506
102502
102491
102488
102466
102455
102450
102428
102422
102420
102372
102371
102368
102360
102358
102346
102342
102333
102323
102309
102303
102296
102295
102289
102287
102276
102273
102270
102268
102249
102237
102236
102227
102226
102223
102222
102221
102209
102196
102195
102190
102188
102186
102156
102147
102145
102136
102135
102133
102128
102116
102109
102098
102096
102052
102032
102027
102009
102005
101985
101983
101982
101976
101974
101971
101967
101955
101931
101923
101919
101911
101903
101890
101887
101882
101881
101868
101860
101851
101848
101834
101817
101806
101805
101804
101800
101796
101794
101791
101783
101780
101767
101758
101755
101742
101732
101721
101716
101708
101645
101638
101637
101628
101623
101608
101606
101595
101594
101591
101584
101579
101577
101550
101548
101545
101535
101519
101516
101507
101486
101474
101462
101461
101454
101447
101438
101420
101409
101398
101397
101387
101385
101379
101375
101374
101369
101362
101340
101339
101329
101322
101315
101297
101296
101291
101285
101282
101278
101261
101243
101233
101229
101215
101213
101196
101195
101188
101167
101154
101146
101145
101138
101133
101126
101121
101118
101103
101090
101084
101074
101069
101067
101053
101048
101040
101030
101025
101018
101004
100997
100984
100983
100979
100971
100970
100960
100959
100951
100950
100944
100939
100934
100932
100897
100894
100889
100886
100873
100872
100855
100854
100827
100817
100809
100798
100782
100777
100762
100713
100687
100681
100680
100678
100677
100668
100662
100660
100655
100654
100648
100637
100634
100631
100626
100619
100600
100590
100576
100571
100568
100564
100562
100561
100560
100553
100540
100532
100531
100504
100503
100498
100496
100472
100471
100456
100452
100434
100423
100421
100416
100406
100405
100401
100397
100382
100332
100329
100326
100322
100309
100308
100305
100299
100285
100278
100277
100273
100269
100260
100259
100243
100231
100214
100210
100198
100196
100195
100171
100168
100164
100162
100155
100144
100141
100127
100118
100111
100108
100101
100097
100092
100090
100085
100083
100067
100065
100037
100032
100023
100013
100008
99996
99992
99978
99969
99954
99941
99938
99925
99924
99919
99909
99893
99883
99841
99835
99811
99801
99800
99779
99777
99770
99765
99764
99753
99746
99722
99718
99703
99698
99691
99688
99678
99675
99673
99665
99659
99654
99653
99651
99644
99638
99632
99626
99604
99601
99599
99594
99590
99583
99576
99575
99562
99561
99554
99553
99548
99545
99544
99542
99519
99516
99511
99509
99504
99480
99471
99435
99412
99403
99370
99356
99355
99354
99348
99344
99341
99337
99322
99306
99303
99301
99299
99260
99256
99255
99252
99245
99240
99232
99229
99222
99214
99182
99169
99167
99157
99153
99150
99146
99143
99132
99130
99115
99112
99101
99091
99088
99082
99067
99042
99040
99035
99026
99022
99010
99007
99006
99004
99003
99002
98991
98990
98955
98948
98942
98941
98935
98931
98930
98896
98884
98872
98863
98861
98850
98847
98842
98841
98819
98813
98805
98802
98789
98785
98783
98780
98775
98760
98746
98724
98720
98714
98712
98699
98693
98691
98677
98674
98672
98654
98652
98651
98634
98619
98603
98589
98588
98555
98551
98537
98525
98520
98514
98503
98489
98488
98474
98469
98465
98462
98460
98457
98437
98436
98421
98413
98410
98388
98385
98382
98381
98379
98374
98352
98346
98344
98336
98334
98333
98331
98324
98303
98291
98287
98268
98263
98258
98255
98237
98224
98222
98212
98200
98195
98193
98191
98170
98169
98165
98163
98159
98156
98145
98140
98131
98122
98103
98095
98093
98085
98080
98076
98073
98071
98070
98046
98032
98013
97962
97956
97950
97948
97937
97926
97921
97913
97903
97897
97887
97882
97868
97864
97858
97842
97837
97828
97822
97805
97804
97802
97801
97798
97791
97784
97736
97732
97728
97727
97716
97709
97700
97699
97698
97697
97693
97672
97669
97667
97653
97641
97630
97627
97603
97586
97585
97582
97570
97548
97545
97541
97532
97519
97489
97488
97486
97477
97475
97467
97460
97458
97448
97439
97433
97432
97431
97427
97425
97418
97414
97408
97406
97404
97400
97399
97390
97380
97366
97347
97341
97333
97324
97320
97305
97299
97297
97278
97271
97251
97242
97237
97230
97219
97218
97208
97207
97206
97183
97174
97167
97136
97133
97130
97120
97114
97100
97093
97079
97070
97067
97065
97050
97049
97019
97017
96993
96992
96986
96984
96975
96923
96918
96913
96912
96910
96906
96896
96884
96879
96878
96873
96869
96854
96841
96839
96836
96830
96819
96811
96810
96809
96806
96791
96789
96767
96759
96758
96756
96755
96740
96738
96730
96727
96723
96710
96700
96691
96683
96669
96656
96647
96644
96616
96594
96590
96580
96576
96574
96566
96564
96559
96544
96543
96535
96513
96511
96509
96506
96499
96495
96485
96470
96468
96450
96430
96427
96426
96424
96409
96403
96389
96385
96370
96361
96349
96346
96307
96304
96303
96298
96291
96279
96273
96272
96253
96252
96247
96241
96239
96236
96232
96217
96214
96208
96202
96201
96164
96161
96150
96142
96141
96139
96134
96131
96129
96128
96126
96113
96086
96073
96070
96057
96049
96037
96029
96023
95991
95988
95984
95982
95970
95964
95951
95945
95939
95932
95928
95912
95906
95888
95886
95864
95847
95845
95841
95808
95807
95804
95800
95796
95793
95757
95756
95746
95745
95735
95733
95725
95715
95710
95709
95702
95698
95693
95692
95688
95687
95682
95655
95647
95646
95637
95635
95628
95627
95620
95593
95592
95576
95574
95570
95567
95566
95555
95536
95532
95513
95509
95491
95468
95457
95452
95427
95390
95382
95378
95377
95364
95358
95357
95349
95343
95338
95336
95335
95331
95326
95321
95309
95300
95299
95290
95281
95268
95263
95260
95254
95251
95247
95245
95237
95236
95235
95216
95188
95186
95184
95183
95178
95164
95158
95148
95147
95146
95127
95125
95124
95113
95109
95105
95104
95067
95056
95041
95023
95018
95015
95006
94966
94965
94937
94930
94915
94909
94908
94896
94893
94887
94868
94842
94827
94824
94822
94820
94810
94807
94802
94801
94786
94780
94769
94766
94763
94758
94744
94739
94725
94716
94707
94700
94694
94692
94690
94685
94683
94675
94674
94667
94663
94657
94650
94645
94637
94635
94631
94626
94625
94610
94599
94592
94589
94584
94564
94557
94523
94521
94510
94506
94505
94490
94481
94478
94462
94454
94452
94415
94402
94401
94394
94389
94385
94364
94363
94361
94359
94347
94334
94328
94311
94304
94301
94297
94290
94278
94275
94272
94270
94267
94254
94237
94227
94220
94215
94189
94187
94165
94142
94140
94134
94133
94103
94100
94088
94085
94084
94076
94067
94061
94044
94032
94022
94021
94019
93991
93989
93976
93968
93961
93958
93946
93934
93916
93910
93885
93884
93883
93878
93875
93868
93867
93862
93856
93853
93841
93839
93833
93830
93829
93824
93822
93815
93812
93799
93792
93789
93784
93783
93781
93780
93753
93738
93700
93685
93677
93656
93644
93643
93631
93618
93617
93603
93598
93594
93593
93588
93586
93583
93578
93576
93571
93558
93547
93537
93528
93527
93526
93507
93504
93478
93473
93470
93469
93462
93458
93451
93437
93426
93421
93413
93405
93400
93394
93392
93388
93386
93379
93316
93313
93290
93285
93265
93259
93235
93233
93228
93216
93204
93201
93176
93168
93167
93159
93147
93135
93129
93124
93122
93114
93111
93096
93095
93094
93091
93073
93068
93063
93056
93055
93052
93041
93030
93019
93018
93017
92999
92990
92977
92962
92945
92943
92933
92930
92926
92922
92919
92900
92895
92888
92879
92875
92874
92871
92850
92848
92842
92832
92819
92815
92814
92806
92799
92773
92772
92771
92763
92757
92751
92749
92747
92738
92726
92715
92665
92662
92661
92638
92629
92624
92620
92600
92599
92594
92592
92587
92571
92563
92556
92552
92550
92540
92532
92530
92521
92514
92511
92505
92502
92494
92466
92462
92454
92447
92443
92441
92375
92373
92358
92354
92341
92332
92329
92315
92314
92308
92304
92290
92279
92264
92260
92248
92245
92234
92231
92229
92218
92217
92205
92201
92200
92199
92190
92180
92178
92176
92170
92144
92137
92132
92129
92126
92124
92085
92081
92073
92072
92049
92048
92045
92043
92032
92030
92019
92011
91999
91971
91970
91968
91952
91950
91949
91933
91931
91913
91905
91903
91900
91896
91879
91874
91865
91859
91857
91838
91832
91831
91826
91817
91816
91803
91797
91796
91778
91769
91761
91751
91739
91701
91699
91696
91674
91663
91657
91643
91636
91625
91624
91622
91620
91612
91609
91607
91602
91601
91597
91596
91556
91546
91532
91528
91525
91522
91495
91489
91488
91478
91461
91451
91429
91420
91400
91395
91389
91372
91363
91361
91360
91357
91353
91349
91348
91342
91337
91326
91320
91317
91316
91313
91312
91306
91278
91277
91274
91271
91270
91258
91227
91223
91218
91212
91211
91208
91206
91190
91175
91147
91131
91130
91111
91100
91069
91065
91054
91050
91043
91042
91040
91022
91010
91002
90993
90981
90970
90949
90943
90942
90941
90936
90930
90927
90923
90912
90898
90897
90892
90889
90888
90875
90873
90871
90864
90861
90855
90842
90840
90839
90835
90832
90818
90817
90815
90802
90791
90789
90767
90752
90748
90743
90724
90718
90700
90699
90698
90663
90654
90646
90643
90615
90612
90602
90598
90594
90582
90580
90559
90557
90540
90535
90531
90530
90521
90515
90510
90504
90497
90486
90479
90474
90471
90443
90434
90431
90429
90418
90381
90374
90372
90361
90356
90347
90344
90336
90331
90319
90310
90303
90285
90283
90255
90249
90234
90233
90218
90195
90189
90182
90159
90158
90156
90148
90143
90133
90131
90130
90120
90114
90113
90111
90095
90094
90093
90085
90083
90082
90081
90080
90079
90066
90064
90062
90052
90043
90041
90037
90029
90021
90020
89995
89985
89965
89956
89952
89933
89931
89929
89903
89902
89896
89895
89884
89875
89862
89853
89836
89830
89822
89820
89806
89800
89798
89793
89773
89755
89752
89740
89728
89708
89707
89677
89673
89666
89664
89648
89647
89631
89624
89612
89608
89602
89587
89584
89582
89573
89572
89565
89556
89534
89532
89517
89509
89498
89489
89486
89473
89465
89461
89454
89434
89433
89426
89421
89419
89395
89377
89369
89364
89362
89359
89351
89336
89334
89333
89332
89330
89326
89321
89316
89287
89286
89278
89265
89252
89247
89235
89229
89217
89210
89198
89197
89184
89183
89161
89160
89156
89143
89139
89136
89128
89121
89120
89117
89115
89109
89099
89094
89091
89076
89075
89043
89037
89031
89027
89018
89015
88981
88973
88971
88965
88964
88954
88934
88910
88907
88902
88896
88889
88886
88885
88884
88871
88848
88836
88831
88828
88822
88808
88790
88786
88765
88764
88734
88730
88724
88712
88703
88700
88694
88693
88687
88680
88678
88668
88658
88639
88634
88629
88625
88622
88618
88615
88614
88600
88577
88574
88570
88569
88566
88563
88528
88517
88512
88505
88489
88477
88458
88454
88453
88448
88437
88433
88429
88417
88410
88409
88399
88391
88387
88380
88370
88367
88361
88355
88353
88340
88332
88326
88323
88306
88300
88276
88272
88271
88263
88255
88239
88231
88224
88201
88195
88183
88163
88157
88155
88147
88136
88107
88100
88095
88091
88078
88071
88067
88061
88057
88051
88049
88026
88025
88015
88010
88006
88004
87997
87992
87990
87989
87979
87970
87967
87960
87941
87934
87930
87924
87916
87913
87899
87898
87889
87874
87867
87864
87859
87847
87828
87824
87817
87813
87812
87800
87796
87757
87744
87718
87714
87709
87700
87676
87674
87662
87660
87659
87657
87651
87647
87642
87626
87625
87618
87614
87590
87588
87571
87568
87555
87548
87528
87522
87520
87515
87513
87507
87502
87493
87490
87470
87466
87456
87449
87448
87424
87417
87414
87408
87398
87390
87363
87361
87345
87341
87333
87329
87326
87325
87305
87287
87279
87271
87265
87256
87252
87240
87238
87227
87219
87207
87202
87197
87178
87176
87173
87163
87152
87147
87141
87129
87124
87116
87106
87101
87078
87072
87066
87062
87057
87055
87046
87045
87044
87039
87033
87030
87026
87019
87007
87006
86999
86997
86988
86973
86953
86931
86926
86924
86922
86907
86892
86862
86849
86835
86830
86828
86826
86823
86818
86817
86810
86805
86801
86792
86787
86777
86759
86754
86741
86733
86726
86723
86702
86699
86698
86686
86668
86660
86657
86656
86631
86600
86591
86581
86572
86560
86557
86545
86535
86534
86530
86516
86513
86498
86494
86488
86486
86483
86463
86447
86433
86426
86419
86417
86416
86415
86397
86395
86386
86385
86380
86375
86373
86365
86338
86335
86329
86327
86314
86305
86300
86298
86295
86280
86223
86221
86220
86216
86208
86207
86205
86204
86200
86199
86196
86194
86188
86177
86167
86165
86162
86153
86144
86139
86118
86063
86058
86051
86044
86041
86039
86021
86019
86013
86008
85993
85990
85979
85976
85966
85965
85946
85942
85930
85928
85925
85919
85916
85900
85895
85894
85884
85879
85851
85828
85820
85816
85789
85786
85778
85772
85770
85769
85763
85761
85759
85746
85741
85734
85724
85712
85700
85684
85670
85655
85651
85650
85634
85631
85614
85605
85592
85587
85578
85576
85561
85543
85541
85522
85519
85512
85510
85499
85478
85476
85471
85468
