
126
126
126
125
124
123
122
121
120
120
120
119
118
117
116
115
114
114
112
112
111
110
110
110
108
108
106
105
105
105
104
102
102
100
100
99
99
98
98
96
96
95
94
93
92
91
90
90
90
88
88
87
86
85
84
84
84
82
81
80
80
78
78
77
77
76
75
75
74
72
72
70
70
70
69
68
66
66
66
65
64
63
63
62
60
60
60
58
57
56
56
55
55
54
54
52
51
50
50
49
48
48
46
45
45
44
44
42
42
42
40
40
39
38
36
36
35
35
34
33
33
32
30
30
30
28
28
27
26
25
24
24
22
22
21
21
20
20
18
18
16
15
15
14
14
12
12
11
10
10
9
8
7
6
6
5
4
3
2
0
0
0
0
0
0
0
0
0
0
0
0
0
0
0
0
0
0
0
0
