
185638
185633
185630
185612
185589
185580
185579
185550
185546
185526
185520
185502
185498
185497
185489
185470
185465
185461
185458
185449
185442
185430
185422
185417
185393
185385
185383
185379
185377
185329
185317
185311
185304
185295
185261
185248
185203
185188
185175
185172
185156
185093
185080
185075
185073
185064
185049
185047
185028
185018
185010
185007
184984
184954
184945
184942
184933
184923
184917
184915
184908
184907
184904
184882
184871
184867
184852
184821
184804
184801
184790
184783
184750
184747
184746
184725
184719
184717
184716
184708
184697
184673
184665
184658
184653
184650
184647
184589
184560
184549
184547
184497
184496
184490
184480
184452
184445
184439
184436
184421
184419
184410
184402
184379
184376
184366
184363
184352
184350
184340
184326
184313
184305
184296
184264
184236
184201
184172
184170
184162
184160
184158
184144
184129
184121
184107
184097
184094
184064
184038
184027
184022
184011
183995
183985
183983
183974
183951
183942
183931
183929
183904
183903
183874
183847
183821
183814
183806
183800
183791
183780
183767
183758
183754
183753
183730
183729
183727
183722
183718
183703
183676
183664
183662
183652
183643
183638
183631
183624
183609
183603
183594
183529
183521
183519
183518
183495
183467
183450
183448
183420
183419
183401
183371
183353
183345
183335
183327
183310
183293
183288
183286
183272
183250
183248
183244
183214
183209
183204
183201
183199
183194
183188
183163
183121
183115
183111
183098
183097
183083
183076
183056
183055
183049
183044
183022
183013
183009
182985
182976
182961
182922
182898
182881
182864
182841
182838
182834
182798
182790
182781
182778
182771
182767
182763
182759
182722
182715
182706
182699
182676
182640
182629
182626
182616
182591
182584
182555
182554
182552
182550
182548
182533
182531
182529
182517
182513
182493
182487
182477
182475
182451
182437
182436
182428
182424
182416
182401
182383
182380
182367
182361
182354
182344
182340
182307
182262
182260
182253
182227
182213
182200
182197
182188
182174
182113
182102
182084
182071
182035
182025
182023
181995
181962
181950
181940
181926
181907
181898
181892
181883
181879
181876
181874
181858
181855
181839
181835
181825
181824
181808
181797
181796
181794
181784
181778
181775
181769
181750
181742
181738
181733
181722
181716
181710
181680
181678
181664
181655
181620
181613
181611
181577
181559
181551
181539
181529
181505
181504
181486
181484
181456
181454
181441
181438
181436
181428
181400
181382
181353
181351
181336
181333
181327
181296
181292
181289
181216
181188
181155
181118
181114
181113
181106
181105
181070
181060
181055
181051
181043
181042
181037
181023
181021
181015
181010
181005
181004
180995
180991
180957
180954
180948
180923
180919
180892
180882
180877
180872
180858
180853
180841
180829
180803
180795
180786
180775
180767
180759
180745
180737
180722
180717
180715
180707
180693
180672
180663
180662
180640
180620
180611
180606
180605
180602
180549
180493
180469
180457
180453
180442
180425
180424
180407
180378
180364
180363
180362
180357
180351
180345
180334
180318
180316
180314
180312
180296
180286
180265
180240
180237
180226
180223
180166
180157
180150
180143
180132
180124
180122
180117
180116
180109
180086
180082
180061
180042
180037
180015
179946
179930
179908
179904
179893
179889
179868
179862
179856
179837
179806
179799
179792
179789
179785
179781
179768
179750
179747
179742
179731
179726
179724
179696
179691
179680
179660
179658
179635
179629
179602
179598
179596
179586
179585
179577
179569
179556
179524
179512
179511
179489
179467
179460
179459
179456
179436
179434
179414
179409
179405
179394
179377
179371
179365
179355
179344
179336
179325
179301
179297
179252
179249
179237
179231
179205
179177
179174
179164
179163
179131
179102
179064
179063
179031
179018
178983
178978
178969
178967
178950
178949
178946
178924
178908
178906
178899
178895
178852
178843
178842
178838
178835
178811
178791
178790
178789
178778
178755
178738
178728
178720
178715
178709
178708
178686
178679
178675
178668
178664
178652
178649
178632
178607
178593
178591
178563
178558
178557
178556
178549
178528
178495
178470
178463
178420
178408
178405
178382
178380
178368
178366
178363
178345
178331
178325
178320
178312
178311
178288
178287
178286
178278
178268
178263
178235
178211
178205
178159
178157
178128
178119
178115
178099
178074
178054
178051
178050
178036
178031
178030
177992
177987
177980
177962
177959
177939
177928
177923
177895
177862
177849
177833
177814
177809
177805
177790
177772
177768
177757
177748
177731
177714
177693
177682
177676
177672
177669
177654
177645
177639
177609
177603
177593
177587
177584
177583
177580
177577
177562
177519
177483
177466
177440
177439
177434
177406
177400
177389
177388
177386
177374
177367
177360
177358
177353
177336
177335
177332
177313
177306
177275
177264
177258
177254
177253
177250
177236
177181
177171
177154
177150
177148
177138
177098
177093
177089
177081
177075
177066
177017
176999
176978
176976
176961
176945
176940
176934
176908
176897
176896
176891
176874
176870
176865
176863
176837
176834
176821
176798
176776
176742
176734
176722
176697
176661
176653
176652
176643
176633
176630
176621
176617
176600
176577
176575
176564
176552
176547
176541
176515
176513
176510
176487
176486
176485
176480
176469
176465
176448
176409
176398
176381
176362
176331
176326
176311
176305
176301
176288
176287
176277
176262
176260
176244
176214
176205
176200
176156
176155
176151
176142
176137
176124
176122
176112
176109
176103
176101
176094
176091
176033
176020
175994
175987
175973
175969
175967
175958
175957
175951
175934
175920
175885
175882
175860
175832
175826
175823
175791
175751
175748
175747
175734
175717
175694
175676
175654
175653
175651
175650
175626
175624
175613
175612
175610
175591
175581
175566
175553
175531
175529
175520
175514
175501
175472
175471
175436
175407
175400
175377
175371
175369
175352
175348
175346
175343
175340
175332
175324
175319
175299
175270
175268
175256
175250
175249
175248
175222
175219
175207
175195
175188
175187
175176
175165
175143
175123
175051
175030
175027
175026
175007
175001
174995
174983
174980
174974
174952
174919
174912
174889
174883
174880
174873
174867
174860
174848
174834
174823
174802
174788
174780
174744
174739
174717
174714
174698
174672
174666
174652
174610
174605
174591
174577
174563
174560
174557
174552
174549
174543
174523
174518
174504
174497
174489
174480
174479
174476
174475
174454
174450
174438
174423
174417
174416
174414
174404
174399
174365
174307
174282
174274
174269
174252
174249
174248
174239
174236
174232
174178
174165
174145
174144
174132
174113
174110
174103
174090
174085
174065
174060
174052
174031
174001
173998
173991
173989
173951
173935
173927
173925
173920
173906
173866
173862
173852
173848
173843
173809
173801
173794
173787
173753
173746
173742
173723
173721
173705
173691
173670
173666
173665
173653
173646
173634
173611
173607
173571
173570
173557
173554
173548
173544
173513
173508
173482
173481
173478
173469
173459
173446
173441
173425
173353
173345
173326
173312
173308
173302
173301
173289
173287
173279
173261
173237
173231
173230
173223
173208
173182
173180
173171
173152
173147
173144
173140
173135
173126
173119
173093
173090
173068
173026
173025
173008
173004
172996
172988
172985
172965
172961
172950
172949
172944
172942
172929
172926
172843
172838
172833
172830
172814
172799
172794
172772
172769
172750
172747
172743
172737
172730
172694
172676
172650
172635
172596
172560
172549
172539
172521
172511
172493
172483
172481
172474
172446
172443
172434
172432
172426
172410
172408
172379
172378
172376
172362
172354
172353
172340
172330
172317
172299
172288
172287
172256
172255
172246
172229
172211
172210
172203
172187
172185
172179
172177
172152
172137
172126
172124
172116
172115
172078
172068
172060
172059
172025
172018
172016
172007
171986
171979
171958
171952
171943
171932
171895
171892
171867
171865
171860
171853
171841
171839
171819
171797
171795
171792
171746
171745
171743
171633
171615
171608
171606
171603
171601
171597
171589
171578
171572
171566
171540
171530
171528
171522
171508
171499
171487
171484
171478
171471
171448
171443
171435
171433
171423
171407
171368
171355
171302
171287
171281
171268
171262
171245
171228
171225
171224
171220
171199
171197
171192
171191
171189
171184
171159
171146
171132
171122
171121
171113
171109
171082
171044
171042
171033
171015
170975
170966
170965
170961
170942
170936
170934
170928
170914
170901
170896
170890
170869
170845
170833
170831
170789
170786
170779
170774
170768
170750
170718
170709
170706
170699
170696
170677
170659
170644
170604
170599
170587
170558
170542
170538
170534
170521
170516
170508
170507
170487
170479
170477
170464
170460
170452
170445
170419
170403
170396
170380
170362
170361
170357
170348
170343
170325
170321
170310
170304
170269
170196
170192
170184
170173
170160
170147
170138
170118
170115
170067
170064
170060
170059
170056
170035
170033
170015
170007
169998
169997
169992
169986
169970
169965
169949
169947
169945
169927
169925
169890
169878
169877
169864
169862
169820
169798
169795
169784
169761
169741
169726
169703
169684
169677
169642
169634
169609
169602
169597
169596
169573
169572
169568
169538
169536
169535
169513
169512
169499
169491
169490
169486
169469
169461
169451
169446
169417
169415
169412
169406
169404
169391
169384
169380
169357
169350
169341
169323
169295
169287
169261
169250
169231
169225
169216
169205
169197
169180
169171
169163
169154
169152
169126
169116
169105
169096
169084
169081
169078
169076
169021
168975
168965
168964
168954
168942
168941
168938
168923
168883
168811
168774
168759
168742
168715
168708
168706
168702
168701
168688
168681
168667
168664
168661
168660
168653
168647
168635
168624
168615
168607
168604
168590
168573
168568
168566
168555
168554
168535
168530
168514
168503
168493
168492
168485
168470
168465
168450
168439
168418
168411
168384
168379
168373
168338
168322
168318
168305
168287
168272
168271
168258
168250
168246
168240
168232
168224
168221
168213
168181
168177
168167
168158
168149
168140
168135
168093
168054
168053
168046
168044
168033
168018
168014
167983
167946
167937
167918
167913
167896
167894
167892
167881
167877
167857
167841
167795
167770
167753
167741
167728
167723
167702
167656
167643
167642
167631
167624
167619
167577
167551
167550
167539
167527
167507
167498
167496
167494
167484
167479
167473
167472
167463
167459
167458
167453
167447
167444
167420
167416
167398
167394
167390
167370
167367
167366
167346
167335
167327
167324
167297
167291
167279
167258
167233
167229
167222
167220
167219
167210
167185
167175
167145
167144
167124
167116
167110
167092
167069
167067
167066
167054
167022
167020
167014
167012
166995
166968
166939
166923
166904
166895
166888
166887
166873
166844
166838
166808
166786
166775
166756
166744
166729
166722
166713
166672
166663
166659
166654
166652
166630
166629
166615
166573
166572
166557
166553
166542
166540
166531
166521
166509
166499
166488
166485
166483
166433
166432
166423
166391
166350
166339
166328
166324
166313
166311
166309
166291
166282
166275
166255
166246
166240
166231
166227
166204
166195
166188
166185
166181
166180
166137
166136
166132
166127
166117
166104
166097
166090
166089
166057
166041
166032
166004
165991
165981
165971
165969
165963
165915
165911
165906
165898
165869
165865
165849
165845
165842
165840
165832
165827
165822
165802
165800
165783
165776
165758
165756
165753
165744
165738
165725
165689
165658
165647
165628
165616
165558
165536
165512
165502
165497
165476
165450
165444
165436
165423
165422
165420
165402
165400
165370
165362
165357
165340
165335
165316
165286
165280
165270
165250
165241
165224
165220
165201
165197
165188
165149
165146
165144
165137
165121
165119
165113
165111
165105
165081
165078
165074
165070
165043
165036
165029
165026
165021
164993
164982
164979
164971
164968
164960
164954
164946
164929
164925
164912
164891
164885
164879
164876
164869
164868
164834
164797
164778
164747
164741
164735
164686
164675
164651
164649
164634
164633
164603
164600
164593
164589
164573
164566
164550
164537
164521
164511
164506
164505
164501
164488
164483
164469
164467
164458
164433
164390
164381
164376
164347
164302
164295
164269
164247
164238
164227
164212
164203
164200
164199
164192
164182
164167
164162
164161
164159
164142
164137
164136
164132
164106
164099
164095
164059
164058
164034
163999
163983
163980
163975
163958
163950
163940
163932
163929
163928
163920
163916
163882
163876
163866
163834
163831
163822
163806
163797
163779
163777
163767
163755
163746
163734
163726
163723
163718
163705
163696
163670
163650
163619
163615
163582
163575
163539
163515
163512
163508
163504
163460
163459
163458
163457
163453
163442
163441
163423
163418
163385
163379
163360
163355
163336
163333
163319
163313
163284
163267
163260
163244
163237
163214
163213
163208
163178
163159
163157
163128
163123
163122
163103
163093
163082
163078
163076
163070
163069
163050
163040
163038
163028
163023
163011
162985
162978
162967
162963
162954
162919
162909
162898
162884
162866
162857
162854
162848
162835
162820
162793
162769
162755
162726
162717
162663
162659
162632
162619
162609
162606
162588
162580
162576
162575
162573
162559
162558
162554
162542
162524
162511
162494
162492
162484
162480
162472
162456
162449
162411
162385
162370
162361
162356
162353
162339
162330
162321
162291
162259
162248
162245
162228
162216
162200
162195
162193
162182
162181
162158
162157
162141
162135
162131
162122
162121
162104
162101
162093
162092
162084
162080
162047
162021
162010
161998
161993
161974
161965
161963
161945
161937
161931
161914
161871
161867
161861
161852
161841
161803
161800
161797
161791
161775
161764
161744
161737
161712
161694
161657
161655
161652
161646
161598
161589
161557
161533
161520
161514
161490
161489
161468
161465
161447
161446
161440
161436
161434
161432
161420
161394
161389
161368
161335
161332
161329
161318
161308
161284
161265
161261
161260
161259
161247
161241
161231
161230
161223
161212
161205
161188
161186
161164
161152
161148
161140
161126
161121
161102
161067
161057
161056
161055
161045
161038
161003
161002
160999
160994
160991
160990
160943
160934
160916
160911
160876
160848
160847
160836
160826
160825
160810
160805
160784
160721
160717
160714
160706
160671
160667
160644
160623
160616
160589
160578
160571
160548
160547
160542
160539
160529
160527
160522
160517
160505
160494
160491
160488
160485
160484
160449
160438
160431
160427
160377
160363
160342
160337
160336
160318
160312
160297
160267
160245
160234
160229
160228
160227
160215
160213
160197
160182
160174
160162
160116
160115
160104
160095
160054
160043
160030
160011
160006
159997
159989
159983
159970
159963
159962
159952
159940
159935
159906
159893
159872
159862
159828
159823
159822
159810
159805
159794
159789
159788
159772
159770
159767
159761
159745
159733
159731
159727
159696
159662
159660
159632
159624
159621
159618
159614
159611
159578
159573
159555
159551
159525
159520
159501
159466
159461
159435
159427
159425
159422
159400
159373
159331
159301
159290
159286
159276
159274
159256
159251
159246
159244
159238
159213
159212
159189
159183
159168
159151
159139
159127
159114
159096
159095
159082
159065
159061
159058
159049
159041
159029
159002
158990
158987
158974
158970
158967
158964
158956
158940
158930
158903
158899
158885
158859
158839
158838
158832
158828
158816
158799
158784
158774
158773
158737
158725
158702
158669
158640
158634
158623
158614
158603
158588
158587
158580
158564
158560
158541
158532
158523
158514
158486
158485
158465
158461
158456
158453
158426
158418
158414
158413
158353
158343
158339
158336
158328
158288
158274
158273
158263
158259
158255
158254
158239
158213
158210
158198
158195
158187
158180
158168
158155
158149
158146
158145
158107
158088
158085
158068
158060
158057
158049
158028
158016
157979
157968
157961
157957
157945
157930
157928
157886
157871
157860
157818
157806
157773
157767
157759
157755
157743
157741
157729
157725
157710
157699
157692
157690
157687
157645
157632
157621
157615
157603
157595
157569
157568
157548
157527
157526
157516
157510
157497
157482
157478
157476
157461
157456
157416
157407
157404
157400
157398
157392
157375
157374
157334
157331
157318
157312
157302
157297
157280
157245
157234
157220
157202
157193
157174
157149
157147
157130
157104
157099
157090
157073
157064
157032
157024
157016
157015
157009
157005
157001
156999
156993
156983
156959
156946
156931
156926
156919
156914
156911
156889
156876
156871
156862
156857
156818
156811
156809
156808
156773
156766
156742
156712
156699
156692
156689
156684
156681
156668
156657
156654
156626
156613
156578
156544
156536
156529
156528
156523
156479
156477
156407
156395
156387
156380
156370
156369
156337
156331
156323
156320
156305
156303
156299
156297
156292
156291
156283
156255
156230
156213
156212
156208
156206
156166
156146
156137
156136
156130
156129
156125
156116
156112
156107
156106
156097
156083
156072
156030
156023
156013
156005
156004
156002
155996
155990
155983
155980
155942
155937
155929
155907
155892
155862
155852
155850
155842
155826
155802
155781
155776
155774
155743
155724
155712
155710
155687
155681
155655
155622
155587
155578
155547
155542
155532
155523
155497
155476
155475
155463
155457
155441
155415
155408
155396
155386
155385
155373
155360
155343
155339
155338
155335
155328
155321
155314
155311
155308
155304
155287
155271
155265
155264
155263
155260
155244
155229
155225
155206
155192
155190
155185
155169
155143
155106
155097
155090
155056
155041
155039
155033
155023
154989
154974
154950
154929
154922
154921
154901
154888
154876
154870
154857
154854
154851
154811
154790
154784
154724
154720
154711
154706
154679
154677
154674
154673
154663
154650
154649
154625
154618
154605
154600
154596
154585
154572
154569
154562
154559
154544
154535
154525
154519
154502
154483
154451
154428
154420
154392
154389
154386
154377
154366
154361
154358
154356
154354
154352
154348
154338
154331
154324
154310
154252
154234
154220
154214
154194
154190
154175
154171
154151
154146
154124
154117
154113
154098
154093
154090
154051
154013
153976
153959
153955
153930
153917
153901
153897
153875
153869
153866
153853
153851
153831
153827
153822
153821
153801
153800
153772
153753
153728
153722
153712
153710
153679
153675
153671
153668
153642
153627
153625
153619
153605
153598
153580
153544
153538
153530
153527
153519
153516
153475
153473
153465
153451
153444
153433
153418
153414
153402
153401
153397
153389
153388
153383
153368
153365
153352
153349
153348
153342
153317
153294
153285
153283
153279
153267
153204
153197
153150
153147
153144
153123
153083
153078
153058
153054
153048
153042
153031
153029
153024
153020
153002
152995
152992
152973
152963
152961
152914
152901
152884
152875
152850
152838
152818
152786
152771
152759
152740
152733
152731
152728
152711
152706
152704
152691
152678
152670
152644
152614
152598
152588
152564
152554
152541
152536
152527
152483
152480
152468
152467
152464
152453
152447
152442
152435
152428
152415
152413
152412
152396
152378
152376
152365
152359
152356
152353
152349
152339
152325
152315
152309
152281
152262
152255
152234
152230
152227
152214
152200
152196
152180
152168
152157
152151
152137
152129
152125
152117
152098
152092
152030
152020
151950
151943
151936
151933
151932
151927
151912
151891
151885
151876
151851
151831
151819
151794
151731
151726
151721
151709
151707
151702
151694
151677
151657
151652
151649
151648
151635
151626
151625
151623
151605
151572
151557
151544
151532
151527
151520
151511
151508
151501
151495
151493
151476
151469
151439
151435
151432
151430
151427
151425
151416
151413
151400
151386
151382
151369
151350
151341
151329
151326
151286
151283
151226
151216
151190
151168
151167
151129
151111
151108
151104
151093
151080
151064
151059
151043
151017
150998
150993
150990
150971
150951
150943
150937
150914
150908
150878
150857
150852
150846
150844
150834
150829
150824
150818
150812
150795
150790
150781
150756
150752
150749
150735
150724
150716
150715
150708
150678
150655
150651
150643
150638
150633
150632
150609
150574
150573
150562
150560
150558
150547
150526
150514
150505
150498
150489
150482
150474
150458
150429
150412
150399
150341
150318
150317
150315
150308
150294
150289
150271
150265
150260
150243
150200
150182
150157
150125
150110
150087
150086
150079
150049
150047
150035
150027
150017
150014
150008
150006
149987
149967
149962
149955
149947
149938
149924
149920
149917
149903
149890
149888
149886
149885
149880
149836
149821
149797
149793
149786
149785
149770
149762
149741
149715
149691
149687
149678
149677
149665
149655
149641
149630
149626
149621
149619
149617
149616
149599
149577
149569
149562
149552
149550
149534
149532
149530
149495
149481
149467
149449
149422
149416
149406
149404
149386
149359
149343
149332
149313
149278
149256
149227
149224
149220
149206
149199
149192
149189
149186
149156
149129
149125
149090
149066
149039
149035
149028
149016
148983
148963
148951
148940
148924
148919
148918
148911
148905
148894
148890
148889
148878
148864
148860
148856
148833
148806
148799
148774
148752
148748
148743
148737
148733
148725
148717
148709
148698
148679
148678
148668
148650
148648
148640
148631
148612
148606
148601
148600
148577
148565
148563
148562
148561
148553
148539
148504
148493
148479
148474
148464
148440
148433
148417
148416
148413
148395
148391
148376
148375
148372
148344
148323
148308
148263
148242
148236
148213
148211
148181
148140
148129
148114
148095
148066
148064
148060
148047
148046
148045
148033
148008
147986
147983
147959
147956
147951
147947
147932
147911
147899
147898
147874
147857
147841
147832
147802
147800
147780
147755
147737
147732
147723
147720
147719
147715
147711
147701
147659
147648
147643
147634
147625
147615
147602
147592
147586
147584
147582
147581
147562
147556
147555
147546
147538
147528
147527
147497
147480
147472
147461
147450
147445
147444
147433
147403
147395
147387
147382
147336
147333
147328
147317
147314
147303
147285
147257
147242
147238
147210
147206
147203
147196
147188
147183
147169
147127
147114
147113
147109
147061
147040
147024
146998
146984
146959
146934
146909
146885
146879
146873
146870
146858
146854
146845
146796
146791
146785
146782
146773
146770
146763
146762
146760
146745
146742
146739
146736
146733
146714
146699
146686
146676
146671
146668
146648
146621
146600
146578
146559
146550
146538
146522
146509
146499
146494
146492
146489
146467
146462
146459
146445
146444
146431
146429
146402
146388
146382
146379
146375
146371
146355
146327
146322
146305
146251
146246
146232
146194
146177
146172
146162
146138
146133
146127
146121
146112
146110
146101
146097
146081
146054
146044
146041
146040
146027
146017
146003
146001
145990
145980
145966
145957
145904
145901
145872
145867
145855
145853
145851
145838
145809
145808
145801
145760
145717
145695
145694
145677
145671
145658
145653
145650
145641
145628
145620
145596
145595
145583
145582
145573
145562
145560
145555
145552
145546
145537
145484
145479
145468
145460
145420
145400
145375
145371
145369
145368
145365
145351
145345
145344
145341
145324
145321
145317
145296
145279
145278
145263
145258
145238
145235
145210
145204
145202
145169
145134
145120
145110
145107
145103
145075
145054
145050
145026
145022
144982
144943
144924
144914
144891
144885
144884
144878
144867
144859
144856
144849
144848
144844
144823
144814
144812
144811
144808
144804
144796
144785
144759
144729
144725
144705
144698
144695
144686
144679
144673
144636
144620
144596
144590
144587
144581
144572
144571
144565
144551
144519
144512
144501
144496
144493
144484
144421
144419
144406
144401
144358
144353
144347
144340
144314
144298
144287
144283
144276
144257
144246
144213
144212
144201
144192
144170
144142
144125
144120
144113
144105
144098
144093
144083
144082
144033
144027
144025
144022
144021
144012
144002
143995
143973
143961
143946
143944
143938
143929
143927
143903
143898
143875
143846
143830
143829
143828
143803
143800
143793
143778
143744
143728
143708
143707
143705
143695
143694
143679
143675
143668
143635
143627
143619
143606
143603
143587
143568
143547
143526
143524
143518
143492
143484
143460
143441
143437
143430
143417
143399
143390
143383
143382
143366
143364
143361
143349
143309
143306
143278
143234
143219
143218
143202
143193
143183
143160
143134
143116
143091
143081
143073
143071
143068
143066
143061
143049
143046
143037
143034
143032
143027
143005
143004
142997
142976
142972
142951
142950
142940
142935
142921
142919
142901
142862
142854
142847
142833
142807
142796
142776
142747
142737
142736
142724
142722
142704
142690
142676
142663
142660
142656
142642
142627
142621
142610
142588
142571
142564
142554
142535
142509
142492
142447
142445
142440
142424
142399
142397
142389
142386
142384
142379
142362
142346
142343
142316
142307
142303
142287
142278
142269
142267
142265
142255
142254
142244
142232
142202
142170
142163
142149
142137
142116
142115
142091
142090
142074
142064
142050
142033
142003
141997
141967
141952
141939
141925
141921
141920
141919
141913
141888
141886
141868
141866
141859
141841
141830
141820
141819
141800
141766
141765
141759
141720
141718
141713
141691
141665
141660
141655
141643
141641
141602
141575
141574
141573
141565
141559
141556
141552
141546
141526
141521
141513
141498
141496
141493
141492
141487
141469
141459
141454
141417
141381
141335
141330
141310
141304
141280
141260
141253
141247
141212
141208
141205
141197
141188
141184
141182
141172
141170
141150
141149
141137
141125
141114
141103
141091
141069
141044
141038
141033
141018
141008
140997
140964
140960
140930
140924
140901
140898
140873
140843
140816
140807
140802
140795
140793
140785
140774
140766
140742
140739
140736
140733
140727
140723
140722
140708
140698
140688
140686
140666
140657
140645
140622
140607
140590
140585
140577
140569
140550
140539
140520
140517
140488
140437
140427
140422
140416
140410
140397
140391
140382
140375
140334
140320
140311
140303
140294
140279
140273
140272
140265
140251
140223
140216
140215
140209
140205
140200
140156
140146
140139
140132
140106
140101
140091
140086
140081
140079
140066
140045
140024
140015
140003
139996
139984
139958
139957
139955
139913
139910
139904
139888
139877
139824
139794
139781
139763
139749
139734
139731
139711
139688
139686
139684
139678
139673
139671
139648
139625
139613
139603
139586
139584
139582
139581
139580
139570
139560
139514
139513
139499
139495
139492
139486
139475
139471
139462
139455
139443
139422
139383
139358
139350
139349
139332
139319
139316
139311
139299
139288
139272
139271
139270
139268
139263
139259
139252
139248
139242
139226
139209
139198
139189
139185
139148
139140
139138
139136
139103
139087
138978
138964
138941
138936
138935
138932
138891
138879
138877
138867
138857
138856
138853
138811
138810
138798
138785
138781
138771
138769
138767
138749
138740
138738
138734
138681
138678
138676
138649
138639
138638
138631
138625
138603
138584
138583
138566
138557
138544
138537
138531
138512
138508
138502
138490
138472
138443
138422
138421
138420
138397
138388
138372
138367
138360
138339
138327
138317
138282
138281
138264
138262
138255
138233
138222
138200
138199
138198
138193
138187
138185
138184
138178
138177
138154
138149
138130
138129
138120
138115
138109
138108
138097
138049
138048
137966
137965
137928
137882
137881
137875
137872
137870
137864
137850
137835
137804
137774
137768
137757
137749
137748
137741
137739
137738
137725
137718
137692
137689
137651
137648
137620
137614
137594
137586
137565
137561
137546
137530
137521
137516
137509
137492
137488
137485
137466
137455
137454
137441
137436
137433
137431
137403
137396
137391
137390
137389
137386
137329
137315
137314
137307
137292
137283
137282
137234
137232
137231
137224
137207
137195
137148
137125
137123
137107
137084
137071
137069
137059
137017
137007
137006
136996
136980
136976
136969
136962
136957
136938
136931
136914
136911
136882
136865
136837
136827
136821
136818
136814
136812
136802
136785
136780
136772
136758
136755
136754
136721
136715
136712
136695
136682
136676
136650
136641
136637
136625
136619
136618
136610
136609
136600
136598
136589
136563
136555
136546
136505
136455
136445
136419
136407
136375
136368
136356
136347
136338
136304
136287
136286
136279
136274
136260
136248
136219
136215
136166
136151
136141
136128
136127
136113
136109
136092
136077
136071
136070
136054
136050
136048
136028
136012
136002
135994
135982
135976
135972
135969
135956
135949
135946
135940
135935
135931
135917
135912
135891
135883
135875
135865
135856
135836
135818
135815
135803
135795
135793
135767
135753
135742
135739
135713
135711
135674
135669
135654
135634
135628
135605
135592
135532
135527
135505
135504
135503
135490
135480
135465
135458
135437
135436
135421
135419
135410
135400
135380
135364
135344
135326
135323
135318
135298
135293
135284
135275
135273
135237
135234
135226
135222
135206
135190
135180
135172
135157
135143
135127
135103
135099
135093
135087
135070
135061
135058
134972
134969
134931
134928
134908
134901
134892
134872
134844
134833
134828
134826
134824
134809
134801
134793
134788
134776
134772
134760
134746
134745
134729
134723
134713
134710
134705
134697
134693
134671
134667
134665
134644
134643
134634
134626
134600
134595
134592
134577
134575
134566
134563
134551
134530
134512
134508
134502
134498
134495
134483
134474
134453
134439
134429
134413
134373
134351
134298
134294
134290
134236
134216
134197
134193
134189
134183
134181
134179
134174
134149
134139
134131
134054
134046
134040
134031
134030
134001
133998
133991
133989
133974
133961
133937
133936
133927
133917
133912
133896
133891
133870
133868
133849
133834
133823
133815
133806
133790
133785
133776
133768
133759
133751
133748
133745
133740
133734
133729
133716
133701
133688
133678
133643
133637
133622
133616
133598
133596
133527
133522
133516
133494
133489
133485
133469
133463
133454
133453
133446
133430
133420
133406
133369
133363
133346
133333
133329
133326
133311
133307
133304
133292
133257
133255
133254
133232
133222
133190
133188
133185
133175
133147
133102
133099
133080
133054
133050
133041
133037
133031
133027
133020
133015
133006
133004
133003
133002
132999
132997
132992
132956
132948
132944
132927
132923
132872
132861
132847
132794
132737
132732
132730
132705
132703
132692
132681
132676
132673
132672
132653
132640
132614
132601
132595
132583
132582
132581
132580
132514
132503
132502
132489
132479
132475
132470
132467
132450
132427
132423
132422
132414
132394
132365
132360
132359
132336
132323
132320
132314
132302
132296
132281
132272
132268
132254
132253
132224
132217
132216
132200
132195
132193
132183
132181
132179
132176
132163
132150
132117
132110
132095
132093
132084
132056
132015
132011
131981
131971
131968
131953
131940
131918
131908
131895
131874
131867
131819
131811
131806
131803
131788
131757
131740
131722
131718
131717
131709
131690
131680
131653
131640
131633
131604
131587
131577
131567
131550
131542
131539
131527
131515
131514
131512
131511
131505
131503
131499
131493
131451
131442
131436
131429
131425
131419
131417
131410
131391
131382
131360
131338
131290
131276
131269
131257
131235
131230
131214
131207
131191
131184
131180
131170
131165
131160
131152
131145
131136
131122
131091
131087
131085
131058
131004
130989
130982
130964
130961
130937
130936
130920
130918
130914
130909
130892
130878
130862
130861
130860
130858
130857
130812
130803
130799
130768
130739
130730
130708
130689
130688
130686
130684
130677
130674
130673
130666
130661
130642
130637
130608
130607
130599
130571
130570
130562
130561
130545
130543
130539
130498
130486
130474
130456
130453
130440
130432
130389
130388
130386
130289
130274
130273
130268
130256
130249
130243
130219
130217
130204
130161
130158
130154
130153
130139
130133
130131
130114
130067
130064
130063
130060
130037
130034
130025
129984
129981
129961
129941
129923
129911
129910
129908
129906
129896
129889
129885
129875
129864
129858
129855
129839
129835
129829
129821
129801
129796
129791
129770
129760
129756
129753
129747
129741
129739
129718
129708
129701
129685
129677
129667
129664
129638
129610
129608
129579
129578
129572
129556
129507
129502
129447
129446
129440
129420
129413
129406
129383
129370
129362
129353
129325
129324
129307
129306
129282
129255
129217
129216
129211
129192
129172
129152
129145
129143
129136
129131
129125
129114
129093
129091
129087
129068
129051
129045
129038
129012
129008
129002
128984
128974
128964
128949
128919
128918
128917
128912
128897
128895
128875
128844
128836
128830
128810
128794
128792
128773
128738
128729
128706
128701
128690
128679
128660
128655
128651
128648
128647
128646
128644
128631
128630
128626
128615
128613
128611
128609
128586
128578
128543
128539
128526
128507
128495
128455
128451
128423
128421
128418
128415
128404
128394
128388
128369
128349
128329
128318
128317
128283
128281
128275
128266
128234
128202
128196
128185
128172
128143
128138
128092
128076
128042
128035
128024
128022
127987
127983
127982
127976
127953
127952
127948
127933
127930
127887
127881
127870
127848
127847
127845
127844
127839
127835
127822
127816
127797
127796
127790
127785
127761
127745
127741
127728
127721
127702
127670
127666
127654
127651
127647
127644
127639
127638
127625
127620
127616
127582
127577
127573
127565
127548
127545
127542
127540
127535
127520
127494
127432
127411
127398
127375
127365
127358
127338
127327
127306
127276
127273
127263
127255
127252
127225
127201
127197
127192
127179
127176
127165
127159
127152
127144
127134
127108
127087
127059
127053
127038
127035
127013
127010
127009
126980
126919
126912
126911
126899
126898
126885
126881
126864
126848
126845
126841
126837
126830
126822
126813
126809
126807
126793
126788
126772
126767
126758
126749
126742
126723
126707
126677
126629
126625
126619
126610
126604
126599
126587
126568
126556
126544
126531
126524
126516
126498
126495
126468
126458
126453
126448
126434
126426
126419
