
1480
1479
1478
1476
1476
1474
1473
1472
1470
1470
1468
1467
1466
1464
1464
1462
1461
1460
1458
1458
1456
1455
1454
1452
1452
1450
1449
1448
1446
1446
1444
1443
1442
1440
1440
1438
1437
1436
1434
1434
1432
1431
1430
1428
1428
1426
1425
1424
1422
1422
1420
1419
1418
1416
1416
1414
1413
1412
1410
1410
1408
1407
1406
1404
1404
1402
1401
1400
1398
1398
1396
1395
1394
1392
1392
1390
1389
1388
1386
1386
1384
1383
1382
1380
1380
1378
1377
1376
1374
1374
1372
1371
1370
1368
1368
1366
1365
1364
1362
1362
1360
1359
1358
1356
1356
1354
1353
1352
1350
1350
1348
1347
1346
1344
1344
1342
1341
1340
1338
1338
1336
1335
1334
1332
1332
1330
1329
1328
1326
1326
1324
1323
1322
1320
1320
1318
1317
1316
1314
1314
1312
1311
1310
1308
1308
1306
1305
1304
1302
1302
1300
1299
1298
1296
1296
1294
1293
1292
1290
1290
1288
1287
1286
1284
1284
1282
1281
1280
1278
1278
1276
1275
1274
1272
1272
1270
1269
1268
1266
1266
1264
1263
1262
1260
1260
1258
1257
1256
1254
1254
1252
1251
1250
1248
1248
1246
1245
1244
1242
1242
1240
1239
1238
1236
1236
1234
1233
1232
1230
1230
1228
1227
1226
1224
1224
1222
1221
1220
1218
1218
1216
1215
1214
1212
1212
1210
1209
1208
1206
1206
1204
1203
1202
1200
1200
1198
1197
1196
1194
1194
1192
1191
1190
1188
1188
1186
1185
1184
1182
1182
1180
1179
1178
1176
1176
1174
1173
1172
1170
1170
1168
1167
1166
1164
1164
1162
1161
1160
1158
1158
1156
1155
1154
1152
1152
1150
1149
1148
1146
1146
1144
1143
1142
1140
1140
1138
1137
1136
1134
1134
1132
1131
1130
1128
1128
1126
1125
1124
1122
1122
1120
1119
1118
1116
1116
1114
1113
1112
1110
1110
1108
1107
1106
1104
1104
1102
1101
1100
1098
1098
1096
1095
1094
1092
1092
1090
1089
1088
1086
1086
1084
1083
1082
1080
1080
1078
1077
1076
1074
1074
1072
1071
1070
1068
1068
1066
1065
1064
1062
1062
1060
1059
1058
1056
1056
1054
1053
1052
1050
1050
1048
1047
1046
1044
1044
1042
1041
1040
1038
1038
1036
1035
1034
1032
1032
1030
1029
1028
1026
1026
1024
1023
1022
1020
1020
1018
1017
1016
1014
1014
1012
1011
1010
1008
1008
1006
1005
1004
1002
1002
1000
999
998
996
996
994
993
992
990
990
988
987
986
984
984
982
981
980
978
978
976
975
974
972
972
970
969
968
966
966
964
963
962
960
960
958
957
956
954
954
952
951
950
948
948
946
945
944
942
942
940
939
938
936
936
934
933
932
930
930
928
927
926
924
924
922
921
920
918
918
916
915
914
912
912
910
909
908
906
906
904
903
902
900
900
898
897
896
894
894
892
891
890
888
888
886
885
884
882
882
880
879
878
876
876
874
873
872
870
870
868
867
866
864
864
862
861
860
858
858
856
855
854
852
852
850
849
848
846
846
844
843
842
840
840
838
837
836
834
834
832
831
830
828
828
826
825
824
822
822
820
819
818
816
816
814
813
812
810
810
808
807
806
804
804
802
801
800
798
798
796
795
794
792
792
790
789
788
786
786
784
783
782
780
780
778
777
776
774
774
772
771
770
768
768
766
765
764
762
762
760
759
758
756
756
754
753
752
750
750
748
747
746
744
744
742
741
740
738
738
736
735
734
732
732
730
729
728
726
726
724
723
722
720
720
718
717
716
714
714
712
711
710
708
708
706
705
704
702
702
700
699
698
696
696
694
693
692
690
690
688
687
686
684
684
682
681
680
678
678
676
675
674
672
672
670
669
668
666
666
664
663
662
660
660
658
657
656
654
654
652
651
650
648
648
646
645
644
642
642
640
639
638
636
636
634
633
632
630
630
628
627
626
624
624
622
621
620
618
618
616
615
614
612
612
610
609
608
606
606
604
603
602
600
600
598
597
596
594
594
592
591
590
588
588
586
585
584
582
582
580
579
578
576
576
574
573
572
570
570
568
567
566
564
564
562
561
560
558
558
556
555
554
552
552
550
549
548
546
546
544
543
542
540
540
538
537
536
534
534
532
531
530
528
528
526
525
524
522
522
520
519
518
516
516
514
513
512
510
510
508
507
506
504
504
502
501
500
498
498
496
495
494
492
492
490
489
488
486
486
484
483
482
480
480
478
477
476
474
474
472
471
470
468
468
466
465
464
462
462
460
459
458
456
456
454
453
452
450
450
448
447
446
444
444
442
441
440
438
438
436
435
434
432
432
430
429
428
426
426
424
423
422
420
420
418
417
416
414
414
412
411
410
408
408
406
405
404
402
402
400
399
398
396
396
394
393
392
390
390
388
387
386
384
384
382
381
380
378
378
376
375
374
372
372
370
369
368
366
366
364
363
362
360
360
358
357
356
354
354
352
351
350
348
348
346
345
344
342
342
340
339
338
336
336
334
333
332
330
330
328
327
326
324
324
322
321
320
318
318
316
315
314
312
312
310
309
308
306
306
304
303
302
300
300
298
297
296
294
294
292
291
290
288
288
286
285
284
282
282
280
279
278
276
276
274
273
272
270
270
268
267
266
264
264
262
261
260
258
258
256
255
254
252
252
250
249
248
246
246
244
243
242
240
240
238
237
236
234
234
232
231
230
228
228
226
225
224
222
222
220
219
218
216
216
214
213
212
210
210
208
207
206
204
204
202
201
200
198
198
196
195
194
192
192
190
189
188
186
186
184
183
182
180
180
178
177
176
174
174
172
171
170
168
168
166
165
164
162
162
160
159
158
156
156
154
153
152
150
150
148
147
146
144
144
142
141
140
138
138
136
135
134
132
132
130
129
128
126
126
124
123
122
120
120
118
117
116
114
114
112
111
110
108
108
106
105
104
102
102
100
99
98
96
96
94
93
92
90
90
88
87
86
84
84
82
81
80
78
78
76
75
74
72
72
70
69
68
66
66
64
63
62
60
60
58
57
56
54
54
52
51
50
48
48
46
45
44
42
42
40
39
38
36
36
34
33
32
30
30
28
27
26
24
24
22
21
20
18
18
16
15
14
12
12
10
9
8
6
6
4
3
2
0
0
0
0
0
0
0
0
