
180601
180566
180549
180513
180510
180493
180469
180468
180466
180442
180436
180425
180407
180390
180373
180363
180362
180357
180351
180345
180318
180316
180312
180300
180299
180296
180279
180272
180240
180228
180223
180222
180209
180166
180164
180160
180157
180132
180129
180124
180122
180121
180109
180086
180082
180042
180040
180024
179983
179963
179946
179930
179911
179907
179904
179893
179866
179865
179862
179835
179806
179804
179799
179785
179768
179750
179747
179721
179700
179699
179679
179672
179660
179647
179629
179622
179609
179602
179598
179597
179596
179586
179585
179577
179575
179569
179547
179531
179510
179489
179480
179456
179447
179436
179416
179409
179405
179397
179394
179377
179371
179355
179354
179344
179336
179325
179294
179252
179249
179248
179235
179231
179219
179205
179204
179177
179130
179101
179098
179086
179065
179064
179063
179035
179034
179031
178996
178983
178978
178969
178967
178946
178930
178922
178908
178895
178891
178870
178869
178852
178842
178839
178838
178835
178797
178791
178789
178755
178754
178738
178728
178723
178708
178679
178672
178670
178668
178666
178652
178649
178593
178589
178584
178573
178572
178563
178528
178502
178497
178493
178471
178458
178448
178420
178408
178383
178380
178366
178363
178325
178322
178320
178313
178312
178293
178286
178278
178277
178272
178269
178268
178263
178240
178235
178198
178159
178157
178152
178119
178115
178111
178099
178097
178074
178054
178051
178036
178031
178030
177987
177980
177959
177942
177930
177928
177925
177908
177903
177900
177896
177895
177862
177861
177851
177814
177813
177790
177775
177772
177770
177731
177716
177696
177683
177669
177653
177639
177619
177616
177609
177593
177587
177584
177581
177580
177577
177557
177528
177521
177483
177468
177424
177406
177389
177388
177386
177374
177367
177360
177353
177345
177336
177332
177313
177311
177307
177306
177304
177295
177278
177274
177271
177250
177244
177236
177228
177181
177171
177157
177154
177139
177138
177126
177093
177089
177079
177075
177066
177034
177017
177010
176963
176961
176959
176954
176934
176916
176897
176896
176874
176870
176865
176837
176834
176825
176798
176782
176714
176705
176697
176694
176687
176681
176680
176661
176653
176652
176637
176631
176630
176621
176612
176600
176577
176575
176571
176569
176568
176562
176552
176544
176541
176515
176485
176462
176458
176448
176439
176415
176398
176390
176381
176362
176310
176301
176288
176287
176277
176275
176244
176219
176214
176205
176182
176156
176155
176142
176137
176134
176121
176106
176101
176100
176095
176094
176093
176091
176049
176030
176020
176012
175994
175987
175985
175984
175973
175958
175953
175951
175934
175931
175920
175882
175868
175860
175845
175832
175821
175796
175791
175748
175734
175718
175717
175694
175657
175656
175634
175624
175591
175587
175566
175553
175539
175531
175529
175528
175517
175514
175513
175507
175501
175492
175471
175455
175436
175423
175418
175408
175407
175400
175395
175348
175343
175340
175337
175332
175318
175297
175294
175270
175268
175252
175250
175236
175228
175219
175207
175195
175187
175177
175176
175143
175123
175093
175051
175040
175030
175027
175007
175004
174993
174983
174935
174926
174919
174908
174898
174896
174891
174883
174880
174873
174867
174865
174848
174834
174831
174823
174816
174787
174744
174726
174717
174714
174705
174698
174690
174683
174666
174635
174611
174610
174605
174563
174558
174557
174552
174549
174543
174530
174523
174493
174480
174466
174454
174416
174414
174404
174377
174365
174352
174351
174342
174341
174339
174332
174309
174290
174282
174269
174254
174253
174249
174248
174239
174232
174209
174165
174156
174155
174144
174132
174114
174110
174092
174090
174060
174052
174043
174012
173998
173994
173989
173976
173967
173951
173946
173939
173935
173927
173925
173920
173906
173862
173848
173794
173787
173784
173753
173752
173749
173746
173721
173711
173710
173705
173698
173691
173689
173677
173665
173646
173610
173602
173584
173554
173548
173545
173525
173518
173513
173508
173482
173481
173479
173441
173425
173415
173404
173399
173396
173377
173353
173345
173320
173317
173312
173301
173279
173269
173261
173237
173231
173230
173227
173208
173165
173159
173156
173152
173147
173140
173126
173119
173111
173100
173093
173088
173070
173068
173045
173026
173025
173013
172996
172995
172988
172976
172967
172949
172929
172926
172894
172866
172852
172841
172833
172799
172772
172769
172760
172750
172749
172747
172743
172730
172701
172694
172670
172659
172658
172635
172596
172578
172563
172560
172539
172523
172512
172487
172474
172446
172442
172434
172432
172429
172410
172408
172407
172392
172388
172379
172376
172364
172354
172353
172330
172324
172317
172306
172305
172299
172287
172278
172263
172256
172255
172253
172211
172206
172187
172185
172177
172152
172143
172126
172116
172113
172102
172082
172059
171999
171991
171986
171979
171970
171958
171952
171946
171932
171913
171892
171886
171871
171853
171841
171839
171838
171800
171788
171781
171758
171746
171745
171739
171715
171681
171640
171633
171632
171606
171603
171601
171589
171578
171572
171566
171556
171530
171526
171522
171508
171487
171471
171463
171455
171453
171448
171443
171435
171433
171423
171407
171404
171377
171369
171368
171355
171340
171314
171313
171302
171300
171285
171281
171269
171228
171225
171211
171192
171174
171159
171152
171147
171146
171143
171122
171121
171086
171082
171044
171038
171027
171015
171001
170999
170975
170941
170934
170909
170890
170869
170845
170844
170833
170817
170808
170792
170789
170784
170779
170774
170768
170750
170729
170718
170715
170709
170700
170699
170684
170681
170677
170664
170659
170604
170600
170589
170567
170558
170534
170521
170516
170508
170506
170477
170464
170460
170452
170442
170433
170419
170414
170403
170396
170395
170370
170343
170325
170310
170292
170262
170230
170225
170215
170192
170191
170173
170161
170160
170158
170147
170138
170131
170118
170117
170116
170115
170083
170082
170080
170067
170060
170056
170026
170022
170015
169998
169992
169986
169970
169960
169949
169947
169945
169927
169890
169885
169865
169801
169780
169761
169752
169747
169739
169726
169703
169684
169675
169643
169642
169638
169609
169606
169598
169597
169587
169572
169570
169568
169562
169536
169517
169514
169513
169512
169499
169482
169463
169461
169451
169415
169404
169391
169384
169363
169357
169353
169328
169323
169295
169287
169261
169250
169231
169225
169224
169223
169211
169205
169188
169180
169154
169127
169126
169116
169109
169108
169096
169084
169081
169061
169058
169056
169023
169021
169017
169016
169005
168993
168987
168975
168965
168964
168942
168941
168918
168900
168894
168881
168867
168811
168771
168746
168742
168704
168702
168701
168688
168664
168661
168660
168653
168604
168590
168583
168575
168573
168566
168514
168503
168492
168485
168484
168477
168476
168474
168470
168469
168466
168445
168441
168424
168418
168412
168411
168384
168368
168364
168337
168322
168319
168318
168305
168287
168280
168272
168258
168246
168240
168224
168220
168214
168181
168177
168167
168160
168139
168135
168054
168053
168045
168044
168041
168033
168018
167962
167954
167942
167937
167929
167918
167913
167907
167896
167882
167877
167874
167857
167855
167846
167824
167823
167821
167819
167795
167774
167770
167753
167749
167741
167723
167720
167679
167657
167642
167631
167619
167573
167539
167532
167527
167507
167505
167494
167484
167479
167473
167463
167458
167420
167398
167386
167382
167370
167349
167335
167330
167324
167303
167301
167297
167295
167291
167286
167279
167258
167229
167226
167222
167219
167215
167211
167210
167207
167188
167180
167175
167168
167130
167124
167121
167116
167109
167100
167078
167067
167066
167022
167014
166968
166926
166925
166891
166888
166887
166873
166844
166838
166835
166808
166786
166753
166736
166732
166727
166722
166717
166708
166672
166663
166660
166659
166654
166652
166648
166646
166633
166630
166629
166615
166590
166584
166573
166543
166542
166540
166537
166531
166522
166515
166511
166488
166485
166483
166477
166432
166391
166339
166335
166324
166318
166311
166288
166279
166275
166255
166240
166195
166176
166161
166148
166137
166136
166123
166121
166104
166097
166090
166089
166085
166068
166058
166057
166040
166019
166004
165991
165986
165981
165973
165971
165969
165953
165923
165906
165898
165894
165892
165876
165865
165862
165849
165845
165842
165840
165828
165800
165787
165783
165776
165756
165753
165741
165725
165711
165689
165658
165632
165599
165590
165579
165536
165534
165522
165510
165497
165482
165476
165447
165444
165436
165429
165422
165420
165409
165378
165370
165357
165356
165335
165324
165322
165286
165275
165273
165270
165251
165224
165220
165209
165201
165197
165194
165188
165149
165137
165121
165113
165104
165078
165074
165043
165036
165029
165026
165022
165021
165019
165010
165007
164985
164979
164971
164960
164959
164947
164946
164928
164925
164912
164897
164876
164872
164854
164797
164778
164765
164750
164739
164737
164735
164725
164691
164674
164654
164651
164649
164647
164633
164629
164608
164603
164566
164556
164511
164506
164501
164497
164488
164483
164469
164467
164458
164448
164445
164441
164396
164390
164376
164360
164338
164315
164302
164284
164269
164261
164238
164227
164203
164200
164192
164182
164167
164162
164142
164137
164136
164126
164122
164100
164096
164091
164073
164069
164060
164059
164058
164035
164034
163999
163975
163965
163956
163950
163932
163929
163920
163903
163890
163877
163876
163872
163868
163834
163833
163831
163822
163797
163779
163776
163773
163767
163758
163718
163702
163696
163691
163671
163668
163615
163582
163575
163553
163527
163515
163512
163505
163472
163460
163459
163458
163455
163432
163429
163423
163418
163416
163385
163379
163355
163333
163322
163319
163313
163306
163303
163291
163283
163270
163260
163250
163237
163213
163210
163201
163186
163159
163157
163123
163122
163103
163076
163075
163070
163058
163050
163044
163040
163038
163028
163011
163006
162967
162928
162923
162909
162905
162898
162888
162884
162871
162857
162854
162848
162814
162798
162797
162773
162755
162735
162734
162726
162717
162714
162707
162679
162676
162663
162644
162639
162632
162609
162599
162597
162588
162580
162558
162554
162524
162494
162484
162482
162480
162472
162459
162456
162449
162445
162397
162385
162361
162353
162351
162330
162329
162271
162270
162259
162245
162216
162200
162182
162178
162173
162167
162165
162164
162144
162137
162122
162121
162114
162101
162093
162087
162084
162070
162069
162036
162021
162012
161998
161993
161974
161963
161944
161937
161931
161912
161889
161871
161867
161854
161841
161832
161803
161800
161791
161775
161764
161750
161744
161737
161730
161694
161669
161655
161654
161652
161596
161593
161589
161581
161576
161560
161559
161557
161536
161533
161532
161530
161492
161490
161489
161465
161462
161455
161446
161440
161425
161394
161393
161389
161368
161365
161335
161332
161296
161291
161260
161241
161231
161230
161219
161217
161205
161188
161164
161131
161126
161103
161102
161068
161056
161045
161037
161027
161022
161018
161003
161002
160994
160991
160990
160983
160973
160943
160940
160916
160905
160891
160876
160855
160838
160836
160826
160825
160818
160803
160796
160784
160750
160721
160714
160706
160703
160671
160667
160638
160633
160606
160578
160571
160548
160542
160539
160532
160529
160527
160522
160513
160505
160491
160488
160484
160467
160458
160456
160455
160451
160449
160431
160420
160416
160406
160364
160363
160337
160321
160312
160274
160271
160251
160250
160248
160234
160228
160227
160197
160182
160137
160110
160107
160095
160043
160011
160006
159997
159993
159985
159983
159963
159952
159940
159933
159906
159892
159889
159880
159866
159859
159829
159828
159823
159822
159810
159809
159805
159803
159794
159789
159774
159772
159767
159761
159752
159745
159727
159724
159702
159664
159643
159641
159632
159624
159621
159618
159614
159609
159578
159555
159551
159525
159517
159511
159478
159464
159450
159422
159400
159380
159373
159334
159332
159329
159320
159309
159302
159290
159274
159265
159252
159251
159238
159213
159212
159186
159183
159177
159168
159162
159139
159127
159096
159095
159083
159077
159061
159049
159034
159012
159002
158987
158974
158970
158968
158967
158964
158956
158940
158930
158924
158915
158899
158885
158821
158819
158816
158774
158767
158766
158751
158745
158738
158737
158735
158725
158702
158701
158679
158675
158664
158658
158630
158603
158588
158569
158564
158560
158515
158490
158486
158485
158465
158464
158461
158456
158453
158427
158426
158418
158414
158413
158387
158381
158353
158339
158331
158328
158327
158288
158274
158259
158239
158213
158203
158188
158187
158182
158180
158178
158167
158160
158154
158149
158146
158145
158136
158107
158098
158083
158068
158063
158057
158056
158026
157952
157945
157928
157903
157868
157860
157845
157820
157818
157806
157805
157773
157759
157755
157750
157743
157741
157738
157725
157710
157692
157686
157650
157645
157640
157632
157631
157621
157615
157613
157596
157595
157569
157548
157541
157537
157536
157535
157527
157521
157516
157510
157501
157462
157461
157456
157416
157407
157404
157400
157398
157392
157373
157335
157334
157324
157316
157297
157226
157221
157213
157202
157197
157174
157149
157145
157119
157090
157077
157074
157064
157045
157044
157032
157025
157024
157009
156989
156983
156959
156952
156946
156944
156938
156928
156926
156919
156911
156892
156889
156876
156862
156861
156857
156842
156811
156773
156766
156742
156729
156720
156718
156712
156699
156689
156681
156668
156654
156613
156607
156606
156599
156578
156574
156552
156528
156523
156517
156514
156488
156479
156475
156454
156442
156407
156404
156395
156387
156367
156339
156338
156323
156320
156315
156305
156299
156291
156261
156260
156255
156249
156230
156212
156208
156183
156166
156146
156142
156137
156129
156107
156106
156101
156099
156067
156030
156023
156005
156004
155999
155990
155988
155980
155960
155959
155951
155942
155929
155927
155907
155906
155895
155883
155857
155852
155850
155826
155790
155763
155740
155724
155712
155710
155702
155687
155681
155659
155622
155606
155587
155578
155555
155548
155542
155524
155484
155479
155475
155457
155441
155415
155414
155408
155403
155396
155392
155388
155386
155373
155369
155366
155348
155343
155338
155337
155328
155312
155311
155308
155304
155287
155280
155271
155246
155244
155229
155226
155213
155206
155198
155190
155185
155169
155141
155122
155097
155089
155058
155041
155039
155033
155023
154968
154963
154921
154901
154888
154867
154865
154851
154846
154825
154811
154801
154785
154784
154773
154768
154761
154750
154741
154720
154706
154663
154650
154636
154633
154620
154618
154605
154600
154596
154595
154585
154569
154562
154544
154542
154525
154519
154497
154483
154481
154476
154457
154451
154428
154393
154392
154381
154377
154366
154361
154358
154356
154354
154352
154348
154320
154289
154262
154254
154252
154250
154220
154206
154199
154194
154190
154180
154178
154170
154135
154131
154124
154113
154108
154093
154090
154059
153986
153964
153955
153943
153930
153869
153866
153863
153856
153853
153840
153827
153821
153801
153800
153794
153772
153761
153753
153732
153722
153712
153710
153707
153699
153679
153677
153675
153671
153668
153642
153633
153630
153619
153605
153599
153587
153571
153547
153540
153527
153519
153512
153482
153475
153473
153465
153455
153446
153414
153402
153397
153389
153368
153365
153344
153339
153333
153283
153279
153267
153255
153250
153207
153204
153199
153197
153175
153160
153147
153144
153136
153072
153061
153058
153054
153034
153031
153028
153024
153020
153016
153002
152994
152992
152973
152964
152961
152914
152905
152902
152901
152893
152888
152850
152818
152802
152786
152759
152745
152733
152731
152711
152706
152702
152692
152687
152678
152670
152654
152637
152620
152618
152614
152613
152598
152588
152573
152558
152554
152536
152492
152468
152467
152464
152457
152453
152435
152428
152412
152401
152399
152395
152391
152376
152359
152357
152328
152325
152315
152309
152281
152274
152262
152234
152229
152227
152200
152180
152157
152149
152146
152117
152092
152071
152066
152061
152053
152045
152043
152033
152024
152020
152010
152009
151943
151927
151923
151917
151891
151886
151885
151876
151834
151831
151819
151808
151794
151782
151751
151750
151748
151731
151726
151721
151709
151707
151702
151694
151657
151655
151648
151635
151626
151623
151572
151570
151557
151547
151520
151519
151508
151504
151496
151495
151493
151469
151452
151447
151446
151440
151439
151435
151430
151416
151411
151400
151398
151354
151350
151344
151329
151315
151283
151276
151216
151215
151184
151174
151165
151143
151105
151104
151093
151064
151036
151017
150998
150993
150990
150981
150972
150971
150951
150948
150947
150946
150943
150911
150884
150878
150859
150857
150852
150851
150846
150844
150843
150834
150829
150812
150809
150798
150785
150756
150751
150744
150735
150724
150716
150715
150678
150655
150643
150638
150635
150633
150632
150622
150597
150573
150562
150548
150536
150526
150489
150474
150462
150458
150425
150417
150390
150349
150341
150325
150321
150317
150308
150294
150293
150272
150271
150265
150260
150252
150250
150243
150216
150200
150190
150185
150178
150173
150128
150110
150104
150086
150049
150035
150029
150020
150017
150014
150006
149994
149967
149962
149955
149947
149931
149929
149920
149917
149886
149885
149883
149878
149836
149833
149819
149798
149797
149793
149762
149758
149750
149741
149685
149665
149655
149649
149647
149641
149626
149617
149616
149602
149599
149593
149577
149572
149552
149547
149537
149532
149530
149495
149481
149466
149457
149449
149443
149436
149422
149353
149343
149332
149331
149322
149314
149313
149278
149276
149275
149256
149242
149227
149224
149220
149195
149189
149186
149179
149176
149156
149151
149129
149098
149090
149078
149048
149039
149035
149031
148983
148959
148940
148934
148919
148918
148916
148894
148890
148884
148878
148866
148856
148843
148833
148820
148810
148799
148784
148774
148748
148743
148719
148715
148712
148698
148697
148679
148650
148648
148632
148612
148607
148601
148600
148577
148565
148560
148552
148539
148533
148511
148509
148504
148464
148460
148447
148422
148417
148416
148413
148395
148391
148372
148346
148344
148323
148308
148289
148285
148275
148263
148250
148242
148237
148231
148213
148211
148191
148181
148163
148162
148114
148108
148080
148071
148069
148066
148047
148046
147959
147956
147953
147951
147947
147941
147940
147924
147911
147890
147889
147874
147857
147846
147841
147832
147800
147780
147757
147755
147748
147733
147732
147712
147690
147659
147657
147654
147648
147643
147634
147616
147615
147605
147602
147586
147581
147578
147569
147562
147555
147538
147528
147527
147516
147506
147501
147472
147463
147461
147445
147433
147430
147395
147371
147354
147337
147336
147333
147322
147318
147314
147247
147245
147238
147210
147196
147183
147169
147143
147140
147135
147120
147114
147109
147064
147061
147048
147040
147023
146984
146959
146957
146943
146934
146925
146909
146894
146889
146879
146873
146870
146869
146858
146854
146846
146845
146802
146791
146789
146785
146763
146755
146750
146747
146745
146736
146733
146716
146703
146694
146676
146668
146648
146644
146604
146600
146596
146578
146558
146550
146509
146507
146499
146492
146491
146471
146462
146459
146445
146429
146402
146392
146382
146380
146371
146322
146305
146298
146287
146272
146233
146232
146229
146222
146176
146172
146163
146162
146156
146148
146138
146127
146121
146112
146110
146101
146097
146089
146084
146054
146049
146043
146030
146027
146017
145981
145980
145961
145957
145934
145904
145894
145878
145867
145863
145851
145838
145817
145808
145801
145761
145717
145695
145694
145680
145677
145664
145658
145639
145631
145628
145620
145619
145612
145605
145595
145583
145582
145576
145575
145573
145557
145555
145507
145502
145479
145465
145460
145442
145404
145400
145377
145371
145369
145351
145345
145344
145341
145324
145318
145317
145296
145285
145281
145254
145238
145235
145202
145171
145169
145134
145130
145120
145110
145107
145095
145075
145073
145054
145050
145038
145034
145010
144995
144989
144980
144966
144958
144955
144943
144928
144891
144885
144878
144866
144846
144844
144841
144827
144820
144812
144811
144808
144796
144705
144698
144692
144691
144686
144675
144673
144668
144636
144596
144590
144587
144572
144571
144568
144551
144526
144519
144499
144496
144466
144463
144421
144419
144408
144406
144402
144401
144378
144359
144358
144340
144321
144313
144312
144298
144287
144283
144281
144276
144263
144257
144250
144246
144240
144227
144225
144213
144201
144192
144157
144142
144128
144113
144105
144099
144083
144055
144032
144021
144002
143987
143957
143946
143944
143929
143927
143892
143868
143861
143859
143830
143829
143828
143815
143803
143800
143778
143761
143760
143728
143706
143705
143695
143679
143675
143673
143668
143662
143660
143639
143634
143619
143608
143584
143565
143547
143524
143506
143505
143484
143460
143453
143442
143441
143430
143417
143399
143389
143388
143382
143366
143364
143361
143321
143314
143309
143306
143304
143278
143252
143237
143234
143228
143219
143218
143193
143183
143161
143149
143144
143116
143096
143081
143073
143068
143046
143038
143037
143034
143007
143005
143004
143003
143002
142997
142989
142987
142951
142943
142936
142935
142913
142854
142847
142829
142819
142767
142750
142747
142746
142736
142704
142690
142663
142660
142656
142645
142642
142641
142627
142606
142594
142592
142588
142562
142527
142519
142509
142492
142451
142447
142445
142442
142439
142437
142424
142399
142397
142384
142370
142362
142354
142346
142344
142343
142340
142320
142316
142307
142303
142302
142278
142269
142265
142250
142232
142220
142216
142202
142179
142170
142163
142149
142103
142090
142074
142064
142054
142050
142038
142035
142033
141975
141963
141942
141939
141925
141913
141910
141888
141885
141876
141866
141836
141800
141765
141759
141751
141735
141727
141713
141701
141693
141685
141681
141673
141665
141661
141660
141655
141643
141641
141608
141603
141602
141598
141575
141559
141546
141526
141496
141493
141492
141487
141478
141469
141467
141460
141459
141431
141381
141379
141365
141364
141344
141313
141310
141304
141293
141280
141260
141247
141235
141212
141197
141188
141182
141170
141149
141134
141132
141126
141114
141112
141103
141091
141069
141048
141046
141038
141037
141026
141020
140997
140990
140964
140930
140924
140921
140901
140880
140876
140873
140834
140824
140817
140816
140802
140788
140785
140766
140765
140750
140745
140736
140727
140722
140713
140698
140688
140686
140676
140634
140622
140607
140585
140579
140550
140543
140541
140513
140466
140437
140427
140410
140399
140397
140395
140391
140382
140379
140377
140367
140364
140320
140316
140311
140303
140293
140273
140272
140265
140251
140223
140217
140216
140215
140211
140205
140200
140187
140174
140166
140156
140139
140101
140086
140082
140059
140045
140033
140032
140024
140017
140015
140003
139974
139958
139957
139948
139913
139904
139895
139894
139892
139807
139783
139764
139752
139742
139738
139731
139711
139708
139706
139688
139686
139684
139678
139673
139671
139634
139624
139613
139610
139603
139584
139582
139570
139567
139531
139514
139499
139492
139486
139485
139475
139462
139451
139443
139442
139432
139405
139355
139332
139324
139299
139288
139275
139272
139270
139263
139253
139250
139248
139242
139226
139209
139189
139185
139158
139151
139148
139140
139136
139119
139105
139097
139089
139061
139057
139049
139039
139003
138968
138964
138941
138938
138935
138932
138891
138888
138857
138836
138831
138825
138820
138811
138798
138785
138771
138769
138767
138762
138753
138749
138740
138734
138732
138693
138681
138678
138676
138656
138649
138631
138584
138566
138538
138537
138532
138531
138512
138502
138498
138480
138458
138456
138443
138436
138420
138396
138391
138390
138369
138367
138339
138299
138281
138267
138262
138255
138245
138233
138230
138208
138200
138198
138193
138190
138189
138187
138186
138184
138182
138169
138154
138136
138130
138108
138097
138049
138048
138037
137966
137945
137935
137928
137925
137903
137881
137870
137864
137850
137844
137815
137811
137804
137789
137783
137774
137770
137757
137749
137748
137741
137739
137731
137725
137718
137698
137689
137681
137651
137629
137614
137611
137602
137594
137591
137579
137576
137565
137558
137546
137530
137509
137455
137454
137440
137433
137431
137418
137403
137396
137372
137358
137333
137329
137326
137315
137314
137312
137297
137283
137224
137182
137174
137171
137164
137148
137130
137129
137127
137123
137107
137084
137072
137071
137059
137040
137028
137022
137017
136983
136980
136974
136962
136959
136957
136938
136931
136927
136882
136865
136837
136821
136818
136812
136809
136802
136799
136785
136780
136771
136758
136754
136750
136749
136721
136715
136712
136699
136695
136682
136676
136630
136625
136610
136600
136581
136575
136572
136560
136546
136533
136517
136480
136477
136469
136465
136427
136413
136390
136368
136357
136347
136338
136316
136296
136287
136286
136260
136248
136246
136219
136215
136203
136184
136180
136172
136151
136128
136127
136113
136109
136092
136086
136077
136064
136050
136048
136012
135994
135991
135982
135976
135973
135969
135968
135956
135949
135935
135931
135917
135912
135908
135898
135892
135891
135875
135870
135865
135826
135824
135803
135797
135767
135754
135740
135722
135683
135673
135665
135656
135627
135605
135597
135595
135579
135561
135532
135527
135503
135490
135473
135465
135458
135437
135436
135422
135421
135419
135400
135380
135374
135364
135361
135351
135344
135327
135293
135275
135251
135237
135234
135226
135225
135223
135222
135206
135204
135180
135172
135171
135143
135127
135123
135120
135109
135103
135099
135095
135093
135070
135061
135058
135034
135030
135018
135010
135001
134942
134928
134872
134863
134860
134853
134826
134794
134788
134776
134775
134774
134756
134754
134746
134745
134723
134710
134697
134693
134644
134626
134624
134611
134610
134592
134577
134576
134575
134562
134557
134551
134528
134518
134508
134506
134502
134498
134495
134483
134474
134453
134441
134439
134436
134429
134423
134413
134403
134387
134323
134298
134294
134284
134247
134237
134236
134216
134197
134185
134181
134176
134174
134147
134139
134054
134046
134031
134030
134023
134018
134015
134004
134001
133994
133991
133989
133969
133938
133936
133929
133921
133896
133891
133889
133868
133865
133864
133849
133836
133823
133815
133806
133790
133785
133777
133772
133768
133759
133744
133740
133734
133729
133715
133704
133701
133680
133678
133634
133614
133577
133540
133527
133489
133485
133477
133469
133468
133446
133431
133425
133422
133406
133369
133363
133346
133333
133329
133328
133304
133292
133287
133282
133272
133255
133249
133232
133212
133190
133188
133185
133175
133146
133145
133141
133123
133118
133101
133099
133085
133068
133054
133043
133041
133037
133021
133020
133015
133004
133003
133002
132999
132997
132992
132978
132956
132933
132927
132921
132875
132872
132868
132832
132821
132794
132710
132692
132687
132676
132673
132672
132662
132655
132640
132635
132614
132583
132580
132577
132566
132559
132510
132502
132489
132479
132475
132472
132470
132466
132459
132458
132450
132427
132426
132422
132414
132408
132379
132374
132336
132326
132314
132305
132302
132296
132286
132281
132268
132254
132253
132239
132220
132216
132215
132193
132183
132181
132179
132176
132133
132117
132075
132046
132038
132015
132009
132008
131988
131981
131968
131953
131940
131906
131901
131895
131879
131874
131867
131847
131827
131819
131815
131812
131811
131803
131800
131795
131788
131780
131742
131719
131718
131653
131646
131633
131619
131587
131577
131567
131556
131550
131542
131527
131515
131512
131511
131505
131499
131488
131452
131451
131439
131429
131427
131425
131421
131417
131410
131405
131382
131375
131362
131360
131341
131338
131330
131290
131280
131253
131248
131228
131207
131182
131181
131180
131179
131172
131170
131165
131160
131141
131136
131112
131087
131058
131053
131018
130982
130979
130961
130937
130918
130914
130901
130895
130892
130870
130860
130858
130812
130804
130803
130768
130764
130759
130749
130733
130730
130708
130694
130686
130684
130674
130673
130661
130642
130637
130617
130616
130609
130608
130600
130599
130582
130571
130569
130568
130545
130539
130529
130509
130505
130498
130482
130474
130460
130456
130453
130440
130432
130417
130402
130386
130338
130324
130314
130301
130249
130243
130204
130188
130187
130186
130161
130153
130139
130133
130131
130123
130067
130064
130053
130047
130025
129990
129986
129984
129983
129961
129956
129947
129941
129923
129911
129908
129906
129898
129886
129875
129867
129864
129855
129825
129823
129821
129816
129801
129796
129781
129770
129760
129747
129741
129739
129732
129727
129718
129709
129701
129686
129685
129656
129639
129617
129579
129578
129570
129490
129482
129447
129440
129420
129413
129406
129400
129384
129371
129370
129355
129353
129343
129325
129324
129307
129306
129294
129291
129282
129274
129273
129248
129243
129224
129217
129215
129192
129172
129164
129163
129152
129140
129114
129092
129091
129087
129068
129046
129038
129008
128984
128974
128964
128953
128949
128927
128919
128918
128897
128875
128850
128841
128836
128830
128803
128794
128792
128785
128753
128752
128730
128724
128701
128690
128684
128681
128679
128671
128667
128660
128641
128631
128630
128623
128614
128611
128609
128600
128594
128586
128553
128545
128539
128526
128505
128495
128475
128423
128421
128404
128394
128369
128364
128336
128329
128318
128317
128283
128281
128275
128266
128222
128200
128186
128143
128138
128133
128117
128110
128106
128094
128093
128088
128077
128076
128042
128035
128025
128013
127998
127991
127988
127987
127982
127966
127957
127953
127952
127950
127933
127904
127887
127881
127848
127847
127846
127845
127844
127839
127835
127822
127801
127797
127796
127741
127721
127719
127670
127666
127654
127644
127620
127587
127582
127560
127559
127553
127545
127542
127520
127517
127514
127504
127495
127494
127470
127462
127459
127456
127451
127432
127412
127379
127375
127335
127333
127327
127314
127276
127263
127255
127238
127225
127187
127179
127176
127171
127165
127152
127144
127134
127132
127108
127102
127097
127087
127053
127038
127013
127010
126996
126988
126980
126940
126919
126918
126911
126904
126902
126898
126895
126891
126887
126885
126881
126863
126848
126837
126831
126822
126813
126812
126811
126809
126792
126788
126772
126762
126758
126723
126707
126682
126677
126675
126671
126599
126544
126528
126516
126498
126497
126495
126485
126453
126439
126434
126419
126389
126369
126363
126357
126356
126355
126326
126318
126310
126309
126288
126278
126277
126276
126273
126269
126256
126244
126210
126205
126204
126202
126200
126191
126180
126168
126165
126125
126120
126116
126112
126092
126076
126073
126033
126029
126028
126008
125999
125951
125926
125922
125920
125903
125882
125869
125868
125857
125825
125810
125790
125786
125782
125771
125762
125749
125719
125716
125710
125705
125695
125672
125665
125662
125657
125649
125636
125630
125620
125618
125613
125609
125569
125567
125565
125558
125549
125518
125493
125479
125434
125417
125414
125411
125395
125391
125386
125385
125376
125347
125343
125337
125325
125263
125251
125245
125226
125210
125209
125191
125180
125179
125166
125133
125129
125123
125116
125106
125071
125069
125056
125052
125049
125044
125042
125038
125031
125008
125005
125004
124995
124989
124986
124984
124938
124905
124894
124891
124871
124866
124824
124804
124792
124784
124778
124768
124751
124743
124742
124723
124716
124680
124666
124634
124632
124621
124611
124610
124602
124592
124586
124578
124568
124555
124551
124538
124534
124530
124503
124478
124453
124444
124439
124435
124423
124419
124407
124387
124380
124371
124354
124350
124346
124332
124318
124317
124307
124306
124259
124224
124211
124169
124152
124148
124107
124099
124083
124081
124079
124077
124075
124070
124065
124057
124055
124043
124042
124018
124017
123993
123971
123937
123918
123915
123907
123892
123891
123877
123875
123860
123857
123828
123826
123809
123806
123800
123777
123776
123720
123713
123696
123689
123685
123684
123680
123676
123668
123657
123654
123641
123623
123622
123620
123590
123577
123559
123535
123521
123509
123478
123473
123456
123417
123413
123400
123394
123391
123376
123366
123352
123344
123338
123336
123308
123299
123297
123282
123272
123270
123233
123221
123214
123213
123205
123181
123164
123150
123146
123144
123110
123102
123098
123097
123075
123072
123045
123040
122998
122968
122967
122949
122940
122930
122907
122904
122901
122884
122863
122837
122832
122831
122813
122809
122795
122783
122780
122772
122765
122764
122751
122747
122738
122737
122734
122692
122689
122683
122675
122674
122657
122634
122614
122604
122602
122600
122595
122574
122562
122540
122537
122528
122521
122461
122445
122431
122416
122414
122413
122411
122335
122329
122324
122307
122283
122280
122271
122257
122245
122230
122227
122196
122194
122171
122170
122166
122163
122159
122158
122136
122134
122125
122111
122096
122089
122007
122003
121987
121985
121983
121981
121979
121978
121974
121948
121943
121941
121935
121916
121915
121903
121893
121877
121863
121860
121854
121852
121842
121810
121790
121783
121766
121760
121747
121744
121678
121662
121658
121650
121636
121623
121616
121608
121597
121574
121565
121563
121549
121538
121527
121511
121509
121508
121502
121458
121434
121426
121409
121402
121400
121374
121361
121350
121324
121323
121308
121273
121261
121256
121239
121216
121198
121197
121196
121183
121182
121170
121152
121149
121148
121144
121126
121120
121119
121109
121080
121052
121045
121034
121026
120999
120998
120989
120972
120971
120945
120932
120925
120922
120911
120902
120891
120887
120884
120875
120873
120869
120865
120839
120805
120801
120793
120792
120761
120733
120705
120687
120682
120657
120631
120628
120627
120597
120593
120588
120572
120541
120530
120524
120521
120508
120506
120482
120481
120457
120411
120399
120389
120379
120366
120363
120347
120342
120340
120335
120315
120312
120273
120269
120260
120242
120241
120238
120234
120230
120212
120208
120205
120200
120186
120171
120160
120152
120149
120148
120119
120088
120086
120073
120071
120059
120028
120016
119964
119955
119938
119936
119919
119911
119910
119908
119890
119871
119867
119866
119829
119821
119815
119814
