
4552
4551
4551
4539
4526
4526
4521
4515
4514
4512
4510
4504
4503
4495
4482
4477
4472
4470
4469
4465
4464
4462
4456
4454
4453
4450
4448
4445
4440
4433
4429
4428
4424
4418
4403
4402
4399
4387
4386
4384
4380
4376
4371
4371
4366
4365
4361
4346
4345
4343
4340
4329
4324
4323
4321
4318
4316
4309
4309
4307
4305
4300
4292
4278
4277
4272
4268
4266
4264
4257
4255
4247
4247
4234
4233
4230
4223
4218
4216
4214
4192
4191
4187
4185
4183
4183
4182
4181
4172
4171
4171
4170
4161
4154
4150
4144
4141
4136
4128
4123
4110
4108
4107
4100
4094
4092
4089
4088
4085
4074
4070
4067
4064
4061
4061
4059
4042
4042
4033
4031
4030
4029
4023
4018
4015
4005
3999
3999
3997
3996
3995
3984
3983
3977
3977
3973
3968
3959
3956
3950
3948
3942
3941
3937
3937
3936
3930
3922
3916
3913
3906
3901
3901
3899
3895
3892
3885
3880
3875
3874
3871
3870
3869
3854
3854
3848
3844
3836
3829
3827
3827
3818
3813
3813
3811
3810
3807
3799
3796
3792
3784
3783
3782
3774
3772
3760
3753
3751
3741
3738
3737
3735
3731
3725
3723
3720
3713
3713
3700
3699
3698
3690
3689
3686
3683
3668
3666
3663
3658
3655
3652
3650
3649
3649
3634
3627
3626
3619
3614
3612
3608
3596
3589
3589
3577
3576
3572
3569
3569
3567
3565
3562
3560
3556
3555
3552
3537
3534
3526
3526
3525
3515
3504
3503
3492
3486
3485
3483
3478
3478
3476
3475
3472
3471
3444
3441
3441
3440
3431
3431
3429
3427
3426
3425
3414
3410
3406
3404
3403
3403
3397
3397
3395
3384
3382
3379
3378
3367
3362
3358
3354
3348
3342
3337
3336
3330
3321
3320
3318
3317
3311
3302
3298
3293
3293
3290
3288
3286
3285
3282
3280
3278
3275
3268
3256
3255
3243
3239
3239
3237
3225
3224
3219
3212
3204
3201
3198
3197
3196
3193
3182
3182
3175
3162
3160
3157
3154
3151
3149
3145
3144
3139
3139
3131
3129
3116
3115
3108
3104
3102
3100
3096
3081
3075
3071
3071
3069
3066
3058
3055
3053
3048
3038
3034
3034
3026
3014
3013
3010
3008
3007
3007
3002
2997
2993
2993
2988
2980
2976
2967
2961
2960
2952
2945
2937
2924
2923
2923
2921
2920
2919
2914
2914
2911
2910
2905
2886
2883
2882
2881
2877
2870
2867
2855
2852
2849
2848
2847
2845
2844
2838
2831
2829
2822
2821
2820
2815
2813
2812
2795
2794
2790
2788
2785
2780
2775
2774
2773
2765
2759
2759
2752
2751
2747
2740
2739
2738
2735
2728
2726
2716
2709
2706
2701
2701
2697
2686
2682
2679
2670
2667
2666
2666
2665
2664
2656
2641
2635
2632
2628
2627
2624
2623
2620
2619
2607
2604
2603
2590
2585
2583
2581
2580
2573
2573
2555
2553
2542
2542
2540
2538
2537
2533
2528
2522
2516
2511
2502
2501
2494
2492
2491
2490
2489
2482
2480
2479
2466
2460
2451
2449
2449
2444
2442
2425
2419
2418
2413
2409
2408
2407
2405
2403
2397
2387
2384
2378
2370
2368
2365
2363
2358
2356
2350
2337
2336
2331
2329
2328
2325
2324
2322
2314
2303
2296
2294
2294
2291
2286
2284
2279
2276
2263
2263
2257
2256
2255
2252
2241
2236
2235
2232
2231
2228
2227
2225
2224
2220
2214
2212
2209
2201
2193
2192
2190
2188
2183
2173
2170
2162
2159
2158
2150
2146
2139
2136
2134
2133
2132
2117
2115
2109
2108
2107
2096
2091
2086
2085
2077
2075
2072
2068
2064
2055
2054
2050
2047
2046
2044
2037
2035
2032
2021
2021
2015
2009
1998
1992
1984
1978
1975
1974
1971
1968
1965
1961
1958
1953
1946
1940
1937
1935
1927
1927
1924
1922
1918
1909
1905
1898
1896
1892
1891
1887
1886
1880
1869
1860
1850
1849
1845
1843
1834
1833
1829
1826
1825
1817
1813
1807
1806
1804
1798
1788
1786
1781
1780
1778
1776
1767
1763
1763
1752
1746
1743
1739
1739
1738
1736
1722
1720
1713
1707
1705
1703
1702
1692
1691
1689
1681
1679
1677
1674
1671
1668
1665
1660
1659
1651
1649
1645
1644
1643
1641
1640
1639
1634
1628
1612
1606
1602
1599
1598
1591
1591
1581
1580
1577
1572
1558
1554
1552
1551
1550
1548
1533
1529
1524
1519
1517
1517
1513
1507
1505
1504
1501
1494
1490
1488
1480
1476
1462
1460
1457
1457
1455
1443
1441
1435
1426
1424
1422
1419
1411
1410
1406
1397
1395
1394
1390
1387
1376
1370
1369
1364
1363
1358
1353
1343
1341
1335
1333
1333
1332
1328
1316
1314
1312
1310
1302
1295
1290
1271
1271
1270
1269
1264
1261
1258
1251
1247
1246
1245
1241
1240
1233
1230
1222
1221
1209
1204
1192
1189
1185
1184
1179
1178
1175
1168
1164
1162
1161
1157
1148
1147
1147
1143
1142
1138
1128
1126
1118
1116
1114
1112
1110
1107
1106
1096
1095
1094
1085
1081
1079
1075
1073
1068
1067
1066
1054
1048
1043
1036
1034
1032
1027
1025
1023
1022
1016
999
996
992
989
987
984
979
973
970
962
961
959
949
948
946
943
940
930
925
917
913
903
902
899
894
893
890
889
888
876
873
869
868
861
860
851
846
837
834
830
822
820
817
814
806
803
801
799
790
786
779
777
776
775
774
762
752
747
745
744
740
738
731
730
713
712
711
705
703
697
695
688
685
682
679
666
664
658
657
656
655
651
645
635
632
629
623
620
615
611
602
596
592
589
584
582
581
574
571
569
564
563
559
558
557
556
555
553
548
547
534
533
527
524
518
517
516
511
508
498
496
492
485
481
474
473
470
465
451
447
445
444
438
434
430
423
417
415
411
410
407
403
395
393
388
387
381
376
372
370
369
365
356
344
341
333
332
329
328
316
310
301
298
296
292
291
287
282
279
278
274
267
262
259
258
254
249
248
246
237
235
222
219
217
215
205
194
188
186
185
178
172
166
164
158
155
149
148
146
141
139
137
131
129
127
124
123
111
97
94
93
89
86
83
82
79
74
73
62
47
43
41
37
31
0
0
0
0
0
0
0
0
0
0
0
0
0
0
0
0
0
0
0
0
