
167296
167291
167288
167287
167279
167229
167188
167185
167175
167145
167144
167136
167116
167115
167110
167109
167103
167095
167069
167067
167066
167054
167038
167022
167020
167014
167012
166995
166974
166968
166961
166960
166939
166927
166923
166900
166891
166888
166887
166873
166844
166791
166790
166784
166775
166764
166756
166744
166729
166722
166697
166672
166663
166659
166654
166646
166644
166630
166629
166577
166573
166559
166553
166540
166539
166528
166521
166509
166499
166488
166485
166432
166423
166389
166335
166328
166324
166313
166311
166309
166282
166281
166275
166270
166262
166258
166255
166246
166240
166238
166236
166230
166228
166227
166214
166195
166194
166188
166185
166181
166180
166139
166136
166132
166127
166122
166117
166104
166102
166097
166096
166090
166088
166058
166057
166041
166032
166016
166010
166004
165991
165989
165981
165971
165917
165915
165898
165869
165845
165842
165832
165828
165827
165822
165800
165787
165783
165776
165773
165758
165753
165742
165738
165725
165696
165695
165692
165689
165647
165642
165628
165536
165516
165512
165507
165502
165497
165482
165481
165476
165450
165444
165423
165422
165402
165401
165400
165395
165387
165357
165340
165337
165335
165283
165280
165270
165261
165248
165231
165227
165224
165220
165201
165146
165144
165137
165121
165119
165113
165111
165105
165101
165078
165074
165070
165043
165040
165036
165026
165021
165007
164993
164992
164991
164982
164979
164971
164968
164960
164954
164946
164929
164928
164890
164879
164876
164875
164873
164869
164868
164853
164833
164824
164814
164797
164795
164778
164765
164747
164741
164733
164719
164693
164686
164682
164649
164634
164633
164629
164626
164613
164600
164573
164566
164550
164544
164537
164535
164526
164521
164506
164505
164491
164483
164469
164467
164455
164444
164390
164383
164381
164376
164347
164305
164295
164269
164257
164247
164238
164227
164224
164203
164200
164189
164187
164182
164178
164167
164162
164161
164159
164142
164137
164136
164106
164099
164095
164069
164064
164059
164058
163999
163983
163970
163957
163956
163950
163940
163929
163926
163918
163916
163891
163882
163876
163866
163831
163822
163806
163797
163777
163776
163755
163746
163726
163723
163718
163712
163703
163702
163700
163696
163687
163670
163654
163650
163644
163619
163615
163605
163562
163558
163557
163556
163515
163512
163508
163486
163484
163460
163458
163457
163456
163453
163444
163441
163423
163422
163418
163394
163391
163385
163379
163375
163362
163360
163355
163336
163319
163313
163284
163260
163244
163214
163210
163208
163178
163159
163130
163128
163123
163122
163107
163103
163093
163078
163050
163040
163028
163011
162985
162978
162977
162968
162967
162963
162954
162951
162941
162923
162919
162913
162909
162905
162898
162894
162884
162875
162857
162854
162830
162820
162786
162769
162766
162755
162736
162717
162701
162666
162659
162639
162625
162619
162609
162595
162588
162580
162573
162559
162558
162542
162536
162524
162511
162492
162488
162484
162472
162456
162449
162433
162414
162411
162372
162370
162356
162355
162353
162351
162339
162333
162330
162321
162278
162259
162248
162245
162244
162237
162228
162216
162200
162195
162182
162181
162179
162160
162157
162141
162135
162131
162125
162122
162104
162093
162092
162090
162084
162080
162070
162068
162063
162047
162035
162021
162015
162010
161998
161974
161973
161963
161937
161929
161927
161919
161913
161893
161892
161867
161861
161854
161841
161800
161797
161791
161764
161737
161707
161658
161657
161655
161647
161598
161589
161585
161576
161572
161557
161546
161533
161514
161492
161490
161489
161468
161465
161446
161440
161436
161434
161432
161420
161419
161401
161389
161381
161375
161368
161335
161332
161329
161324
161318
161308
161300
161297
161283
161272
161265
161261
161259
161241
161231
161223
161217
161212
161205
161186
161154
161152
161148
161125
161121
161116
161102
161088
161078
161067
161057
161055
161045
161038
161002
160999
160994
160991
160990
160934
160918
160916
160914
160902
160876
160836
160828
160826
160810
160803
160784
160761
160721
160714
160706
160699
160689
160671
160646
160644
160633
160626
160616
160588
160578
160571
160548
160547
160542
160539
160522
160518
160517
160513
160497
160496
160494
160491
160488
160485
160484
160472
160439
160438
160431
160427
160426
160393
160377
160375
160364
160363
160350
160342
160299
160297
160289
160269
160267
160259
160249
160245
160229
160228
160224
160215
160213
160211
160197
160182
160172
160164
160162
160133
160116
160115
160104
160095
160084
160054
160043
160030
160023
160011
160006
159997
159983
159963
159952
159935
159930
159920
159893
159875
159872
159862
159836
159834
159830
159823
159810
159805
159789
159774
159770
159767
159761
159752
159745
159733
159727
159700
159687
159684
159662
159660
159655
159632
159625
159624
159614
159611
159599
159578
159573
159555
159551
159531
159520
159511
159461
159454
159450
159448
159435
159427
159422
159410
159402
159400
159373
159331
159286
159281
159276
159274
159256
159251
159246
159244
159238
159217
159212
159205
159183
159168
159151
159150
159114
159096
159092
159082
159065
159063
159058
159049
159041
159002
158990
158974
158970
158967
158966
158964
158956
158940
158937
158929
158915
158903
158894
158885
158851
158842
158839
158832
158799
158793
158792
158789
158784
158774
158773
158737
158725
158722
158702
158701
158681
158669
158658
158634
158623
158612
158603
158596
158588
158580
158571
158564
158560
158555
158547
158545
158541
158532
158523
158506
158488
158485
158475
158465
158461
158453
158431
158414
158413
158399
158387
158377
158348
158339
158336
158320
158288
158280
158274
158273
158267
158263
158259
158255
158254
158234
158213
158212
158210
158198
158195
158187
158168
158153
158149
158147
158146
158145
158106
158103
158089
158085
158074
158057
158056
158049
158028
158016
157968
157961
157957
157945
157929
157928
157921
157886
157871
157860
157818
157809
157808
157806
157805
157783
157767
157755
157743
157732
157729
157710
157699
157692
157690
157688
157663
157650
157645
157632
157630
157621
157615
157569
157568
157527
157526
157516
157510
157502
157476
157456
157421
157407
157404
157400
157395
157392
157386
157375
157374
157350
157334
157332
157331
157324
157317
157312
157302
157297
157280
157258
157245
157234
157228
157202
157198
157197
157193
157174
157152
157143
157130
157104
157099
157073
157071
157066
157028
157016
157015
157009
157005
156999
156995
156993
156983
156961
156959
156952
156946
156937
156926
156924
156919
156914
156911
156893
156889
156886
156876
156871
156840
156831
156818
156811
156808
156788
156773
156766
156712
156700
156699
156690
156687
156684
156681
156668
156654
156626
156613
156599
156578
156573
156544
156529
156528
156526
156525
156523
156506
156477
156461
156399
156395
156376
156370
156362
156360
156341
156338
156337
156331
156320
156303
156301
156299
156297
156292
156291
156283
156261
156255
156213
156212
156211
156208
156203
156197
156146
156137
156130
156125
156120
156116
156112
156107
156106
156099
156083
156079
156074
156054
156038
156030
156013
156005
156004
156002
155990
155983
155974
155969
155967
155942
155937
155929
155922
155907
155896
155892
155882
155862
155852
155850
155843
155842
155826
155794
155776
155774
155743
155715
155712
155687
155681
155655
155642
155640
155587
155548
155547
155533
155532
155523
155519
155515
155497
155479
155476
155471
155459
155457
155441
155415
155408
155386
155373
155360
155343
155340
155339
155338
155328
155321
155314
155308
155287
155264
155252
155246
155244
155243
155229
155225
155217
155215
155206
155198
155192
155190
155185
155169
155148
155133
155117
155106
155097
155090
155057
155056
155039
155023
155005
154990
154989
154950
154949
154929
154922
154920
154909
154906
154901
154888
154886
154876
154857
154854
154848
154819
154811
154764
154759
154725
154724
154720
154711
154706
154680
154679
154677
154650
154649
154640
154625
154620
154618
154600
154599
154596
154572
154569
154559
154544
154535
154525
154519
154517
154502
154497
154483
154477
154451
154438
154428
154420
154397
154393
154389
154386
154377
154376
154366
154362
154361
154354
154352
154348
154343
154338
154331
154323
154310
154300
154260
154252
154249
154232
154226
154203
154194
154190
154175
154171
154135
154113
154098
154090
154052
154051
154018
153981
153976
153960
153955
153936
153923
153917
153901
153897
153878
153875
153869
153845
153831
153827
153822
153821
153810
153801
153800
153772
153761
153754
153753
153728
153722
153712
153710
153671
153642
153629
153627
153625
153619
153614
153605
153598
153586
153581
153580
153566
153548
153540
153538
153537
153530
153527
153518
153516
153480
153475
153465
153451
153446
153433
153418
153414
153403
153401
153391
153389
153388
153368
153365
153349
153348
153342
153331
153317
153312
153301
153294
153283
153279
153267
153240
153235
153208
153204
153154
153150
153123
153085
153078
153072
153058
153054
153046
153031
153024
153020
153004
152995
152973
152963
152961
152919
152914
152902
152901
152898
152884
152875
152867
152850
152838
152822
152786
152784
152759
152757
152751
152749
152740
152733
152707
152706
152704
152698
152687
152678
152677
152662
152644
152614
152598
152588
152565
152564
152546
152541
152536
152527
152483
152480
152468
152467
152453
152451
152447
152413
152412
152396
152395
152383
152378
152376
152365
152359
152353
152351
152349
152339
152338
152315
152281
152262
152255
152241
152234
152230
152227
152217
152214
152201
152200
152196
152180
152172
152168
152157
152151
152136
152129
152125
152105
152102
152101
152092
152080
152043
152025
152009
151999
151963
151950
151936
151927
151924
151898
151891
151888
151885
151879
151876
151859
151851
151834
151831
151819
151798
151749
151723
151721
151715
151713
151707
151702
151694
151689
151685
151677
151657
151652
151649
151625
151623
151622
151612
151572
151557
151544
151532
151527
151520
151511
151508
151495
151493
151476
151469
151467
151454
151439
151435
151432
151430
151413
151400
151399
151394
151386
151382
151350
151344
151341
151326
151284
151283
151266
151214
151190
151184
151168
151167
151148
151129
151112
151111
151108
151104
151093
151080
151064
151059
151056
151047
151045
151043
151025
151020
150993
150981
150951
150946
150937
150922
150916
150914
150908
150878
150852
150846
150844
150834
150832
150829
150818
150813
150812
150790
150774
150763
150756
150749
150735
150729
150724
150686
150678
150662
150655
150651
150643
150633
150632
150609
150604
150599
150574
150573
150562
150558
150547
150526
150514
150505
150474
150465
150458
150452
150432
150429
150412
150404
150399
150392
150366
150341
150325
150318
150317
150305
150293
150289
150264
150243
150210
150200
150182
150181
150179
150162
150128
150125
150118
150111
150110
150087
150086
150049
150035
150027
150023
150017
150009
150008
150007
150006
149998
149987
149975
149967
149962
149955
149938
149925
149924
149917
149903
149900
149890
149888
149886
149885
149883
149880
149845
149840
149836
149821
149793
149786
149785
149783
149770
149756
149741
149726
149691
149687
149677
149671
149665
149660
149659
149655
149643
149641
149626
149621
149616
149615
149607
149601
149562
149550
149534
149530
149524
149495
149483
149481
149467
149466
149449
149422
149416
149409
149354
149343
149342
149332
149299
149278
149275
149268
149242
149227
149224
149220
149206
149199
149192
149189
149186
149156
149155
149129
149125
149118
149090
149066
149047
149039
149032
149016
148998
148967
148963
148958
148951
148924
148919
148918
148911
148905
148889
148865
148864
148860
148856
148841
148828
148820
148806
148774
148752
148748
148743
148737
148717
148709
148698
148683
148679
148668
148650
148648
148631
148607
148601
148600
148591
148577
148563
148562
148553
148542
148541
148540
148539
148536
148521
148504
148503
148474
148465
148464
148440
148436
148433
148425
148422
148417
148416
148413
148401
148396
148395
148391
148376
148375
148372
148364
148344
148323
148314
148300
148278
148261
148242
148235
148213
148206
148191
148177
148140
148132
148129
148128
148095
148047
148045
148033
148008
147986
147985
147983
147971
147967
147956
147951
147947
147945
147932
147926
147910
147909
147898
147858
147857
147841
147832
147802
147800
147780
147760
147757
147755
147748
147732
147728
147723
147720
147719
147715
147701
147691
147682
147664
147659
147648
147643
147634
147625
147615
147602
147599
147592
147584
147573
147569
147562
147556
147555
147546
147545
147538
147527
147522
147491
147480
147479
147461
147450
147445
147433
147404
147382
147336
147330
147317
147314
147303
147298
147285
147257
147242
147239
147238
147206
147203
147196
147188
147174
147169
147140
147127
147114
147085
147061
147024
147013
146998
146984
146974
146959
146946
146934
146924
146908
146902
146889
146885
146879
146873
146872
146870
146860
146858
146855
146825
146817
146791
146785
146783
146773
146762
146760
146753
146745
146739
146736
146733
146716
146710
146699
146694
146686
146668
146648
146621
146585
146578
146561
146559
146550
146547
146538
146536
146522
146499
146494
146489
146473
146467
146462
146459
146453
146446
146445
146444
146431
146429
146418
146409
146402
146384
146382
146379
146377
146375
146371
146355
146322
146305
146262
146251
146246
146244
146194
146166
146138
146133
146112
146110
146101
146097
146094
146090
146089
146044
146040
146030
146027
146017
146003
146001
145986
145980
145966
145944
145936
145927
145913
145904
145901
145883
145881
145872
145863
145851
145847
145838
145811
145809
145806
145797
145731
145717
145714
145712
145695
145694
145693
145690
145677
145671
145658
145657
145653
145650
145631
145628
145620
145596
145595
145583
145582
145578
145573
145562
145560
145552
145546
145537
145484
145468
145460
145403
145384
145375
145371
145369
145365
145357
145351
145344
145341
145334
145327
145324
145321
145317
145300
145296
145278
145265
145264
145263
145258
145204
145203
145171
145170
145169
145147
145127
145120
145103
145090
145077
145075
145054
145050
145042
145038
145022
145010
144984
144982
144979
144975
144943
144891
144885
144884
144859
144856
144848
144844
144833
144823
144814
144812
144811
144808
144804
144785
144762
144733
144729
144725
144705
144698
144686
144679
144633
144620
144596
144592
144590
144587
144581
144572
144571
144568
144565
144551
144527
144503
144501
144496
144493
144484
144476
144467
144421
144411
144410
144368
144358
144353
144347
144340
144315
144314
144312
144308
144301
144296
144287
144276
144257
144246
144221
144213
144212
144192
144164
144157
144142
144125
144121
144120
144105
144083
144082
144080
144066
144056
144033
144027
144025
144021
144012
144003
144002
143987
143976
143967
143961
143944
143937
143929
143928
143917
143904
143903
143898
143851
143847
143846
143830
143829
143828
143803
143793
143778
143771
143770
143730
143718
143713
143708
143707
143696
143695
143694
143684
143679
143675
143635
143627
143619
143606
143603
143587
143568
143557
143556
143547
143534
143526
143518
143505
143499
143492
143484
143469
143460
143453
143441
143417
143399
143390
143382
143366
143330
143309
143306
143304
143301
143300
143278
143258
143248
143246
143235
143234
143202
143193
143183
143160
143134
143119
143116
143110
143091
143079
143073
143071
143068
143049
143046
143042
143034
143024
143005
142997
142972
142951
142950
142940
142936
142921
142919
142901
142862
142854
142833
142807
142796
142762
142737
142736
142722
142704
142690
142670
142664
142663
142660
142656
142642
142630
142627
142610
142597
142594
142588
142575
142571
142564
142554
142535
142488
142463
142452
142451
142447
142442
142440
142419
142413
142405
142399
142397
142395
142394
142389
142386
142384
142379
142368
142348
142347
142343
142316
142309
142307
142287
142279
142278
142269
142267
142265
142262
142255
142244
142232
142219
142177
142174
142163
142160
142149
142133
142090
142074
142050
142033
142027
142010
141997
141969
141967
141956
141944
141939
141929
141925
141921
141920
141919
141916
141913
141890
141888
141886
141885
141868
141867
141866
141865
141847
141841
141830
141820
141819
141809
141791
141790
141766
141759
141747
141735
141720
141718
141713
141691
141665
141660
141641
141615
141598
141575
141574
141571
141565
141559
141556
141552
141546
141532
141521
141513
141496
141492
141459
141417
141405
141379
141373
141335
141310
141304
141280
141260
141253
141247
141212
141197
141188
141184
141182
141172
141170
141156
141149
141137
141133
141130
141114
141113
141109
141108
141103
141069
141044
141033
141030
141021
141018
141008
140997
140960
140952
140941
140930
140906
140900
140898
140885
140876
140873
140834
140807
140802
140795
140785
140782
140774
140766
140745
140739
140733
140727
140724
140723
140722
140719
140708
140690
140688
140686
140674
140669
140666
140645
140622
140590
140585
140577
140569
140566
140548
140539
140536
140520
140517
140509
140508
140501
140488
140478
140475
140470
140437
140434
140427
140416
140413
140410
140397
140391
140383
140372
140334
140331
140320
140316
140303
140284
140272
140265
140251
140223
140216
140215
140196
140156
140146
140138
140113
140106
140101
140091
140086
140081
140079
140076
140066
140052
140045
140039
140024
140017
139958
139957
139955
139930
139913
139910
139904
139892
139888
139877
139863
139849
139847
139829
139824
139814
139806
139794
139783
139781
139763
139749
139731
139711
139691
139686
139684
139678
139671
139648
139603
139586
139581
139580
139570
139560
139517
139514
139513
139495
139492
139491
139488
139475
139463
139458
139455
139443
139428
139422
139421
139411
139407
139402
139358
139349
139319
139316
139299
139288
139280
139274
139272
139263
139259
139253
139248
139242
139226
139212
139209
139207
139198
139193
139189
139185
139176
139158
139148
139145
139140
139138
139136
139103
139087
139039
139001
138991
138978
138970
138943
138941
138939
138936
138935
138932
138879
138877
138870
138856
138853
138834
138811
138781
138779
138773
138771
138749
138740
138738
138734
138732
138718
138681
138678
138677
138639
138631
138606
138603
138602
138584
138583
138566
138564
138557
138544
138542
138531
138530
138527
138525
138512
138502
138495
138490
138468
138443
138435
138429
138422
138420
138397
138388
138372
138367
138360
138339
138317
138299
138282
138281
138264
138262
138233
138222
138221
138199
138198
138193
138190
138187
138186
138185
138184
138178
138177
138154
138137
138132
138118
138115
138109
138082
138080
138049
138035
137977
137931
137930
137928
137923
137919
137916
137908
137906
137901
137896
137882
137881
137875
137872
137870
137864
137836
137835
137774
137768
137757
137749
137748
137742
137741
137725
137718
137692
137689
137681
137651
137648
137620
137614
137596
137594
137586
137568
137565
137539
137530
137521
137508
137485
137482
137466
137455
137454
137441
137440
137436
137433
137419
137390
137389
137345
137342
137333
137327
137315
137314
137307
137282
137281
137243
137235
137234
137232
137231
137224
137217
137207
137195
137176
137148
137127
137125
137123
137120
137107
137105
137084
137069
137059
137017
137007
136996
136980
136976
136962
136957
136938
136914
136911
136882
136876
136872
136869
136865
136858
136853
136846
136832
136829
136821
136815
136814
136812
136785
136780
136772
136758
136757
136755
136729
136721
136720
136715
136712
136682
136678
136673
136641
136639
136637
136634
136630
136625
136618
136605
136598
136589
136582
136581
136555
136551
136546
136505
136480
136455
136436
136419
136409
136375
136370
136368
136356
136354
136347
136329
136304
136287
136286
136279
136263
136260
136248
136219
136215
136185
136158
136151
136141
136135
136113
136109
136092
136071
136070
136064
136054
136050
136048
136028
136002
135998
135982
135976
135972
135969
135956
135940
135935
135932
135931
135928
135918
135912
135875
135871
135857
135856
135836
135815
135809
135808
135803
135798
135795
135793
135784
135767
135763
135753
135745
135742
135722
135713
135711
135674
135669
135655
135654
135628
135627
135592
135579
135574
135555
135532
135527
135512
135503
135492
135491
135490
135465
135458
135437
135421
135410
135406
135380
135364
135362
135345
135344
135326
135323
135321
135318
135310
135304
135284
135275
135264
135237
135232
135226
135206
135190
135189
135180
135143
135129
135127
135103
135099
135087
135079
135075
135070
135061
135058
135052
135011
135001
134972
134971
134969
134953
134931
134910
134908
134901
134892
134888
134863
134856
134833
134831
134826
134824
134809
134801
134793
134788
134776
134774
134772
134762
134747
134746
134729
134715
134713
134702
134697
134694
134693
134671
134665
134644
134643
134634
134628
134626
134621
134595
134577
134575
134572
134566
134549
134538
134530
134528
134512
134508
134502
134498
134483
134474
134439
134429
134413
134373
134298
134295
134294
134290
134272
134264
134241
134240
134236
134234
134216
134209
134197
134193
134181
134179
134149
134148
134131
134095
134085
134057
134056
134031
134030
134004
134003
133998
133989
133974
133961
133938
133937
133936
133933
133921
133912
133896
133879
133870
133855
133849
133834
133823
133815
133806
133790
133785
133782
133765
133759
133751
133748
133745
133740
133729
133716
133701
133692
133688
133686
133678
133676
133643
133625
133616
133598
133596
133591
133568
133527
133520
133494
133489
133485
133477
133470
133469
133463
133454
133453
133446
133432
133430
133420
133411
133401
133377
133346
133333
133329
133326
133314
133311
133307
133304
133302
133275
133274
133269
133257
133232
133223
133219
133195
133188
133175
133147
133145
133119
133102
133099
133070
133068
133050
133037
133031
133027
133020
133016
133004
133003
133002
132999
132997
132992
132984
132983
132973
132956
132948
132944
132927
132906
132902
132875
132872
132835
132808
132794
132767
132737
132732
132730
132705
132703
132702
132698
132676
132653
132640
132625
132614
132601
132597
132595
132593
132582
132580
132562
132556
132551
132503
132479
132475
132470
132467
132450
132446
132427
132426
132423
132422
132414
132394
132360
132359
132323
132320
132316
132302
132294
132286
132281
132272
132268
132266
132254
132253
132224
132223
132217
132216
132215
132195
132193
132183
132181
132179
132176
132174
132163
132150
132149
132110
132084
132056
132039
132032
132011
132007
131987
131978
131968
131953
131934
131912
131900
131895
131867
131851
131836
131812
131811
131803
131757
131755
131737
131723
131722
131718
131717
131709
131690
131682
131680
131653
131640
131633
131628
131604
131603
131593
131567
131564
131550
131542
131531
131527
131515
131514
131512
131511
131505
131503
131499
131498
131493
131487
131481
131478
131473
131451
131444
131442
131436
131429
131427
131425
131419
131410
131401
131382
131375
131362
131360
131276
131269
131257
131230
131191
131176
131170
131169
131160
131155
131152
131145
131137
131125
131122
131121
131110
131091
131085
131058
131037
131006
131004
130997
130982
130961
130960
130954
130937
130936
130920
130918
130914
130909
130892
130884
130866
130861
130857
130812
130803
130770
130768
130749
130739
130730
130708
130700
130688
130686
130684
130677
130674
130673
130666
130653
130642
130637
130614
130608
130607
130581
130575
130571
130570
130568
130561
130545
130543
130539
130509
130504
130503
130486
130458
130440
130432
130418
130413
130403
130391
130389
130388
130324
130313
130300
130289
130274
130264
130256
130254
130249
130219
130204
130189
130182
130161
130158
130154
130153
130131
130114
130100
130076
130067
130064
130061
130045
130037
130034
130025
129981
129969
129961
129941
129935
129923
129911
129910
129906
129896
129885
129884
129875
129864
129855
129839
129829
129821
129801
129796
129791
129760
129756
129739
129728
129721
129718
129709
129708
129701
129700
129686
129677
129672
129667
129664
129656
129638
129628
129612
129610
129608
129583
129578
129511
129507
129502
129450
129447
129446
129442
129440
129413
129407
129394
129393
129383
129370
129357
129353
129349
129325
129324
129323
129317
129290
129282
129273
129268
129262
129255
129237
129211
129206
129192
129179
129172
129152
129143
129136
129125
129114
129100
129093
129091
129068
129051
129045
129040
129027
129021
129012
129002
128997
128977
128974
128970
128964
128949
128919
128918
128914
128900
128897
128893
128875
128850
128844
128836
128834
128830
128810
128803
128799
128794
128792
128773
128738
128729
128690
128655
128651
128648
128647
128646
128635
128631
128626
128623
128615
128613
128611
128609
128587
128586
128578
128550
128539
128513
128507
128495
128494
128423
128421
128418
128415
128403
128394
128388
128381
128367
128349
128318
128317
128300
128281
128280
128266
128222
128219
128196
128185
128175
128172
128143
128138
128092
128086
128076
128069
128042
128035
128024
127991
127987
127983
127978
127950
127948
127944
127943
127936
127933
127930
127906
127900
127887
127881
127871
127864
127848
127847
127845
127844
127839
127822
127816
127809
127797
127796
127790
127785
127760
127745
127728
127724
127702
127701
127700
127694
127693
127686
127670
127666
127654
127651
127647
127644
127639
127638
127625
127616
127611
127578
127565
127560
127548
127545
127538
127537
127528
127520
127498
127494
127443
127427
127415
127411
127398
127375
127367
127365
127364
127358
127327
127320
127307
127306
127255
127252
127211
127201
127192
127179
127176
127171
127165
127159
127152
127134
127132
127108
127106
127097
127093
127087
127059
127053
127017
127013
127010
127009
126980
126929
126927
126919
126898
126885
126864
126861
126848
126845
126844
126841
126837
126836
126830
126813
126810
126807
126793
126788
126780
126779
126772
126767
126758
126749
126742
126723
126707
126689
126677
126656
126625
126624
126621
126619
126604
126587
126568
126556
126531
126526
126518
126516
126497
126468
126466
126458
126434
126423
126419
126411
126391
126369
126367
126356
126326
126322
126310
126288
126273
126269
126259
126244
126230
126204
126197
126174
126168
126167
126163
126155
126152
126149
126142
126125
126120
126116
126105
126104
126092
126073
126070
126055
126049
126033
126026
126008
125999
125998
125983
125979
125969
125954
125951
125937
125926
125920
125919
125916
125900
125880
125857
125850
125843
125824
125822
125814
125809
125796
125782
125742
125734
125719
125710
125705
125704
125695
125677
125674
125662
125645
125630
125622
125613
125612
125604
125596
125583
125567
125565
125562
125491
125472
125466
125465
125434
125417
125414
125411
125401
125395
125391
125386
125360
125358
125352
125351
125347
125342
125337
125305
125297
125265
125259
125227
125226
125220
125198
125186
125179
125175
125166
125146
125135
125133
125129
125122
125116
125102
125096
125088
125073
125069
125067
125058
125056
125033
125011
125005
125004
124993
124983
124958
124939
124937
124905
124904
124900
124896
124894
124891
124877
124866
124843
124841
124831
124824
124804
124792
124757
124751
124746
124743
124680
124677
124671
124667
124666
124641
124639
124635
124625
124602
124599
124586
124578
124572
124566
