
134665
134663
134644
134626
134621
134612
134600
134599
134592
134577
134575
134563
134562
134557
134554
134551
134534
134502
134499
134498
134496
134495
134483
134472
134453
134429
134418
134413
134412
134411
134376
134358
134334
134301
134299
134294
134284
134270
134251
134237
134231
134230
134229
134197
134183
134181
134179
134174
134168
134151
134149
134139
134120
134080
134054
134046
134043
134041
134040
134031
134029
134027
134015
134001
133994
133989
133974
133937
133936
133927
133925
133901
133897
133896
133895
133891
133888
133878
133870
133868
133867
133834
133823
133815
133807
133806
133802
133798
133797
133790
133786
133768
133759
133751
133740
133734
133732
133729
133715
133701
133690
133688
133686
133680
133678
133661
133641
133627
133622
133616
133610
133591
133562
133552
133522
133516
133494
133485
133468
133457
133456
133454
133446
133444
133438
133432
133431
133406
133376
133369
133365
133364
133363
133358
133353
133344
133343
133326
133314
133304
133295
133292
133255
133254
133242
133233
133232
133229
133190
133188
133185
133181
133179
133175
133162
133147
133146
133123
133099
133095
133086
133061
133050
133041
133037
133036
133020
133017
133015
133004
133003
133002
132997
132992
132987
132956
132951
132948
132931
132927
132923
132921
132904
132900
132881
132868
132861
132855
132849
132842
132823
132792
132768
132748
132737
132734
132730
132705
132700
132692
132683
132681
132676
132673
132672
132653
132628
132625
132615
132614
132583
132581
132578
132577
132570
132566
132545
132530
132503
132502
132498
132489
132479
132475
132464
132457
132455
132427
132423
132418
132414
132404
132374
132365
132340
132336
132334
132323
132320
132319
132317
132314
132307
132305
132302
132296
132294
132289
132281
132268
132254
132235
132216
132204
132200
132195
132194
132193
132183
132181
132179
132176
132163
132161
132149
132139
132079
132073
132065
132015
132014
132009
132008
132007
132006
132004
131985
131981
131977
131955
131953
131940
131908
131886
131874
131867
131846
131831
131827
131819
131813
131808
131806
131796
131788
131786
131773
131742
131740
131736
131725
131722
131718
131717
131709
131700
131694
131680
131653
131640
131632
131616
131588
131587
131577
131571
131566
131564
131557
131550
131542
131539
131527
131512
131511
131505
131499
131493
131492
131490
131463
131455
131452
131439
131436
131429
131425
131417
131410
131385
131382
131373
131360
131352
131338
131322
131292
131290
131283
131280
131276
131273
131261
131246
131237
131235
131230
131227
131214
131207
131199
131179
131170
131165
131159
131152
131147
131136
131128
131108
131097
131087
131058
131029
131024
131003
130997
130961
130936
130931
130924
130922
130914
130895
130892
130878
130870
130866
130860
130858
130857
130822
130813
130803
130799
130780
130771
130768
130767
130766
130760
130750
130739
130738
130733
130730
130728
130708
130702
130700
130689
130688
130685
130674
130673
130666
130661
130659
130642
130637
130616
130606
130599
130593
130571
130566
130562
130545
130543
130539
130516
130510
130503
130498
130486
130474
130463
130456
130453
130440
130435
130389
130386
130383
130381
130338
130333
130309
130304
130301
130293
130288
130277
130250
130249
130245
130242
130239
130227
130219
130217
130210
130204
130186
130162
130161
130139
130133
130131
130115
130103
130089
130064
130063
130053
130046
130037
130034
130029
130025
130002
129984
129981
129961
129944
129923
129911
129908
129900
129890
129889
129875
129864
129858
129855
129840
129839
129826
129809
129799
129796
129795
129788
129781
129774
129770
129761
129760
129756
129747
129741
129740
129732
129731
129729
129718
129704
129700
129685
129677
129668
129667
129640
129639
129624
129583
129579
129578
129572
129556
129542
129541
129505
129502
129490
129471
129467
129447
129446
129442
129440
129420
129406
129393
129370
129359
129356
129353
129331
129330
129325
129312
129307
129300
129299
129286
129282
129271
129255
129247
129241
129224
129217
129216
129211
129208
129192
129181
129177
129172
129163
129152
129133
129114
129092
129091
129087
129080
129068
129066
129062
129055
129052
129038
129034
129012
129008
129002
128984
128949
128927
128919
128917
128913
128912
128897
128895
128892
128874
128869
128863
128851
128844
128836
128826
128810
128777
128773
128768
128758
128742
128719
128714
128701
128690
128687
128679
128667
128660
128658
128646
128642
128633
128631
128630
128627
128619
128615
128611
128609
128601
128594
128586
128568
128545
128543
128539
128526
128470
128455
128438
128425
128423
128421
128418
128417
128414
128405
128404
128403
128388
128381
128372
128364
128349
128329
128318
128317
128300
128283
128281
128275
128268
128266
128265
128251
128243
128234
128217
128214
128188
128185
128168
128166
128158
128151
128143
128138
128135
128110
128086
128081
128076
128042
128027
128025
128024
128007
127998
127984
127982
127976
127965
127960
127958
127953
127952
127933
127893
127870
127848
127847
127835
127822
127801
127797
127796
127795
127790
127788
127785
127762
127761
127759
127749
127744
127741
127735
127728
127721
127697
127689
127676
127670
127660
127654
127651
127645
127644
127639
127625
127620
127612
127594
127584
127582
127576
127573
127565
127563
127553
127545
127542
127520
127516
127503
127494
127491
127456
127451
127414
127392
127376
127358
127338
127327
127325
127320
127310
127302
127276
127263
127259
127255
127252
127250
127245
127238
127236
127225
127197
127179
127176
127169
127165
127159
127145
127144
127142
127141
127135
127134
127124
127108
127107
127106
127089
127087
127067
127053
127046
127038
127035
127024
127017
127013
126996
126957
126935
126919
126912
126911
126904
126887
126885
126881
126871
126869
126862
126841
126822
126809
126807
126793
126779
126775
126772
126758
126756
126746
126742
126741
126723
126721
126714
126707
126698
126678
126677
126675
126620
126618
126610
126604
126603
126599
126594
126589
126568
126566
126557
126544
126538
126531
126524
126516
126498
126468
126458
126456
126453
126439
126436
126434
126432
126419
126399
126369
126357
126355
126326
126318
126316
126314
126310
126300
126288
126283
126259
126255
126253
126251
126247
126232
126221
126204
126202
126187
126180
126169
126168
126155
126133
126132
126125
126119
126116
126112
126094
126092
126090
126082
126076
126065
126053
126043
126003
125999
125993
125977
125954
125936
125926
125922
125920
125919
125903
125900
125882
125879
125853
125852
125851
125825
125824
125812
125810
125809
125771
125762
125750
125749
125748
125734
125723
125720
125719
125710
125705
125704
125700
125696
125675
125672
125662
125646
125630
125623
125613
125590
125583
125570
125567
125565
125562
125561
125554
125549
125520
125512
125498
125493
125479
125473
125472
125459
125458
125421
125417
125411
125395
125392
125369
125351
125347
125343
125325
125297
125281
125271
125265
125263
125249
125247
125245
125226
125218
125214
125205
125198
125180
125178
125159
125156
125153
125137
125133
125129
125116
125115
125106
125104
125096
125071
125067
125058
125044
125040
125037
125019
125010
125005
124997
124990
124989
124986
124984
124971
124943
124931
124929
124926
124905
124894
124891
124877
124862
124841
124824
124822
124804
124792
124784
124778
124768
124761
124750
124744
124743
124738
124716
124714
124705
124704
124689
124680
124676
124672
124666
124641
124616
124611
124610
124586
124578
124568
124562
124559
124547
124540
124534
124519
124512
124505
124483
124474
124470
124453
124451
124443
124430
124423
124387
124380
124373
124346
124332
124331
124317
124308
124306
124304
124273
124271
124268
124251
124241
124237
124223
124222
124212
124211
124196
124195
124185
124180
124169
124165
124152
124148
124137
124134
124128
124126
124107
124084
124083
124081
124077
124075
124072
124065
124061
124050
124043
124042
124040
124024
124009
123998
123987
123971
123961
123951
123924
123918
123915
123891
123889
123877
123860
123858
123847
123838
123832
123809
123798
123777
123776
123774
123755
123752
123738
123732
123698
123697
123689
123687
123680
123668
123657
123654
123641
123623
123622
123621
123607
123605
123597
123590
123582
123570
123559
123548
123541
123535
123477
123475
123473
123450
123428
123413
123411
123405
123391
123390
123382
123376
123366
123359
123353
123348
123338
123297
123293
123288
123282
123272
123271
123266
123253
123241
123235
123223
123215
123214
123211
123186
123178
123168
123164
123159
123158
123157
123154
123150
123146
123144
123103
123100
123098
123097
123087
123076
123075
123040
123026
122998
122972
122968
122956
122955
122949
122946
122940
122933
122932
122920
122917
122907
122905
122904
122879
122875
122870
122864
122863
122858
122835
122831
122821
122809
122807
122780
122772
122767
122754
122750
122738
122734
122732
122724
122711
122695
122675
122674
122669
122657
122634
122627
122626
122624
122602
122595
122577
122540
122539
122537
122528
122521
122520
122511
122486
122481
122476
122461
122435
122413
122411
122406
122404
122396
122382
122354
122348
122335
122330
122329
122307
122285
122271
122268
122266
122259
122257
122255
122237
122232
122230
122229
122227
122197
122171
122165
122160
122159
122145
122136
122134
122128
122123
122106
122090
122089
122084
122042
122019
122015
122006
121985
121983
121981
121974
121973
121948
121941
121935
121929
121918
121914
121903
121892
121887
121885
121877
121869
121860
121859
121852
121842
121825
121813
121804
121784
121769
121768
121767
121766
121760
121756
121753
121750
121744
121726
121725
121704
121700
121686
121679
121678
121673
121669
121666
121662
121651
121650
121624
121616
121608
121603
121574
121569
121563
121562
121551
121542
121519
121511
121510
121508
121502
121499
121434
121426
121420
121409
121393
121389
121382
121361
121350
121336
121308
121306
121277
121273
121263
121257
121248
121243
121240
121239
121230
121223
121198
121197
121196
121187
121184
121183
121164
121144
121142
121140
121120
121111
121109
121105
121091
121080
121045
121026
120999
120981
120963
120954
120953
120945
120939
120925
120911
120909
120891
120887
120875
120872
120869
120864
120855
120843
120839
120827
120824
120813
120807
120792
120786
120782
120781
120776
120758
120757
120742
120733
120725
120720
120708
120687
120682
120680
120672
120670
120657
120648
120643
120638
120636
120633
120632
120628
120621
120613
120602
120588
120572
120541
120530
120524
120506
120496
120493
120486
120483
120482
120478
120467
120457
120448
120411
120406
120389
120380
120374
120366
120363
120351
120347
120340
120332
120321
120312
120302
120295
120290
120289
120286
120259
120253
120249
120244
120238
120234
120229
120217
120212
120208
120191
120160
120158
120149
120124
120102
120073
120071
120059
120053
120028
120019
119985
119964
119955
119941
119926
119919
119917
119915
119908
119893
119883
119871
119866
119860
119847
119834
119830
119829
119821
119818
119815
119804
119802
119794
119793
119767
119760
119755
119750
119745
119734
119732
119718
119714
119704
119641
119624
119623
119615
119610
119606
119605
119573
119570
119564
119561
119552
119550
119543
119525
119519
119508
119507
119490
119485
119479
119477
119470
119457
119454
119451
119442
119434
119430
119415
119409
119408
119407
119399
119387
119356
119354
119335
119324
119319
119315
119313
119309
119300
119277
119272
119271
119266
119261
119246
119244
119228
119222
119217
119211
119198
119195
119170
119167
119162
119152
119143
119134
119122
119121
119114
119112
119106
119088
119085
119078
119075
119062
119045
119042
119026
119020
119018
118996
118994
118991
118985
118980
118979
118969
118956
118946
118943
118942
118941
118938
118937
118934
118923
118921
118906
118894
118886
118882
118880
118858
118852
118849
118842
118838
118837
118834
118832
118828
118822
118820
118814
118798
118793
118792
118788
118786
118774
118762
118754
118753
118746
118738
118724
118722
118721
118716
118708
118699
118658
118642
118641
118635
118618
118597
118577
118566
118553
118551
118536
118530
118528
118525
118512
118501
118483
118479
118477
118476
118475
118469
118448
118446
118436
118426
118406
118403
118402
118395
118363
118352
118346
118341
118331
118319
118313
118301
118281
118271
118269
118267
118263
118261
118240
118230
118224
118209
118205
118198
118176
118161
118159
118158
118152
118151
118137
118114
118107
118103
118094
118092
118091
118088
118087
118084
118078
118065
118053
118050
118049
118036
118027
118016
118013
117974
117971
117960
117956
117955
117938
117916
117907
117906
117880
117854
117840
117838
117834
117798
117783
117776
117775
117774
117771
117768
117764
117746
117739
117702
117694
117689
117684
117675
117667
117663
117658
117657
117652
117638
117632
117630
117625
117605
117602
117595
117579
117555
117527
117518
117501
117496
117476
117470
117459
117449
117434
117415
117407
117403
117402
117397
117396
117395
117394
117379
117367
117355
117349
117343
117335
117320
117305
117285
117280
117265
117263
117232
117225
117217
117214
117213
117199
117197
117194
117189
117159
117156
117152
117139
117121
117104
117102
117100
117094
117087
117084
117070
117067
117058
117047
117044
117038
117007
116997
116992
116985
116977
116970
116952
116945
116914
116910
116901
116888
116880
116876
116866
116858
116856
116832
116801
116793
116784
116779
116776
116774
116766
116762
116753
116750
116740
116730
116723
116713
116710
116705
116704
116696
116684
116676
116651
116645
116641
116633
116629
116617
116607
116582
116578
116561
116547
116541
116535
116511
116509
116496
116482
116478
116477
116476
116444
116433
116429
116413
116405
116397
116394
116393
116370
116368
116367
116366
116362
116336
116335
116323
116320
116315
116309
116291
116283
116282
116276
116267
116251
116213
116197
116196
116193
116183
116172
116168
116119
116110
116106
116088
116078
116076
116066
116063
116052
116044
116043
116040
116035
116023
115994
115978
115973
115964
115950
115939
115929
115918
115908
115906
115896
115876
115856
115842
115828
115821
115816
115814
115794
115780
115775
115774
115768
115767
115764
115761
115759
115756
115750
115743
115721
115714
115711
115690
115689
115687
115675
115672
115665
115662
115654
115649
115644
115623
115621
115615
115611
115593
115583
115567
115565
115543
115508
115507
115470
115457
115449
115439
115433
115427
115419
115417
115415
115397
115393
115385
115373
115354
115350
115349
115332
115329
115310
115299
115287
115284
115269
115250
115233
115225
115222
115220
115187
115185
115180
115178
115177
115165
115164
115162
115141
115100
115090
115083
115081
115077
115073
115064
115060
115051
115040
115034
115026
115018
115016
115014
115011
114964
114960
114953
114944
114940
114938
114933
114932
114911
114903
114902
114894
114887
114882
114878
114875
114870
114866
114858
114852
114824
114806
114802
114789
114770
114768
114758
114745
114744
114742
114737
114707
114706
114692
114684
114646
114620
114588
114581
114579
114569
114545
114537
114528
114525
114512
114495
114483
114481
114445
114423
114422
114415
114413
114410
114404
114403
114398
114397
114387
114369
114361
114353
114352
114351
114348
114328
114323
114321
114312
114307
114294
114290
114289
114271
114263
114250
114215
114187
114185
114181
114152
114151
114150
114149
114140
114139
114136
114135
114126
114122
114119
114115
114106
114099
114091
114088
114069
114061
114046
114028
114017
114016
114015
114014
114010
114002
113971
113968
113959
113958
113956
113949
113948
113934
113912
113898
113879
113867
113861
113851
113812
113806
113800
113793
113784
113776
113772
113737
113736
113726
113709
113701
113692
113679
113678
113670
113631
113628
113615
113610
113602
113597
113587
113578
113574
113562
113550
113549
113540
113536
113527
113523
113507
113491
113481
113471
113446
113440
113435
113421
113412
113408
113406
113401
113389
113378
113353
113336
113335
113331
113328
113324
113310
113299
113298
113273
113262
113260
113252
113251
113249
113231
113229
113181
113175
113174
113163
113148
113139
113133
113130
113071
113069
113067
113064
113059
113057
113048
113045
113044
113043
113037
113031
113014
113013
113008
112998
112991
112984
112972
112968
112965
112945
112936
112930
112922
112920
112904
112883
112882
112879
112861
112858
112839
112828
112823
112817
112798
112795
112793
112774
112751
112731
112729
112711
112699
112695
112685
112682
112672
112662
112650
112649
112633
112628
112600
112586
112580
112565
112547
112541
112536
112528
112522
112514
112509
112497
112491
112489
112484
112477
112472
112466
112451
112445
112439
112422
112416
112407
112402
112391
112384
112382
112377
112370
112328
112310
112292
112275
112274
112256
112250
112212
112193
112172
112169
112164
112160
112149
112147
112142
112135
112118
112093
112086
112085
112080
112079
112062
112060
112051
112046
112037
112036
112023
112022
112021
112015
112012
112010
111999
111987
111986
111980
111979
111965
111964
111961
111958
111957
111948
111945
111942
111928
111922
111918
111899
111894
111873
111867
111801
111776
111762
111754
111718
111714
111709
111705
111700
111666
111656
111647
111645
111642
111636
111629
111621
111613
111607
111589
111588
111583
111580
111565
111562
111542
111524
111523
111508
111506
111505
111494
111474
111471
111468
111459
111457
111454
111450
111446
111445
111416
111405
111400
111399
111379
111352
111329
111313
111312
111289
111281
111279
111277
111251
111245
111231
111213
111205
111199
111198
111193
111173
111163
111148
111146
111144
111128
111120
111107
111106
111105
111101
111095
111079
111067
111051
111048
111045
111041
111038
111036
111035
111028
110990
110973
110967
110966
110962
110955
110949
110911
110905
110903
110876
110875
110874
110850
110848
110843
110835
110833
110818
110797
110792
110790
110783
110778
110767
110758
110750
110747
110736
110726
110723
110707
110683
110679
110660
110657
110649
110646
110640
110628
110616
110604
110594
110583
110560
110549
110539
110522
110504
110502
110496
110494
110475
110454
110453
110452
110415
110397
110387
110386
110372
110364
110353
110351
110348
110345
110344
110338
110336
110307
110302
110296
110286
110282
110280
110279
110268
110245
110238
110212
110197
110194
110189
110180
110179
110170
110157
110141
110137
110134
110111
110097
110096
110074
110062
110057
110024
110014
110007
110005
109991
109988
109986
109984
109982
109981
109967
109964
109963
109950
109947
109944
109931
109905
109895
109881
109869
109864
109840
109830
109823
109817
109788
109787
109785
109780
109778
109777
109766
109765
109756
109750
109745
109731
109729
109726
109718
109700
109699
109691
109680
109674
109654
109646
109625
109584
109575
109559
109556
109549
109533
109530
109493
109485
109474
109466
109460
109459
109435
109421
109410
109400
109393
109372
109361
109359
109356
109345
109311
109307
109288
109283
109282
109281
109280
109278
109271
109268
109257
109248
109247
109223
109222
109221
109217
109215
109212
109198
109193
109189
109186
109178
109172
109164
109156
109151
109116
109113
109107
109101
109095
109088
109065
109055
109050
109043
109039
109026
109008
109002
108997
108993
108978
108972
108948
108940
108926
108903
108895
108889
108872
108853
108823
108814
108811
108805
108796
108784
108782
108766
108748
108741
108733
108700
108683
108679
108674
108659
108658
108655
108648
108636
108633
108618
108615
108612
108606
108603
108601
108597
108569
108563
108535
108521
108511
108487
108484
108481
108478
108477
108467
108442
108433
108429
108417
108406
108404
108392
108372
108368
108353
108349
108344
108342
108337
108335
108328
108323
108320
108313
108309
108306
108304
108283
108274
108261
108254
108251
108250
108226
108222
108220
108215
108214
108209
108200
108197
108194
108181
108145
108144
108130
108114
108110
108102
108096
108092
108062
108058
108056
108020
107994
107963
107954
107914
107908
107894
107879
107877
107874
107871
107863
107852
107850
107847
107819
107817
107813
107796
107784
107776
107775
107772
107768
107760
107759
107751
107750
107743
107738
107735
107732
107683
107680
107660
107659
107651
107649
107643
107642
107627
107613
107597
107596
107595
107555
107551
107541
107533
107529
107523
107510
107506
107501
107494
107487
107447
107416
107413
107410
107399
107395
107393
107384
107370
107355
107337
107327
107326
107319
107311
107301
107296
107285
107274
107264
107253
107232
107231
107215
107212
107206
107205
107174
107161
107155
107147
107140
107139
107131
107118
107116
107105
107097
107096
107094
107082
107059
107052
107043
107038
107032
107018
107017
107015
107007
106994
106992
106990
106972
106970
106966
106954
106953
106952
106951
106944
106943
106938
106934
106891
106890
106888
106869
106862
106845
106817
106805
106798
106788
106786
106763
106737
106730
106692
106683
106677
106674
106665
106653
106642
106636
106604
106577
106561
106552
106548
106547
106540
106526
106518
106513
106491
106490
106489
106481
106476
106457
106440
106426
106421
106416
106414
106413
106412
106409
106407
106403
106387
106381
106370
106354
106350
106338
106334
106333
106320
106289
106287
106285
106284
106249
106245
106241
106238
106184
106177
106169
106167
106166
106164
106160
106142
106133
106122
106118
106117
106115
106100
106092
106085
106056
106036
106030
106027
106026
106024
106009
106007
106001
105980
105979
105978
105964
105945
105909
105901
105892
105891
105879
105877
105872
105867
105866
105865
105859
105856
105851
105844
105834
105830
105799
105788
105779
105763
105760
105756
105723
105721
105693
105685
105679
105677
105671
105661
105652
105646
105641
105630
105612
105595
105588
105571
105569
105567
105565
105564
105553
105552
105542
105515
105506
105495
105458
105439
105434
105430
105415
105403
105392
105390
105380
105363
105360
105353
105344
105312
105289
105281
105273
105265
105250
105242
105240
105223
105219
105206
105204
105192
105182
105181
105170
105169
105164
105163
105150
105140
105128
105127
105123
105110
105108
105101
105099
105088
105075
105074
105066
105057
105039
105032
105029
105024
105018
104998
104991
104988
104984
104974
104954
104939
104938
104936
104935
104932
104921
104901
104854
104833
104829
104819
104790
104786
104766
104763
104750
104741
104733
104721
104718
104716
104705
104696
104688
104671
104666
104662
104653
104647
104638
104635
104624
104619
104617
104608
104600
104584
104583
104560
104548
104521
104499
104497
104482
104477
104466
104451
104449
104438
104436
104422
104413
104408
104407
104389
104363
104361
104355
104353
104352
104348
104345
104341
104331
104315
104302
104291
104267
104258
104257
104255
104223
104219
104218
104215
104202
104200
104199
104198
104196
104186
104175
104168
104159
104155
104142
104141
104127
104121
104105
104092
104086
104077
104043
104020
103987
103978
103961
103943
103930
103927
103923
103920
103912
103900
103884
103881
103872
103871
103847
103836
103816
103815
103808
103792
103791
103779
103777
103760
103748
103739
103731
103725
103719
103712
103709
103698
103679
103674
103662
103650
103642
103638
103618
103610
103604
103602
103601
103592
103590
103582
103581
103566
103558
103554
103552
103536
103514
103510
103506
103496
103493
103487
103486
103469
103464
103460
103446
103445
103440
103404
103383
103375
103353
103331
103327
103293
103282
103277
103270
103265
103264
103253
103249
103244
103238
103234
103219
103215
103207
103165
103158
103145
103133
103121
103118
103116
103115
103110
103097
103074
103054
103048
103047
103046
103045
103031
103029
103009
102997
102989
102985
102975
102969
102959
102952
102928
102918
102917
102904
102892
102887
102875
102861
102836
102825
102821
102818
102817
102813
102809
102805
102803
102794
102790
102786
102776
102764
102757
102743
102740
102735
102726
102724
102721
102655
102640
102637
102625
102621
102620
102619
102612
102609
102598
102578
102569
102548
102534
102508
102507
102506
102502
102488
102466
102463
102455
102450
102439
102420
102372
102368
102346
102342
102333
102323
102310
102309
102303
102296
102295
102289
102287
102277
102273
102270
102268
102249
102236
102232
102228
102227
102195
102188
102186
102179
102178
102173
102147
102136
102128
102116
102109
102100
102098
102096
102052
102036
102027
102021
102016
102009
102005
101985
101982
101979
101974
101946
101934
101931
101923
101911
101909
101903
101890
101887
101882
101881
101877
101860
101856
101851
101848
101822
101817
101806
101804
101800
101796
101794
101791
101783
101780
101767
101755
101742
101732
101721
101716
101708
101647
101645
101637
101628
101623
101606
101602
101595
101577
101550
101548
101535
101523
101508
101474
101462
101461
101454
101447
101438
101420
101409
101405
101398
101397
101387
101385
101379
101375
101374
101357
101340
101339
101322
101297
101296
101291
101288
101285
101282
101263
101249
101243
101229
101219
101213
101195
101167
101166
101154
101146
101133
101125
101118
101103
101091
101090
101084
101079
101074
101069
101053
101048
101040
101025
101011
101004
100997
100983
100979
100970
100959
100950
100944
100942
100939
100934
100924
100900
100894
100889
100886
100873
100872
100855
100854
100852
100817
100809
100798
100795
100783
100782
100777
100739
100736
100720
100713
100706
100687
100681
100678
100660
100655
100648
100639
100634
100626
100619
100600
100590
100576
100568
100564
100561
100560
100553
100540
100531
100530
100504
100498
100490
100472
100471
100456
100452
100423
100422
100421
100416
100406
100405
100401
100326
100322
100316
100305
100299
100277
100273
100266
100260
100243
100231
100229
100214
100212
100198
100196
100195
100171
100164
100162
100144
100141
100137
100127
100118
100111
100101
100097
100092
100085
100083
100074
100067
100058
100037
100032
100023
100008
100004
99992
99978
99970
99969
99949
99941
99938
99924
99893
99891
99883
99869
99835
99827
99811
99800
99794
99777
99765
99764
99753
99746
99744
99734
99722
99718
99717
99711
99703
99691
99688
99678
99675
99673
99653
99651
99632
99626
99625
99604
99601
99599
99594
99590
99583
99576
99575
99562
99561
99554
99545
99544
99542
99535
99525
99519
99511
99507
99504
99471
99461
99413
99370
99356
99348
99344
99341
99332
99303
99301
99283
99260
99255
99252
99240
99232
99229
99222
99214
99201
99182
99169
99167
99162
99157
99153
99150
99146
99132
99130
99115
99101
99091
99088
99082
99037
99035
99026
99019
99007
99006
99004
99003
98990
98986
98955
98944
98942
98935
98931
98930
98917
98884
98882
98872
98861
98856
98847
98842
98841
98828
98819
98813
98805
98802
98791
98789
98780
98775
98760
98746
98730
98724
98712
98705
98699
98698
98691
98674
98673
98654
98634
98619
98589
98588
98577
98572
98551
98537
98525
98520
98514
98503
98489
98480
98469
98465
98462
98460
98457
98437
98432
98413
98410
98381
98375
98374
98364
98352
98346
98336
98333
98331
98324
98303
98300
98296
98291
98287
98268
98258
98255
98237
98224
98222
98202
98200
98198
98195
98193
98171
98169
98165
98156
98145
98140
98131
98122
98093
98085
98076
98070
98046
98032
98031
98025
98016
97962
97948
97937
97921
97913
97903
97897
97889
97887
97882
97873
97868
97864
97858
97842
97837
97835
97830
97828
97826
97804
97801
97798
97784
97732
97728
97716
97709
97699
97693
97672
97669
97667
97666
97663
97653
97633
97630
97627
97612
97603
97588
97586
97585
97582
97570
97548
97508
97489
97488
97483
97475
97460
97458
97439
97433
97431
97427
97425
97418
97414
97408
97406
97400
97399
97398
97380
97366
97360
97347
97341
97333
97320
97317
97305
97299
97278
97275
97271
97251
97249
97237
97234
97230
97219
97218
97208
97193
97179
97167
97136
97133
97114
97080
97079
97065
97019
97017
96995
96992
96986
96984
96975
96943
96923
96918
96913
96912
96906
96896
96894
96884
96879
96878
96871
96864
96839
96836
96830
96819
96811
96810
96809
96806
96801
96789
96767
96759
96758
96756
96755
96743
96740
96738
96730
96727
96718
96710
96700
96691
96684
96683
96669
96647
96633
96627
96625
96590
96580
96576
96574
96559
96551
96544
96536
96535
96509
96506
96495
96470
96437
96427
96426
96424
96409
96385
96370
96361
96349
96346
96334
96307
96304
96303
96298
96291
96279
96273
96272
96271
96239
96236
96232
96225
96202
96201
96161
96143
96141
96139
96134
96131
96128
96126
96125
96113
96110
96086
96073
96070
96062
96057
96049
96037
96023
96022
96018
96014
95988
95982
95978
95974
95970
95964
95951
95939
95932
95888
95886
95864
95855
95852
95847
95845
95841
95808
95804
95800
95796
95757
95745
95735
95733
95725
95715
95710
95709
95702
95698
95693
95692
95688
95684
95682
95656
95640
95637
95627
95620
95593
95592
95588
95576
95570
95567
95566
95544
95533
95532
95513
95490
95468
95462
95457
95452
95440
95439
95427
95411
95382
95378
95377
95358
95356
95351
95343
95336
95331
95321
95309
95290
95268
95263
95260
95254
95251
95247
95245
95237
95236
95227
95216
95188
95186
95184
95183
95178
95147
95146
95125
95113
95105
95104
95079
95067
95056
95041
95023
95006
94966
94965
94953
94945
94942
94937
94926
94915
94909
94908
94893
94887
94851
94846
94843
94842
94827
94824
94822
94820
94810
94802
94801
94787
94780
94766
94763
94739
94737
94725
94716
94694
94690
94681
94675
94674
94667
94663
94657
94653
94645
94635
94631
94626
94625
94599
94592
94587
94584
94569
94564
94557
94549
94523
94510
94505
94478
94454
94452
94440
94429
94425
94415
94394
94389
94385
94382
94368
94364
94363
94361
94359
94342
94334
94311
94306
94304
94301
94297
94290
94278
94275
94272
94254
94247
94220
94217
94189
94165
94142
94140
94134
94133
94104
94103
94100
94084
94076
94061
94046
94044
94022
94021
93991
93989
93976
93961
93958
93946
93934
93932
93916
93885
93884
93883
93875
93868
93867
93862
93856
93853
93844
93841
93839
93837
93828
93824
93822
93818
93812
93799
93783
93781
93780
93738
93709
93685
93680
93659
93656
93653
93618
93617
93603
93594
93593
93588
93583
93576
93571
93558
93556
93547
93537
93533
93528
93527
93526
93510
93507
93504
93482
93473
93470
93462
93458
93451
93437
93426
93405
93400
93392
93385
93384
93368
93364
93316
93313
93290
93285
93265
93259
93249
93245
93233
93231
93228
93201
93166
93159
93147
93135
93124
93122
93114
93111
93096
93095
93094
93091
93068
93063
93056
93055
93054
93052
93049
93041
93035
93030
93019
93018
93017
92999
92990
92962
92943
92933
92926
92911
92895
92890
92888
92879
92875
92874
92866
92842
92832
92828
92819
92814
92799
92797
92773
92771
92760
92751
92749
92747
92738
92711
92665
92662
92661
92638
92629
92624
92620
92600
92599
92594
92587
92571
92552
92540
92532
92530
92511
92509
92494
92492
92471
92466
92462
92454
92452
92447
92443
92402
92395
92376
92375
92373
92358
92354
92332
92329
92325
92315
92314
92308
92307
92280
92248
92234
92229
92226
92218
92217
92205
92201
92200
92199
92190
92180
92178
92176
92170
92148
92144
92137
92132
92129
92087
92085
92081
92080
92079
92072
92049
92048
92045
92043
92032
91999
91991
91987
91970
91968
91952
91907
91905
91903
91900
91896
91890
91879
91865
91861
91857
91831
91819
91817
91816
91803
91797
91796
91778
91769
91761
91751
91739
91701
91696
91674
91655
91643
91636
91625
91622
91620
91609
91602
91597
91596
91594
91563
91556
91546
91532
91528
91525
91522
91511
91490
91489
91461
91432
91429
91419
91417
91400
91395
91389
91372
91363
91361
91357
91353
91349
91348
91342
91338
91326
91320
91317
91313
91312
91308
91292
91278
91277
91275
91258
91246
91218
91214
91212
91211
91208
91206
91175
91147
91131
91130
91111
91094
91093
91069
91065
91051
91043
91040
91010
91002
90981
90970
90943
90941
90936
90930
90929
90923
90898
90897
90892
90888
90875
90873
90871
90869
90858
90855
90840
90839
90835
90832
90818
90817
90815
90810
90802
90791
90790
90752
90748
90742
90718
90698
90668
90654
90648
90646
90643
90618
90608
90602
90598
90594
90582
90559
90557
90540
90531
90530
90521
90515
90510
90505
90504
90497
90486
90479
90477
90474
90471
90441
90436
90434
90429
90393
90372
90356
90347
90344
90336
90331
90319
90310
90285
90255
90249
90236
90234
90221
90185
90183
90182
90167
90159
90158
90156
90148
90143
90133
90131
90120
90095
90094
90093
90085
90083
90080
90079
90064
90062
90061
90058
90052
90043
90041
90037
90029
90021
89995
89973
89956
89954
89931
89929
89903
89902
89896
89895
89875
89863
89853
89848
89830
89822
89820
89810
89806
89801
89800
89799
89798
89778
89728
89718
89708
89707
89677
89673
89668
89666
89664
89648
89631
89612
89608
89587
89584
89573
89572
89556
89534
89517
89509
89493
89489
89486
89475
89473
89454
89453
89434
89433
89426
89421
89419
89395
89389
89369
89364
89362
89360
89359
89354
89351
89334
89333
89326
89321
89316
89265
89264
89252
89247
89245
89235
89217
89210
89204
89198
89197
89161
89160
89156
89143
89139
89134
89124
89121
89120
89117
89115
89094
89091
89075
89043
89037
89031
89027
88996
88990
88973
88964
88954
88931
88910
88909
88902
88896
88895
88884
88876
88871
88857
88841
88836
88831
88828
88827
88822
88792
88790
88786
88765
88764
88730
88724
88700
88694
88693
88687
88680
88678
88668
88658
88634
88632
88627
88625
88618
88615
88614
88600
88577
88574
88570
88569
88566
88563
88528
88527
88512
88489
88470
88467
88454
88453
88448
88437
88435
88433
88417
88410
88409
88399
88391
88387
88380
88355
88332
88326
88323
88315
88282
88276
88263
88243
88239
88224
88201
88196
88195
88183
88181
88163
88157
88147
88144
88136
88130
88122
88107
88067
88063
88061
88057
88051
88049
88047
88025
88010
88006
88004
87997
87990
87989
87970
87967
87960
87941
87924
87916
87913
87899
87889
87872
87867
87864
87847
87828
87825
87824
87813
87812
87806
87800
87796
87783
87760
87757
87744
87718
87714
87700
87674
87670
87666
87662
87660
87657
87642
87626
87625
87624
87590
87588
87582
87571
87569
87568
87555
87548
87528
87522
87520
87515
87513
87507
87493
87490
87487
87476
87466
87449
87424
87401
87398
87372
87361
87357
87349
87341
87333
87329
87325
87305
87287
87276
87271
87265
87252
87244
87240
87238
87227
87207
87202
87178
87173
87152
87147
87129
87126
87116
87106
87101
87089
87066
87062
87057
87055
87044
87039
87033
87030
87026
87019
87007
87002
86999
86973
86960
86931
86926
86924
86922
86907
86899
86897
86892
86873
86871
86862
86835
86830
86828
86826
86823
86818
86817
86785
86777
86774
86754
86741
86733
86726
86702
86699
86686
86668
86663
86657
86656
86654
86631
86600
86591
86581
86576
86572
86570
86563
86560
86530
86516
86513
86504
86499
86498
86494
86488
86486
86483
86463
86426
86416
86415
86407
86395
86386
86385
86375
86373
86365
86335
86327
86325
86314
86305
86298
86295
86280
86262
86255
86237
86223
86220
86208
86207
86205
86200
86199
86188
86170
86167
86144
86139
86128
86118
86076
86063
