
99067
99042
99040
99037
99035
99031
99026
99022
99007
99006
99002
98991
98976
98955
98948
98944
98942
98941
98930
98917
98896
98882
98872
98863
98859
98850
98843
98842
98841
98835
98828
98819
98813
98805
98794
98785
98783
98730
98720
98714
98705
98703
98701
98698
98693
98673
98672
98667
98651
98634
98616
98606
98603
98589
98564
98555
98551
98525
98520
98503
98488
98474
98460
98457
98438
98437
98436
98432
98421
98410
98388
98385
98382
98381
98379
98375
98370
98352
98348
98344
98334
98333
98287
98261
98236
98224
98222
98212
98191
98190
98171
98169
98167
98165
98163
98159
98145
98140
98135
98131
98122
98109
98103
98095
98090
98080
98076
98073
98071
98032
98031
98029
98016
98013
97963
97962
97956
97950
97945
97926
97913
97889
97873
97868
97864
97845
97842
97830
97824
97822
97805
97802
97796
97791
97784
97743
97736
97727
97706
97699
97698
97697
97669
97667
97666
97663
97653
97641
97637
97633
97630
97612
97592
97588
97570
97557
97548
97545
97541
97532
97519
97513
97489
97488
97486
97477
97475
97467
97448
97442
97439
97432
97431
97418
97414
97408
97399
97398
97366
97362
97347
97333
97324
97320
97299
97297
97279
97277
97252
97248
97242
97234
97206
97183
97174
97133
97130
97120
97118
97102
97100
97099
97093
97080
97070
97067
97065
97064
97050
97049
97038
96995
96993
96986
96936
96923
96918
96914
96910
96896
96894
96879
96878
96873
96869
96864
96855
96854
96841
96836
96819
96811
96809
96805
96801
96791
96761
96756
96743
96740
96738
96733
96730
96709
96700
96692
96691
96683
96659
96656
96647
96644
96627
96625
96616
96594
96590
96566
96564
96551
96543
96536
96513
96511
96509
96508
96499
96495
96485
96483
96470
96450
96439
96437
96424
96403
96389
96361
96359
96346
96303
96273
96272
96271
96268
96253
96252
96247
96241
96235
96214
96210
96208
96184
96164
96161
96160
96150
96142
96139
96134
96129
96128
96127
96125
96070
96069
96066
96057
96049
96037
96029
96023
96014
96008
95991
95984
95982
95974
95964
95961
95945
95928
95912
95906
95886
95883
95855
95852
95847
95840
95807
95804
95796
95793
95786
95782
95756
95733
95725
95715
95712
95710
95698
95687
95681
95670
95656
95655
95647
95646
95641
95640
95635
95628
95627
95620
95593
95592
95588
95576
95574
95559
95555
95536
95509
95490
95473
95462
95459
95457
95439
95382
95377
95374
95364
95358
95357
95356
95349
95338
95336
95335
95331
95326
95300
95299
95290
95281
95247
95241
95237
95236
95235
95227
95222
95205
95178
95164
95158
95148
95147
95141
95136
95127
95125
95109
95104
95094
95091
95079
95041
95036
95023
95018
95015
95006
94958
94953
94937
94930
94917
94909
94908
94896
94887
94880
94868
94858
94852
94846
94843
94807
94786
94780
94767
94766
94758
94744
94716
94715
94707
94700
94692
94690
94685
94683
94667
94657
94653
94650
94642
94637
94635
94631
94628
94626
94625
94607
94592
94590
94587
94584
94569
94557
94549
94521
94510
94507
94506
94490
94481
94462
94454
94440
94429
94415
94410
94402
94401
94364
94361
94357
94347
94342
94328
94306
94297
94287
94270
94267
94265
94254
94237
94227
94215
94209
94189
94187
94145
94133
94103
94100
94088
94085
94084
94076
94072
94067
94051
94046
94043
94032
94022
94021
94019
94003
93998
93976
93968
93934
93932
93920
93885
93878
93875
93868
93853
93844
93839
93837
93833
93830
93829
93826
93824
93821
93818
93815
93799
93789
93784
93783
93756
93755
93753
93748
93738
93718
93700
93694
93677
93653
93644
93631
93618
93603
93598
93594
93588
93586
93578
93576
93571
93544
93539
93537
93533
93510
93482
93478
93474
93470
93469
93458
93444
93426
93421
93413
93394
93388
93386
93379
93368
93361
93333
93316
93285
93265
93249
93245
93235
93233
93216
93204
93196
93176
93168
93167
93159
93156
93155
93154
93135
93129
93124
93114
93111
93101
93091
93073
93056
93049
93035
93019
93003
92990
92977
92970
92962
92945
92922
92919
92911
92905
92900
92897
92895
92888
92879
92875
92871
92866
92850
92848
92845
92842
92832
92828
92819
92806
92790
92773
92772
92763
92760
92757
92751
92749
92747
92746
92735
92729
92726
92721
92715
92652
92594
92592
92563
92556
92554
92550
92532
92521
92514
92508
92505
92502
92488
92481
92471
92462
92454
92452
92443
92441
92395
92375
92373
92358
92354
92341
92332
92329
92320
92312
92307
92304
92290
92280
92264
92260
92248
92246
92245
92231
92226
92218
92205
92183
92178
92170
92163
92159
92148
92132
92126
92124
92085
92081
92079
92073
92072
92047
92032
92019
92011
91987
91971
91953
91952
91950
91949
91937
91934
91933
91931
91915
91913
91905
91903
91900
91896
91890
91874
91865
91859
91832
91831
91826
91819
91812
91769
91759
91743
91724
91710
91699
91663
91657
91655
91647
91644
91643
91636
91625
91624
91622
91612
91609
91607
91602
91601
91597
91572
91549
91522
91511
91495
91488
91478
91461
91451
91437
91432
91420
91418
91417
91395
91389
91361
91360
91352
91349
91348
91337
91322
91320
91316
91313
91308
91306
91292
91277
91274
91271
91263
91246
91227
91214
91212
91208
91206
91190
91172
91170
91166
91131
91130
91100
91054
91051
91050
91048
91042
91040
91022
90993
90985
90981
90949
90942
90938
90912
90904
90898
90897
90892
90889
90875
90871
90869
90865
90864
90858
90842
90840
90839
90832
90810
90802
90791
90789
90767
90752
90751
90743
90742
90729
90728
90727
90724
90719
90718
90700
90699
90691
90663
90646
90643
90615
90612
90608
90594
90589
90580
90559
90553
90535
90521
90505
90474
90471
90449
90446
90443
90441
90429
90418
90398
90393
90386
90381
90374
90361
90355
90336
90331
90310
90303
90283
90255
90234
90233
90221
90218
90214
90195
90189
90185
90181
90159
90158
90157
90156
90150
90148
90136
90120
90114
90113
90111
90083
90082
90080
90066
90062
90061
90043
90041
90021
90020
90012
89985
89973
89965
89954
89952
89933
89931
89903
89902
89875
89871
89862
89850
89848
89836
89830
89829
89811
89801
89799
89798
89796
89793
89773
89755
89752
89740
89730
89728
89718
89708
89697
89677
89672
89668
89647
89626
89624
89602
89587
89582
89565
89549
89543
89532
89517
89498
89489
89473
89465
89462
89461
89454
89435
89426
89421
89419
89395
89377
89369
89364
89354
89343
89336
89335
89334
89333
89332
89326
89292
89286
89278
89264
89251
89229
89224
89210
89204
89190
89184
89183
89165
89161
89160
89156
89144
89143
89139
89136
89134
89128
89124
89120
89099
89076
89037
89027
89018
89015
88990
88981
88971
88965
88964
88954
88950
88948
88934
88931
88895
88889
88886
88885
88858
88857
88848
88838
88827
88808
88792
88790
88764
88734
88733
88727
88720
88712
88703
88700
88694
88693
88687
88680
88668
88666
88653
88652
88639
88637
88629
88625
88622
88618
88614
88577
88569
88563
88533
88517
88505
88477
88467
88458
88454
88448
88437
88435
88417
88399
88391
88371
88367
88361
88357
88347
88340
88326
88315
88306
88300
88284
88281
88276
88272
88271
88255
88240
88231
88229
88224
88199
88195
88181
88155
88144
88131
88122
88116
88107
88100
88095
88091
88078
88071
88067
88063
88053
88050
88047
88026
88015
88010
88006
87997
87992
87979
87967
87960
87941
87934
87916
87898
87874
87867
87859
87847
87828
87817
87813
87812
87806
87805
87783
87764
87760
87757
87746
87736
87718
87709
87704
87700
87676
87674
87670
87666
87659
87658
87647
87635
87634
87626
87625
87618
87614
87611
87588
87520
87515
87513
87502
87463
87456
87454
87449
87448
87440
87424
87417
87414
87408
87390
87372
87363
87357
87349
87345
87333
87326
87305
87280
87279
87276
87265
87256
87240
87233
87227
87219
87208
87207
87202
87176
87171
87166
87163
87145
87141
87137
87127
87124
87118
87116
87078
87072
87067
87066
87057
87055
87046
87045
87030
87026
87006
87002
86999
86997
86988
86973
86960
86931
86926
86924
86897
86892
86876
86873
86855
86849
86823
86805
86801
86792
86785
86777
86774
86772
86759
86754
86741
86739
86723
86702
86698
86663
86660
86656
86615
86604
86589
86578
86576
86572
86570
86563
86557
86550
86545
86544
86535
86534
86513
86502
86498
86494
86488
86463
86447
86433
86426
86419
86417
86397
86386
86380
86375
86365
86347
86338
86335
86329
86300
86298
86289
86280
86256
86237
86223
86221
86217
86216
86205
86204
86196
86194
86189
86188
86182
86177
86165
86162
86153
86139
86128
86105
86103
86076
86063
86058
86051
86041
86039
86034
86018
85993
85985
85979
85973
85966
85946
85943
85941
85919
85900
85894
85879
85873
85820
85816
85803
85789
85786
85783
85778
85770
85765
85764
85763
85761
85754
85742
85739
85724
85702
85700
85684
85670
85657
85651
85650
85634
85631
85614
85596
85587
85578
85576
85573
85566
85561
85543
85541
85522
85520
85519
85468
85467
85457
85448
85445
85437
85422
85404
85396
85393
85392
85387
85384
85375
85359
85350
85342
85332
85302
85300
85279
85267
85258
85254
85253
85232
85230
85226
85221
85207
85198
85185
85155
85152
85146
85131
85115
85098
85096
85092
85080
85079
85069
85059
85058
85041
85040
85030
85028
85013
85011
84996
84993
84985
84980
84969
84945
84931
84890
84880
84876
84863
84843
84842
84821
84819
84817
84803
84799
84786
84785
84784
84781
84768
84757
84756
84745
84743
84741
84739
84723
84706
84702
84692
84690
84664
84625
84612
84594
84590
84577
84576
84574
84563
84558
84554
84548
84542
84539
84529
84528
84508
84482
84477
84471
84469
84459
84451
84450
84447
84373
84371
84352
84351
84344
84332
84330
84302
84295
84284
84283
84265
84257
84246
84242
84238
84237
84235
84233
84212
84209
84206
84192
84184
84182
84161
84159
84140
84136
84129
84123
84120
84112
84110
84107
84080
84079
84027
84009
84007
83986
83981
83977
83971
83959
83948
83941
83937
83923
83920
83912
83900
83887
83885
83864
83860
83828
83821
83819
83812
83766
83749
83748
83747
83742
83729
83722
83711
83710
83699
83695
83693
83691
83685
83673
83665
83662
83643
83629
83613
83611
83610
83605
83594
83590
83584
83565
83562
83558
83550
83539
83533
83511
83507
83506
83484
83463
83444
83422
83419
83404
83393
83382
83378
83372
83368
83366
83361
83354
83336
83330
83327
83326
83324
83323
83315
83295
83292
83271
83270
83261
83244
83216
83175
83162
83159
83144
83129
83120
83088
83074
83068
83066
83061
83052
83034
83029
83020
83002
82993
82953
82949
82947
82946
82938
82931
82921
82920
82916
82914
82911
82901
82900
82888
82878
82871
82848
82829
82816
82814
82808
82795
82768
82767
82761
82758
82755
82751
82741
82738
82725
82722
82718
82711
82710
82701
82689
82685
82681
82678
82662
82661
82643
82640
82635
82612
82610
82597
82594
82552
82539
82537
82535
82518
82513
82511
82505
82491
82480
82473
82464
82456
82438
82436
82427
82389
82375
82337
82327
82313
82304
82283
82278
82275
82272
82253
82244
82229
82224
82222
82198
82195
82188
82180
82169
82151
82142
82119
82100
82096
82091
82081
82071
82066
82063
82061
82053
82050
82048
82030
82029
82017
81990
81985
81978
81975
81966
81960
81958
81945
81938
81936
81934
81933
81917
81911
81888
81879
81867
81859
81851
81848
81834
81825
81822
81791
81756
81754
81752
81736
81730
81729
81716
81709
81708
81697
81680
81661
81653
81635
81630
81625
81622
81607
81605
81604
81593
81564
81561
81538
81535
81529
81525
81522
81520
81519
81514
81503
81464
81449
81444
81442
81427
81424
81415
81407
81399
81383
81367
81363
81357
81338
81322
81316
81294
81290
81279
81277
81262
81247
81244
81242
81241
81240
81236
81228
81178
81165
81135
81122
81108
81100
81089
81082
81079
81072
81061
81057
81052
81042
81040
81035
81018
81006
81005
80999
80987
80972
80957
80956
80927
80926
80916
80900
80882
80875
80872
80865
80847
80827
80826
80823
80798
80788
80780
80773
80768
80766
80765
80757
80746
80745
80734
80731
80723
80720
80717
80697
80684
80666
80659
80648
80636
80630
80615
80594
80593
80582
80574
80563
80558
80551
80544
80534
80528
80519
80511
80509
80501
80497
80495
80470
80458
80438
80419
80418
80413
80409
80398
80392
80375
80357
80353
80319
80303
80289
80274
80271
80266
80261
80259
80244
80242
80229
80228
80210
80208
80203
80182
80175
80171
80168
80156
80137
80125
80124
80117
80091
80081
80055
80052
80027
80003
79985
79976
79970
79953
79946
79940
79933
79914
79911
79905
79897
79894
79887
79886
79876
79862
79851
79848
79832
79830
79816
79812
79809
79807
79789
79760
79739
79732
79725
79724
79711
79705
79701
79700
79690
79667
79666
79660
79651
79645
79643
79638
79637
79626
79622
79619
79606
79593
79584
79581
79575
79548
79541
79517
79506
79501
79487
79485
79484
79482
79478
79470
79465
79462
79416
79408
79396
79387
79383
79369
79351
79332
79329
79315
79294
79290
79282
79280
79257
79245
79243
79232
79228
79213
79209
79207
79164
79144
79106
79099
79094
79091
79090
79089
79080
79077
79073
79068
79049
79044
79034
79028
79014
79013
78984
78976
78965
78964
78943
78934
78930
78910
78909
78903
78875
78869
78866
78855
78846
78844
78843
78825
78820
78816
78798
78774
78768
78763
78758
78755
78739
78731
78728
78708
78702
78700
78699
78696
78675
78667
78662
78658
78651
78617
78613
78601
78587
78552
78545
78537
78533
78532
78522
78516
78514
78512
78508
78476
78473
78472
78469
78464
78463
78446
78438
78431
78421
78409
78383
78371
78360
78359
78356
78346
78334
78327
78313
78303
78289
78287
78276
78264
78257
78244
78227
78221
78202
78169
78146
78130
78115
78106
78104
78103
78083
78073
78071
78056
78053
78037
78036
78027
78015
78002
78001
77995
77994
77990
77987
77980
77971
77953
77926
77925
77913
77895
77887
77870
77862
77856
77855
77851
77811
77803
77789
77774
77771
77766
77762
77742
77707
77704
77698
77696
77694
77693
77683
77680
77674
77670
77669
77664
77656
77654
77652
77640
77630
77626
77623
77622
77613
77603
77599
77596
77595
77561
77529
77528
77484
77475
77461
77453
77444
77435
77423
77392
77384
77375
77360
77353
77325
77318
77310
77309
77300
77298
77281
77272
77271
77238
77214
77210
77196
77193
77188
77179
77178
77177
77176
77174
77169
77162
77160
77131
77130
77127
77126
77125
77110
77107
77103
77097
77095
77090
77089
77085
77062
77054
77045
76993
76988
76982
76968
76965
76933
76928
76920
76900
76897
76886
76866
76861
76856
76855
76834
76821
76815
76807
76790
76770
76769
76756
76741
76723
76709
76707
76701
76684
76672
76647
76625
76602
76580
76577
76575
76572
76568
76536
76529
76527
76524
76521
76517
76514
76512
76510
76508
76501
76497
76496
76482
76457
76451
76444
76442
76425
76409
76401
76393
76392
76370
76353
76351
76349
76346
76339
76335
76327
76310
76309
76307
76299
76294
76282
76279
76277
76273
76268
76246
76240
76234
76232
76221
76214
76188
76178
76164
76137
76131
76117
76107
76100
76090
76073
76046
76033
76012
76010
76005
75975
75944
75943
75938
75917
75904
75899
75897
75891
75875
75874
75863
75851
75847
75824
75813
75786
75785
75772
75766
75760
75754
75752
75748
75738
75726
75723
75720
75715
75708
75700
75699
75693
75677
75675
75672
75638
75613
75608
75592
75587
75554
75552
75532
75528
75518
75510
75499
75495
75486
75474
75473
75442
75439
75426
75423
75422
75417
75416
75412
75409
75406
75399
75395
75378
75372
75362
75358
75339
75331
75319
75316
75311
75287
75281
75280
75279
75274
75268
75263
75249
75237
75231
75195
75154
75147
75136
75130
75126
75125
75108
75100
75095
75089
75081
75064
75055
75052
75043
75010
75007
75004
75003
74997
74981
74962
74960
74943
74939
74918
74899
74885
74881
74879
74875
74830
74813
74808
74801
74786
74776
74775
74767
74766
74765
74733
74718
74711
74702
74671
74666
74661
74657
74639
74638
74628
74621
74612
74610
74596
74593
74588
74578
74559
74549
74545
74539
74533
74524
74508
74479
74470
74467
74459
74458
74447
74445
74442
74439
74433
74428
74410
74405
74392
74387
74376
74374
74356
74349
74339
74334
74325
74324
74320
74316
74306
74303
74300
74280
74276
74270
74232
74230
74218
74211
74208
74188
74186
74173
74172
74154
74125
74121
74081
74057
74054
74040
74033
74023
74004
73978
73970
73962
73949
73945
73937
73923
73916
73901
73900
73890
73874
73866
73856
73845
73832
73827
73824
73817
73808
73801
73796
73793
73791
73789
73781
73778
73769
73764
73761
73758
73753
73736
73715
73702
73677
73668
73661
73659
73657
73621
73619
73605
73598
73570
73560
73557
73532
73524
73520
73512
73499
73492
73467
73447
73435
73430
73429
73427
73423
73401
73398
73391
73381
73375
73368
73358
73355
73347
73343
73338
73334
73324
73322
73302
73300
73298
73289
73279
73246
73231
73209
73201
73196
73194
73191
73190
73161
73149
73136
73123
73116
73111
73097
73088
73086
73081
73078
73074
73069
73056
73055
73042
73027
73015
72993
72990
72967
72952
72947
72939
72936
72919
72904
72880
72847
72845
72840
72832
72829
72825
72814
72810
72806
72798
72791
72788
72781
72751
72734
72730
72721
72702
72700
72692
72672
72662
72659
72648
72627
72619
72601
72567
72565
72560
72555
72527
72525
72519
72517
72505
72492
72491
72490
72483
72479
72464
72462
72457
72439
72433
72428
72423
72422
72410
72406
72404
72402
72398
72381
72349
72346
72343
72334
72318
72310
72295
72286
72284
72263
72248
72242
72233
72204
72203
72201
72189
72179
72170
72156
72154
72149
72148
72138
72125
72123
72120
72096
72085
72071
72064
72016
72006
72001
71988
71973
71972
71969
71946
71934
71923
71915
71914
71900
71889
71880
71864
71854
71853
71847
71834
71831
71830
71817
71804
71792
71784
71762
71753
71742
71730
71721
71715
71695
71694
71691
71683
71682
71657
71653
71652
71639
71629
71626
71623
71617
71614
71609
71572
71558
71548
71534
71533
71523
71519
71517
71516
71502
71501
71475
71470
71468
71427
71375
71373
71368
71361
71352
71345
71332
71330
71328
71315
71305
71303
71297
71296
71294
71281
71277
71246
71221
71212
71192
71185
71181
71177
71173
71172
71170
71160
71158
71151
71139
71131
71125
71116
71110
71108
71101
71087
71085
71058
71045
71037
71032
71027
71025
71019
70976
70971
70960
70955
70944
70938
70933
70918
70915
70910
70900
70883
70830
70804
70801
70799
70787
70773
70766
70763
70748
70746
70739
70730
70682
70672
70655
70652
70640
70630
70606
70604
70594
70592
70591
70585
70575
70567
70566
70563
70557
70556
70554
70524
70523
70522
70519
70513
70510
70495
70482
70480
70476
70465
70462
70449
70440
70438
70417
70412
70408
70401
70394
70383
70375
70368
70361
70349
70343
70338
70317
70311
70283
70275
70274
70244
70233
70208
70205
70191
70182
70160
70158
70147
70136
70108
70100
70087
70083
70078
70073
70043
70041
70026
70016
70012
69987
69979
69974
69952
69947
69946
69912
69903
69897
69882
69876
69871
69869
69867
69854
69853
69844
69843
69842
69839
69824
69817
69812
69805
69792
69791
69790
69785
69757
69746
69743
69731
69721
69716
69675
69666
69662
69644
69637
69636
69635
69634
69625
69624
69621
69613
69599
69579
69574
69570
69569
69568
69489
69485
69484
69482
69469
69466
69444
69428
69418
69417
69410
69399
69381
69370
69366
69339
69338
69328
69292
69283
69269
69266
69256
69251
69249
69240
69236
69234
69229
69228
69218
69211
69210
69198
69195
69186
69131
69115
69111
69104
69100
69099
69095
69093
69092
69091
69077
69068
69065
69054
69040
69024
68983
68965
68964
68941
68935
68932
68925
68922
68902
68887
68885
68884
68874
68859
68849
68807
68801
68798
68797
68793
68788
68779
68773
68765
68758
68746
68733
68727
68720
68718
68709
68698
68693
68686
68679
68663
68657
68656
68616
68612
68591
68587
68582
68574
68565
68560
68542
68536
68520
68514
68511
68490
68487
68481
68469
68441
68416
68409
68407
68406
68401
68386
68379
68377
68375
68356
68341
68338
68325
68315
68305
68300
68299
68286
68280
68273
68240
68195
68185
68184
68178
68177
68169
68158
68148
68143
68130
68124
68123
68092
68090
68086
68064
68046
68043
68032
68025
68024
68014
68006
67997
67991
67988
67984
67978
67970
67959
67956
67954
67949
67946
67935
67913
67912
67904
67877
67871
67870
67861
67837
67828
67817
67796
67766
67752
67745
67729
67718
67711
67703
67700
67690
67687
67682
67672
67663
67649
67642
67617
67613
67611
67603
67602
67590
67586
67560
67535
67529
67517
67515
67509
67505
67471
67464
67436
67430
67414
67412
67397
67394
67388
67387
67386
67378
67377
67373
67355
67347
67322
67314
67313
67312
67305
67296
67288
67283
67281
67264
67259
67254
67253
67251
67249
67237
67218
67149
67147
67145
67142
67136
67120
67118
67108
67088
67087
67027
67023
67015
67009
67002
66999
66997
66969
66968
66956
66948
66934
66932
66918
66917
66903
66895
66888
66886
66884
66872
66870
66867
66858
66852
66846
66843
66840
66839
66817
66811
66807
66799
66770
66734
66723
66711
66710
66703
66673
66664
66652
66646
66641
66636
66616
66606
66595
66594
66573
66559
66551
66540
66534
66527
66525
66510
66503
66502
66501
66496
66489
66478
66451
66434
66416
66397
66365
66355
66346
66338
66336
66331
66320
66307
66290
66283
66281
66278
66255
66251
66236
66235
66233
66229
66225
66213
66211
66207
66204
66187
66180
66168
66163
66157
66151
66148
66143
66134
66127
66112
66110
66108
66088
66087
66075
66028
66023
66019
66004
65994
65989
65984
65970
65959
65953
65937
65906
65900
65894
65890
65871
65870
65859
65845
65823
65820
65802
65782
65778
65775
65771
65757
65756
65744
65726
65705
65691
65681
65680
65669
65665
65645
65640
65638
65624
65614
65592
65591
65590
65588
65586
65585
65580
65568
65556
65529
65509
65491
65460
65457
65446
65442
65435
65431
65430
65429
65406
65402
65384
65382
65365
65354
65347
65344
65343
65342
65337
65321
65308
65304
65300
65291
65284
65249
65241
65237
65230
65228
65220
65216
65209
65201
65194
65193
65169
65162
65157
65132
65102
65094
65093
65079
65077
65057
65038
65032
65030
64995
64993
64992
64978
64954
64953
64949
64943
64932
64929
64908
64898
64885
64880
64866
64859
64843
64832
64828
64805
64804
64789
64785
64751
64745
64741
64725
64723
64721
64720
64710
64703
64700
64692
64685
64681
64662
64653
64647
64641
64637
64624
64612
64603
64596
64586
64582
64576
64570
64557
64546
64534
64523
64519
64504
64492
64487
64459
64425
64418
64415
64397
64396
64376
64369
64365
64362
64345
64342
64330
64323
64322
64315
64313
64307
64300
64297
64293
64275
64263
64202
64197
64182
64168
64159
64140
64133
64111
64101
64100
64093
64086
64069
64055
64053
64047
64046
64044
64038
64021
63999
63994
63991
63989
63988
63983
63976
63975
63974
63952
63924
63923
63922
63911
63898
63864
63862
63851
63835
63833
63827
63822
63819
63810
63808
63791
63780
63771
63770
63764
63760
63757
63752
63747
63735
63731
63728
63716
63706
63660
63657
63638
63626
63619
63588
63576
63572
63567
63566
63554
63551
63519
63498
63494
63490
63470
63459
63452
63451
63449
63432
63424
63418
63411
63406
63396
63394
63386
63381
63379
63341
63302
63278
63272
63264
63258
63249
63217
63213
63178
63172
63163
63159
63155
63144
63139
63138
63128
63122
63115
63105
63102
63101
63100
63090
63084
63071
63060
63058
63056
63047
63046
63038
63014
63013
63004
62999
62977
62963
62961
62960
62941
62940
62934
62925
62905
62898
62895
62893
62891
62881
62871
62859
62858
62855
62836
62831
62818
62815
62811
62810
62809
62806
62779
62759
62717
62707
62693
62688
62613
62605
62599
62590
62583
62561
62558
62553
62551
62529
62526
62522
62521
62519
62504
62502
62493
62492
62469
62447
62433
62412
62402
62396
62392
62389
62384
62371
62358
62340
62333
62317
62316
62305
62301
62296
62293
62289
62284
62281
62269
62267
62265
62243
62239
62222
62190
62187
62177
62175
62173
62166
62159
62153
62144
62136
62112
62106
62104
62090
62086
62076
62074
62035
62021
62009
62002
61980
61959
61948
61946
61945
61930
61914
61913
61903
61900
61891
61888
61860
61848
61842
61840
61838
61834
61827
61814
61811
61810
61795
61793
61768
61739
61728
61704
61700
61697
61688
61683
61676
61672
61670
61669
61668
61654
61641
61636
61635
61607
61582
61575
61573
61572
61555
61549
61538
61536
61520
61499
61484
61470
61465
61452
61442
61432
61416
61390
61386
61382
61369
61367
61346
61337
61317
61314
61307
61302
61301
61300
61287
61281
61273
61270
61264
61260
61247
61208
61207
61203
61173
61165
61162
61140
61115
61098
61097
61096
61085
61083
61079
61068
61067
61048
61037
60995
60992
60989
60987
60974
60958
60947
60933
60930
60927
60926
60921
60905
60895
60883
60880
60872
60847
60842
60839
60831
60829
60825
60818
60817
60808
60804
60789
60787
60780
60769
60754
60751
60729
60717
60713
60701
60700
60687
60675
60665
60662
60654
60628
60608
60599
60598
60591
60585
60576
60572
60563
60560
60540
60526
60517
60513
60499
60486
60477
60466
60461
60451
60442
60410
60408
60396
60385
60341
60335
60316
60314
60294
60286
60265
60262
60254
60253
60241
60239
60224
60202
60183
60171
60170
60156
60130
60126
60121
60119
60117
60115
60106
60104
60100
60093
60080
60076
60074
60044
60043
60039
60014
60008
60005
59990
59982
59969
59968
59955
59954
59945
59933
59914
59908
59907
59900
59893
59886
59874
59866
59864
59862
59859
59849
59820
59812
59803
59799
59798
59793
59785
59775
59767
59745
59735
59710
59688
59678
59677
59661
59636
59623
59614
59613
59599
59585
59576
59569
59562
59556
59547
59531
59528
59524
59521
59499
59486
59461
59460
59456
59440
59431
59429
59426
59424
59423
59421
59416
59384
59373
59358
59329
59314
59310
59301
59300
59287
59283
59271
59238
59232
59231
59223
59218
59215
59213
59203
59176
59161
59156
59133
59120
59115
59112
59102
59086
59076
59057
59046
59042
59031
59027
59025
59022
58987
58978
58972
58958
58955
58914
58899
58898
58887
58884
58881
58879
58877
58859
58857
58856
58854
58848
58847
58823
58816
58813
58805
58795
58777
58770
58767
58759
58754
58748
58744
58738
58735
58730
58714
58707
58702
58700
58698
58697
58684
58683
58651
58640
58615
58607
58597
58578
58552
58542
58529
58527
58522
58513
58485
58469
58465
58459
58444
58412
58392
58381
58355
58342
58331
58304
58297
58291
58289
58278
58277
58276
58272
58260
58248
58242
58239
58238
58235
58230
58222
58197
58186
58184
58183
58181
58160
58146
58141
58138
58133
58117
58114
58113
58103
58094
58083
58055
58052
58048
58044
58038
58030
58020
58004
57998
57992
57989
57982
57975
57954
57929
57928
57907
57897
57891
57882
57870
57848
57836
57827
57826
57823
57821
57805
57767
57741
57736
57726
57700
57696
57695
57690
57675
57671
57668
57665
57655
57642
57622
57611
57598
57583
57581
57567
57553
57545
57532
57526
57521
57520
57513
57504
57482
57478
57470
57469
57464
57451
57439
57435
57433
57429
57426
57421
57419
57402
57401
57395
57393
57384
57381
57372
57371
57356
57353
57333
57294
57289
57265
57227
57211
57202
57201
57180
57176
57174
57157
57151
57145
57141
57123
57100
57095
57076
57075
57064
57058
57053
57052
57049
57044
57009
57005
56978
56958
56948
56939
56936
56928
56906
56905
56903
56900
56888
56868
56863
56836
56829
56820
56815
56814
56811
56801
56790
56781
56775
56770
56768
56764
56754
56732
56728
56720
56706
56705
56694
56689
56674
56669
56664
56662
56657
56649
56646
56630
56587
56584
56562
56559
56546
56529
56524
56512
56504
56494
56487
