
49740
49717
49706
49677
49672
49661
49653
49637
49635
49630
49628
49626
49622
49611
49584
49581
49573
49566
49556
49550
49544
49521
49520
49513
49511
49503
49501
49488
49474
49472
49471
49465
49448
49441
49436
49425
49421
49414
49397
49365
49360
49357
49349
49336
49317
49308
49303
49282
49260
49244
49237
49230
49219
49218
49216
49205
49194
49191
49185
49176
49174
49172
49167
49118
49112
49111
49106
49095
49070
49061
49045
49040
49038
49016
49008
48981
48978
48975
48963
48934
48932
48921
48915
48912
48911
48901
48898
48892
48868
48853
48849
48833
48815
48806
48796
48794
48785
48774
48766
48744
48743
48724
48721
48716
48709
48707
48704
48699
48683
48681
48662
48660
48626
48624
48621
48617
48603
48587
48565
48560
48559
48551
48550
48540
48535
48532
48525
48519
48493
48468
48459
48457
48455
48448
48447
48439
48432
48427
48418
48378
48370
48369
48365
48350
48346
48328
48322
48308
48297
48295
48283
48282
48268
48254
48235
48225
48212
48173
48136
48134
48126
48107
48105
48104
48092
48082
48080
48075
48071
48067
48064
48035
48033
48007
48004
47992
47991
47987
47982
47964
47956
47953
47943
47926
47920
47902
47898
47893
47891
47878
47856
47855
47849
47835
47828
47823
47820
47814
47810
47796
47794
47788
47787
47768
47745
47731
47691
47687
47682
47679
47678
47669
47668
47663
47650
47645
47618
47611
47589
47582
47579
47574
47568
47552
47547
47518
47509
47503
47479
47465
47454
47448
47440
47434
47429
47426
47423
47393
47390
47383
47379
47372
47358
47350
47346
47345
47325
47321
47314
47313
47296
47295
47292
47255
47253
47245
47231
47227
47220
47205
47201
47182
47171
47164
47153
47135
47127
47050
47044
47042
47038
47036
47023
47016
47011
46999
46988
46984
46967
46966
46960
46939
46934
46922
46915
46913
46912
46909
46892
46878
46874
46869
46859
46850
46847
46822
46809
46799
46797
46794
46793
46789
46788
46772
46755
46741
46739
46737
46735
46729
46722
46713
46697
46694
46693
46684
46658
46608
46602
46598
46588
46584
46578
46577
46562
46557
46528
46495
46485
46481
46461
46450
46444
46433
46425
46424
46421
46416
46414
46403
46395
46386
46380
46373
46363
46326
46297
46296
46278
46277
46275
46266
46257
46254
46251
46244
46231
46227
46226
46179
46177
46166
46160
46156
46152
46145
46140
46132
46130
46124
46123
46113
46109
46089
46085
46074
46066
46063
46062
46036
46016
45976
45975
45967
45950
45948
45945
45937
45916
45913
45906
45862
45855
45822
45818
45812
45811
45806
45801
45786
45761
45744
45739
45716
45710
45709
45680
45676
45674
45661
45660
45658
45654
45653
45646
45637
45623
45607
45606
45604
45603
45595
45586
45585
45583
45565
45550
45527
45525
45524
45521
45520
45511
45471
45469
45456
45452
45449
45446
45432
45429
45421
45420
45416
45405
45401
45376
45371
45364
45362
45359
45350
45323
45306
45304
45297
45290
45237
45223
45209
45199
45193
45187
45168
45155
45117
45109
45107
45079
45078
45075
45074
45068
45060
45057
45041
45040
45033
45031
45010
45006
44977
44976
44951
44931
44925
44924
44918
44915
44899
44898
44876
44870
44865
44864
44859
44854
44836
44834
44813
44812
44801
44791
44766
44749
44731
44727
44713
44682
44677
44668
44667
44666
44663
44646
44643
44639
44632
44612
44605
44602
44595
44592
44580
44578
44572
44568
44567
44564
44562
44560
44538
44509
44495
44482
44477
44475
44474
44467
44443
44429
44424
44419
44404
44396
44395
44382
44367
44360
44356
44350
44347
44340
44334
44333
44326
44311
44309
44307
44229
44227
44224
44170
44163
44153
44150
44142
44138
44136
44120
44112
44072
44061
44058
44050
44039
44025
44013
44005
44003
43996
43980
43967
43958
43949
43937
43914
43906
43903
43882
43880
43873
43868
43859
43852
43850
43838
43837
43835
43833
43829
43817
43813
43809
43807
43794
43760
43751
43728
43727
43724
43720
43712
43707
43704
43695
43686
43663
43640
43638
43628
43620
43604
43601
43588
43583
43562
43559
43558
43539
43536
43533
43523
43515
43513
43503
43501
43494
43480
43463
43462
43446
43438
43396
43387
43386
43377
43351
43349
43330
43328
43302
43289
43288
43286
43285
43275
43272
43267
43251
43249
43247
43244
43213
43193
43190
43169
43150
43149
43140
43128
43108
43102
43098
43097
43094
43091
43081
43064
43038
43029
43017
43009
42983
42973
42950
42947
42910
42908
42893
42889
42885
42882
42877
42871
42862
42851
42850
42842
42835
42825
42817
42807
42798
42789
42788
42783
42761
42760
42734
42724
42711
42702
42698
42696
42692
42675
42671
42666
42651
42650
42629
42627
42616
42615
42613
42599
42576
42573
42549
42548
42546
42540
42529
42520
42515
42514
42498
42490
42445
42440
42438
42421
42393
42392
42384
42378
42353
42351
42346
42345
42332
42306
42297
42295
42288
42287
42279
42277
42274
42271
42264
42254
42241
42225
42176
42172
42166
42165
42151
42142
42123
42121
42119
42106
42103
42096
42092
42091
42070
42068
42060
42056
42055
42040
41993
41974
41960
41956
41950
41932
41930
41914
41906
41883
41874
41871
41861
41855
41831
41805
41797
41795
41792
41781
41779
41775
41753
41742
41722
41711
41702
41691
41689
41686
41684
41683
41677
41668
41665
41663
41662
41646
41635
41622
41608
41581
41572
41560
41544
41537
41534
41533
41526
41517
41510
41501
41473
41469
41460
41458
41457
41450
41444
41439
41424
41408
41407
41404
41384
41379
41369
41361
41359
41355
41339
41331
41320
41306
41305
41297
41276
41259
41240
41232
41228
41219
41218
41152
41139
41136
41122
41112
41111
41099
41094
41090
41071
41050
41048
41033
41025
41024
41015
40995
40989
40983
40980
40979
40969
40968
40967
40944
40924
40917
40911
40878
40877
40876
40868
40865
40858
40854
40840
40815
40811
40802
40782
40769
40761
40760
40757
40732
40722
40721
40712
40669
40661
40658
40647
40645
40631
40622
40621
40620
40618
40614
40589
40561
40554
40550
40541
40536
40526
40521
40520
40509
40503
40486
40478
40463
40458
40450
40441
40436
40413
40399
40394
40390
40384
40383
40373
40367
40360
40342
40333
40324
40318
40315
40297
40291
40287
40279
40272
40267
40264
40235
40229
40219
40209
40199
40196
40137
40133
40122
40121
40114
40105
40104
40091
40084
40078
40062
40026
39988
39985
39973
39970
39957
39947
39943
39938
39931
39924
39916
39915
39908
39906
39880
39866
39862
39850
39845
39833
39830
39819
39813
39811
39803
39792
39774
39753
39742
39741
39739
39735
39731
39708
39704
39698
39666
39647
39645
39641
39640
39616
39614
39582
39572
39553
39547
39545
39540
39534
39522
39517
39514
39507
39492
39488
39482
39467
39465
39455
39433
39423
39422
39410
39408
39399
39387
39384
39379
39364
39354
39351
39350
39348
39331
39329
39276
39266
39261
39258
39257
39256
39254
39238
39236
39232
39223
39219
39180
39178
39173
39167
39138
39132
39122
39101
39073
39065
39053
39052
39028
39018
39001
38997
38995
38990
38963
38935
38931
38928
38887
38883
38881
38871
38852
38849
38848
38847
38840
38837
38835
38832
38828
38827
38826
38820
38815
38813
38811
38798
38764
38742
38722
38696
38692
38680
38659
38655
38650
38649
38636
38619
38607
38605
38598
38594
38589
38588
38587
38581
38580
38565
38563
38555
38545
38531
38527
38494
38491
38484
38464
38460
38450
38443
38433
38428
38417
38395
38385
38378
38342
38336
38301
38290
38286
38284
38268
38262
38257
38256
38255
38254
38248
38241
38222
38221
38196
38185
38173
38155
38147
38141
38134
38123
38120
38117
38116
38107
38094
38089
38082
38050
38045
38023
38006
38005
37972
37969
37952
37937
37912
37893
37886
37883
37880
37877
37876
37874
37869
37863
37860
37854
37850
37836
37819
37804
37796
37777
37776
37766
37764
37759
37755
37743
37737
37721
37713
37711
37708
37706
37703
37689
37686
37681
37679
37658
37640
37637
37634
37577
37568
37565
37563
37554
37550
37532
37526
37505
37502
37481
37480
37459
37415
37404
37393
37388
37383
37359
37351
37333
37319
37314
37306
37305
37298
37294
37289
37262
37254
37235
37229
37221
37214
37205
37196
37188
37187
37178
37167
37162
37160
37158
37153
37150
37140
37138
37135
37116
37115
37109
37104
37094
37093
37086
37077
37027
37020
37002
36989
36985
36981
36958
36950
36945
36937
36933
36928
36916
36912
36904
36898
36889
36882
36879
36868
36851
36834
36799
36785
36780
36766
36762
36760
36756
36746
36715
36699
36684
36679
36669
36667
36662
36661
36651
36650
36649
36623
36598
36597
36595
36568
36558
36544
36543
36539
36537
36528
36521
36495
36476
36468
36452
36440
36420
36416
36407
36405
36403
36399
36394
36367
36365
36351
36350
36346
36336
36331
36324
36280
36246
36245
36232
36231
36214
36211
36205
36203
36202
36201
36199
36173
36167
36159
36155
36143
36142
36124
36121
36102
36085
36078
36077
36074
36069
36060
36048
36032
36008
36003
35994
35986
35973
35967
35957
35950
35940
35932
35927
35917
35915
35902
35896
35892
35881
35871
35865
35847
35841
35826
35813
35807
35786
35779
35774
35767
35758
35751
35735
35734
35684
35676
35666
35665
35664
35648
35647
35623
35606
35596
35586
35585
35580
35579
35558
35555
35554
35529
35516
35488
35480
35472
35469
35459
35455
35450
35415
35402
35383
35374
35373
35365
35341
35336
35326
35320
35315
35303
35302
35297
35296
35283
35278
35277
35262
35261
35255
35241
35240
35238
35231
35220
35219
35206
35204
35197
35184
35169
35137
35122
35104
35091
35080
35079
35068
35054
35050
35039
35013
35008
35006
34987
34976
34973
34956
34941
34938
34927
34922
34921
34912
34906
34896
34895
34873
34858
34833
34831
34822
34818
34817
34812
34787
34785
34784
34742
34741
34733
34722
34714
34709
34705
34685
34683
34669
34664
34646
34633
34628
34620
34618
34617
34614
34609
34605
34599
34593
34552
34550
34546
34534
34527
34520
34512
34482
34466
34461
34451
34442
34437
34399
34394
34379
34373
34360
34359
34349
34343
34328
34308
34306
34291
34287
34280
34271
34268
34260
34257
34245
34208
34203
34193
34178
34169
34150
34143
34140
34120
34092
34089
34079
34074
34065
34062
34046
34045
34043
34032
34023
34016
34012
34007
34003
33994
33992
33989
33985
33978
33977
33973
33956
33952
33935
33914
33898
33883
33876
33859
33850
33845
33841
33836
33821
33801
33795
33793
33780
33732
33718
33715
33707
33706
33697
33694
33693
33689
33661
33657
33656
33648
33644
33632
33627
33609
33571
33568
33560
33559
33554
33544
33501
33484
33478
33474
33467
33466
33459
33444
33443
33442
33436
33435
33429
33426
33423
33420
33385
33367
33355
33332
33326
33323
33318
33308
33303
33297
33270
33267
33255
33251
33248
33239
33217
33208
33173
33169
33168
33160
33145
33139
33118
33102
33090
33084
33074
33067
33056
33055
33054
33044
33014
33002
32997
32992
32985
32953
32950
32947
32945
32935
32910
32901
32891
32889
32878
32872
32863
32840
32820
32819
32812
32807
32796
32795
32794
32793
32790
32784
32778
32730
32723
32721
32715
32703
32701
32692
32691
32677
32672
32671
32654
32652
32650
32642
32615
32614
32610
32608
32597
32581
32566
32551
32547
32519
32516
32515
32496
32489
32477
32466
32454
32449
32440
32433
32416
32414
32402
32360
32355
32350
32346
32331
32312
32306
32298
32293
32291
32288
32285
32273
32267
32252
32246
32209
32198
32188
32181
32171
32165
32161
32150
32101
32091
32084
32070
32050
32043
32023
32022
32019
31997
31994
31988
31987
31976
31962
31961
31949
31932
31931
31911
31905
31904
31890
31885
31882
31880
31876
31864
31858
31853
31830
31819
31813
31794
31788
31786
31783
31777
31749
31747
31745
31735
31726
31716
31712
31709
31703
31698
31697
31693
31651
31639
31636
31632
31629
31589
31586
31572
31569
31564
31561
31551
31550
31545
31542
31530
31529
31528
31523
31519
31507
31502
31480
31470
31467
31449
31429
31418
31409
31405
31403
31344
31295
31279
31263
31261
31252
31251
31246
31206
31201
31198
31196
31192
31179
31170
31158
31148
31142
31111
31095
31083
31072
31068
31056
31053
31052
31045
31043
31038
31037
31001
30990
30974
30973
30965
30957
30950
30944
30930
30924
30921
30920
30919
30917
30907
30905
30884
30864
30852
30850
30844
30838
30836
30835
30834
30827
30818
30791
30786
30769
30768
30760
30742
30735
30726
30721
30716
30708
30695
30693
30691
30673
30657
30651
30650
30635
30632
30630
30604
30581
30570
30549
30548
30534
30524
30496
30487
30479
30465
30463
30440
30436
30421
30409
30404
30402
30390
30377
30350
30331
30327
30314
30304
30299
30288
30286
30280
30270
30263
30243
30233
30221
30205
30204
30198
30158
30157
30147
30143
30131
30127
30112
30101
30085
30078
30065
30063
30053
30052
30050
30040
30038
30037
30022
30007
30004
29995
29991
29984
29977
29957
29954
29950
29943
29937
29933
29932
29931
29910
29906
29899
29855
29844
29839
29818
29807
29788
29781
29778
29764
29762
29743
29730
29728
29720
29713
29712
29708
29692
29679
29657
29655
29650
29619
29616
29609
29588
29578
29560
29556
29551
29543
29538
29523
29521
29511
29489
29486
29479
29457
29449
29442
29428
29427
29424
29408
29385
29377
29374
29372
29369
29365
29357
29351
29350
29349
29342
29320
29289
29276
29271
29261
29222
29206
29196
29171
29152
29139
29138
29136
29130
29124
29121
29119
29115
29111
29093
29092
29080
29073
29069
29057
29047
29026
29024
29022
29019
29015
29010
29002
28999
28996
28991
28977
28964
28941
28935
28924
28918
28913
28868
28863
28850
28848
28845
28834
28821
28811
28799
28766
28763
28760
28752
28741
28739
28735
28732
28713
28701
28692
28686
28678
28647
28601
28590
28588
28587
28550
28538
28532
28529
28526
28522
28489
28479
28474
28468
28464
28453
28450
28444
28434
28418
28410
28407
28395
28385
28384
28382
28377
28366
28364
28360
28353
28347
28337
28332
28331
28323
28315
28292
28281
28273
28262
28256
28252
28247
28241
28234
28230
28204
28198
28192
28186
28176
28159
28157
28153
28150
28149
28117
28110
28082
28079
28064
28053
28043
28041
28040
28009
28003
27979
27922
27916
27914
27897
27895
27891
27881
27871
27870
27855
27854
27850
27837
27828
27821
27794
27787
27765
27764
27757
27748
27725
27696
27687
27684
27678
27651
27649
27646
27640
27638
27637
27626
27616
27589
27587
27586
27585
27575
27574
27570
27567
27563
27554
27545
27513
27506
27497
27491
27488
27463
27426
27425
27424
27408
27396
27373
27357
27351
27350
27343
27339
27330
27326
27325
27322
27320
27315
27312
27311
27296
27293
27289
27278
27275
27274
27252
27243
27236
27210
27188
27187
27175
27174
27173
27148
27133
27121
27119
27098
27093
27080
27076
27055
27045
27036
27024
27019
27014
27006
27002
26972
26955
26949
26942
26941
26922
26919
26915
26899
26858
26848
26837
26806
26803
26773
26763
26758
26757
26753
26748
26743
26736
26725
26708
26697
26685
26684
26651
26638
26637
26635
26629
26617
26616
26610
26604
26603
26575
26567
26546
26542
26531
26528
26527
26525
26516
26502
26495
26494
26490
26472
26461
26444
26443
26430
26419
26415
26403
26388
26363
26360
26359
26356
26348
26338
26328
26310
26303
26301
26285
26282
26281
26275
26272
26266
26258
26256
26236
26234
26233
26232
26225
26217
26184
26179
26174
26172
26146
26120
26109
26101
26092
26088
26012
26009
26005
25998
25975
25971
25965
25954
25952
25937
25922
25914
25898
25890
25888
25884
25880
25874
25871
25865
25843
25828
25825
25775
25770
25766
25757
25746
25738
25732
25731
25726
25723
25720
25710
25709
25701
25699
25695
25656
25655
25640
25622
25607
25605
25590
25569
25567
25549
25534
25525
25524
25512
25509
25508
25507
25504
25499
25494
25475
25467
25464
25451
25445
25433
25407
25396
25388
25379
25377
25369
25335
25325
25299
25297
25271
25262
25246
25242
25241
25240
25236
25233
25231
25225
25224
25184
25176
25170
25165
25162
25158
25142
25141
25139
25133
25126
25124
25113
25093
25083
25079
25077
25065
25049
25042
25036
25027
25001
24999
24981
24936
24925
24922
24911
24906
24887
24876
24870
24853
24836
24815
24814
24813
24811
24792
24783
24778
24775
24772
24760
24744
24737
24736
24724
24718
24707
24680
24668
24654
24641
24630
24622
24615
24609
24608
24597
24588
24587
24586
24559
24556
24553
24535
24520
24519
24508
24504
24489
24467
24466
24456
24449
24446
24434
24403
24398
24397
24387
24383
24372
24362
24358
24352
24331
24330
24313
24312
24280
24275
24270
24266
24234
24224
24216
24209
24189
24185
24175
24173
24164
24161
24154
24141
24134
24127
24106
24068
24067
24063
24052
24046
24041
24040
24032
24002
23996
23991
23982
23978
23963
23960
23951
23949
23939
23928
23914
23910
23907
23905
23898
23897
23894
23884
23841
23839
23834
23825
23809
23791
23787
23784
23776
23759
23727
23724
23720
23717
23713
23695
23686
23679
23675
23673
23657
23648
23646
23610
23591
23582
23525
23522
23521
23519
23518
23508
23494
23492
23483
23480
23467
23461
23456
23446
23439
23437
23425
23411
23397
23394
23386
23361
23347
23342
23329
23304
23301
23299
23294
23292
23289
23281
23264
23225
23222
23212
23208
23207
23193
23190
23163
23148
23139
23133
23127
23122
23113
23083
23080
23078
23076
23070
23066
23065
23062
23037
23033
23031
23018
23008
22988
22975
22974
22958
22953
22931
22911
22909
22906
22903
22893
22872
22858
22855
22840
22838
22837
22830
22829
22827
22823
22803
22802
22793
22775
22762
22760
22728
22726
22723
22716
22710
22708
22688
22682
22681
22675
22653
22652
22645
22584
22539
22537
22534
22530
22520
22505
22503
22488
22462
22459
22449
22438
22435
22432
22427
22418
22417
22406
22383
22341
22334
22333
22323
22316
22306
22301
22296
22290
22289
22286
22284
22282
22281
22280
22269
22241
22237
22212
22202
22198
22191
22180
22178
22175
22170
22167
22163
22112
22085
22075
22071
22069
22068
22060
22056
22036
22029
22025
21998
21990
21979
21957
21953
21941
21940
21934
21926
21925
21919
21897
21880
21864
21862
21860
21856
21852
21843
21820
21819
21814
21810
21802
21794
21781
21779
21768
21747
21740
21731
21723
21719
21698
21693
21665
21664
21651
21644
21643
21636
21622
21595
21575
21570
21564
21554
21551
21549
21547
21532
21519
21475
21455
21454
21441
21431
21425
21421
21399
21394
21380
21367
21362
21351
21349
21348
21346
21333
21325
21308
21288
21274
21273
21270
21260
21257
21249
21245
21220
21219
21196
21192
21189
21173
21166
21153
21144
21137
21132
21127
21088
21086
21083
21071
21053
21048
21046
21035
21034
21030
21028
21020
20987
20980
20978
20975
20966
20965
20957
20953
20937
20896
20871
20861
20851
20843
20842
20834
20831
20823
20811
20804
20786
20780
20772
20767
20763
20755
20730
20729
20725
20722
20712
20704
20702
20692
20660
20653
20638
20620
20616
20614
20609
20576
20568
20561
20556
20547
20545
20525
20524
20512
20490
20484
20472
20462
20439
20438
20434
20429
20427
20420
20401
20391
20380
20366
20361
20356
20329
20311
20310
20309
20307
20277
20275
20268
20263
20260
20243
20239
20229
20225
20218
20197
20195
20192
20180
20171
20162
20159
20136
20132
20098
20061
20057
20052
20042
20039
20031
20013
19994
19985
19969
19962
19958
19954
19953
19940
19933
19931
19925
19915
19896
19887
19871
19854
19852
19849
19833
19820
19808
19807
19791
19786
19770
19767
19761
19757
19746
19744
19741
19711
19705
19704
19692
19682
19677
19675
19674
19638
19633
19629
19628
19627
19619
19618
19616
19590
19589
19569
19566
19561
19526
19514
19509
19495
19464
19426
19424
19420
19416
19414
19413
19410
19399
19382
19371
19361
19348
19346
19340
19325
19318
19299
19297
19294
19290
19247
19242
19232
19230
19225
19214
19189
19171
19168
19145
19143
19142
19134
19131
19128
19127
19124
19111
19098
19067
19060
19058
19047
19041
19025
19003
18986
18976
18956
18943
18940
18938
18937
18930
18927
18925
18918
18902
18898
18888
18883
18882
18854
18853
18843
18829
18820
18817
18784
18777
18775
18766
18763
18751
18740
18702
18694
18657
18653
18649
18647
18631
18627
18607
18598
18594
18589
18581
18580
18579
18575
18570
18569
18558
18552
18547
18543
18510
18501
18479
18475
18464
18458
18456
18452
18449
18441
18434
18417
18390
18383
18381
18380
18378
18373
18342
18331
18325
18299
18284
18279
18272
18264
18238
18234
18226
18220
18210
18208
18197
18175
18173
18168
18162
18140
18123
18116
18107
18101
18071
18062
18051
18039
18037
18030
18024
18016
18004
17997
17993
17975
17970
17966
17951
17948
17946
17913
17893
17887
17879
17867
17842
17838
17833
17832
17824
17803
17798
17793
17790
17779
17777
17758
17744
17740
17736
17725
17701
17687
17668
17663
17660
17651
17648
17639
17631
17620
17619
17610
17603
17602
17592
17561
17552
17540
17534
17527
17525
17504
17503
17488
17478
17469
17461
17456
17453
17448
17429
17411
17409
17406
17392
17371
17361
17357
17332
17323
17314
17310
17309
17307
17276
17275
17273
17267
17260
17256
17241
17233
17221
17197
17180
17164
17154
17153
17140
17134
17130
17104
17089
17075
17070
17060
17046
17037
17031
17023
17016
17008
17006
16997
16996
16989
16978
16976
16957
16949
16938
16925
16918
16890
16866
16859
16853
16847
16828
16824
16822
16816
16784
16780
16777
16772
16742
16739
16737
16733
16722
16721
16718
16713
16710
16666
16663
16659
16654
16635
16624
16604
16584
16580
16559
16551
16545
16542
16537
16528
16527
16522
16507
16501
16496
16475
16455
16439
16436
16420
16410
16406
16398
16397
16395
16392
16389
16365
16346
16336
16327
16326
16325
16321
16307
16305
16304
16283
16258
16248
16233
16227
16220
16208
16207
16201
16180
16175
16173
16156
16153
16149
16144
16126
16123
16099
16094
16075
16042
16035
16025
16011
15997
15994
15988
15981
15966
15952
15945
15941
15940
15938
15932
15929
15915
15897
15894
15893
15863
15858
15856
15849
15818
15816
15793
15786
15782
15775
15771
15765
15764
15751
15740
15735
15709
15672
15626
15623
15603
15599
15598
15596
15585
15579
15574
15571
15536
15534
15528
15526
15519
15495
15487
15475
15472
15465
15462
15460
15442
15432
15426
15425
15422
15419
15418
15417
15409
15393
15384
15380
15371
15363
15358
15354
15325
15316
15315
15302
15285
15274
15267
15262
15248
15220
15218
15202
15201
15195
15175
15157
15152
15144
15143
15140
15135
15102
15099
15079
15056
15039
15026
15025
15020
15019
15011
15002
14992
14977
14975
14966
14955
14953
14922
14909
14894
14889
14882
14881
14865
14864
14860
14856
14854
14846
14825
14808
14794
14789
14780
14778
14769
14743
14721
14714
14712
14704
14687
14686
14675
14671
14660
14638
14611
14603
14598
14576
14569
14568
14565
14562
14546
14540
14513
14512
14511
14505
14501
14498
14482
14462
14459
14434
14425
14424
14417
14383
14380
14376
14366
14346
14343
14339
14295
14294
14275
14269
14266
14263
14261
14237
14234
14232
14225
14222
14217
14209
14205
14192
14191
14183
14182
14180
14166
14146
14131
14128
14126
14117
14115
14102
14099
14096
14093
14088
14075
14055
14041
14032
14020
13961
13958
13957
13935
13927
13925
13914
13897
13882
13874
13848
13842
13839
13823
13820
13819
13813
13808
13793
13787
13785
13777
13753
13744
13713
13712
13704
13698
13675
13665
13663
13661
13660
13656
13648
13639
13637
13626
13618
13605
13594
13587
13574
13549
13540
13538
13518
13512
13507
13503
13501
13486
13471
13461
13429
13424
13403
13379
13374
13368
13354
13342
13319
13308
13305
13302
13273
13271
13264
13258
13251
13247
13245
13236
13222
13215
13194
13180
13178
13174
13169
13164
13155
13141
13136
13133
13129
13128
13118
13117
13116
13092
13087
13086
13073
13060
13046
13044
13006
12999
12977
12976
12961
12957
12949
12945
12944
12942
12940
12937
12914
12885
12883
12873
12869
12866
12863
12860
12855
12828
12820
12811
12795
12767
12762
12756
12754
12752
12747
12732
12698
12694
12631
12623
12621
12620
12618
12612
12592
12588
12585
12581
12579
12571
12563
12562
12521
12518
12468
12461
12453
12438
12435
12418
12407
12396
12389
12386
12380
12372
12368
12362
12359
12340
12334
12327
12315
12311
12304
12294
12293
12278
12260
12254
12252
12233
12228
12223
12217
12199
12186
12181
12179
12176
12165
12156
12140
12135
12133
12117
12112
12108
12082
12077
12067
12053
12034
12026
12023
12020
12016
12001
11998
11991
11989
11980
11964
11957
11955
11949
11947
11942
11917
11892
11888
11862
11860
11843
11824
11823
11805
11791
11761
11759
11754
11747
11746
11740
11728
11723
11697
11693
11671
11652
11647
11646
11632
11611
11606
11604
11595
11574
11561
11540
11539
11538
11535
11533
11531
11509
11504
11494
11487
11479
11453
11436
11429
11420
11419
11415
11401
11381
11380
11364
11363
11358
11355
11354
11344
11341
11326
11292
11267
11265
11260
11244
11231
11219
11216
11209
11203
11167
11158
11153
11148
11145
11143
11142
11141
11140
11106
11101
11099
11090
11089
11085
11056
11034
11030
11028
11018
10999
10995
10970
10967
10963
10940
10932
10931
10930
10928
10926
10910
10907
10905
10901
10897
10884
10870
10849
10832
10822
10818
10811
10785
10782
10777
10766
10727
10697
10690
10681
10674
10673
10654
10644
10637
10635
10630
10610
10598
10596
10583
10572
10566
10544
10543
10524
10523
10517
10515
10514
10510
10490
10489
10483
10448
10421
10417
10402
10393
10390
10386
10365
10361
10356
10352
10351
10346
10330
10319
10310
10308
10307
10288
10284
10278
10262
10256
10245
10242
10236
10231
10219
10217
10210
10190
10183
10178
10155
10134
10130
10109
10096
10090
10081
10068
10066
10049
10026
10021
9997
9981
9979
9977
9970
9948
9927
9926
9910
9904
9893
9885
9873
9872
9852
9846
9841
9837
9819
9814
9809
9808
9795
9783
9763
9757
9732
9713
9712
9710
9708
9707
9705
9691
9674
9673
9670
9659
9647
9645
9621
9616
9615
9607
9584
9571
9567
9564
9562
9549
9530
9529
9493
9488
9478
9470
9469
9465
9459
9451
9449
9444
9441
9427
9410
9392
9383
9370
9351
9347
9299
9297
9290
9285
9279
9276
9255
9232
9229
9228
9226
9217
9195
9190
9189
9171
9142
9136
9132
9119
9117
9113
9110
9105
9104
9084
9081
9070
9058
9031
9015
9012
9008
9002
8985
8983
8974
8973
8921
8919
8916
8912
8899
8895
8879
8872
8870
8868
8834
8830
8824
8810
8805
8801
8796
8776
8770
8767
8752
8744
8739
8728
8724
8703
8696
8666
8657
8655
8638
8630
8628
8590
8582
8577
8570
8567
8565
8552
8535
8530
8523
8508
8504
8503
8498
8489
8488
8469
8459
8445
8433
8414
8412
8411
8408
8392
8390
8386
8371
8361
8359
8355
8333
8327
8312
8302
8292
8290
8271
8264
8261
8248
8218
8210
8205
8203
8199
8196
8173
8168
8163
8152
8129
8124
8110
8104
8090
8078
8072
8063
8047
8021
7997
7994
7983
7976
7970
7969
7966
7947
7929
7928
7909
7908
7893
7891
7882
7870
7836
7813
7799
7798
7787
7768
7767
7764
7763
7736
7731
7730
7721
7716
7713
7711
7709
7692
7690
7679
7677
7658
7651
7637
7631
7624
7610
7609
7601
7576
7572
7570
7551
7528
7513
7510
7501
7496
7483
7461
7447
7441
7432
7430
7428
7427
7423
7404
7397
7390
7389
7357
7356
7352
7343
7330
7319
7299
7288
7284
7281
7273
7270
7256
7249
7241
7231
7217
7212
7190
7188
7183
7173
7147
7133
7117
7116
7111
7096
7091
7090
7083
7073
7064
7063
7051
7048
7044
7016
7010
6979
6957
6941
6937
6924
6921
6910
6904
6872
6856
6852
6849
6830
6828
6824
6813
6809
6797
6787
6770
6769
6759
6756
6743
6712
6687
6684
6677
6671
6654
6651
6632
6629
6618
6611
6597
6590
6589
6587
6582
6568
6564
6559
6558
6546
6543
6530
6523
6522
6503
6488
6472
6471
6470
6457
6433
6430
6414
6410
6381
6378
6377
6376
6366
6349
6347
6310
6309
6306
6296
6294
6281
6259
6234
6219
6209
6198
6193
6190
6186
6184
6181
6170
6167
6152
6147
6139
6130
6127
6126
6114
6093
6088
6078
6070
6056
6054
6041
6017
6013
6010
6008
5999
5990
5982
5971
5946
5944
5931
5930
5912
5877
5873
5870
5864
5826
5823
5816
5803
5802
5787
5770
5769
5752
5747
5718
5710
5690
5682
5679
5677
5672
5663
5646
5630
5622
5608
5579
5574
5571
5570
5553
5545
5528
5517
5515
5514
5509
5485
5470
5466
5465
5464
5463
5455
5442
5435
5416
5411
5409
5391
5383
5345
5337
5327
5322
5315
5305
5299
5298
5286
5283
5272
5262
5257
5255
5245
5224
5201
5195
5193
5178
5176
5173
5165
5155
5154
5144
5142
5139
5131
5128
5121
5118
5105
5095
5089
5067
5065
5048
5045
5034
5033
5013
4985
4974
4963
4955
4952
4936
4926
4923
4907
4904
4866
4856
4855
4854
4837
4835
4808
4792
4782
4781
4765
4744
4739
4735
4722
4705
4696
4685
4645
4638
4616
4614
4613
4595
4571
4568
4566
4555
4552
4542
4535
4529
4506
4504
4501
4487
4458
4456
4436
4435
4434
4417
4415
4412
4405
4398
4388
4385
4376
4372
4364
4362
4348
4333
4319
4315
4314
4295
4291
4285
4276
4265
4254
4252
4249
4244
4207
4206
4204
4196
4195
4193
4156
4151
4146
4145
4132
4124
4109
4105
4098
4084
4076
4062
4055
4052
4045
4039
4036
3997
3988
3985
3983
3964
3954
3941
3935
3918
3899
3884
3882
3868
3865
3858
3846
3845
3829
3812
3805
3788
3786
3785
3764
3755
3748
3716
3715
3714
3702
3695
3678
3676
3665
3644
3642
3635
3628
3606
3595
3594
3558
3548
3545
3532
3524
3522
3508
3505
3462
3455
3452
3436
3428
3426
3415
3414
3412
3385
3378
3356
3342
3327
3316
3309
3295
3291
3284
3282
3279
3273
3265
3261
3244
3236
3235
3215
3207
3205
3189
3188
3183
3155
3153
3148
3147
3117
3099
3095
3093
3092
3085
3076
3065
3063
3057
3044
3039
3035
3028
3027
3005
3004
2995
2991
2973
2972
2965
2956
2935
2932
2913
2908
2901
2885
2876
2859
2855
2845
2841
2836
2823
2815
2811
2804
2787
2785
2764
2757
2735
2733
2732
2721
2708
2661
2649
2643
2636
2631
2612
2589
2588
2577
2572
2571
2564
2559
2524
2517
2487
2476
2468
2463
2452
2433
2428
2427
2404
2396
2391
2372
2361
2348
2319
2308
2307
2284
2283
2276
2271
2253
2252
2229
2228
2218
2217
2206
2199
2194
2188
2186
2182
2181
2174
2157
2138
2127
2126
2122
2103
2102
2098
2078
2073
2066
2062
2049
2042
2038
2031
2026
2018
1994
1982
1977
1959
1942
1941
1934
1929
1923
1906
1894
1893
1882
1874
1858
1857
1851
1839
1838
1822
1821
1814
1803
1797
1779
1774
1766
1762
1761
1754
1731
1726
1718
1714
1713
1707
1706
1689
1678
1671
1658
1642
1641
1622
1618
1594
1574
1546
1538
1522
1514
1502
1486
1478
1466
1454
1438
1418
1402
1382
1366
1354
1318
1306
1294
1286
1282
1262
1238
1234
1226
1214
1202
1198
1186
1174
1154
1142
1138
1126
1114
1109
1103
1097
1094
1093
1091
1087
1069
1063
1061
1051
1049
1039
1033
1031
1021
1019
1013
1009
997
991
971
967
953
947
941
937
929
919
911
907
887
883
881
877
863
859
857
853
839
829
821
811
809
797
787
773
769
761
757
751
743
739
733
727
719
709
701
691
683
677
659
653
647
643
641
631
619
617
613
607
601
599
593
587
577
571
569
563
557
547
0
0
0
0
0
0
0
0
0
0
0
0
0
0
0
0
0
0
0
0
0
0
0
0
0
0
0
0
0
0
0
0
0
0
0
0
0
0
0
0
0
0
0
0
0
0
0
0
0
0
0
0
0
0
0
0
0
0
0
0
0
0
0
0
0
0
0
0
0
0
0
0
0
0
0
0
0
0
0
0
