403970510
83729550
520800186
22452830
184662540
215262122
179618903
1038999242
199194896
178519998
1047864466
637907185
475382742
216473990
468698219
483975819
440867897
186813201
140963459
1184938378
56269899
335681446
98787301
108874824
375980421
409709356
551347404
581609554
542153704
32923142
168668602
49730571
599517375
539756580
437151098
451629718
950680265
73362517
1065014432
294187970
918417821
40199142
13551128
331999770
620959120
57940632
244292092
379756263
463724013
42366378
472423011
104050735
552589959
804790722
137863200
62605511
546326777
141512326
238876510
519740505
400344574
263357216
247101415
179777558
948365856
727075778
338957098
29941098
278006698
356415462
594105160
662495853
115217582
128042696
789968530
34007657
280122342
421829390
83996794
277141872
321116082
375057981
209398904
420833219
791727360
410263090
894003431
334743221
944329542
519497140
365624003
99511441
184929893
349357430
308718354
396467097
208614319
414540944
80080184
426356791
29296226
204304042
459204574
396976381
573066920
179135079
519244594
868064097
548286393
31169292
652125957
85819146
425245028
40757370
173808321
528255658
249339702
700177128
428345307
293835875
103791234
1227527877
893465652
170368218
785938328
98495556
523618382
356447436
37504558
798649226
224637107
253232925
988837550
1203886001
1263611204
624009881
49172066
348389249
20659893
570255661
393331440
297416082
258064047
402581268
622333690
814505049
811614926
582339154
91691378
168021060
19310192
110860496
303310038
82249308
512122983
338335566
576808464
237271342
723732585
1294437469
629606808
86675164
1169673184
138735155
655660524
528052370
932163982
551771423
95665538
468744338
641418984
516466408
445919406
324453564
239711466
426015909
451676598
743514992
279679485
551883550
72791190
483877706
87700520
375555834
398131971
808243359
434536704
231017966
302663622
75826744
203544969
339200408
165152177
389441718
227894929
155323731
515824645
123443704
310840402
200818699
177206912
65952531
281790724
211234550
252394632
216668482
159446683
417114209
582696155
360534178
75833983
88001032
653448636
101998798
353207172
378709070
98031794
183645000
536639566
47896275
509990198
151767662
196593750
143252240
110012228
136448208
571671862
1054336632
62940476
22793647
419598140
31069802
100802012
172470123
313379702
590460735
558147218
700605176
107084130
147528535
604365110
913743721
2314585
102692113
463313593
258571809
609523782
548742196
165674380
357365229
388487689
165706502
427360044
188404508
121048452
49663575
36920036
890624116
93922336
520781346
344923956
43178038
744116548
490518734
24696291
516049554
972297
776147394
922241567
784446606
291900596
131371197
490756273
718305328
583223686
474080394
62902722
106390830
541511676
525386850
48654264
6919104
63919342
367974032
175525136
52572534
8548447
623886403
422157465
928555109
518911185
653773752
368381680
335283236
207816786
632331414
88529232
328501311
1000338136
379143522
536751171
233562832
834988703
97654012
116335306
532775013
276700104
156881623
307372712
261926342
1161310553
214510996
211523281
338426287
322845617
777354160
608651535
166464837
57513456
62411034
199627444
563889583
737846148
156222618
1025768268
236423362
559938937
484420798
559504194
529635444
16187319
99817675
337549617
141350054
528774711
83937775
703349702
165121370
511419325
28877136
35766673
90621630
215217812
705978746
12608082
111145094
620513632
306539262
364732018
187322630
890248838
106962760
92611992
470519911
297383779
238213262
111199732
343070462
211602057
256460380
347814104
436119866
362479325
38625043
188293678
485647444
1054903710
686750179
50167557
854051866
863328978
312743250
275923748
69047486
619940805
101199153
98030390
827950598
595410222
148463105
132491305
111599023
84345475
134585380
479871152
800864506
409706744
277049818
491742008
34804623
59523979
488722942
415742142
324940159
269199437
491458472
443766414
103124547
1430454071
597227637
252213983
614413367
71437107
455436130
157829254
308357941
241332114
420367546
373822107
400630301
717854148
621985054
715064256
598392094
867144359
582567434
513666768
275505321
360990671
305218402
766408194
502573834
386051242
302751729
645810586
595372410
437062966
8888047
163254782
329244651
18108244
170820792
347195733
420915885
365998506
521515543
154354578
446086359
343614053
87580592
697274749
185308916
516387558
130171613
1378725658
115408789
375815924
697851442
517530603
269590482
126910946
211764778
648396408
141956927
528953981
295373389
493086300
332984746
92959241
566231761
808449798
517152637
422767415
355001912
687922467
1136126701
900996869
233724601
97214188
422036773
214167935
256705068
189131959
452808196
210367304
490661286
698063772
188913566
37161179
949400482
404840552
167342095
248988975
315860259
261330772
642018017
488098068
230813269
62007362
151832800
455744120
167740304
37527321
490802365
491410247
25300944
203078982
750790362
58243125
51978570
388425897
311561727
1181711678
448536170
834675217
324370908
196466475
548341625
74991383
77876487
884385403
318334542
480017054
324208563
546441941
664872355
457966926
43284876
214062656
855089506
700214418
326055142
93517789
348194026
147221183
405372955
66712386
230324619
334241327
654997768
538713962
548618225
76408878
313359776
515495327
773335309
346856170
136386448
454892764
125960206
479894842
241938438
947181334
142541750
23899762
511226146
21681524
232706899
475578909
546903180
593345870
379934381
846668694
372558332
403656584
195132083
878177169
601137939
728268126
728149586
496918224
401908740
440803020
928959504
252641719
26292451
216174438
364989990
825262352
383294807
477765395
148702128
252163651
532566837
645792492
452439457
207402837
39280236
1043218136
221702676
252537651
275696760
5247998
660366450
463505592
214704071
480210566
156085754
68675407
693781917
592124311
104933363
169750710
48527436
116198593
1025715699
359437878
1024983174
471522856
194499928
259426758
1051550901
413576529
182197238
205860930
363661408
399322534
319616928
855093940
156946889
20781390
657035069
827744415
968876232
70291712
446375481
583351677
132111191
366537945
778292437
72361027
10730765
36447497
258115200
831926440
306793280
306068362
191859301
22806040
596510586
119629215
738099625
42384842
70709619
638425430
86018764
325233284
554765007
166928928
249991118
437050632
548702853
439172294
221869430
650998794
158971434
470231514
644512118
218473622
164683862
481505690
741383635
478870063
53659171
37573798
47750508
753390964
173854374
621413250
645380532
188224038
417539103
323306861
185865429
533549024
708770560
41510200
101195671
142833796
521943572
551361996
184823829
486161368
209190402
270177820
314478759
392745859
1080772497
59119199
105429220
764264948
576169812
307434906
324730734
467727462
305993195
195581007
16392219
165829109
22342411
123725810
244774954
158917374
576302407
320712312
878519848
541949610
774217183
198320380
573786256
173945544
636910549
1208136983
251211456
225051357
249265206
337395499
76129111
344651842
1050544302
229981758
16454274
162249342
803477204
118982290
233729877
182260528
559462989
832469951
381135098
148686858
558217126
374045730
492022196
559877634
291785307
133157169
597881413
1038600784
1263848919
201682374
613900202
135601148
836957852
246668182
611106150
111089295
573247456
141312606
756583186
216032370
26455491
383940936
232670103
133143074
755910953
392319337
206845270
160849349
355680669
372858758
160825256
453536214
667350977
178924750
81699463
797842095
127721976
87453398
702780996
745465749
149010286
451013740
8362256
220708409
71142679
317056956
746243864
516127458
204750274
580559129
757505482
116169203
199490394
516718403
29399352
413088912
334780232
164931579
676388658
487798568
607562827
275331966
268707486
371404442
533854772
195241347
509209026
450797187
145969886
558299124
190889399
72632704
617320669
184963246
156694437
138327602
373880984
338721150
163866008
1234522722
250600766
426644073
408637027
230457784
230618362
178555620
27748831
714843552
20695952
218742229
429012613
419372600
479935715
1042855962
283096349
404841228
697136817
495666810
76490550
354989300
23412815
462963047
579231208
11993076
788399037
105326409
876153666
45000614
333484498
397740371
400828980
580930842
106305458
365620969
987067992
1076782004
93635448
186130171
753826396
250723407
268048608
351955194
678080832
577535710
232572941
402428014
121687046
137541577
78678770
99207733
243331461
117361425
85092676
885177696
36591742
1001335167
47062838
726275456
17926165
628088953
271359080
1115442342
445587474
38469440
68583979
606702458
82336398
926696378
1420936454
470072878
433900942
344479438
110360107
172396169
701096646
457738394
236198957
294207744
921623619
145359720
41166386
199969567
193791228
628008802
399664234
14566719
269051061
612069538
320914356
12055887
1041737892
892300186
864556450
588154302
98175160
333745362
146188786
567528210
382293442
315122846
544383646
479724512
378626375
813287266
194629725
240109140
153383537
242182155
57026659
678667153
384088460
605000394
978909544
367275994
338603275
655110959
776866326
299941684
592990272
32247849
1308258326
675890383
21502764
231560532
228679724
437684052
57109872
255648504
405267428
518264194
55231052
402112371
539837959
383114152
997135150
38757046
358575426
105817259
203048870
63378983
362952491
422546078
602930916
70711765
44492943
439990059
661160866
22893682
97703615
681086062
1200229903
393093872
991690872
672592184
592510570
200234824
296044110
633850111
108485461
455965832
606830874
137861294
458800716
436862137
406971736
185940527
193271871
327836074
381455638
79395208
360042316
419017028
33297933
130199834
225446727
652093722
897991714
856155596
433882960
513390216
426339521
130753350
480976909
491751116
664511173
76624308
343178886
129778366
439804868
695482365
455038862
179145585
494331776
422706006
75209276
152672074
747093525
231111353
514542094
