Ajuta-l pe Mos Craciun sa trimita cadourile
20copii au fost cuminti ,iar -20copii au fost rai
Numarul de ordine este  1
1Numarul de ordine este  2
2Numarul de ordine este  3
3Numarul de ordine este  4
4Numarul de ordine este  5
5Numarul de ordine este  6
6Numarul de ordine este  7
7Numarul de ordine este  8
8Numarul de ordine este  9
9Numarul de ordine este  10
10Numarul de ordine este  11
11Numarul de ordine este  12
12Numarul de ordine este  13
13Numarul de ordine este  14
14Numarul de ordine este  15
15Numarul de ordine este  16
16Numarul de ordine este  17
17Numarul de ordine este  18
18Numarul de ordine este  19
19Numarul de ordine este  20
20