410
angpefr 61
bck 4
bef 35
bhfj 5
canmsw 12
cd 11
cgaz 37
copa 19
dmfxtzwm 85
dtwc 56
ej 84
eto 65
ezunpew 43
f 86
fhwvi 16
fmyey 60
fpaed 52
fx 12
g 91
gmexve 97
gmoy 82
gtx 95
hbc 72
hijj 19
hnicdw 29
hok 65
hsasybn 10
hyd 75
ikrk 40
irai 97
iwk 85
jdi 74
jh 11
jlw 25
jodym 28
kfz 11
kjeqkabc 61
ks 87
kweshx 67
kzeoi 85
l 88
le 69
mayzqmt 28
mday 2
mere 50
mfuc 66
mxxqlk 89
nfzp 78
nnr 42
nvt 9
ojw 13
ovlb 34
ox 6
pg 1
piygllyfv 93
prohh 82
pyl 67
qnhh 11
qrwupv 86
ra 69
rila 32
rvkxs 49
sacgigb 35
sdh 86
sgde 76
smtmi 38
sncxg 9
t 5
tkxqaj 63
tvn 4
u 28
ujk 12
vlcn 48
voui 23
vp 3
wbmw 63
wipbzn 69
wtbh 61
wwszhdapu 97
wxv 53
xkzj 31
xnjket 32
xucixu 77
xyple 47
ypkvwjjd 53
z 52
zjbvc 33
zks 18
