42
ahift 2
amled 4
aylgo 5
azacg 5
bbgzj 4
biblb 9
bvhdfjhfhdjfgfdjgjk 220
bypcw 7
cceff 3
csjrm 8
csxce 1
dourh 1
drmmo 4
eapto 1
eiwvp 9
enwdj 2
eonqm 3
euhik 3
fdhjkfhjdshfjdsfhsh 110
fffgt 9
fsroy 9
fwxsu 8
fxefv 9
glwhu 5
golib 9
gydpg 8
hfhdfjkhsdkfhksdfks 363
hfilw 3
hiqli 1
hqmeo 4
huqcz 6
idqyh 1
ixybv 3
jatew 1
jeibp 2
jkxan 8
jtzxg 4
jwqia 1
kbmza 4
kfldf 4
kpwnh 8
kvcly 8
lhxnz 6
lkjpp 3
lmpgc 7
mafar 3
ndnjs 6
nqqau 3
ntvax 5
nvqhn 5
nvwtp 5
obvpy 8
odpay 2
omdqw 6
pfyyt 8
phzpq 6
qaqsj 8
qdtwp 3
qeuly 4
qosfi 9
qspul 1
qugfg 4
qxkzg 6
qxqgq 6
qxwbo 5
qyvwm 1
ridjg 5
ripfz 1
rkgnd 5
rposc 4
rtvyf 4
rymhr 3
slgdr 5
szkoj 9
tlkcy 9
txhqi 4
ukqdd 4
umchy 4
uvknx 7
vgicf 9
vqsto 6
vszlj 9
wfsfj 8
wgeks 2
xgpxr 1
xkixd 2
xrqsr 6
xtlna 2
xwrcp 4
xzjlg 1
ybjar 6
ymkcq 4
yshqe 6
yvyvl 6
zgfcn 8
zntsz 1
zvzxj 5
zwzyc 9
zzbjs 1
zztnh 7
