144
axndwhlwrwcuiplsjosv 1
bbiogqqoqlkdpfxcprqr 4
bngwozysxzrareggrndv 8
cqjamfuulxqbgooyfhig 2
cqzwdeqgzrgrfhdsanbq 8
dawmszeychsxeqbhqaia 26
dogwuobdezw 2
dwszajawyirydmhbnaaj 4
erovhohaeskkomhmkuqw 2
evzacbiqlilaaljpwhqp 1
fnpibgudemigpsvmdfxe 5
gcpgmokkictiexaghnij 1
irymilozzbjiuqyjvkdp 6
iyokgqavswtjdbbpfsvx 5
jedqdgxesblrcosektpm 6
jrfxexglgtusbeuygdoj 5
kcqcggzfynwrkqbslmya 2
kpexokqjypuyswawfug 1
lmxhrqzhjokwgwwggmnd 3
lnzevfaybywtbsqicejw 5
mvcsdacaulvnmyqyikrs 3
nderquuvjrmrdruoxkvp 7
npupbomvgfhebvgehhcx 2
obmrwzopsvrifrctbuhu 9
oueokvmppazhszpxwtur 4
pdlqaucbzhsckxcqyuih 8
pncutuyfwbsdsynfchuz 4
pqamsmjihezrznjrocma 4
rvoftmiwiksvyhffldex 5
seajlyekhvcxvcirjmbp 1
sfuzwdloiocwosgcvhqw 2
sjngoegudzyjhhopehgn 6
smkglcguxxhcpygppodx 3
tnavxssyndnjgrywggsn 4
unctopqdnyuxsutmbxoh 5
vipyyhankwvhhvhfjtpz 8
vyjxrlvmvtrxtxmphjwa 8
wmjgyhcodmqstznweuek 9
yhmeycvpximujvpoiyxd 9
zwqrtjytntnkdkdwgesu 5
