11579
11204
10478
11807
11713
10303
14376
12386
12704
14495
14587
11448
13849
10355
13051
11255
14409
12080
13514
12398
14018
13167
12932
14777
12410
14229
10878
11787
14946
14913
11163
15185
12509
14364
13548
11476
13908
12040
15262
10837
11400
11268
13862
15211
15099
13132
12317
14561
14884
12740
12654
15299
13679
12510
14097
12501
11028
14706
14930
13014
14460
10348
13747
14057
11436
11032
13068
13077
10280
15176
12817
13122
11914
14214
13525
14837
14776
12849
11559
11677
11151
15221
15101
15085
11194
14745
13394
13093
13314
11392
10482
14669
11840
13920
10960
14744
11569
12228
10382
14890
14612
14494
10985
11816
11173
10781
11224
15093
11248
12413
13728
15016
12407
13162
12698
10656
10739
14079
11344
10402
10608
12233
12223
13289
12586
13934
13624
14111
11528
10612
10815
12617
11659
13331
11907
14735
13695
14623
12068
11116
10717
12052
12167
13691
12371
12106
10477
10847
15352
10719
11361
12708
12690
12923
11147
10266
10901
11878
14142
15077
15151
11621
13375
14869
13693
10710
11734
12170
14055
13883
14657
13527
10802
15294
10630
10971
13871
14359
11303
13686
11751
14561
11702
11803
11281
10985
12279
12431
12763
10951
11951
12538
11322
11148
13245
12546
10348
14997
13956
10610
13083
13758
15166
10479
12681
10238
14834
12317
14210
14299
11907
12613
11721
15132
13405
11691
12177
10579
15139
11527
14186
14275
13986
15058
13233
10483
13690
13024
14536
10457
15114
11557
12864
14005
11939
12506
13544
12186
15009
10572
15098
12686
11360
11646
15000
11600
14673
12994
13657
12154
12477
13441
11680
10501
11143
13392
11780
12560
12385
13656
15224
13890
14231
13857
10527
14110
14107
14708
10838
14508
10388
10381
11860
11648
11983
14103
10680
15265
10307
14257
15282
12151
10530
12606
14003
13693
13929
13061
11518
12924
14763
13912
11666
14738
10958
10537
10544
14532
14739
14283
11627
14385
12556
14829
11920
15346
15024
10491
13612
11598
12292
12378
15156
10297
11803
12063
13571
14339
10949
12164
14732
14575
14025
10327
11382
11967
13460
12943
11216
13909
11946
14046
13881
10456
11167
12811
11014
14006
14446
12990
13327
11928
12655
13228
14947
14994
13756
13935
13607
11060
14950
10906
10832
10261
12991
10598
12681
14410
14772
12782
13259
15204
14722
11346
14036
11971
14900
13628
11894
10698
12093
10500
15043
11596
11414
10516
14866
12274
10366
14273
11890
10445
11083
14054
15018
14308
14093
15192
13587
10597
12231
13661
12824
12992
12650
12900
14430
13677
14143
12469
15134
11260
12525
14824
15137
14929
10375
13954
15289
12680
10834
12017
13574
13095
10971
12666
12097
12702
11957
12067
12415
13466
12226
14682
12677
14652
14227
15323
10338
14501
14614
12684
10507
11999
10789
11164
12418
10347
11595
11584
12509
12717
14099
10692
15074
14661
12184
14900
13858
11122
12839
12050
14565
14898
14316
11279
14277
14567
15104
14664
13556
15290
12526
12631
11761
11031
11549
11435
13496
14914
11597
15130
13444
12399
13410
10850
11994
10863
11096
11976
12970
14024
10257
11078
12130
15112
10929
13719
13074
11275
13574
14262
14873
14371
12176
13652
10437
11350
10647
14776
12344
12387
10603
12268
12319
11968
10328
11297
14395
11372
13522
10720
13545
11852
13820
14720
11834
11796
13057
10540
12789
11146
14268
14279
12631
13273
11608
11370
13226
12037
14780
12298
12883
13981
10837
12957
12798
13812
15051
10645
12024
13033
12772
11943
14402
11660
15171
13343
14020
12920
13092
10636
13767
14374
14862
14206
12685
12327
14326
13984
11256
14017
13296
12830
14294
12094
13352
11101
14219
14129
11973
13292
11052
13011
10527
14886
12639
13836
13894
11473
14474
10876
11946
14137
15201
15116
13275
15146
10607
14304
10894
13118
13141
14467
11874
14675
13467
14496
11318
14446
10693
15049
11219
15179
13927
13387
12352
14505
12011
12352
12874
13015
12104
14432
11478
11885
15013
11514
14163
11496
15244
10475
10653
13887
10513
11576
10817
13536
15043
11546
12866
14495
10949
15140
12142
12436
11165
10989
13227
11709
13615
12139
10751
10274
10801
11283
13461
11164
13798
11393
12518
10849
11508
11049
12760
14721
10665
13951
14420
10372
10835
13774
12512
11184
15238
14634
14124
14400
14844
10936
15301
11128
10799
12914
10430
12222
14016
10328
12751
11594
14176
11941
11330
12746
14380
11422
13627
13041
12703
11597
11540
13185
11447
11903
10760
12158
14894
11445
13193
13322
11745
14935
14760
12957
14134
12751
13626
13022
12895
11501
14975
13072
13649
15106
12201
11590
13117
13893
11453
15163
11331
15134
11620
14473
14413
13883
12384
14088
14431
12857
12459
15255
10950
13857
10401
12931
14743
12311
14451
11742
12639
10811
12666
11971
11946
12240
10860
13707
12270
10461
12039
12394
13928
11331
12021
10714
12034
14534
10433
14229
15044
15177
13739
10828
13544
11543
11295
13933
14332
14588
13730
11676
14518
13097
14313
12190
14330
12672
10785
12252
11684
11335
12223
13934
13806
11099
11268
12214
10585
13797
10939
13060
12119
14413
10592
12347
10884
13510
10505
11808
11423
11561
13430
10738
10262
13921
13337
10544
10471
10965
13821
14230
14585
12840
11855
13537
12265
12814
10613
14414
10299
14828
13771
14999
11738
11699
13810
10621
11689
10534
12595
13163
10844
11589
14049
14989
10981
11237
11419
14287
13377
11174
15252
12207
14623
13147
11398
11595
10523
12755
11418
13233
11851
12489
13726
15097
13554
15042
15299
10665
14620
11909
15101
11607
12336
11744
13730
10890
10975
10930
10363
10956
14456
13767
14923
12714
12265
11893
12639
10640
13599
12110
14713
13539
12603
14819
12563
15330
12336
11934
12113
12131
11977
12008
14973
10757
14019
13979
14056
11738
13030
10820
14424
10375
11048
11377
12131
11802
10845
13059
12904
14327
13333
11743
14036
13024
14289
11453
10499
14515
11891
13769
10893
12137
15314
10471
15324
14708
15193
14850
12484
14461
13072
11707
12989
12951
13243
13843
12926
13647
11881
13704
12589
10409
12095
14193
14732
15244
10245
11830
15127
14288
10655
10692
12652
11775
14258
14723
14371
12344
12567
13477
10623
14885
12427
12807
12638
14546
11981
14113
12753
12309
10741
12563
12397
11437
13761
14669
15333
13207
11991
14168
15325
15280
12998
12772
14947
10706
12289
14190
15063
11443
14043
11743
14376
14732
13950
12228
11907
12838
13457
10601
14024
11509
13610
13415
13202
14014
10454
14851
11139
10481
15246
14562
10264
14625
14046
13262
11602
13519
10534
12694
11160
11218
14613
12468
12985
12080
10747
11819
12546
12093
13141
13740
14066
13344
14891
10248
14435
13298
12325
12374
14663
14089
14834
10744
11770
13547
12360
13932
15242
15300
13607
13319
11124
10872
11097
14649
14034
13698
11547
12136
10831
15007
13358
15077
10327
14842
13132
10389
12853
12374
11721
13522
12981
12267
13063
11284
15279
13506
13993
11326
12631
13394
11952
14058
14365
12671
13174
13154
11177
14005
15336
14517
13608
14672
11302
14550
10671
11131
13554
12682
12230
11468
10281
14369
11686
14283
14380
13835
11739
13621
11967
10798
12412
12495
11838
11058
14590
14489
13687
11729
11452
15238
11176
13360
12908
10735
12119
13770
14502
10331
14794
13379
14318
12694
14288
11438
14887
12925
12929
11358
15261
11092
14119
10620
12129
13929
14626
13325
13175
15351
15276
15089
14295
12898
14739
12170
14296
10305
14595
13402
13066
13638
12829
12198
12148
12703
14644
14537
13542
15085
10611
10543
13874
11215
10895
14650
11439
12132
13724
12227
13725
13872
11336
12912
10278
12686
12599
14892
14814
12641
11029
11509
13918
11315
10846
12966
11382
11733
10914
12108
13325
13251
15117
10496
14972
14007
15277
10799
14421
12826
14445
15248
14524
14646
14904
13050
15348
10339
12780
14579
10320
13492
14520
13072
11798
14577
10936
11291
11546
12546
14679
11481
10351
12229
14381
11296
11738
13150
14538
12465
12476
11797
12342
12019
14411
14053
11315
12963
12566
13775
13978
10809
11402
14591
15032
13503
14913
14343
12044
13037
13629
11914
11517
11095
13851
12139
11532
14804
11567
11237
14605
12736
13309
10476
12928
12877
14195
14814
12970
14654
14019
14432
10257
10653
11706
13617
12528
11120
12491
11723
13976
13624
13996
10577
13209
11262
13141
13869
14821
15150
11247
14746
13573
11011
10563
11249
13001
14060
12849
12004
10524
12464
14090
11963
14093
12576
14151
14202
13952
13478
15217
14275
14451
15308
14516
14131
13525
10616
12637
10881
13398
10819
10318
10829
13505
12418
14617
15349
14366
15050
13936
10989
14070
13702
11433
11466
13710
12251
15228
10728
14645
11043
10818
12796
15309
12205
12156
14998
11199
11353
12792
14203
12031
14658
13423
11907
14802
14807
13764
10634
13552
13904
10987
11724
14513
13087
12936
15075
12165
15006
10903
11715
15144
12955
12086
12949
10673
14443
10935
12555
10538
14504
11433
13405
12821
11924
13107
11138
13173
11410
12600
10509
10313
14050
12057
11948
12539
14211
10239
11251
10471
11863
12712
15178
13016
12865
10285
11741
14683
14977
12791
15021
14862
11138
11377
13640
12208
11137
11734
14116
13080
15292
14472
13303
12722
12524
11981
13370
15094
13349
15025
13219
10565
14910
13338
11933
12139
13534
12537
12920
12914
12402
12790
13382
12177
14002
12834
14085
11102
14746
11345
14255
13882
10240
13802
12024
13808
12530
11367
12148
13110
11892
10643
12042
14240
13438
11429
14625
11505
13786
11547
13120
14426
13483
12454
15070
11487
13755
15035
12679
11495
13476
13078
13610
13074
10666
12478
12804
12109
10412
12364
15098
11723
14197
13583
15063
14971
13512
14826
13514
14474
11420
11417
14242
15083
10238
10484
11094
13673
10646
14581
14779
14695
13630
13831
11663
14517
12698
12533
13280
14050
11815
11146
14021
14060
13195
13884
13605
15344
11583
11809
14724
12763
12194
11854
12870
10890
13880
14352
13918
10857
11822
14437
10972
12733
13516
10378
12377
11059
14860
14408
14741
15241
15321
11370
11780
11513
12658
11173
14870
11321
11908
10442
11082
12147
13630
15244
14752
15182
14286
10635
11993
12405
15261
13276
10451
14132
11318
12226
12521
11260
14934
14482
15258
10276
11638
11365
13319
13152
11440
11480
11407
11879
15243
14487
12375
13816
15257
11786
10958
13753
11656
14827
11324
11278
14321
13632
10820
12857
10659
12639
10412
13320
14788
12988
12905
11941
13844
13914
13493
14506
11411
11695
10435
10551
13491
15288
10377
14817
13617
10294
11140
14086
14444
11644
15272
15118
10242
11079
13044
14171
14163
13457
14440
14897
10933
13779
10487
13997
14452
13313
12480
14640
11736
10340
14793
14174
11657
10586
12879
15336
12878
11081
12921
13781
10945
15127
10883
14534
14538
14690
15091
14040
15020
14809
10712
13697
10617
11660
15332
10552
15071
14223
13429
12769
10656
13455
11801
10751
11203
13372
11842
14700
10621
12283
14531
13922
11192
14010
13102
13252
14333
15284
13082
10791
10532
11239
10471
13813
12803
14281
11300
13275
13001
14000
12974
10666
12690
13611
15025
10659
12396
11833
14910
14357
12217
13263
10270
13243
12024
12448
13897
15294
12977
11489
15061
13367
13474
10919
10948
14082
14382
10774
10870
10287
11589
14232
11623
11143
10353
12468
11118
15056
14910
13740
14423
13318
14968
13698
13409
14447
11396
12759
14253
13417
11937
12227
11303
10655
14039
14164
13896
13750
12943
12990
12564
15045
12180
13153
14128
12277
14668
11427
11377
12786
12722
15002
12516
13598
13501
13680
13235
11682
11673
10743
12529
14816
10375
13051
14526
11488
13898
11588
11845
15187
13030
13526
11956
12723
14726
12490
15050
13980
15148
10973
11860
10690
12453
15002
12080
12672
12739
12079
10287
14065
10423
13532
10403
10710
14772
14603
12307
12771
12395
13524
12293
13995
12676
13934
13605
13609
12353
11298
13144
14525
13027
13517
12373
14654
11265
10900
11839
10945
15131
11025
10940
11247
11333
15072
14484
11774
14456
14462
14528
13044
14380
14149
12274
11132
12601
11419
14924
12043
14069
11858
11883
12983
12938
11900
13398
14908
10681
11049
11571
11828
15215
14233
10364
11835
13824
12853
14755
14214
12692
11541
12141
15053
11614
13048
11874
14433
11732
11846
13174
12427
15283
14868
15022
14593
13724
12646
14597
11195
11443
14871
13510
12665
14536
13204
10434
15283
13834
12010
13340
15130
14988
11529
10708
10568
11489
12939
11938
10591
14413
11898
14641
10242
12721
14753
14463
13357
13601
14626
14933
14770
14754
14465
12880
10889
11178
14348
11431
13010
12504
10687
15136
11226
13169
12144
12123
11884
12875
14741
12038
10813
15194
14885
14985
12423
10269
12263
13295
13823
13300
10416
12544
10724
14268
13435
15196
14266
13173
14647
13768
13960
11396
11275
12957
10556
11977
11474
11926
11190
12369
10900
11466
10684
10783
14886
13135
13319
15015
12650
12928
10697
12297
11391
14539
12087
12494
11794
12562
15096
12982
10326
11008
11223
13666
10441
13578
13772
11037
13029
12527
12196
10393
11714
13816
12089
10465
10500
11966
14831
10963
13962
14945
12668
13195
12469
12321
15279
12337
11805
13918
14996
12824
10268
13828
12599
12134
11149
11757
13324
10920
14198
15115
14085
13214
15076
14638
11877
15262
13675
12804
11639
12818
14349
12440
10623
10771
10513
11767
13266
10736
11122
13249
10937
13432
11364
13940
13585
15321
15042
15294
12512
12000
12750
10909
15148
11692
15116
10974
12835
14150
11372
15087
11512
12856
11833
10916
11290
13383
10794
14916
12350
14707
11006
13292
10474
13869
12565
13500
10276
14768
13208
15222
12323
14183
12297
11857
10830
10711
10981
14601
12874
11695
13085
14892
12729
14481
14355
12701
10669
11086
14647
12078
11510
12434
14035
14677
12513
13543
13144
12421
10883
12416
13371
12179
12999
13357
12233
14110
12451
14844
11401
15018
10234
13660
11901
12511
14466
11742
14594
12704
14709
10629
12211
11066
13248
11729
14282
14133
12653
13942
12498
14002
11930
11098
13513
12084
14655
12288
12237
12428
11009
12340
15151
10657
13909
11612
11592
12770
10992
10735
12047
13199
10273
14486
11073
14612
15209
15308
11425
14585
12726
14810
10460
14588
12261
11208
12822
15153
11824
13503
13659
13649
14424
14208
13166
13488
10336
10895
11126
11080
12663
14069
12056
13473
15110
11209
10321
14368
12902
13606
12628
14938
13030
13346
15032
12978
14631
15174
11197
14249
11231
14796
12628
12750
10247
10696
12705
11142
13867
11616
12572
12227
10808
10925
11571
15206
13808
14967
14935
11716
11116
11118
13375
11954
12711
10844
10503
10888
15236
12695
14523
11671
12379
13222
11236
13045
11804
10392
14835
10940
14566
11505
12298
12170
14568
15264
13785
12034
13548
11854
13731
14263
13953
15315
14051
11399
14003
13188
12557
10335
10325
11692
11967
15283
12596
13744
11752
13279
14976
14621
14026
14443
13489
11990
13620
13851
14098
11293
10871
10962
13381
12414
13064
13937
11041
11942
12181
12074
14222
15084
12233
13070
12460
13440
13945
11606
14251
10373
10392
11075
13937
12866
12336
11412
14266
11162
13792
13599
11862
13754
14837
10461
12458
12150
10274
12520
14456
10634
14751
11871
15176
13703
10931
15320
15282
15205
12422
13056
15048
14938
13542
13998
10797
10625
14784
12000
11947
10804
10280
14702
12827
10938
11129
10452
11072
11840
10904
14855
13278
11598
12062
11875
11930
15177
15219
15319
10792
14091
10913
12419
12625
13225
10957
10638
14916
11011
10839
11588
14031
14258
14369
10860
10546
14880
12285
15046
11869
14236
14466
10966
14325
10829
12550
14461
11132
12260
11593
10712
13504
11020
12961
11321
12982
12594
11821
11368
12131
12203
10273
13033
13932
11837
14269
14859
10414
14818
11072
10317
15039
14639
14378
13439
11958
15140
14323
10352
13119
14200
12561
11138
14319
12127
10517
10804
14624
10335
11433
13442
14160
13676
14943
10541
13891
13003
11235
14919
10687
11847
14018
15096
14627
13106
12689
14695
11265
15274
10272
11992
10501
13354
10291
11526
14632
11375
12591
12722
10819
14972
13492
10473
13788
11662
10658
10398
11065
12323
12271
13252
11254
10594
12083
12272
14064
10997
14856
13156
10782
11698
14810
13433
14797
15048
15107
14696
13850
12805
12666
14389
14298
14118
13522
12536
12274
14137
12286
11269
10499
14059
14342
10236
14629
12889
10640
14278
11464
12793
14041
13566
10613
11639
12777
14446
13929
12429
11735
13236
11811
12906
14055
15211
10607
14151
14881
11162
13674
11790
12909
13450
13053
10705
15208
12306
15302
14053
12904
11312
14637
10472
14989
13705
14750
11254
10914
13640
14359
14130
13550
11089
15094
12472
13941
14507
13116
11020
11934
13119
10608
14963
14598
12873
11832
12308
12125
12128
14989
15185
13474
11782
14625
12317
12912
13563
14515
14579
12701
11626
14437
13458
10549
14233
13809
12872
12615
12462
10716
10942
13701
13332
13800
15167
12234
11405
13240
15224
11477
11665
13978
14045
10686
10714
14493
10411
12654
13359
14066
13590
10876
10542
10358
12138
12915
14312
13314
14072
13859
13127
14613
12306
12069
14354
13645
12587
12763
15115
12760
10700
12078
11828
14187
12286
11102
14098
10419
13348
13318
10291
13107
11055
12002
14129
14492
11702
14634
10890
14376
14037
11886
15290
12079
13383
12053
11680
10299
11090
12494
10380
14161
14685
14600
12555
13215
11837
10595
10694
12794
13495
15146
10308
11527
13164
13538
14494
12886
14075
13830
14697
11898
13826
13856
14318
11359
14061
10747
15057
11063
13913
12941
12708
11249
11945
10268
13270
10661
13732
11326
14437
15301
12315
13983
14543
11701
11771
14541
13968
14160
11823
11348
10547
14652
13739
11094
14267
14221
13822
14472
12202
14212
11233
11059
10410
12009
11617
12425
14210
11746
15230
15170
10613
12005
10981
14126
11674
13274
12365
11154
11344
14412
14246
12662
12071
11506
12041
13794
14130
13468
13082
11880
10521
13589
11681
11163
12588
12560
11847
14314
10377
11677
11416
15168
13901
13592
13234
13420
10273
13610
11244
11766
14576
14857
14843
13746
12903
12945
12490
10278
10616
13112
12694
14314
10574
14813
14415
10558
14027
12633
12835
11325
14294
12322
14617
15330
11421
11687
14519
10737
14136
14553
13387
12649
10862
12673
14098
13977
13916
15055
12109
11699
12187
15083
13729
13585
13762
11668
12926
11157
14561
11451
13907
12118
11048
11577
11051
11662
11399
13081
12085
12822
10824
13473
14944
11380
11455
11712
13790
10759
13200
13660
12255
15011
10900
11486
12470
10582
11664
12470
12722
12244
11976
10530
11242
14415
12338
13297
13904
11452
13102
11330
13583
13228
10702
13955
13946
14980
12497
15019
13464
10620
12537
14419
14846
11178
14811
11913
13757
14188
10255
15031
12568
15303
14261
13286
13645
14715
11271
14831
12009
12829
14384
14671
11122
10315
11233
12609
10938
14978
12436
10317
10662
14966
12939
12588
15254
14387
12073
11657
12580
11694
11355
13887
13734
11121
14206
14997
12195
11251
12964
11269
10700
12545
12776
10589
12925
12716
13596
14635
11613
13632
13611
11785
13948
13924
10869
12810
11500
12382
14120
10835
15247
13748
11730
13948
13594
12058
10792
10628
13507
13884
15317
13640
14511
10585
10751
14961
12278
13511
13881
11309
10826
14845
13317
10322
10326
12280
10238
11060
10297
10327
12850
11408
14682
13910
14087
14950
10852
14738
12927
14950
11856
11928
10891
14297
11715
12077
12683
14225
12095
14289
10506
10894
13839
12591
15097
14931
13178
14260
11397
11535
11825
15281
14478
12379
15210
11510
14993
10579
13126
14671
12148
12581
12707
14858
12573
13173
11904
14431
13108
12098
11028
15323
14579
13493
13906
11614
11672
11599
13795
12548
11750
11277
10749
11155
12197
14806
14716
13649
11767
11902
14752
14409
13636
14599
13033
10385
14911
15054
13049
10867
10658
11866
11817
13974
15197
11834
10351
14297
10815
13592
14793
11533
15310
13206
12802
12086
13428
10341
12631
14040
12978
13240
14675
12183
11643
13580
14492
15120
10375
14798
11174
11190
13968
11505
13061
14694
10662
11121
11509
13484
14241
14356
12802
13569
13530
14488
12797
11446
12256
10641
14165
12445
14233
15353
14090
15312
10556
13991
11732
12937
11016
13521
13904
15147
12114
11070
14251
13988
10319
12314
12199
14659
13835
10633
13915
13515
12311
11630
12301
10438
13983
12171
15048
13845
13239
13234
14526
14083
12993
15040
13113
12200
11921
10927
11517
12869
11596
10962
11620
12450
14057
11132
11926
12404
12775
10378
13184
12303
10360
13613
13654
11229
14898
11193
12107
11630
14791
11443
10844
12408
13904
14833
13059
13545
14589
13648
11076
15338
13482
14583
12026
12787
13017
12945
14874
11398
13267
11175
11135
15149
14669
14197
12586
10681
11172
13429
14230
13786
13257
13000
14653
12964
12525
14217
14122
10476
13193
10760
13107
12855
15073
13536
11310
11066
10625
13264
12781
13419
13068
13848
13609
11560
13226
12062
10489
13372
10634
11733
12869
12399
11405
14328
12105
13065
14392
14598
13028
12843
14576
11036
13597
12385
10985
15245
12209
10670
12745
14449
13121
12022
10823
11245
10821
12955
14028
14007
11454
11144
14430
14933
11320
11093
11093
10397
13362
11402
13551
12780
12926
15316
10761
12629
13380
14249
10747
11806
13165
13761
14578
12449
10502
14710
11703
10540
13966
10277
13714
12038
13428
14110
13415
14397
15320
13090
13284
13337
10480
12944
12153
10443
14154
14777
10252
11280
11602
12495
14832
11331
10918
13250
11699
11019
13463
10691
13803
10612
10649
14884
12431
12847
10806
12284
13826
14705
15252
13361
13131
13188
15240
15158
13351
13216
15242
14706
15342
13324
13188
12788
13108
11305
14632
14025
12106
10527
12460
11964
11707
14458
11039
13452
15070
11578
11089
13851
15064
12012
10887
12476
13451
14940
12656
12094
13006
15066
13414
13342
13230
11062
13595
11391
13939
10259
13957
15190
12825
11920
13111
15192
12278
12370
14590
10751
13058
13255
13746
15080
13686
14246
11574
13912
10324
15303
11323
11194
12702
12937
12821
12486
11591
13655
13731
14558
11191
10787
15196
14940
12823
10837
13783
14441
14115
13989
15173
14823
13534
10578
15082
11117
13218
13026
11867
12257
14026
15053
10716
12965
12883
14273
13290
12994
12706
10867
12529
14152
11555
10640
12499
10842
13332
13443
14692
10400
12304
15147
11545
11365
11758
14519
12964
10266
10664
13472
14642
12884
10967
14144
14143
11727
12342
11384
13418
10279
13670
12759
13646
13602
11947
10641
10583
12542
13579
15106
10314
12224
12538
11813
13309
14478
12733
13774
14089
13358
14770
10897
14953
12790
10800
10736
14092
13935
14253
10395
13385
14277
11056
12309
13445
13425
11312
12239
11438
13132
12851
14560
15017
12675
12700
12322
14002
10590
14254
12590
10818
11185
10505
14329
10996
12168
12326
13975
12239
13704
14935
14326
10616
10722
12569
13630
10307
10728
12068
12251
10483
11388
12370
11160
13516
13861
10512
10249
11562
11821
12328
13023
13910
10776
12103
14310
13200
13335
12859
11487
12918
14146
12424
15274
15133
14611
11731
14148
13031
14563
12194
14393
12660
14040
14749
15289
14531
12999
10759
12381
13328
10283
15127
10970
12474
13326
13962
12954
11142
12518
10582
14127
12981
13282
11890
14358
13498
14618
14792
11243
13020
15085
15180
12549
15125
14787
13751
11322
14550
13088
11302
14941
13885
13994
11804
11667
11989
10566
10657
14309
10801
13957
13533
14774
10741
13411
12109
14060
11119
11689
14546
13916
10610
15162
11337
10245
13814
12184
10750
11172
13455
13172
11166
13990
10672
12163
14133
12919
14008
10922
11231
15305
14585
11412
11278
10538
14066
14502
14141
13666
14928
12456
15287
13852
11744
13971
13834
13262
12025
12178
13119
12324
11538
15100
10595
13518
14965
10761
14145
12016
14196
12195
11797
15229
12921
13848
15225
12443
11390
14728
10312
14699
12828
12242
11337
12393
13316
11180
14480
14921
11033
13396
13726
10352
11006
12678
11119
12330
10924
13425
14936
11649
13426
12486
13854
14616
14044
14351
10629
13190
10328
13565
10413
12266
10438
11026
14285
12105
10666
12819
11386
11868
12157
15032
13646
13619
12360
12234
11286
11115
13168
11109
12270
14786
12823
14162
12692
11717
12485
10671
11795
10605
13706
14373
13979
11848
11799
10348
12782
13562
14301
14087
11214
14592
10761
12785
10397
13507
14163
15079
11330
15152
13893
10816
14876
11598
14057
11956
13480
11121
15049
11992
10561
13197
14865
14713
13818
13877
11618
11672
13285
14681
15123
12277
13004
12070
13583
14250
12720
13270
11488
12849
10391
12343
10315
10863
13801
11626
11315
11114
12527
10431
14666
13611
11370
11301
12425
12937
14402
12548
13056
13170
11772
15316
11485
13303
11625
14095
13302
12343
14362
10450
15261
13987
11953
13597
10918
13168
12842
12611
13906
11061
14152
14849
10773
12002
15029
14381
10424
12680
15295
14402
13817
10939
11107
13399
13664
14854
11446
13176
10235
14496
13694
12992
10271
10501
14226
15041
12659
10311
13441
14826
10923
15234
14974
10264
12586
13328
14665
13366
13453
12063
14324
11851
12957
12618
12596
12253
12393
10711
14639
12646
10884
12471
11427
10738
15058
13738
10557
11984
11357
11197
14097
12829
13180
13433
14491
13096
13741
14037
15221
11826
11678
10858
11454
10411
11211
12023
14990
10459
14610
11411
12230
14751
10948
11594
13142
11428
13694
13674
13315
12958
12073
13454
15280
14708
14307
15338
14911
12710
10977
10899
13353
13536
13616
13171
14033
13941
13765
11612
13307
14899
14460
11593
14484
12566
15022
13967
10777
13598
10997
12397
12446
13918
14827
14063
13508
11430
12024
14195
13380
13596
15021
11498
13096
10585
14678
14106
12054
13430
10976
11982
12072
11960
11116
12465
11777
14315
10470
10462
14298
13660
15269
10340
10909
13613
14428
11099
11778
13789
13483
12264
14426
11206
12697
13824
10852
11016
12239
13334
12605
14895
11253
14155
13281
13632
15216
13970
12051
11058
10493
14725
14531
12608
15059
14756
10798
14316
12020
12776
12684
11659
11922
14729
14462
12120
10896
14895
11273
10798
14498
12599
12192
11089
12511
15320
15115
14900
14928
11315
14311
13366
12312
13784
14952
13711
15344
12377
15291
14565
14647
13979
11297
14876
12545
13128
12306
15056
15300
12120
10259
13411
13348
10693
15131
12508
11210
14219
13183
10519
13333
13560
12325
14372
13309
11605
14985
13888
12017
10734
10864
11974
12551
11536
10675
12637
10325
14533
11383
10851
11290
12227
10516
15111
11290
14688
14067
13262
14674
11814
12046
14077
11561
15039
12149
15158
10444
14260
10680
13169
11252
14113
10695
14204
11425
10973
12997
15169
12731
13042
14048
12247
14185
13326
14343
13584
13747
12575
15017
13346
13133
13735
14417
13294
13703
13969
13187
14009
13818
11582
13288
13371
11843
14030
11294
12349
13944
12036
13841
14812
12071
14880
12779
15089
14642
10498
11047
15155
11143
15015
13436
13149
11742
11944
14544
11265
15237
13621
13728
15020
10417
13068
13409
12873
14090
14367
13014
11217
12593
11725
10383
11292
11450
13521
11898
11997
13674
14076
14320
13711
14367
11024
14208
13228
12276
12636
15315
12784
11441
14618
11669
14796
14950
13788
14302
13019
12334
14768
15222
14951
13682
15157
11574
12074
12115
11056
13598
12475
14651
11374
15292
14239
11770
14450
13545
12313
10827
14122
15145
10806
12380
14397
14972
14869
11615
10874
12457
13773
15285
11914
12264
11633
11497
10824
14932
11949
15079
11005
13508
11097
11327
12366
12446
13287
13128
12097
14417
10864
11834
11503
13987
14180
13709
11744
14194
11941
12703
11589
12841
14700
14783
12812
15036
10528
13532
11977
10564
11238
10365
12889
11398
10854
10804
15024
11140
13866
12063
13662
12509
13752
15117
12320
13683
12773
15346
11648
13512
14915
10482
11859
12095
10555
14471
14244
14061
13718
13528
10854
14599
10341
13159
14886
12242
13098
12693
14120
15164
10544
11255
10857
14601
12833
13937
14112
13721
14097
13329
12971
12757
12795
15315
13832
10344
10898
13189
11444
11944
11770
14444
10566
15083
12876
13026
12544
14242
11042
12081
13495
13162
11949
13509
13304
12060
14520
12119
14808
14018
10338
14485
13098
14293
12910
10403
10357
12189
12783
12743
12104
11962
11796
11357
13813
11188
12466
12622
14888
11120
10886
14589
10817
15178
10706
11768
10989
13015
10398
14964
14220
12563
12206
10255
13763
11476
13369
11900
14839
12209
13826
11597
14528
11888
14234
11317
10687
13258
15262
12994
13556
11491
13513
15244
11080
10559
13156
11699
15237
11508
10498
13586
15114
12348
11710
13392
11726
13145
11426
10356
11236
11418
10601
14165
14430
11332
12294
15299
11712
14608
13997
13770
14152
15347
11633
10687
11962
14556
12411
13802
12503
13841
13048
10853
14847
12695
12016
13234
12025
14527
10662
14767
14602
13946
14114
11131
12412
10464
10718
10417
15325
14553
11191
15354
12472
11473
12801
14543
12890
11662
13759
12180
10766
14029
10809
12534
11095
10454
14208
12224
14501
15296
13837
14434
10265
12052
13431
12832
11204
12954
11388
12718
11177
14322
13117
14757
10418
13513
11203
12401
11761
12232
12963
10443
13223
11762
11448
14569
14030
10644
12642
10896
12583
14648
11366
13839
11621
11342
12435
10873
14438
10364
11716
10587
12665
11266
10575
12705
12448
15225
12388
12166
12402
13518
10440
12732
15024
13678
10545
12135
14557
13646
14276
13830
12369
14547
15013
14889
13908
14607
12713
14643
14109
14423
11264
13829
11760
10777
13821
14858
14268
13079
12023
13675
13711
13658
14321
11224
14087
13196
10754
10534
15345
13796
10589
12341
10633
12614
12897
12270
13062
10310
14095
12467
10300
14390
14750
10885
14573
11289
10283
13758
12907
11578
10668
14666
14191
13784
12178
12335
11894
13743
12403
11224
14084
10632
13218
11179
13498
13352
12614
15281
13868
14995
14460
12682
10244
11527
10740
11735
11130
12049
10752
11036
13167
11261
13900
10701
15150
14048
13940
15316
10897
11063
10716
13837
10424
11665
10965
11525
14405
14991
12073
12514
10247
10819
13669
11021
12288
11810
10917
15259
13129
12843
10647
14696
15334
15001
11460
10597
14569
12418
11505
12482
12759
10998
11036
14342
12624
13216
13945
12532
13343
12447
12282
10517
14956
12309
12060
12366
10284
10273
10889
13353
12959
12969
14951
12668
13555
14326
12334
13199
15011
13887
11044
11371
11531
14714
10767
12315
14586
11280
14272
12331
10368
13499
11861
13351
11539
14125
14108
13676
13092
10245
12746
12590
14979
12849
11397
13766
11222
11516
12870
15066
15140
14386
12375
13663
11727
13614
11628
15329
13289
13362
14144
12626
14838
10361
12155
14457
14291
12041
14570
15161
11600
10455
11272
10560
12396
14513
14806
11497
13034
10355
10355
15137
14488
13377
12841
12757
11880
13676
10913
14841
13628
14153
12077
13616
13911
14450
12844
12605
10396
10454
13577
15057
14571
14632
14511
12540
12427
10727
12649
10851
10236
15343
11640
13292
12075
13856
10960
10529
15122
11071
11299
14762
14311
12900
12929
15340
10931
11196
11202
14893
10309
10523
11184
14690
10307
11619
10401
14751
12326
13420
10783
14335
15152
14401
11611
14375
12180
14425
13034
10438
13692
11437
11758
11905
10253
15287
10772
13700
13851
10575
11542
13245
13251
14564
12962
15304
15025
11766
11035
12125
12210
10469
12515
11926
11520
14247
14377
10591
13567
14078
12057
13238
14096
10899
10251
13390
12773
13727
14566
11062
10592
11713
11854
11055
12629
10652
14622
13073
14498
10820
13941
14198
10486
12536
11329
11988
15327
13383
10785
15247
11582
13459
11814
12524
13163
13529
14167
12437
11896
15288
10624
14331
11912
12688
13175
11304
13189
14892
10532
11832
14008
11483
13287
13644
11083
14092
10866
15159
12173
15318
12863
15139
12675
14272
13045
14339
10564
13306
10247
15102
14650
10249
15255
13320
10304
14595
14385
11324
13667
11168
10691
13374
12377
11419
15305
14801
14949
11650
14315
12028
12307
14607
12660
14661
14849
13229
11502
12344
14336
10655
14218
14660
11544
11461
14322
11583
11302
11530
13864
13302
12074
14802
12635
12718
14646
15061
11636
13943
11693
14947
13593
12355
14403
14548
13561
13738
10841
10589
11918
15051
14499
10362
11061
14169
12664
10956
11771
11309
10543
11088
11648
12472
14541
11580
13522
10575
10570
13393
14331
13473
11500
12917
14731
11500
13189
12447
12738
12252
11890
13603
11131
13139
10317
13685
12582
11690
13210
14737
12493
14266
13648
11421
15245
13730
11746
12221
11294
13420
13709
15102
14073
11517
11774
13062
14385
15113
12466
11846
10578
12711
14875
12383
11096
10275
12073
14818
13004
12949
14659
13746
14811
11566
11693
10381
13013
14521
11520
15157
11222
13112
11105
13002
13824
14155
13181
15305
12619
12522
12610
11455
13073
11227
14322
13774
10795
11513
14734
13103
10521
12716
10406
11698
13212
14663
11246
10807
13080
14670
13651
14764
12984
10802
11649
13206
14033
10797
10650
14122
12936
14642
11656
12461
15316
10350
14589
15003
15321
15263
10663
13783
11867
10677
11646
11910
11134
12283
14977
12622
12715
14799
15001
14325
11543
14068
14510
14792
10519
13931
10751
12164
10419
12559
11871
14108
14483
13238
14548
13221
13944
15347
15079
13043
12133
11486
12435
13520
13417
13693
11154
13436
12842
15170
14481
13495
13368
13067
11401
12517
13376
11178
14467
15250
11727
13874
12442
13950
10576
14160
12602
10869
10969
11576
14658
12222
12173
13454
11343
14674
11802
11486
11018
10598
11369
13160
12048
12291
14217
11190
12859
12224
11029
11301
12324
10524
10354
10332
12333
10790
10474
12414
13537
13866
11468
11187
13533
14232
15133
13148
12198
12541
12117
11085
12699
12799
12426
15212
13808
12342
10405
11872
13635
13098
15142
11101
14282
14743
10658
14029
10927
10355
15086
13159
10473
14729
13659
13671
10308
15194
10905
13819
11406
11841
11362
14279
14559
10429
13437
11526
13790
14836
13673
11128
10463
11636
12467
10386
13864
12870
13631
11623
13255
12713
10390
13293
11145
11394
10805
14191
12042
14026
12716
12871
12288
11254
10558
10696
14382
12796
14156
10920
14211
11749
11906
14875
12855
11550
10260
12110
11475
12537
14058
12927
12404
10761
14309
13410
14957
15100
10343
13958
12853
12318
12552
10636
14711
10773
11548
12660
14088
12831
14968
12915
13067
13074
14630
14469
11071
14362
12087
11998
14745
14633
14294
13984
14690
12912
11161
13562
15014
14861
10242
13213
12750
10408
14956
11308
11241
13477
13873
11479
13419
11544
13347
11957
13797
13355
13192
10615
13008
12576
12777
10567
14859
12881
14853
14371
10504
15067
10334
12755
12166
14912
12245
12896
15183
12296
12243
13504
12617
14527
14968
12205
15288
11554
10962
11146
14109
12319
11491
12523
15351
13101
10369
14925
12594
14863
10830
13399
15321
13343
15163
15128
14250
11508
13722
15215
14144
12259
12619
11930
10392
11292
11441
12121
13036
13378
11350
13928
14586
11225
13552
13685
15335
13243
13261
11347
14775
11470
15352
11306
13416
11322
15173
13034
14330
13622
12146
12672
14556
11997
15340
14182
11400
11856
13594
12152
13871
14041
11634
13037
12481
14812
13447
10679
11831
10349
14867
11717
14919
10485
10388
13035
14290
14672
11415
14721
12066
13274
15217
14653
13513
15271
10696
10781
14056
10362
10774
12827
14673
14178
10302
12175
11908
11773
14809
12236
12420
11065
13023
13677
12293
11356
13263
11688
11711
10711
12390
11984
12114
12488
14410
12416
11932
10514
12653
10829
13264
14382
13885
10731
15033
12508
14755
11047
11681
11217
12052
14774
12614
10881
14514
15273
13441
12436
13160
14542
10746
11113
13919
14630
11507
14216
11802
14264
15281
14164
11650
10278
11025
13696
13520
10880
10977
11842
11769
10350
14051
11259
12225
10356
13985
11992
12709
14511
13363
11650
12946
12721
13406
10252
12463
11769
11081
11466
10478
13128
13413
13165
13008
14504
13981
10556
10779
11816
12070
12509
13060
11616
13848
12540
14252
12726
14959
12610
12784
11765
15186
14790
15262
12401
13346
12490
12086
10584
14388
10237
12332
10414
12860
12401
14025
14029
13294
15134
12997
11952
14172
13937
11173
11546
14976
11474
15176
14398
10965
13546
11289
13784
15119
12642
13229
14081
14588
14689
13546
11812
14276
12455
15274
11998
10254
13080
12361
10881
10999
12102
13998
13075
10920
14295
14944
11191
12012
11424
12517
12767
13653
11867
14286
12364
13654
12968
13688
10729
13259
13683
13848
14442
12582
12176
14110
13066
13497
12149
13960
10902
13170
12961
10464
10875
10770
11931
13835
10833
15310
11149
13210
10276
10967
14034
10296
13485
12282
11590
12673
13596
12792
11556
14724
10619
14742
15074
10794
10384
14196
14899
13991
10370
14245
10403
11086
11361
15005
13646
11557
11325
13992
10974
11272
13100
14102
10700
14739
14427
12805
13594
14576
14287
14980
13688
13586
10908
14029
10535
10649
10970
13125
11160
13153
13412
11467
14948
14119
14132
11978
11574
14062
10631
14034
14544
10917
12867
14273
13832
10969
12605
13078
14344
11849
12452
14602
12275
13689
14945
13630
11082
14679
10550
13032
10468
12745
12914
11580
13055
13031
10810
11581
11622
10329
12659
13549
11683
12025
14312
11065
14365
15273
14049
11288
14547
12835
12144
12758
13643
12022
10724
11015
11276
10807
12696
12388
10567
13723
10806
13181
12211
12997
14103
14256
10929
10319
10592
13042
12798
15236
11484
14971
13368
11363
11061
12786
13397
10741
12862
11123
14185
13594
11373
12189
12579
11885
14609
11654
11905
11601
12035
14829
11305
11653
14698
14574
14262
12376
13641
10789
12936
10815
11291
10853
10306
15286
10796
14131
13698
12881
14937
11696
13239
12156
14798
11233
14078
14905
12235
10846
12328
14440
12434
10716
12709
11379
14975
13866
11691
13867
13088
13578
14523
11540
11975
14224
11171
14951
12557
11951
13196
10627
15327
13306
13145
12032
14291
10578
12530
12254
14321
12301
11887
14558
13313
10867
11069
13138
14053
10547
13260
15229
10769
12670
12359
14535
15251
11104
14981
12724
11575
10816
11010
14723
12514
12417
11980
12758
13592
11480
11798
14628
12655
11569
11640
11462
11350
12336
12136
11779
11652
11705
13653
15234
12326
11449
10719
13716
12195
11217
11909
15132
14829
14464
10812
10255
10406
14023
12173
11371
12980
10235
12370
13177
14265
10598
14503
15072
11953
13565
11359
13683
15009
13432
11819
14958
11771
14101
11045
12442
11700
15093
10928
12839
11088
11380
15313
12357
14889
13686
14690
12730
13502
13645
15307
11382
11905
14948
12807
13138
12390
12480
13137
15034
11633
14854
11871
14371
14580
14305
14957
13606
11570
10409
13942
12049
11541
15126
15292
15132
12007
12781
15186
15187
11176
10265
13053
12403
11005
12168
14118
15248
14960
11023
11158
11654
14726
12705
10286
12529
15011
10463
10803
12619
11234
13605
14169
11091
10995
11676
10334
14317
12606
15144
12238
14759
11250
14733
13237
10737
14427
11845
11753
14664
13987
14399
13865
14959
12482
13610
11613
13029
12661
13631
15162
12158
13612
10487
11801
12796
13988
13095
12800
12311
11780
12196
12520
14189
13166
14174
12858
10877
15290
11836
12848
15266
12727
10289
10562
12720
14458
11456
14773
15314
12289
10585
14453
13276
14718
11565
12506
14245
10661
10902
11490
13349
13049
13144
11599
14412
13342
14431
12316
14703
12967
12122
12612
11056
10974
13593
15123
13825
10554
13099
15182
12502
13002
13869
15004
12928
10753
15230
13055
11152
11038
12099
15186
10859
14194
14584
13914
14540
13572
12782
11040
14605
11735
10287
14378
12100
10387
14180
12030
12379
14473
13726
12735
11149
11136
13745
12543
12163
15092
14157
14490
13159
11226
13521
12432
14284
15249
14623
12351
13570
12965
12845
13137
13750
10713
11002
12997
15196
12250
12674
13847
10289
11147
14773
10536
12356
10955
11236
11932
15149
13636
12752
12688
11498
10856
15018
14541
14075
12550
11269
13679
11652
14844
13451
13241
12352
10745
14212
11360
10679
14630
11391
10830
14285
13532
10674
10779
10775
13355
12141
15034
10545
14898
14591
12655
10241
14698
12956
11416
11515
13731
15313
12092
14564
13699
10549
10368
14232
10910
11961
12669
11341
14759
11563
10980
12128
14573
10875
12236
11410
10525
15129
10684
10248
11675
13757
13561
13948
15011
13127
11759
10672
14209
10818
12922
10388
13377
10678
13046
12286
12433
10984
12368
10399
13875
13125
13204
12001
15348
11782
14196
15161
13357
10281
14225
14736
11224
10697
14920
14480
13024
13076
14382
12440
12591
14465
12913
10978
15241
11458
11484
14552
13235
13773
10750
14822
12193
11550
13180
14201
12411
14266
13182
15003
13438
12061
11510
12448
11761
12150
10752
11212
10760
14720
14604
13115
11329
13742
10422
10661
13671
13158
11893
10282
14991
11354
14611
12988
10621
14730
10285
10689
10928
12341
14942
12361
14179
13101
13123
12677
12930
10638
15111
12771
10546
10718
13667
11123
14408
12090
13406
12710
13176
14233
10652
13407
13640
14597
12379
12118
10725
14927
11199
10652
13304
12446
14888
12510
12515
11076
12758
14277
15068
14002
13797
14691
11983
15123
12231
13894
11993
12635
12248
14219
11063
14760
13895
13325
10875
10734
10481
15029
12302
14176
10856
14902
13143
10845
15099
13687
11872
10302
12218
11901
12691
11863
10635
11684
12457
10761
12577
14140
11459
13447
12130
13503
11435
15041
12818
11927
13897
14883
15035
10961
10991
13557
12288
11172
15322
15183
13246
14954
10333
11211
12909
12357
10523
12248
11027
15064
13155
11337
11001
11056
10983
10721
10836
12302
11098
12973
13886
11064
10628
11825
12303
14145
13089
11791
13961
10642
11029
14907
13231
12573
10708
13050
15072
11875
10403
13456
12435
10755
10348
13268
13514
13127
13062
11707
15342
14515
11230
12101
14406
11931
14877
13268
11547
15104
14202
13639
11959
13980
12362
14894
13589
11995
10619
12127
13312
12082
13649
11615
14234
14135
13891
12182
11682
13982
13692
11511
11084
10887
11919
14475
11314
10279
12876
14136
14488
13286
12150
13334
13136
12031
10437
10694
13336
10703
10790
10551
12045
10742
11074
12085
12438
15352
13393
11745
14470
14702
14961
10883
12544
15146
12998
12391
15332
12587
13116
11183
12499
10668
12170
13560
11777
14913
12816
11870
11100
15286
11551
14394
10337
10537
10342
12664
10776
13160
15209
14052
10531
14879
14138
15277
14963
12420
12964
14950
11945
12080
11792
10752
13767
13421
14686
12224
14636
14500
10265
12275
13214
15042
11797
14303
11228
11459
12143
10449
13639
11392
12588
14701
12751
15030
13603
11989
10466
13441
13496
12111
13967
10260
10345
13663
13540
13207
13664
11732
12149
12136
11183
11055
12469
14594
14517
10851
15164
10708
10982
14448
11628
12831
13504
11173
13501
15345
15295
10848
15089
13122
12491
12645
14413
10853
13386
12859
11724
12944
11746
11593
13082
15200
15345
12868
10705
11822
10286
14333
14722
11106
10878
14426
15260
13576
13581
10385
14296
10599
11089
14946
11140
11270
12847
10701
13356
12918
12304
13720
13616
14508
11159
12611
14480
14455
13571
14186
11868
11224
13786
12358
11394
14502
11479
15026
13379
10382
13316
12932
12901
13905
12176
11665
15095
12428
12862
15086
12985
14711
10339
12185
10254
10270
13395
11519
11604
15226
11740
14985
11079
10535
10363
13414
14656
11568
11969
14988
14916
11873
12405
13384
13705
14392
13400
14473
12355
12843
11054
12843
15218
11999
13073
13339
13118
13041
12026
12057
11595
10404
13613
15100
12967
10557
12301
14837
13766
11647
10615
12878
12450
12575
12987
13131
13379
13305
10544
11128
12041
15331
14939
12322
13739
13258
11112
13161
11965
13444
10372
12816
13174
14235
12112
14020
10350
11909
11001
11846
12116
13559
12585
11700
12552
15225
14038
14933
12109
13084
11964
12994
13868
11475
12806
12434
13105
14407
12219
11465
10837
12042
13091
15156
11384
13257
11232
11417
14471
13589
12896
11281
13222
14411
13392
11656
15333
14059
13570
13313
11163
14394
11910
13971
12411
13885
13213
14676
12380
13618
15124
11413
14594
14355
12223
12800
13185
12160
10236
12916
11646
12891
13601
13938
12662
12720
13494
13982
12942
14151
14435
14861
11473
12029
11625
10839
12647
13822
15037
10857
10386
14587
11213
13452
14395
12845
14334
12438
11475
10360
11983
15063
14226
14698
12970
13621
11489
10755
14314
13422
12171
12068
11814
15276
12262
11313
10912
10346
10824
12701
14004
14755
13720
12316
12092
12627
10754
14410
14978
10335
10477
10536
15308
11188
11807
14272
10736
13172
13913
15235
12408
13910
12533
12276
10783
10320
14500
12640
10983
11804
11499
11395
13456
13140
13728
10253
10252
11514
15181
14842
10726
14608
11483
12283
13039
11333
12358
14965
13933
12292
12479
11483
13177
11954
12245
13450
14902
12803
11932
14754
14375
13208
15105
14977
11835
15018
12613
15066
13515
10885
12148
12194
11772
13115
14191
12250
14889
10983
12185
14741
12995
10384
15243
13269
15044
14832
13439
13877
13387
10490
13768
13878
13728
13149
10889
12985
13019
11042
14290
13460
12707
12814
10243
11048
10500
13819
10326
13388
10254
13066
14529
12766
11863
12658
11021
12899
10450
12409
13059
14100
10336
13492
10968
14396
12496
14605
12656
15313
13106
13442
12607
15058
12893
13832
10319
11197
12321
11553
12277
12940
12391
12778
13681
13214
11417
11133
13084
13296
12046
14248
15035
13837
13168
14012
13372
12592
12896
11441
14846
12134
14753
13024
12050
11730
13916
10694
10924
10852
10618
10394
13973
13505
11587
15243
12132
10972
11606
13650
12737
13969
13195
14806
10767
10531
12124
13016
12842
10432
12310
12373
14662
10833
13750
15059
12720
12996
12976
11389
11129
12907
14363
12030
13786
13719
14656
11002
12259
13254
11758
13664
13996
12749
13422
14383
12240
11886
12475
10918
10642
12339
14907
13438
13157
10805
10324
11717
13491
13311
10244
10732
14145
13382
12634
10645
12228
12135
14530
10414
10843
14350
15326
10430
11145
14662
14533
10721
14334
14539
11097
13047
11081
10914
12108
14737
13109
15098
14418
12768
14962
13479
14168
10933
14269
10901
11734
12348
11201
10465
11766
14276
11680
10292
14181
10673
14086
10873
13112
12846
13815
10446
13938
13565
14019
14384
11046
14120
12407
13175
14286
13662
11478
11200
11247
11050
11978
11790
11844
12573
11395
12236
13394
15149
13908
12766
12302
12256
10778
12942
10456
10324
11482
14839
14179
14249
11258
14489
14351
14578
15216
11690
13261
12910
14708
11789
12810
12939
13519
15266
14542
13184
15107
14619
14889
14458
14004
15284
13644
11348
12344
13550
11339
11566
13553
13027
14775
12714
12140
15054
13850
10515
11948
14236
14716
12935
10505
10241
11497
14896
13105
13903
12642
10666
12725
11940
13050
10506
14135
11212
13021
12881
14197
14039
14016
11306
12733
11850
14864
11814
11514
12059
14901
11198
14179
12649
12216
12040
12178
10699
10251
13086
14319
12937
11821
10763
12921
13999
14544
14984
13912
14436
14063
11533
10917
11882
12346
12392
11241
14250
10786
11827
12579
12671
12836
11281
12806
10612
12137
12839
12454
13844
10243
13777
14474
15309
15348
11068
13453
15238
13880
14665
10827
10327
10288
14551
11545
11486
13215
12852
11153
14317
11755
13254
13427
14994
15178
14453
11254
10386
14615
12842
11980
10940
11663
11092
10234
12338
13443
12161
11842
14488
12585
15023
13217
13854
12652
12182
14080
12583
11938
12819
14683
13052
12083
13192
15099
10954
10295
11920
15137
13996
12211
12070
14392
11436
14241
11985
14660
12428
11768
15339
13075
10962
12451
14275
10376
13518
10559
11584
15003
11794
11444
13531
14199
11843
10609
12496
14656
12257
12045
11171
15339
11782
12975
14470
14335
13999
10525
12696
12852
10951
10628
13286
13110
14839
11614
10736
12577
12911
14987
11404
14864
11157
14178
11714
10276
12013
12719
10911
14381
14068
14519
12610
13391
11710
13541
14389
11287
11346
13151
13459
10345
13078
14693
11703
13449
15219
13914
15301
11461
14782
15289
12256
12916
14890
15192
14081
13735
10777
14306
10595
11455
11110
13367
14711
14544
11794
12744
12502
15311
15212
14454
14053
14703
14247
13859
12234
10921
12940
11661
11270
12878
12383
10392
10565
12772
13190
13917
11789
13133
13926
14280
10651
10801
12961
13564
10387
13113
10864
14452
14276
10398
10952
12445
14024
13367
10519
11017
11730
13892
14235
10682
13682
14878
10999
14035
15189
11935
15053
15080
11857
11641
10994
12384
14686
13472
11635
13148
12807
13495
14204
15198
11568
10600
11904
14564
13703
12468
13657
11252
12299
12477
10703
14572
12485
11244
12756
12973
11988
15227
13203
13754
14847
12238
14170
14737
11535
12309
12721
11553
15002
10314
12887
14870
14574
10615
12748
10445
10939
13973
12543
10491
15256
12836
11997
10561
12697
15143
13406
15334
14160
10307
14258
10599
13205
11347
11182
14201
12826
10614
14827
14315
13007
10743
12639
12578
11054
10596
14137
11629
12247
12761
13818
11616
13969
13735
12259
12977
11385
11652
14225
15267
13906
12522
15252
12574
14065
11658
11986
14315
13889
13679
11923
13840
10941
12430
12544
14736
13357
11052
10271
10577
14022
12251
11251
10371
10549
15125
12185
11716
12871
12558
13350
13846
12200
11668
13894
11218
10863
13975
12313
15329
10720
14734
13332
14117
11455
10442
12627
10646
13982
14223
14219
11631
14026
12881
13384
12598
10944
12323
14533
10596
12899
14428
12508
12300
11709
14006
13328
11258
12133
11548
12686
11129
13487
13710
12172
13794
15126
11212
14311
11840
11755
10293
13844
14599
14683
11946
11457
11994
10971
12197
11346
11050
11255
12041
10780
14061
10889
12500
13895
10288
14311
14434
13588
12303
14665
12269
11247
13884
13260
11512
10763
10690
14104
11069
11779
10990
11382
13451
12254
12008
13476
10602
11380
12187
15094
12027
14615
14192
14879
14400
13782
15350
12558
12359
13543
13235
13445
10457
13296
13694
12481
10930
13882
14736
14477
13775
12508
14148
12258
11925
14681
12671
12312
10722
14077
12562
13946
13736
11304
10301
10428
11996
13104
10767
13416
14766
15085
14465
14212
12204
11986
15231
14000
13272
12623
13647
14641
10987
10513
13506
13391
11432
13157
10248
13116
14440
11018
11349
10434
11895
10452
11868
12861
10569
12671
12439
10968
12643
10913
13842
12661
12416
13500
15283
13482
14819
11972
14565
10264
14897
13626
10282
10684
10839
13017
13803
14205
12085
11897
14176
11522
10518
13130
13931
13245
13772
11904
10809
11094
11793
13279
10297
13202
11672
12021
12663
11537
13425
12389
11403
11858
13326
10701
12554
13724
11784
13684
11881
11818
13754
14593
13056
12813
12153
14463
14971
14572
15265
11110
14887
12861
13736
14791
12703
11663
15086
14161
11728
11763
12371
11739
11885
13784
13633
14518
14588
11793
14469
14345
13442
10636
12255
12846
14325
10458
12642
11876
12733
11805
10682
12382
12963
11932
10406
10421
11307
14262
14490
11783
14567
11207
12467
13535
13704
12498
13393
10791
12026
12193
11701
10944
13241
10568
10413
12145
12601
13868
12661
14257
12670
14820
12771
13408
10954
13715
10260
15069
10258
11494
14121
14803
12806
10890
12090
10931
14667
10654
14419
10920
12967
12295
14338
13241
13638
13526
12626
13308
15016
14906
14467
10374
15317
14938
13344
15038
15352
11638
13308
11611
11403
14619
13783
10357
13366
12577
13902
12638
12399
10734
13481
11284
13629
13069
10622
11433
10541
13899
12953
13407
14351
14963
13658
12222
13385
14013
12175
15271
10342
13469
14342
12213
13856
11651
10868
11867
12532
12091
14986
14433
10769
12252
12000
13219
14165
13762
12112
10689
14362
13336
14789
11375
12748
12250
15060
14420
10829
11402
11811
13920
11234
11150
14461
13554
11847
11670
11942
13221
15277
11485
10764
14260
11397
10506
13332
14139
12487
13753
13750
13234
12064
11668
13121
12642
10846
11973
12433
14074
12662
10976
11740
11585
12789
12483
12824
14274
12122
14726
11071
10780
11227
14848
10373
14469
10255
10594
12257
13058
13311
12055
15104
15145
13861
12561
14316
13804
13707
11375
14779
14882
15062
14516
14713
10370
15073
12131
10277
14984
11720
10250
14096
10377
10420
13549
12068
11679
15080
15172
13508
11511
12443
12493
12161
12065
13542
13898
14983
14274
14199
14618
12201
13069
12841
12360
14996
13333
13249
11798
12889
10475
12979
11111
11060
15111
12551
14200
12124
15164
11374
12768
11320
10625
13211
14283
13988
13975
14872
12290
14104
14540
14312
10994
11764
12250
13439
12457
12020
14071
13192
14075
10571
13994
13873
11925
10693
10263
11704
13776
11635
12206
14683
13281
12748
13732
11453
15241
14349
11745
11323
10709
13770
11660
11892
14310
15230
11453
12820
13200
13273
12848
14868
14677
14320
11148
12684
13305
13209
11154
11312
13832
12367
13867
11588
14719
15206
14704
10709
13285
12038
14159
11661
12052
14269
13556
13758
14115
13685
15055
12525
11579
11022
11781
13582
13345
14920
10834
12658
15130
12163
10925
12413
11404
15081
12791
11729
10449
11728
13744
12330
10888
14937
14184
10264
13859
14660
12829
11339
10877
12474
14337
14166
12041
12781
11865
14649
12609
15160
13631
11073
11397
14912
12644
12950
14195
11524
14421
12841
12504
13717
14936
13156
13155
13523
12727
14825
15291
13957
12135
13298
14765
13198
13733
11587
15238
14784
11994
11827
14158
11273
14363
13020
13487
13993
12295
10979
13555
10707
13457
12865
13715
10677
13494
15022
14961
11031
11470
14338
10988
11957
13849
11719
15338
15148
11698
11075
12290
11851
11560
13863
11372
13609
13068
13838
14545
13838
15089
12837
11889
15249
14497
14781
10533
15246
14496
11981
11159
11989
12457
14119
12255
14112
15183
14756
10648
10626
12570
11220
14344
11876
11185
11141
13091
15110
13584
11325
10757
10753
13637
13415
12440
11916
12402
13094
10908
12636
14238
12958
12706
14363
14908
14823
13512
14494
11166
13123
12057
15253
13448
11193
13682
10571
12696
13604
11718
13911
12736
14076
11474
13712
11575
13732
13304
15151
13389
14707
13313
12784
13215
13141
13909
10556
15083
11693
13970
13351
13443
12571
13792
10933
10497
12196
12212
14255
10609
14549
10732
14661
12381
13717
15269
14392
12202
11771
13858
11541
14533
14091
13699
11859
12034
13068
10359
10730
10435
10506
13870
14446
14357
13651
12190
10263
11705
10768
13754
14157
14953
11799
11604
11110
13951
11894
11105
11435
13766
10341
14633
10670
13907
12121
14771
15298
13224
10963
12334
11542
12529
13376
14479
13828
12622
11049
12005
10926
14173
11118
10983
11308
15268
12166
11876
12612
15050
10464
15254
15103
13202
12067
14972
14633
12959
13804
14942
14559
15211
14567
14920
13271
14922
14348
14015
12295
13853
13956
12421
14014
12284
12237
12186
10261
12149
11101
11831
12531
14121
13842
10667
12934
15232
12561
12908
12445
12917
12378
13478
12301
14572
12770
13876
10995
15343
14730
14715
15124
12978
10524
11123
11349
10426
13071
13736
13475
10394
11117
14705
10299
10872
14809
15190
13652
10918
11552
14581
13731
12272
10467
11496
14218
10486
12960
10568
11203
12568
14309
14324
12492
14299
10357
14297
14016
13725
12866
10614
13927
10838
12048
10902
12742
12140
11291
10330
13082
12443
10451
11192
12059
12444
10589
12551
15180
10762
14853
13090
12321
14620
11757
12020
13289
14237
11186
13397
12357
14403
14142
11021
10351
14010
14520
11038
12657
13430
15121
13083
12867
13578
12904
14230
14092
11909
13310
14238
15233
11960
11088
11679
12764
14569
11962
13930
15350
13246
12432
11893
12716
11974
10611
14204
13373
14862
15214
15138
12268
15195
14261
12162
11358
11548
14726
12291
15326
13142
11864
10397
11393
14214
13224
14813
11277
12765
10674
13934
12463
14377
10422
10733
12429
14490
10739
13297
13838
14644
14197
11026
13572
13307
14792
14820
14743
14082
11009
10508
13435
12018
15012
12174
10861
12940
12903
15181
11828
12619
10768
15112
12276
10795
14797
12261
15014
11624
10262
12376
11763
10418
13274
11776
14757
10773
12983
13469
13223
12454
10692
12828
13672
11751
11138
10755
11544
11495
10270
12888
11759
11460
10985
10530
14041
11054
13542
11077
15028
12273
10402
11504
11534
10771
12506
13892
14132
14679
12331
14188
10249
11622
11345
10510
12765
10697
14852
11615
13922
15067
12198
14788
13256
10604
14301
12060
11349
14530
14027
12001
13511
10329
11957
11600
12091
10420
11080
10665
11564
13876
14438
12861
12975
11034
14028
13600
10255
14998
10754
13001
12985
12213
14358
14498
11523
15027
11866
15311
15082
14740
10286
13954
15171
14096
12194
11764
12333
14151
11338
11295
14764
14763
10730
11387
14824
14104
10715
11216
11461
11244
11677
15004
11040
11961
12367
11833
11130
12282
15056
10945
14828
13818
12391
13089
14765
14918
12513
10555
14986
13480
12951
10537
13772
10873
12818
12178
14704
11705
13048
15161
13550
15265
13227
11262
12088
14263
13038
13426
10942
12106
10419
11605
13847
11051
14143
13593
14965
13945
12343
11756
11223
14570
12123
12317
14909
12665
14990
11450
13123
12581
13551
12895
12255
13358
13002
14418
13570
10798
11502
10367
15123
13506
14674
11860
11087
12662
13341
12823
14371
11802
14728
12551
14830
13767
14581
11282
14454
14193
11881
11833
11905
14821
15135
14011
11810
10742
10932
15007
13105
10290
14361
15111
12478
14253
11327
10464
13030
13312
12301
11609
12058
11351
11788
13788
14259
13365
11423
10642
10840
