11004
9395
10619
7826
8629
10819
8832
8416
10588
8606
10357
10005
10750
8251
10007
8289
11081
10628
9563
8504
9908
9317
9283
8595
7834
9602
7600
10323
9406
8092
9526
7661
8675
9022
8995
8041
10211
10744
9116
9853
9953
9563
9013
7745
8497
10417
9721
9434
8171
8345
9007
7763
8312
9256
10521
10527
10663
8329
9687
8042
11092
9333
9513
8673
9980
10576
7775
8542
10394
8739
10286
10759
10008
8169
10422
9567
8297
7499
10704
9439
9666
10052
10622
9815
7848
8378
8131
8769
10696
9345
8609
11022
10681
9096
8619
8775
10613
8846
10492
9779
7643
7920
9350
10041
9431
10194
9220
10604
10060
8864
9817
8721
7737
10111
10835
9153
9807
8996
10907
10540
9728
8129
10609
10764
9757
9562
9380
7899
9047
9407
10645
8978
8539
7760
9511
7970
10760
8081
7561
9603
9830
7996
8909
9910
9207
8346
9021
8620
7640
10947
10242
11024
10891
10582
9027
9723
8182
9671
11002
9947
7776
9311
7558
8238
9405
10604
10800
8550
7547
8387
9384
10902
10669
9501
9873
9858
8640
10619
8057
10421
7503
8668
8346
8140
7967
8155
10030
10949
7590
10561
10675
9701
7681
9306
7795
8430
9462
9184
8066
8339
8882
10911
10170
7981
7804
7975
7527
10343
10112
10608
7568
8509
9214
10291
8236
10452
11038
8021
10740
8166
10816
8978
8310
9901
10601
10246
9315
9960
9754
10838
10180
9945
9223
7701
10068
7491
10920
10027
10714
9639
10798
8309
10586
10320
9627
10558
7828
10070
7509
7700
9450
10044
7646
9468
9898
8149
9941
8146
7972
10027
10951
7714
8300
10572
9760
8440
10384
7847
8941
10532
10827
9383
9885
10944
8067
8133
10680
10894
8270
9367
7843
8248
10049
8887
10361
8953
9518
9954
7923
8823
10548
9412
8960
9488
9917
9062
9142
9302
10709
8835
8631
10069
10674
9721
7798
9106
9312
10416
10199
8709
9297
8238
8154
10667
8203
9079
9824
8429
8566
10498
10093
10300
10721
8456
8741
7613
8365
9170
10598
8860
8907
11101
7743
11013
10801
10505
10859
8357
8585
7508
7849
7824
10493
9941
9310
9079
7544
10002
9326
10238
9377
9129
9964
10335
8635
10316
10088
9559
9219
9939
10926
9612
9719
9530
8519
8047
9599
9219
8714
7685
7533
8688
10946
8490
10353
10642
8623
10846
10521
7410
10562
9690
7900
9645
10348
9300
9036
10241
10783
8728
9918
8506
10010
8769
8467
9336
10519
8915
9522
9960
8909
7783
9211
8464
10982
8808
10014
7777
10686
9829
9617
10303
8786
8888
8988
8153
9013
10137
8636
10613
10706
10805
7840
10136
10725
9284
7962
10215
8649
9292
9109
8351
9288
10106
7731
8724
9885
9742
8862
8642
8718
10080
10773
8783
10451
8912
7634
8307
9245
9603
10431
9916
10202
9877
7847
10063
9617
7757
8162
8890
8003
9997
10839
7999
8491
7660
9987
8036
7477
9453
10825
8339
9604
7649
7931
9942
9619
10469
8899
9507
10997
9565
8411
8983
10155
8876
8118
11067
10741
7755
8798
10026
8924
9905
8572
8957
10445
7467
10781
11079
9594
10770
10090
7763
7577
10235
9387
9131
10389
8125
10003
11034
7772
8952
7565
8992
8283
9307
9930
9780
8410
11031
8485
8630
9277
9618
7896
7661
8118
10221
7488
8691
9453
10327
9033
10908
9679
9955
8161
7667
10119
10230
9314
7998
8780
8736
10414
9543
8860
8659
8995
7818
9066
9181
9630
10757
8095
7864
7992
10449
9071
9748
8073
9510
8451
10446
7809
7987
9962
10131
8878
9920
9232
8429
9782
7785
7708
8275
9275
8345
10146
10155
7674
8414
10774
10469
9115
10388
10744
10916
8379
9760
8844
7704
8390
8724
7767
11025
8005
7874
9260
8385
10298
10472
8892
8896
10994
10040
7543
8541
7929
9120
8865
9182
11027
10612
10935
9013
7552
8249
7612
11001
10704
8617
9659
7433
9762
8608
7753
10080
8513
9820
10750
8444
7440
10143
8275
8187
7892
10053
8091
9608
8997
7626
9062
8231
9771
8307
10925
10351
7993
10495
11116
8910
10261
9261
10347
9667
8626
7630
8005
8242
9634
10727
9930
8399
8335
10050
10078
10364
7954
9398
9274
9821
9660
10120
8391
8302
9505
10509
8145
9740
11036
10110
10729
11006
7728
8963
7938
10489
9342
10031
9251
9684
8793
9260
10361
9580
7443
7616
10941
8410
7973
9282
9497
8264
11069
8826
11036
9043
8020
7905
9009
7896
8921
9859
9556
7699
9995
9327
10971
9716
10650
9418
8914
8582
9200
9026
8760
8419
9268
9140
7929
7461
7601
10771
9095
8242
10880
8312
10537
8111
8809
8198
9176
8374
8383
9042
7579
9950
8324
11037
10667
7488
9649
8976
8990
9291
9592
10146
7412
8374
9227
9535
10626
7726
7631
10912
7703
10556
10291
7964
7988
9868
8938
7646
8202
10539
8753
10902
10236
9086
11070
9495
9233
8644
9880
10771
9852
8279
9776
10534
9981
7971
10350
8904
11039
9520
11070
10205
9433
7459
8783
8129
7772
10345
8494
9761
9571
10258
8773
10493
7718
10591
8332
8035
9925
10334
11062
10815
7528
10220
9578
8009
8977
9524
7996
11021
10091
9475
9553
10996
10316
9641
10603
9104
10089
8635
9067
9617
9940
9446
8554
8461
8408
10936
11061
7570
8007
9920
8294
9052
9348
9926
8381
10618
10457
10771
8640
7584
8526
9396
7444
9557
9560
7486
8486
7932
7797
9246
9153
8396
9011
9124
8216
8354
8929
8204
8187
10121
8245
10700
9217
7432
9839
9329
9055
8239
9945
10318
9276
8012
10532
9460
7710
10013
8727
8749
7638
11118
10507
10339
8946
10135
10961
8682
7463
10274
8845
8011
8523
9232
7813
8409
10322
9479
10109
9589
10668
8318
10118
9815
8059
8453
7808
7474
9479
10538
10788
7577
11093
10567
8153
9828
9901
8512
9742
8718
10350
7703
10451
10073
7935
7587
9963
8286
10070
10871
8872
10972
7725
7720
10497
9688
11080
10247
10808
8742
8463
10257
7557
9489
9458
8382
9148
9493
9908
9258
9313
10543
9461
8361
9833
7773
8993
10672
9593
10960
10249
11072
9473
9818
9298
8897
8075
8136
8732
10359
10923
8273
8596
9966
8154
9199
9432
8411
7487
7733
7450
7434
8412
9982
10080
9906
8112
8111
8674
9154
9652
9072
9849
10848
8455
10348
9093
10143
10686
7871
8674
9676
8494
7513
8214
9276
7800
8884
10311
10055
10986
7465
7571
8136
9175
8885
8578
7875
8223
9574
9989
10474
9117
8987
9197
10842
9435
10504
9371
10541
8847
8663
9655
9649
11053
8838
10912
8518
10044
8269
10624
9510
9105
9850
8626
11032
8240
10291
9205
8852
9718
9341
8453
9459
8779
7686
10515
8815
9724
7919
9519
7759
10232
10714
8892
7986
7631
9521
9850
8678
8936
9955
8689
8947
10127
8353
8520
10309
11074
11105
10038
10041
10240
8727
9009
8973
10528
10517
9075
7813
10370
8941
8352
11114
8068
10656
8212
10643
7715
8180
7911
7944
10772
8210
8132
8506
9057
8992
11039
7541
10199
8102
8271
10560
10004
9807
10409
9264
9336
9532
8865
10063
10970
8467
8761
7710
9904
10649
10909
7703
7977
9767
7589
8763
8633
8997
8125
10915
9873
8559
9692
9272
10618
10252
8161
8365
8781
7960
10310
8630
9527
7929
9897
9040
8272
8784
7574
7437
8847
10173
10257
7545
9387
10386
8772
7871
10580
10436
7709
8294
7616
9548
9738
9099
8423
9866
7943
10920
9715
8643
7413
8640
7735
10660
9494
9104
10973
8726
10805
9973
8270
9658
7767
7909
8499
9389
7571
9921
7526
7713
9229
10637
9543
7895
10372
8485
9130
7849
7841
8776
8780
10882
8203
10435
7491
8521
10153
10174
8147
9695
10026
10267
7416
9305
8813
9452
7583
10585
10585
10899
9277
10877
10456
9168
9284
10761
7587
10499
8188
10087
7861
8358
9952
11095
8241
9146
7757
9715
8913
9160
10999
10906
8360
7819
8354
7727
7768
8129
8667
11079
9848
10862
10500
10570
10737
8542
7779
9772
10608
9391
8928
10435
8738
9134
9441
9212
7622
10640
10243
9700
8676
8852
8544
10143
10729
7907
11126
9348
9064
8671
10828
10254
8670
10287
9774
8051
11000
7572
8216
9404
10400
10899
10671
10691
9683
8946
10205
9357
8332
11027
8587
8105
7830
9534
10282
9522
8166
10723
8002
8104
8544
7617
10687
10498
9363
10905
8296
10700
8815
10804
9152
8681
10445
10418
9495
10528
8273
9934
7510
9589
11040
9471
9254
9538
7983
9812
8123
8746
10387
9342
9178
8328
10079
7485
9014
10699
8266
10661
8503
9209
8152
8911
8948
7852
8441
9793
8993
9936
9343
7705
10713
7730
10485
9675
9192
7518
10021
11037
9347
10878
9861
9744
8720
11098
8779
8137
9969
9041
8173
9981
7438
9399
10678
9076
10874
7661
8146
7603
8246
8630
8722
10880
11044
7465
10364
10985
7598
10744
8974
10949
10529
8328
8527
10919
8802
10876
8411
10377
10186
9646
8848
9193
7682
8814
7573
8392
9040
9051
9164
10289
10977
8285
10833
7894
8497
9348
9438
7941
8997
9312
10072
8655
10422
9997
7990
8984
8436
10727
10990
9712
9191
9926
9301
9900
8291
7470
7971
10062
8262
8513
10809
7758
8009
9294
9571
9632
8220
10906
10530
10634
9635
9916
8117
10454
9680
10410
7794
9439
9294
10758
9279
10117
9762
10844
9330
9396
7425
9596
8631
9923
9394
9215
9953
8421
9154
8377
7677
9325
8279
9559
10551
10748
9704
8276
8029
9218
10095
8851
10698
8786
8498
10633
9241
10095
10008
9133
8390
10276
8100
7811
7417
11075
8497
8267
10879
7614
7861
8642
10692
7534
9039
9327
7523
7804
10217
7660
11034
9632
9370
10330
10206
10114
8174
9967
8760
8388
7792
9959
8717
8066
8884
9832
10954
7800
10461
10537
10797
9252
9695
10443
10080
9827
9090
8567
9008
10376
7719
10961
8334
10293
10682
10627
8296
8320
9894
10183
8083
8679
10283
7459
8448
8981
9849
10789
8175
7498
10031
9979
10693
9464
7737
10308
8522
11106
9651
8700
9138
10931
11089
7993
9857
11099
10506
9388
10517
7414
7934
9215
9748
8895
7908
10077
7753
7505
9474
9706
8613
8215
11110
9924
9956
9903
7580
7635
9464
9003
8716
10749
8869
8832
8664
9583
8939
9208
7889
10981
7598
8064
10767
9048
7798
8795
9846
7580
11037
9694
8901
7729
8605
10327
9631
9887
10266
10815
9515
8589
8956
10867
10214
10927
8898
10859
8763
9057
10198
8787
9487
8803
8930
9470
8846
9581
9496
9006
10329
10379
7909
10270
11020
8121
11071
8974
9251
10775
9517
9486
7868
8236
9288
10073
10444
9159
10186
9682
9275
7793
7952
9928
8230
10417
9717
10992
10792
7852
10414
9171
7994
9869
8524
10788
10151
10196
8098
8774
9150
8023
10794
7946
7629
8254
9629
9758
8372
9409
9577
9320
8149
8893
11000
9588
10170
10398
9713
11123
7931
8882
8574
8401
10749
10865
10781
8111
9550
9566
9980
7555
11039
10652
10338
9873
8308
9622
8932
10279
10509
8833
9523
11075
7752
8956
9435
8367
10736
9008
10387
10448
8589
9238
9871
8227
8561
8515
9296
7835
10858
10479
7897
9606
8037
8774
8224
10813
8494
8310
8439
9149
7832
9858
10537
7691
10913
7658
7548
7573
7686
8485
10083
7921
8504
9143
11073
9420
8863
8156
9943
7808
7696
9858
9696
9011
7452
8430
9449
9100
8924
10336
9697
8476
8928
7538
9806
7574
7493
8779
11069
8361
10543
10783
8032
10284
8647
7969
10516
8290
8793
8232
10844
9090
8641
8712
10449
9804
10535
7744
8338
10172
8060
7773
8672
10092
7618
7748
8506
9169
10648
10627
10983
8022
9400
8907
8371
7891
10711
8591
10501
8007
9509
7428
8507
11128
7503
9575
8395
10707
10471
9894
10252
10344
10554
8332
10071
10643
8661
8845
10796
9798
8449
10763
10630
9930
10037
10088
10059
8184
10148
9736
8571
8170
8243
7868
9343
8715
10265
10204
7837
7906
10029
9801
8855
7950
10317
8758
7695
8490
9791
7632
8120
7603
10818
10375
7902
10295
8489
9171
7914
10544
10957
8954
9061
9606
8139
9014
10928
10793
10675
9003
9504
10329
9558
9367
10621
10825
9925
9613
8027
7619
9352
8851
8225
9124
8016
7678
7777
9037
7802
9765
8472
10938
11109
10872
9151
8757
9998
7817
8157
8510
10218
7543
10098
10300
9015
8278
8102
10856
9681
8170
8503
10056
10204
10296
9810
7821
10182
10752
7979
8921
11045
9456
8445
9116
10386
9456
7517
10959
8069
7841
7651
8884
9927
10045
7782
9988
9913
11019
9611
9077
10776
8545
10230
8470
9302
7537
7771
9437
10517
10978
10844
10510
8505
10425
9758
8059
10873
7652
8448
10654
10656
8267
9118
10970
10747
11111
9543
10259
8402
8557
8154
10312
9536
10314
10366
10430
8212
9575
10338
10664
8425
9559
9942
9340
9091
9410
8803
8342
10784
10846
10127
8574
9843
10506
11070
7907
10185
10526
7820
8000
9158
9233
8274
9844
7923
8716
7968
9295
10734
10834
7639
9249
8637
7764
9567
8436
10052
10528
11041
9947
9939
7989
10955
8128
8142
8232
10495
10312
9714
10118
8015
9779
11012
10028
7920
10240
8754
8334
10921
9711
10802
7882
10030
9941
10399
7797
9649
8679
10453
8575
9462
8892
9085
8931
7463
9428
8650
8568
9142
8902
9820
9083
10552
10189
9102
9908
9822
10903
7450
8667
7614
9052
7697
7463
7454
7609
8734
10315
8940
9516
9960
10409
9185
9678
10990
8538
7784
9822
11005
9101
9259
8740
8418
10999
8340
9367
9071
10374
10601
7470
7685
10004
9640
9382
9699
11021
9264
8794
10411
9854
8439
10687
10128
10547
8886
10367
7865
8055
9178
10473
7485
7856
10337
10980
8271
7430
7459
8237
7648
7683
8434
11070
8372
9058
11046
9002
8964
10617
10129
9295
7702
9572
8350
7443
10200
10380
9149
10109
10280
7814
9605
10789
7506
9315
8639
10867
10534
8206
7678
9755
10011
10407
7474
8297
11098
8600
9731
7919
8174
9197
8134
10890
10312
10921
8422
7995
8943
9352
9857
10746
8383
10023
11119
10922
10458
8634
8452
7645
8185
11072
7417
9773
10246
8713
10580
7617
9259
8209
9482
10518
10063
8790
8685
8029
10178
9152
10729
11052
7753
9844
10859
9161
10804
8817
9252
8481
8158
9700
7525
10420
7754
9126
10009
8396
10647
8557
10692
7859
9318
8758
8868
8263
9472
8757
10688
8677
8359
10463
11021
9130
8191
8909
9180
10634
10082
7664
10342
10436
9149
8635
9742
7852
8687
8819
10360
10092
8347
9816
8305
9855
7503
11124
9568
9541
7502
9306
9952
8802
9647
9182
8046
8852
8459
9039
8614
9540
7936
9882
8687
10256
8309
7928
7506
8843
9777
8039
7498
9353
9894
7692
8248
10071
10850
9462
7466
8939
8676
8468
11045
8604
9225
10876
8004
8876
8591
10623
9555
9367
10990
8034
8236
10487
9122
10206
8653
9369
9842
8962
7446
9729
10033
8288
9478
8137
7420
9484
8337
8005
8164
10126
10039
8171
10389
10297
10161
8235
8309
9149
9969
9151
8257
9951
10655
10423
7554
8576
8889
7656
10832
8689
7526
8945
8879
9212
9968
9753
8824
10432
7477
8044
10092
9688
8638
7595
9505
10519
8146
10588
9770
10222
7650
10773
9632
8577
11035
9525
7691
8506
10192
7720
10614
7787
8249
10953
8413
8081
8047
8405
7937
10671
8190
10044
10952
10324
7578
8719
9328
10518
10631
8986
9514
9424
10227
8504
10724
10217
10595
8004
10097
8316
9813
8555
7725
7507
9408
10333
7723
10924
8695
7612
10727
9646
8079
8998
9356
11122
9437
7514
10888
9932
9395
8164
10644
9584
7749
9092
7690
7982
7988
10599
11009
9978
11096
9188
8966
9206
9384
9220
9156
7868
8502
7661
9248
8037
9533
10206
9369
8949
7918
9519
9212
9911
9928
9702
8691
9097
10679
9568
8357
9867
8528
9899
9653
10333
9183
9658
10532
8442
9159
8509
10790
8072
10976
8024
10048
9056
10078
10445
9400
7543
8389
10171
7839
10791
9221
9839
8759
11003
8146
9483
7414
10862
7531
8019
10759
9996
10733
8351
9115
10121
10681
9485
8106
8706
9598
8128
10075
9163
9279
10808
9796
10295
8836
9116
7567
8011
7797
8844
8872
7712
10332
8663
8701
9123
10288
9489
9575
8166
9620
11036
8944
10870
7828
11086
10332
10890
8918
8077
9536
8077
8541
9377
10106
8027
8659
9184
9992
8587
9608
10657
7797
9407
9382
7948
10468
8458
7848
8615
8060
9730
10743
9512
10917
7535
10429
8905
7855
7981
9147
8916
9461
9086
8702
9686
8583
8807
10258
9049
10305
10280
7760
9225
10480
7781
8183
9206
10423
9728
9036
9207
8197
10869
8754
10625
10910
8471
11043
11011
10174
10812
7602
10360
9422
8181
8719
8820
10261
8611
8181
8464
7628
10712
9719
7654
7955
9414
10399
9686
9385
9176
8616
9912
8165
10526
8920
7653
9856
9527
8598
8079
8924
9766
10635
9770
7867
10167
7638
8358
10576
10181
10868
8819
9756
10513
9312
8668
8143
10963
8499
9974
9326
11103
9330
9163
10015
7534
8441
8745
8030
10638
8107
9314
10818
9577
8660
9883
8269
8611
7440
10126
8369
8853
8509
9808
10167
7427
9929
10434
8000
10301
10286
9532
8845
10094
7820
11060
9164
7606
8908
10578
10688
8858
8943
9752
9914
8730
10925
10523
10014
9262
7837
8629
8979
9519
10141
7702
8666
9462
8468
9708
10871
10699
9693
11003
7483
7448
8256
9615
9985
9349
10478
8367
9849
8849
7990
8412
10292
10435
9504
7775
8847
9845
10711
8676
8050
8877
8540
9918
10520
8714
10004
8996
10257
9346
8929
7865
7437
10111
7737
10766
10102
10411
9247
8911
9573
10751
9011
10686
8612
8674
9961
9864
10314
9498
9486
8843
8517
10875
9257
8162
10914
11116
8889
8294
8220
7439
9884
8096
8472
7794
10793
8546
10725
8124
7619
9136
10262
9090
9368
9481
9984
7525
10201
10497
9801
10814
7521
8240
7596
7752
10114
9068
9666
9420
10340
10849
7524
10990
9234
10057
7604
9423
7479
9618
11038
8471
8777
10604
8529
9919
10106
8827
10127
8368
10703
9385
10100
10883
8815
10322
11061
10310
7833
9265
10796
7942
8055
10821
8006
9956
8617
7832
9001
9744
9389
8936
9674
9660
10240
9626
8834
9060
8538
9072
10567
7506
9286
8935
8504
10795
10998
8751
8502
8391
9755
10989
8688
8004
8178
9365
7544
8706
10921
7983
10330
10708
9804
9000
10086
10572
8625
7624
9851
10984
10521
8571
7520
10290
10986
8117
9080
9083
8518
9919
11081
8158
10315
8450
8664
8866
10896
10592
8227
10908
10690
10600
10996
10659
10725
8550
10926
9524
8486
9611
10855
9888
9295
9237
9564
9113
7696
11075
7426
10842
10253
8735
8868
9468
9001
7897
8501
11010
8477
10415
9840
8692
8856
10191
10831
10563
8474
8189
8138
10103
8281
10757
11011
10491
8870
11006
7607
9636
10817
9674
9444
8024
7835
10250
9846
8923
8255
8463
8234
8903
9905
9579
9313
9045
10735
7643
9242
11096
9010
9072
9196
8695
9178
7542
9977
11053
7750
8413
8333
9616
11102
9753
8284
8966
10079
8850
8784
9664
11114
10547
7875
7655
8403
8969
7819
9748
9069
9995
9434
10795
8539
9308
11055
8521
10483
8124
9975
8342
9247
10165
10133
10856
10557
10004
9477
10968
9474
7833
9130
10539
11071
9359
9235
8934
11065
10912
11025
9557
8770
9270
10454
10161
8010
10996
9751
7942
10449
10236
10492
9871
10484
10808
8942
8560
9404
9928
9073
9988
10994
9614
9676
9374
8888
9412
10496
8609
8318
8550
8977
8709
10963
7528
9373
7759
8628
7981
9437
10017
8203
7426
10413
8127
8645
8882
8986
11043
9034
10434
9735
9982
7457
8990
8272
8028
7599
10213
10758
8024
8271
9715
8359
8315
8315
11058
8613
7724
10687
10377
10590
8356
11123
9089
7554
7684
8319
9400
9025
9808
10187
10919
10339
9683
10355
8430
10369
7528
8953
10640
7430
10175
10755
10022
10967
9584
10853
7778
9855
8351
8048
10005
10804
10613
10069
7979
11110
10778
9210
8473
8944
9503
8000
10733
9496
9428
8998
10677
8142
10250
10628
8720
7677
10531
7533
9707
7441
9644
9680
9813
9587
7708
7473
8620
8322
10048
10473
9520
9911
8169
7637
8212
9414
10132
8414
9438
9428
9830
8014
10952
10781
8748
11048
9684
10803
10808
8520
10395
7611
7583
8676
8371
9471
9565
8990
8913
10085
10231
7942
10462
8814
10010
8855
7518
11050
10877
8723
9225
9709
8187
10298
7534
9740
10047
9397
9615
8074
10259
8965
10016
9229
7748
10511
7720
10938
10764
9863
9088
9403
7794
10299
9898
9998
8167
10949
8406
11122
10642
9803
10267
8090
11076
8343
10059
8541
9366
9795
8836
7558
9917
7450
9082
7451
8517
9749
8026
8396
8635
9490
11043
10092
7801
8698
9248
10240
9308
9990
9391
8256
10266
9991
9377
10848
7702
7714
8186
10343
10886
10555
9678
8650
7670
7762
9900
9405
7780
10272
10236
9886
11097
9794
9668
9746
8135
8363
11121
9354
11115
8729
9700
8739
10012
8673
9795
10274
8558
10378
10324
8084
7896
9150
10646
8840
10824
9463
8480
10689
10015
8571
9197
10011
10983
11049
8475
7737
10448
9050
7642
7427
10403
10780
10265
10596
8797
9739
7668
10846
10353
10599
9105
10618
9081
9201
11025
9810
9303
8411
9020
7902
10190
9964
8943
9099
7731
10594
11074
10576
9312
9097
9793
10510
9192
9909
10466
8090
10788
10662
7654
9533
10577
7565
10675
10945
9466
9800
9843
8800
9272
8250
9189
10321
10828
11067
10886
8492
8437
10296
8826
8875
7941
8440
8293
10478
8093
7774
10163
11005
8666
8765
9299
8380
7732
8244
9670
8521
8976
7670
9937
9416
7964
8761
10072
10222
9594
10216
9994
11106
8913
9932
10669
10148
10994
10694
9679
9833
10654
8314
7930
9372
8012
11082
10470
8794
8500
9796
10638
8673
7899
8846
10283
7608
10749
9958
10597
9043
10721
8457
8363
10412
10573
9003
9926
9812
8704
10554
8548
7440
8810
10093
8385
7987
10574
10897
8596
8277
11014
9561
10817
7434
8791
10233
9322
8573
9250
7676
8901
8194
10073
8215
8162
8925
7900
8393
9674
9668
8397
7631
8516
9702
7621
7571
8265
8064
7748
7530
10130
8115
8404
7429
8711
10494
7649
8365
10285
11097
7961
9025
10184
8577
9077
10964
11127
10411
8601
8654
9641
9273
9581
8424
7959
10790
8193
9035
10491
7480
7754
8955
7653
9280
9345
8633
8678
8816
8813
8336
9228
10113
8511
9544
10041
10861
8781
9518
7879
10902
7539
8602
11124
11052
7431
11056
10725
10424
7817
9903
10585
8153
10437
9357
8770
8140
8125
10670
9513
7453
8821
10376
10179
8922
10057
9658
10728
10649
9298
9957
10920
10712
8017
9799
8310
7434
10374
8580
8982
8375
9080
7826
8709
10646
9677
10261
10959
7911
8251
8206
9756
8057
11023
7415
7947
9373
8999
8574
9049
8664
8382
7911
10910
10577
8481
10733
10603
8182
9224
8607
7523
8842
7890
8885
10486
8001
9338
10349
9287
9393
11032
9887
8044
8043
7724
8251
8955
8475
7994
10526
7885
8976
10761
9788
8617
9926
10610
10732
7785
9360
8144
9615
8034
8137
10382
10313
8085
8004
8496
8268
9861
10227
9640
10039
10121
9360
7770
8023
7957
10777
9344
8260
9540
10065
7421
9760
10552
10680
9445
7716
8839
10769
8276
9023
10395
7910
9773
9381
7555
8049
10138
9444
9834
7551
10818
10019
10234
9201
10443
8703
10481
9994
10196
10561
11071
8757
7723
9492
8992
9207
10867
8779
8883
8428
9549
9025
9296
9819
10511
8652
10558
9794
7539
9006
9065
10027
7442
8665
9626
9619
10277
9453
8608
10084
8758
8492
10429
7864
9114
9321
8837
8255
9016
9334
10471
8265
10232
10829
7514
10514
9111
8736
10455
9387
8583
10165
9609
9721
9470
9705
10726
10899
9165
7509
8108
10278
7683
7675
7893
8776
10814
7759
10769
9279
7446
9248
8759
7625
8991
10962
7600
10125
10281
10472
7844
10909
9965
8598
7938
8104
9973
9817
9322
9938
9323
7615
8488
10062
8110
10099
9889
8827
8692
9414
9176
7756
9410
10377
10082
10954
10219
10799
8501
10323
10069
10556
10595
7779
8072
9921
7540
9498
10305
10813
9323
8362
8130
9301
8934
10333
10229
8645
7976
10065
8018
9772
7762
10229
7995
8175
8780
10286
9799
9305
10282
10045
10037
9755
9132
10366
10928
7972
10665
7766
8504
8971
10355
10843
8421
10984
9967
11018
8117
9375
10684
8759
10787
8202
10779
10957
8376
9727
7966
9645
7813
8211
7825
9121
8580
9174
8466
9308
9807
10319
9800
10321
9470
10154
8969
10753
10105
9691
9229
8750
9123
10658
10685
7819
7972
8570
9866
8501
7494
10837
10210
9188
10937
9415
8243
8070
7879
7952
9109
8619
7435
9610
7747
10728
9677
8816
10593
10019
7988
8818
8446
10900
9132
9372
9974
10345
9928
9765
10524
9732
10766
10689
9214
9797
10086
9524
11123
10408
10071
10617
10514
10035
7779
10391
10553
10919
9880
10635
8408
8372
10839
11082
9242
7591
10948
8094
10390
10089
8434
7809
9413
8211
8333
9964
8599
7976
7556
8006
10818
9722
8514
8883
10560
10870
9364
8535
9380
9739
8965
8406
9574
9138
10593
9879
10675
7602
7516
8985
10931
9087
11094
9811
9380
8115
8288
8887
7801
8117
10336
10968
9085
9708
9634
9854
10670
7745
10817
8331
9300
10156
10886
8701
11080
7863
8151
10260
8508
9931
8523
10741
8122
8405
10244
9949
9789
10396
10853
10388
8553
10555
11077
9777
8547
10249
7582
10465
10256
10238
9018
8965
8025
8174
8747
8064
10546
10707
8478
9661
10640
7898
10407
9050
10676
10377
8251
7903
11044
8032
11084
9951
10110
9722
10756
8933
10296
8159
10310
10853
9082
10524
8200
10966
10887
8758
9365
10777
9020
9503
9752
8165
7623
7952
10202
9871
9904
9468
7608
7893
10811
9878
8524
9743
7690
10299
9561
11097
7479
7946
8449
8934
7830
9610
7765
8232
9133
10715
7838
8309
9284
10402
8002
8444
9925
10020
7787
7807
9671
8190
9704
8260
9713
10060
9643
9658
11028
10058
8929
10951
9227
9808
8301
10512
10659
9835
10281
8931
8350
8063
8567
8240
8789
10614
10188
9801
9876
10436
9857
9199
8478
9948
10500
10104
8549
8539
10863
9235
7592
8372
11120
9851
10326
10184
10507
10168
10085
8819
7452
10434
9485
8107
9392
10052
9494
9019
7735
10832
10793
10201
9899
10697
11104
8564
8058
10670
10824
10891
9906
10813
8561
9496
10116
10948
9797
8563
10826
9106
8110
7840
8530
7706
8771
7614
9219
10456
9398
10138
10793
10884
11121
10492
9324
7710
10665
10505
10734
10893
9828
7654
10873
10967
8399
10403
8436
7891
7889
10849
10026
9238
10786
9148
10799
8452
8470
9870
7809
9605
8483
9809
9825
8431
7731
10889
7696
9694
10169
10670
9965
10419
9034
10866
8314
9070
9223
8298
8697
7815
9695
8824
7829
8743
9910
8206
8960
8695
10974
7499
10845
9030
10420
9872
8638
8918
9566
7907
8103
7466
8405
9073
8033
8217
7665
10679
8560
7546
10861
7886
10110
8620
7643
9274
9564
7852
9836
8728
7633
8806
7579
10363
9706
7908
11047
9585
10362
9693
8311
7659
8397
10531
9790
7874
11095
9441
8218
9186
7440
7812
10255
8426
8645
8986
9338
7808
10359
10855
8820
9987
7742
10393
9102
10329
9476
9194
8603
8156
8821
8621
9516
8151
9880
10962
10093
8334
9036
9541
8745
9046
10317
9603
7957
9549
10988
8658
9179
7690
9432
8168
9144
10323
9372
10262
10881
9439
8553
10905
11111
7768
8820
7860
10965
9360
8701
7669
9279
9455
7772
10461
10358
10617
7459
10007
9287
10025
7431
7869
10049
7455
7789
8068
8989
9654
9298
9874
7872
10791
10383
8463
9528
7590
8067
8804
9379
9902
7967
10370
7486
8794
10587
7904
11008
8932
10460
8744
10177
8297
10790
8193
11054
7534
8218
10226
10695
9332
9899
10871
10450
10177
7628
8474
9289
7832
8285
10554
10265
10849
9794
8611
10776
9828
8452
10829
10463
8352
8454
8353
9794
8592
10660
7983
8446
8543
8486
9591
8461
8693
10467
10122
7560
8348
7719
10020
11085
10877
10512
10597
7980
8808
8226
10087
8750
9633
7588
9765
9511
7425
10114
7809
9015
9137
10786
8913
9736
8344
7457
8694
8404
8356
8610
8594
10579
10839
9628
10020
11051
10770
9185
7772
9523
9549
10760
10479
8983
8791
10077
9354
7475
9691
7593
10129
9804
8570
7452
9149
7974
10083
10101
10172
8717
9963
10299
9355
8043
10862
8863
9178
10250
11126
10822
9583
8625
9407
7662
8893
8808
7697
10532
10734
9220
8423
9513
9459
11035
8063
8713
9897
9261
9923
7736
8905
11005
10654
10590
8148
11128
10901
10980
8744
10788
10074
9145
10785
11053
7564
8778
10459
8237
10192
8432
8677
8837
9050
8455
7822
9363
9428
8931
10620
8119
11035
9220
8456
10026
9173
9637
9269
9541
8872
9508
10318
8531
10732
8723
8731
8418
9385
10469
8684
9137
9646
8756
9752
7869
7966
9777
7502
11022
10801
8233
7878
7947
8673
9174
8192
11055
8913
8262
8295
10061
9946
9056
10620
10179
10441
8285
9502
9766
8897
9123
9596
8083
10490
9621
7880
9817
7620
7662
10188
10700
8753
9919
10795
10756
8145
11010
9492
8768
7563
9402
10135
8497
10025
8335
8144
10067
8799
8112
10719
8963
9940
8415
10695
9467
8229
7958
9623
10570
10811
9612
9648
11071
9933
7896
10525
9807
11022
7844
9318
10247
10036
8737
10766
7581
8762
7799
8524
10401
8312
8850
10383
10484
7662
8702
10054
9329
8627
10282
8863
9410
10054
10274
9833
9769
10439
10837
8506
10645
7586
7686
10802
10624
9854
8549
9059
7529
8959
10947
10632
8342
10132
9996
10816
10117
9255
8929
8033
7740
9510
7454
10598
7895
9483
9032
10346
8134
9359
10950
8124
10810
9457
7880
8243
9264
7597
9098
10682
8760
10018
8683
7709
7931
7921
8416
10043
8101
10868
10943
10235
9627
8958
8379
9476
9004
10701
8785
9770
9353
8244
10216
7751
10780
10410
7977
10824
10568
8331
9004
8445
8320
8292
11042
8014
8195
9319
9699
7694
8949
8461
9648
10328
9763
10190
8031
10587
10198
9842
9102
10559
9411
8684
8407
10492
7893
10069
9152
9534
8066
10504
9657
9364
9040
9160
8305
8305
10464
8508
11001
9077
9995
9924
8331
9380
9738
10394
11033
9463
7484
10678
7667
7673
8225
10127
8646
10176
7624
7987
7679
7883
9733
11048
10062
8104
9037
7688
10063
9068
8210
9525
11077
8026
10544
10691
10290
10341
9693
8563
8663
10263
10799
7764
9741
8856
9376
8024
8196
8927
9105
8940
9126
10482
7641
10154
8536
10595
7944
7527
8766
10965
8979
10636
7616
11089
8308
7422
7469
7742
10352
8534
7685
8995
9766
9785
8226
9379
11103
7714
7894
10142
8522
8495
9336
8160
9627
9582
7866
7845
10000
8424
9805
10225
10197
8348
8130
7939
9553
7846
10402
10444
7903
9895
10773
8512
8770
7958
10938
11103
8736
9064
7609
9170
10666
8364
7672
11017
10486
10403
10720
10034
7831
7957
10285
10864
8277
8159
9018
9537
7467
8634
9466
10316
10535
8891
8662
8584
8508
9781
9203
8321
9171
7863
8999
10244
7729
8353
7961
8810
8823
8438
7683
7593
8065
10690
10503
9675
10094
10993
8964
10356
10702
10612
11084
8259
9993
8383
10828
10003
10321
9439
9763
7818
10380
8875
9672
9725
9267
8381
9798
10057
10213
11017
10509
7561
8499
9095
9095
7857
9326
10081
8797
7923
9331
7543
10087
9827
9999
8586
8693
8079
7868
8602
7670
10076
9548
8548
8731
10548
9378
8604
10242
10900
7532
10573
9835
9140
9719
8790
9656
10810
10627
9987
10772
8891
9141
8208
8872
10380
8042
10721
8881
8388
9883
7894
10107
8073
8687
9499
8293
11115
8931
8720
9190
10185
10720
9638
9837
10889
9139
9867
8192
7522
9569
10668
10549
9809
8395
8894
9214
7781
10504
9720
9005
9698
8306
7697
8932
8338
10450
7714
10685
8555
9707
9151
7854
8942
7639
8306
9972
10599
7716
9697
10423
8588
8595
9544
8487
8691
8018
10716
9284
10464
9945
9031
10940
8654
8979
10601
9108
9921
10284
8292
8742
9806
9930
9935
9143
7795
8892
9733
9890
10486
8832
9728
8208
8991
9236
10732
7873
9097
7536
10178
10264
10457
9834
10293
10455
7648
10908
8290
10736
8604
9844
8881
8970
11109
8706
10685
10696
10698
11081
10819
9863
10762
10432
8426
10307
9216
9591
10831
9892
7799
10385
9785
7874
8032
10241
10957
9475
8162
10427
8746
8026
8624
10582
8792
10522
8066
7985
8919
10306
9764
10427
8201
9490
8620
8907
7516
10579
8876
8048
10885
9247
9366
8889
9105
9896
10768
9467
8160
7483
10244
8149
8022
10036
9553
8592
7891
8533
9216
9005
7648
8216
10029
10575
10113
10643
7740
9473
9784
8071
8112
7835
10634
9141
10535
9961
9735
7416
9676
7888
9545
9218
10391
7426
10340
10904
8231
9013
10301
10429
10768
10605
11033
10812
11066
9280
7854
8184
10355
7573
8565
10931
9594
8179
10866
10393
9438
10226
9221
7800
11094
8198
8320
7416
8389
9270
9999
11027
9895
10575
10539
10691
9251
7555
9135
7878
9320
7605
7472
7829
9061
7469
8257
8675
8258
10660
10188
8094
7907
11058
7949
9450
8460
9987
8438
10140
7809
8147
11014
9846
10833
8308
10644
7584
7796
8875
11011
8133
9744
9772
9031
9209
7848
9984
11000
10752
8562
8164
8775
10809
9507
10450
8514
7679
9236
9474
10027
9335
7449
11045
10792
8849
10353
9391
9738
7589
7604
10726
10422
8622
9720
7595
9432
8360
9520
8050
7613
7854
9809
7908
9217
8095
8104
7542
7705
8986
7738
8109
7768
10544
7898
10922
10982
9009
9010
7621
8170
10742
7918
9429
8101
8078
9281
9951
9880
10724
9973
10108
8398
7788
8138
7672
8843
8749
11097
9421
8796
10570
9329
9562
7915
7948
11029
11004
8474
10942
9786
9110
10495
9621
7733
11093
7505
8733
10647
8233
11006
8119
8720
8325
10219
9917
10287
10340
8741
7508
9798
8771
9621
7650
9638
9706
8632
10807
10357
10593
7502
10838
7823
9120
10439
9734
10027
8922
11101
10782
8951
8781
10087
10740
10731
8950
10914
11083
10884
8113
8488
8594
8572
10293
8246
11005
9342
9900
9000
9128
10641
7909
7724
8735
8146
7992
8601
9169
9818
7576
7970
10162
10150
7792
8648
8213
10987
10414
9042
11067
10629
9778
10416
8128
7707
10699
7586
9128
10568
7944
7774
7452
10018
10830
10253
9839
7432
10975
9190
10873
11108
8831
10815
10145
10978
8957
8826
9309
10165
9526
9435
10896
7655
10595
8341
9293
10576
8893
7611
7640
7929
8289
9967
9636
10273
8054
8230
8922
8034
8656
9173
7468
7575
10173
8349
8727
10452
9531
8172
8910
9841
7459
9669
9465
7768
9896
9008
7803
10399
7692
8887
9936
8677
10835
8686
8293
9493
9493
9501
7828
7497
7571
9510
10013
8059
8829
7976
8362
8963
10600
8756
10207
10787
7623
8041
8097
11074
11034
10348
8517
9985
7829
11080
7483
9240
7485
9928
9047
9948
8968
10225
9726
9441
7447
10838
10463
11018
8178
7794
7722
7826
10842
8394
10935
8172
9506
11086
7909
7857
8726
10995
8499
9796
8048
9772
10189
9419
9304
10985
10051
9161
8208
10394
9907
9646
8185
7659
9781
8578
10013
8773
10200
10885
8074
9017
9467
9370
8228
9399
9306
9744
8176
8462
8337
8923
8460
10942
10819
10084
7713
8379
9278
9763
8241
10436
9540
9983
9447
10718
7721
10443
10462
10756
8316
9953
8551
8975
7989
8848
8188
9084
8542
7486
7481
10281
8349
8797
8341
8711
9563
8023
9177
9409
10594
7587
8853
11042
10331
10531
7635
7834
11089
8195
9600
7933
10110
10084
9548
9231
10633
9832
7575
8901
10924
8171
8065
10418
9376
8177
8010
8871
9190
9301
7775
8981
8993
8235
9133
9125
8834
9881
10471
11066
9795
10345
7421
7633
9556
9344
7718
7505
7492
7606
11084
8742
11027
8465
8810
8528
7595
11023
7919
9281
7520
11100
10646
11002
10807
10366
8071
9055
7926
8317
10440
7770
9236
9702
7675
8363
10995
8806
8612
9807
7805
8510
7708
10487
8884
10906
8088
7746
7615
7942
8783
10611
10854
7637
7932
9655
7419
9775
10433
7549
10182
9283
10098
10973
8384
10101
9688
7978
9093
10016
9234
8901
9455
10699
10732
9087
8400
8464
10758
10527
8190
9355
10915
8482
7511
10928
7658
9747
9957
8699
9683
8894
10813
10590
8611
9017
8567
8417
9193
9818
8073
10542
9327
8311
8522
9144
9187
10649
8523
10722
10975
10149
9271
8772
7581
9791
10000
7475
9650
10121
8721
10860
7539
8189
9365
7755
10546
8292
7851
9176
8928
8202
7508
9129
7784
7854
8789
8617
8152
8052
9856
7503
8027
10806
7651
9482
7870
10135
9170
9235
9141
10880
8159
10247
7744
10651
10778
7733
9340
10089
11067
7842
7604
7412
10077
9891
9319
9481
8233
8705
7935
7831
7887
7727
8419
9714
10728
7464
8041
