100000.222
9467 2590
9266 7272
7553 4245
7446 3412
871 5233
8502 8923
33 5363
7773 6242
7438 3742
9474 1246
7740 6380
4333 7196
8339 125
1696 2619
7350 891
558 2108
101 1332
1383 3316
7888 2214
6249 1184
4621 7235
7413 4885
9517 8242
1878 7765
4556 4791
6191 1380
5162 5108
3270 3312
2324 9458
6829 6319
1395 2093
5046 7964
3315 765
4650 1614
1870 2185
8361 9815
418 7943
9009 419
1269 6724
8945 6198
9043 9879
3671 818
213 2183
4352 4180
5077 4555
4767 3584
7119 4801
1260 4284
3906 8014
3663 7615
2331 324
9564 5198
6676 2570
6593 1279
3749 15
1606 2509
6820 4361
5462 7277
4322 8706
5080 8061
2689 8386
6931 9817
7069 8578
3122 1101
5231 5482
9478 8390
5085 829
2575 6656
2904 9576
4124 8334
4667 4767
2690 3538
2930 2015
2422 8336
9646 4784
9929 5585
7823 6395
6626 1568
2291 8800
5912 1033
2375 5222
9641 9626
6262 4109
7102 1740
4320 1787
3074 2624
6040 1444
5903 3313
5298 3386
6655 7556
1093 976
2885 8883
552 9079
5415 1168
9977 703
2490 2257
530 1171
9918 2780
3393 3143
1265 6687
