99900.229
1169 3053
9274 7268
7560 4224
7453 3383
3884 711
8508 8931
33 5344
7780 6230
7445 3720
9487 1227
7746 6370
4336 7189
8343 109
1689 2596
7356 874
558 2082
101 1312
1377 3288
7896 2189
6252 1165
6180 5757
4685 4467
9530 8247
2685 2562
4559 4772
192 2197
5163 5089
3262 3284
2318 9462
5307 7357
1389 2067
5049 7969
9472 4867
4652 1594
1862 2159
8369 9814
418 7949
2630 403
1263 6714
8952 6186
7206 2883
3667 801
213 2157
4355 4160
5081 4539
6472 6292
7124 4783
1255 4263
3903 8021
4578 7958
2325 308
7878 2854
6682 2546
2128 3423
7686 7261
9390 6807
6829 4339
5460 7274
4324 8710
2547 7347
2680 8388
5019 8053
9796 465
3116 1083
2094 839
3870 7805
9478 5523
2569 6643
2893 9574
1313 7478
4669 4748
2681 3513
2919 1990
2415 8340
9654 4765
9931 5564
7830 6384
6633 1548
2285 8802
5917 1014
2368 5202
9649 9627
6264 4091
7107 1718
1773 513
3067 2601
634 8227
5908 3285
5297 3358
6663 7552
1083 2579
3040 7861
552 9083
8850 4358
9979 687
2483 2232
530 1152
9918 2757
3387 3115
1260 6676
