98700.226
9467 2621
9266 7299
7553 4275
7446 3443
871 5263
8502 8947
33 5393
7773 6271
7438 3772
9474 1279
7740 6407
4333 7223
8339 158
1696 2650
7350 924
558 2140
101 1365
1383 3347
7888 2246
6249 1217
4621 7262
7413 4915
9517 8266
1878 7792
4556 4821
6191 1413
5162 5138
3270 3343
2324 9482
6829 6347
1395 2125
5046 7990
3315 798
4650 1647
1870 2217
8361 9838
418 7969
9009 452
1269 6751
8945 6227
9043 9901
3671 851
213 2215
4352 4210
5077 4585
4767 3614
7119 4831
1260 4314
3906 8039
3663 7642
2331 357
9564 5228
6676 2601
6593 1312
3749 48
1606 2540
6820 4391
5462 7304
4322 8730
5080 8085
2689 8410
6931 9840
7069 8602
3122 1134
5231 5512
9478 8414
5085 862
2575 6683
2904 9600
4124 8358
4667 4797
2690 3568
2930 2047
2422 8360
9646 4814
9929 5615
7823 6422
6626 1601
2291 8824
5912 1066
2375 5252
9641 9650
6262 4139
7102 1772
4320 1819
3074 2655
6040 1477
5903 3344
5298 3417
6655 7583
1093 1009
2885 8907
552 9103
5415 1201
4235 1225
2490 2288
530 1204
9918 2811
3393 3174
1265 6714
