1495
1 1
1 2
1 3
1 4
1 5
1 6
2 6
3 6
4 6
4 7
4 8
4 9
4 10
4 11
4 12
5 12
5 13
5 14
5 15
5 16
5 17
6 17
6 18
7 18
8 18
9 18
9 19
10 19
10 20
10 21
10 22
11 22
11 23
11 24
12 24
13 24
13 25
13 26
14 26
15 26
16 26
17 26
17 27
18 27
18 28
18 29
18 30
18 31
18 32
19 32
19 33
19 34
19 35
20 35
21 35
22 35
23 35
24 35
25 35
26 35
27 35
28 35
29 35
30 35
30 36
31 36
32 36
33 36
34 36
35 36
35 37
35 38
35 39
35 40
36 40
36 41
36 42
36 43
37 43
38 43
39 43
40 43
40 44
40 45
40 46
40 47
41 47
41 48
42 48
43 48
44 48
45 48
46 48
46 49
46 50
46 51
47 51
47 52
48 52
49 52
50 52
50 53
51 53
51 54
51 55
51 56
51 57
51 58
52 58
52 59
52 60
52 61
52 62
52 63
52 64
53 64
54 64
55 64
56 64
56 65
56 66
56 67
57 67
58 67
59 67
59 68
59 69
59 70
60 70
60 71
61 71
62 71
63 71
64 71
65 71
65 72
65 73
65 74
66 74
67 74
68 74
69 74
69 75
69 76
69 77
69 78
70 78
71 78
72 78
73 78
73 79
74 79
74 80
74 81
75 81
75 82
75 83
76 83
77 83
78 83
78 84
78 85
78 86
78 87
79 87
80 87
80 88
80 89
80 90
81 90
82 90
83 90
84 90
84 91
85 91
85 92
86 92
86 93
87 93
87 94
87 95
88 95
88 96
89 96
89 97
90 97
91 97
92 97
92 98
93 98
94 98
94 99
95 99
96 99
97 99
98 99
98 100
99 100
100 100
