cursuri-edit.php
concurs-invitatie.php
arhiva_set_grupa_nr.php
editor-save.php
clase-make.php
arhiva-solve.php
search-monitor.php
admin-eval-solve.php
function.evaluate.php
nr-ajobs.txt
competitii-make.php
cursuri-evaluate.php
laser.out
clase-form-validation.php
user_name.php
editor-get-file.php
..
chat-send.php
surse-make.php
piramida-invitatie.php
cursuri-change-group.php
nr-jobs.txt
reteta.out
fill.out
secure.php
colaj.out
info.php
ide-upload.php
ide-get-runda.php
cursuri-make.php
lee.out
clase-trimite-invitatie.php
admin-eval.php
da.out
surse-sterge.php
config.php
numere.out
arhiva-search.php
arhiva_create_topics.php
competitii-status.php
cursuri-change-lesson.php
arhiva-make.php
arhiva-search-cat.php
evaluate-upload.php
form-validation.php
clase-remove.php
chat-receive.php
clase-lista-titlu.php
arhiva-edit.php
.
