surse-make.php
cursuri-edit.php
post.php
cursuri-make.php
clase-trimite-invitatie.php
config.php
concurs-invitatie.php
cursuri-evaluate.php
ide-get-runda.php
arhiva-make.php
pentest.php
info.php
form-validation.php
user_name.php
nr-ajobs.txt
index1.php
arhiva_set_grupa_nr.php
secure.php
cursuri-change-group.php
admin-eval.php
nr-jobs.txt
arhiva_create_topics.php
clase-make.php
clase-form-validation.php
chat-receive.php
surse-sterge.php
competitii-make.php
chat-send.php
JWT.php
clase-remove.php
arhiva-solve.php
arhiva-edit.php
editor-get-file.php
editor-save.php
piramida-invitatie.php
clase-lista-titlu.php
competitii-status.php
function.evaluate.php
..
ide-upload.php
search-monitor.php
cursuri-change-lesson.php
.
admin-eval-solve.php
arhiva-search.php
arhiva-search-cat.php
ClassMongoExport.php
evaluate-upload.php
