index.php
evaluator
monitor.php
juniorcoders
.git
config.php
desktop.ini
sitemap.xml
NASA.pdf
clase.php
awstatsicons
info.php
profil.php
img
mean2
Trenuri.pdf
blog
cursuri.php
cursuri
chat.php
index1.php
da
surse.php
icon
2.pdf
banner.php
auth
.htaccess
mean
admin-eval.php
ide.php
chat
is_test_ok.php
Mos Craciun.pdf
tst
awstats-icon
nodebb
evaluatorV2
forum
piramida.php
stats
scripts
test
views
fonts
disabled_by_virtualmin.html
js
resurse.php
editor.php
evaluatorV2eEx
piramida-invitatie.php
pwd.php
images
1.pdf
evaluate.php
Regele Arthur.pdf
php.ini
..
competitii.php
ide-upload.php
.
robots.txt
arhiva.php
ace
phpmyadmin
codemirror
404.php
css
