747-7.out
756-9.out
8.in
753-6.out
756-4.out
756-8.out
752-5.out
754-9.out
751-9.out
751-3.out
755.cpp
752-7.out
745-7.out
1757379702.out
1864103541.out
3.in
747-2.out
sorynsoo
752-3.out
751-7.out
sorynsoo.out
754.cpp
756-6.out
754-1.out
755-9.out
sorynsoo-25-3.in
752-9.out
sorynsoo-25-3
754-7.out
754-3.out
752-4.out
1141032634.in
753-3.out
756
753-8.out
751-2.out
5.in
755-2.out
752-8.out
755-0.out
745-1.out
756-7.out
753-4.out
1757379702.in
1757379702.cpp
754-4.out
756-2.out
1.in
752-6.out
751.cpp
756.cpp
745-0.out
747-0.out
755-6.out
755-7.out
755-8.out
755
751-4.out
751-0.out
745-5.out
747-9.out
745-2.out
6.in
747-1.out
747-4.out
1864103541
751-8.out
755-5.out
0.in
754
745-6.out
747-8.out
755-1.out
756-1.out
754-2.out
1141032634
751-1.out
747-5.out
sorynsoo-25-4.cpp
755-4.out
9.in
753-1.out
sorynsoo.in
745-3.out
752.cpp
sorynsoo.cpp
753-5.out
4.in
1141032634.out
747-6.out
1757379702
756-0.out
752
754-6.out
745-9.out
753-2.out
745
753-0.out
sorynsoo-25-4
1141032634.cpp
1864103541.in
753.cpp
754-5.out
753-9.out
7.in
sorynsoo-25-3.cpp
745.cpp
745-4.out
sorynsoo-25-4.in
..
755-3.out
752-0.out
752-2.out
756-3.out
1864103541.c
.
751
754-0.out
754-8.out
756-5.out
752-1.out
751-5.out
2.in
747.cpp
747-3.out
745-8.out
751-6.out
753-7.out
747
jrun
