awstats-icon
loaderio-0d61ecc83b85d36bd7894fb100532bb7.txt
googled175ac302450f54c.html
chat
brb
editor.php
arhiva.php
codoforum
profil.php
sitemap.xml
.htaccess
ide.php
Trenuri.pdf
2.pdf
is_test_ok.php
banner.php
404.php
evaluator
forum
views
scripts
phpmyadmin
cursuri.php
codemirror
monitor.php
pwd.php
js
..
images
piramida.php
disabled_by_virtualmin.html
surse.php
css
concurs.php
blog
stats
img
piramida-invitatie.php
icon
fonts
chat.php
index.php
resurse.php
info.php
ide-upload.php
admin-eval.php
robots.txt
Regele Arthur.pdf
Mos Craciun.pdf
competitii.php
NASA.pdf
config.php
1.pdf
abcd.php
evaluate.php
desktop.ini
clase.php
ace
php.ini
cursuri
.
awstatsicons
