1
2
3
13 0 25766 4
613 0 25766 4
613 0 25766 5
11435 0 25766 6
17221 0 25766 6
17221 0 25766 7
467 0 25766 7
467 0 25766 7
467 0 25766 7
467 0 25766 8
439 0 25766 8
439 0 25766 9
55 0 25766 10
353 0 25766 11
5 0 25766 12
733 0 25766 12
733 0 25766 13
13 0 25766 13
13 0 25766 14
97 0 25766 15
30265 0 25766 16
89 0 25766 17
883 0 25766 18
751 0 25766 19
17 0 25766 19
17 0 25766 20
421 0 25766 20
421 0 25766 20
421 0 25766 20
421 0 25766 20
421 0 25766 21
479 0 25766 22
233 0 25766 22
233 0 25766 22
233 0 25766 22
233 0 25766 23
20257 0 25766 23
20257 0 25766 24
3 0 25766 25
139 0 25766 26
503 0 25766 27
173 0 25766 28
20459 0 25766 29
733 0 25766 29
733 0 25766 30
25265 0 25766 31
3557 0 25766 31
3557 0 25766 32
727 0 25766 33
877 0 25766 34
643 0 25766 35
3613 0 25766 35
3613 0 25766 36
877 0 25766 37
223 0 25766 37
223 0 25766 38
14097 0 25766 39
463 0 25766 40
883 0 25766 41
107 0 25766 42
307 0 25766 43
197 0 25766 44
859 0 25766 45
751 0 25766 46
379 0 25766 47
499 0 25766 48
709 0 25766 49
269 0 25766 50
7 0 25766 51
331 0 25766 52
199 0 25766 53
11253 0 25766 54
24237 0 25766 55
593 0 25766 56
599 0 25766 57
881 0 25766 57
881 0 25766 58
523 0 25766 59
13441 0 25766 60
307 0 25766 61
331 0 25766 62
809 0 25766 63
27479 0 25766 64
307 0 25766 65
827 0 25766 66
31453 0 25766 67
647 0 25766 67
647 0 25766 68
877 0 25766 69
241 0 25766 70
14099 0 25766 71
28017 0 25766 72
599 0 25766 73
179 0 25766 74
331 0 25766 75
1861 0 25766 76
227 0 25766 77
227 0 25766 77
227 0 25766 78
883 0 25766 78
883 0 25766 78
883 0 25766 79
503 0 25766 80
191 0 25766 81
409 0 25766 82
349 0 25766 83
647 0 25766 84
223 0 25766 85
599 0 25766 86
113 0 25766 87
11 0 25766 88
31 0 25766 89
521 0 25766 90
7343 0 25766 91
233 0 25766 92
239 0 25766 93
673 0 25766 94
97 0 25766 95
757 0 25766 96
349 0 25766 97
701 0 25766 98
823 0 25766 98
823 0 25766 