1
1
2
2
3
4
5
6
7
7
7
8
8
9
10
11
11
11
12
13
13
14
15
16
16
16
17
18
19
20
21
21
22
23
24
24
25
26
27
28
29
30
31
31
32
32
33
34
35
36
37
38
233 144 0 39
601 144 0 40
601 144 0 41
743 144 0 42
89 144 0 43
139 144 0 44
883 144 0 45
839 144 0 46
829 144 0 46
829 144 0 47
193 144 0 48
3 144 0 49
499 144 0 50
233 144 0 51
157 144 0 52
677 144 0 53
733 144 0 53
733 144 0 54
541 144 0 54
541 144 0 55
727 144 0 55
727 144 0 56
179 144 0 57
709 144 0 58
32121 144 0 59
337 144 0 60
673 144 0 60
673 144 0 61
43 144 0 62
5663 144 0 63
857 144 0 63
857 144 0 64
347 144 0 65
673 144 0 65
673 144 0 66
9749 144 0 67
191 144 0 68
23441 144 0 69
691 144 0 70
491 144 0 71
571 144 0 72
379 144 0 73
593 144 0 74
223 144 0 75
191 144 0 76
89 144 0 76
89 144 0 77
21801 144 0 78
487 144 0 79
269 144 0 79
269 144 0 79
269 144 0 80
13 144 0 80
13 144 0 81
389 144 0 82
313 144 0 83
479 144 0 84
701 144 0 85
167 144 0 86
16225 144 0 87
877 144 0 88
499 144 0 89
617 144 0 89
617 144 0 90
3 144 0 91
27089 144 0 92
347 144 0 92
347 144 0 93
607 144 0 94
239 144 0 95
311 144 0 96
157 144 0 97
151 144 0 97
151 144 0 98
311 144 0 99
367 144 0 100
227 144 0 101
331 144 0 102
431 144 0 103
607 144 0 104
401 144 0 105
283 144 0 105
283 144 0 106
523 144 0 107
5021 144 0 108
157 144 0 108
157 144 0 109
13463 144 0 109
13463 144 0 110
359 144 0 110
359 144 0 111
829 144 0 112
821 144 0 112
821 144 0 113
3091 144 0 114
11621 144 0 115
601 144 0 116
593 144 0 116
593 144 0 117
761 144 0 118
683 144 0 119
859 144 0 120
31455 144 0 120
31455 144 0 121
113 144 0 122
61 144 0 123
4681 144 0 124
769 144 0 125
11655 144 0 125
11655 144 0 125
11655 144 0 126
5731 144 0 127
151 144 0 128
6889 144 0 129
239 144 0 129
239 144 0 130
13735 144 0 131
659 144 0 131
659 144 0 132
563 144 0 133
509 144 0 134
881 144 0 135
30099 144 0 136
71 144 0 137
631 144 0 138
197 144 0 139
157 144 0 140
449 144 0 141
20883 144 0 142
467 144 0 143
23 144 0 144
521 144 0 145
419 144 0 146
823 144 0 147
853 144 0 148
5093 144 0 149
467 144 0 150
733 144 0 151
3 144 0 151
3 144 0 152
461 144 0 152
461 144 0 153
61 144 0 154
701 144 0 154
701 144 0 155
761 144 0 156
431 144 0 157
463 144 0 157
463 144 0 157
463 144 0 158
13427 144 0 159
173 144 0 160
109 144 0 161
181 144 0 162
719 144 0 163
373 144 0 163
373 144 0 163
373 144 0 164
683 144 0 165
137 144 0 166
599 144 0 166
599 144 0 167
449 144 0 168
853 144 0 169
823 144 0 169
823 144 0 169
823 144 0 170
41 144 0 171
743 144 0 172
313 144 0 173
47 144 0 173
47 144 0 174
541 144 0 174
541 144 0 175
823 144 0 175
823 144 0 176
307 144 0 177
16197 144 0 178
401 144 0 178
401 144 0 179
163 144 0 180
379 144 0 180
379 144 0 181
617 144 0 182
269 144 0 182
269 144 0 183
18369 144 0 184
277 144 0 185
6729 144 0 186
179 144 0 187
8411 144 0 188
691 144 0 188
691 144 0 189
811 144 0 190
19629 144 0 191
443 144 0 192
241 144 0 193
853 144 0 194
20673 144 0 195
28591 144 0 196
709 144 0 197
389 144 0 197
389 144 0 198
401 144 0 199
31 144 0 200
227 144 0 200
227 144 0 201
347 144 0 202
27681 144 0 203
109 144 0 203
109 144 0 204
17219 144 0 205
271 144 0 205
271 144 0 206
32635 144 0 207
379 144 0 207
379 144 0 208
271 144 0 209
199 144 0 210
13 144 0 211
797 144 0 212
107 144 0 213
449 144 0 214
307 144 0 215
317 144 0 215
317 144 0 216
317 144 0 217
3 144 0 218
311 144 0 219
439 144 0 219
439 144 0 220
499 144 0 221
631 144 0 222
1787 144 0 223
241 144 0 224
199 144 0 225
757 144 0 225
757 144 0 226
21149 144 0 227
347 144 0 228
751 144 0 229
31921 144 0 230
107 144 0 231
449 144 0 232
661 144 0 233
421 144 0 234
401 144 0 235
191 144 0 235
191 144 0 