1
2
3 0 4746 2
3 0 4746 3
55 0 4746 4
17711 0 4746 5
89 0 4746 5
89 0 4746 6
9843 0 4746 7
377 0 4746 8
26435 0 4746 8
26435 0 4746 9
72101 0 4746 9
72101 0 4746 9
72101 0 4746 9
72101 0 4746 10
233 0 4746 11
25013 0 4746 11
25013 0 4746 12
5 0 4746 13
1597 0 4746 14
1597 0 4746 15
987 0 4746 16
26261 0 4746 16
26261 0 4746 17
17711 0 4746 18
1597 0 4746 19
233 0 4746 22
23
24
25
26
27
27
28
29
30
30
31
31
32
33
33
34
34
35
36
37
38
38
39
40
41
41
42
43
44
45
46
47
47
48
49
50
51
52
52
53
54
55
56
57
58
59
60
60
61
62
63
64
65
66
66
67
68
69
70
71
72
73
74
74
74
75
75
75
76
77
78
78
79
79
80
81
81
82
82
83
84
85
86
87
87
88
88
89
90
91
91
92
93
94
95
96
97
98
99
100
101
102
102
103
104
105
106
106
107
108
109
110
111
112
113
114
114
115
116
117
118
119
