aaaaaaaaaaa
aaaaaaaaaab
aaaaaaaaaba
aaaaaaaabaa
aaaaaaaabab
aaaaaaabaaa
aaaaaaabaab
aaaaaaababa
aaaaaabaaaa
aaaaaabaaab
aaaaaabaaba
aaaaaababaa
aaaaaababab
aaaaabaaaaa
aaaaabaaaab
aaaaabaaaba
aaaaabaabaa
aaaaabaabab
aaaaababaaa
aaaaababaab
aaaaabababa
aaaabaaaaaa
aaaabaaaaab
aaaabaaaaba
aaaabaaabaa
aaaabaaabab
aaaabaabaaa
aaaabaabaab
aaaabaababa
aaaababaaaa
aaaababaaab
aaaababaaba
aaaabababaa
aaaabababab
aaabaaaaaaa
aaabaaaaaab
aaabaaaaaba
aaabaaaabaa
aaabaaaabab
aaabaaabaaa
aaabaaabaab
aaabaaababa
aaabaabaaaa
aaabaabaaab
aaabaabaaba
aaabaababaa
aaabaababab
aaababaaaaa
aaababaaaab
aaababaaaba
aaababaabaa
aaababaabab
aaabababaaa
aaabababaab
aaababababa
aabaaaaaaaa
aabaaaaaaab
aabaaaaaaba
aabaaaaabaa
aabaaaaabab
aabaaaabaaa
aabaaaabaab
aabaaaababa
aabaaabaaaa
aabaaabaaab
aabaaabaaba
aabaaababaa
aabaaababab
aabaabaaaaa
aabaabaaaab
aabaabaaaba
aabaabaabaa
aabaabaabab
aabaababaaa
aabaababaab
aabaabababa
aababaaaaaa
aababaaaaab
aababaaaaba
aababaaabaa
aababaaabab
aababaabaaa
aababaabaab
aababaababa
aabababaaaa
aabababaaab
aabababaaba
aababababaa
aababababab
abaaaaaaaaa
abaaaaaaaab
abaaaaaaaba
abaaaaaabaa
abaaaaaabab
abaaaaabaaa
abaaaaabaab
abaaaaababa
abaaaabaaaa
abaaaabaaab
abaaaabaaba
abaaaababaa
abaaaababab
abaaabaaaaa
abaaabaaaab
abaaabaaaba
abaaabaabaa
abaaabaabab
abaaababaaa
abaaababaab
abaaabababa
abaabaaaaaa
abaabaaaaab
abaabaaaaba
abaabaaabaa
abaabaaabab
abaabaabaaa
abaabaabaab
abaabaababa
abaababaaaa
abaababaaab
abaababaaba
abaabababaa
abaabababab
ababaaaaaaa
ababaaaaaab
ababaaaaaba
ababaaaabaa
ababaaaabab
ababaaabaaa
ababaaabaab
ababaaababa
ababaabaaaa
ababaabaaab
ababaabaaba
ababaababaa
ababaababab
abababaaaaa
abababaaaab
abababaaaba
abababaabaa
abababaabab
ababababaaa
ababababaab
abababababa
baaaaaaaaaa
baaaaaaaaab
baaaaaaaaba
baaaaaaabaa
baaaaaaabab
baaaaaabaaa
baaaaaabaab
baaaaaababa
baaaaabaaaa
baaaaabaaab
baaaaabaaba
baaaaababaa
baaaaababab
baaaabaaaaa
baaaabaaaab
baaaabaaaba
baaaabaabaa
baaaabaabab
baaaababaaa
baaaababaab
baaaabababa
baaabaaaaaa
baaabaaaaab
baaabaaaaba
baaabaaabaa
baaabaaabab
baaabaabaaa
baaabaabaab
baaabaababa
baaababaaaa
baaababaaab
baaababaaba
baaabababaa
baaabababab
baabaaaaaaa
baabaaaaaab
baabaaaaaba
baabaaaabaa
baabaaaabab
baabaaabaaa
baabaaabaab
baabaaababa
baabaabaaaa
baabaabaaab
baabaabaaba
baabaababaa
baabaababab
baababaaaaa
baababaaaab
baababaaaba
baababaabaa
baababaabab
baabababaaa
baabababaab
baababababa
babaaaaaaaa
babaaaaaaab
babaaaaaaba
babaaaaabaa
babaaaaabab
babaaaabaaa
babaaaabaab
babaaaababa
babaaabaaaa
babaaabaaab
babaaabaaba
babaaababaa
babaaababab
babaabaaaaa
babaabaaaab
babaabaaaba
babaabaabaa
babaabaabab
babaababaaa
babaababaab
babaabababa
bababaaaaaa
bababaaaaab
bababaaaaba
bababaaabaa
bababaaabab
bababaabaaa
bababaabaab
bababaababa
babababaaaa
babababaaab
babababaaba
bababababaa
bababababab
