aaaaaaaaa
aaaaaaaab
aaaaaaaba
aaaaaabaa
aaaaaabab
aaaaabaaa
aaaaabaab
aaaaababa
aaaabaaaa
aaaabaaab
aaaabaaba
aaaababaa
aaaababab
aaabaaaaa
aaabaaaab
aaabaaaba
aaabaabaa
aaabaabab
aaababaaa
aaababaab
aaabababa
aabaaaaaa
aabaaaaab
aabaaaaba
aabaaabaa
aabaaabab
aabaabaaa
aabaabaab
aabaababa
aababaaaa
aababaaab
aababaaba
aabababaa
aabababab
abaaaaaaa
abaaaaaab
abaaaaaba
abaaaabaa
abaaaabab
abaaabaaa
abaaabaab
abaaababa
abaabaaaa
abaabaaab
abaabaaba
abaababaa
abaababab
ababaaaaa
ababaaaab
ababaaaba
ababaabaa
ababaabab
abababaaa
abababaab
ababababa
baaaaaaaa
baaaaaaab
baaaaaaba
baaaaabaa
baaaaabab
baaaabaaa
baaaabaab
baaaababa
baaabaaaa
baaabaaab
baaabaaba
baaababaa
baaababab
baabaaaaa
baabaaaab
baabaaaba
baabaabaa
baabaabab
baababaaa
baababaab
baabababa
babaaaaaa
babaaaaab
babaaaaba
babaaabaa
babaaabab
babaabaaa
babaabaab
babaababa
bababaaaa
bababaaab
bababaaba
babababaa
babababab
