aaaaaaaaaa
aaaaaaaaab
aaaaaaaaba
aaaaaaabaa
aaaaaaabab
aaaaaabaaa
aaaaaabaab
aaaaaababa
aaaaabaaaa
aaaaabaaab
aaaaabaaba
aaaaababaa
aaaaababab
aaaabaaaaa
aaaabaaaab
aaaabaaaba
aaaabaabaa
aaaabaabab
aaaababaaa
aaaababaab
aaaabababa
aaabaaaaaa
aaabaaaaab
aaabaaaaba
aaabaaabaa
aaabaaabab
aaabaabaaa
aaabaabaab
aaabaababa
aaababaaaa
aaababaaab
aaababaaba
aaabababaa
aaabababab
aabaaaaaaa
aabaaaaaab
aabaaaaaba
aabaaaabaa
aabaaaabab
aabaaabaaa
aabaaabaab
aabaaababa
aabaabaaaa
aabaabaaab
aabaabaaba
aabaababaa
aabaababab
aababaaaaa
aababaaaab
aababaaaba
aababaabaa
aababaabab
aabababaaa
aabababaab
aababababa
abaaaaaaaa
abaaaaaaab
abaaaaaaba
abaaaaabaa
abaaaaabab
abaaaabaaa
abaaaabaab
abaaaababa
abaaabaaaa
abaaabaaab
abaaabaaba
abaaababaa
abaaababab
abaabaaaaa
abaabaaaab
abaabaaaba
abaabaabaa
abaabaabab
abaababaaa
abaababaab
abaabababa
ababaaaaaa
ababaaaaab
ababaaaaba
ababaaabaa
ababaaabab
ababaabaaa
ababaabaab
ababaababa
abababaaaa
abababaaab
abababaaba
ababababaa
ababababab
baaaaaaaaa
baaaaaaaab
baaaaaaaba
baaaaaabaa
baaaaaabab
baaaaabaaa
baaaaabaab
baaaaababa
baaaabaaaa
baaaabaaab
baaaabaaba
baaaababaa
baaaababab
baaabaaaaa
baaabaaaab
baaabaaaba
baaabaabaa
baaabaabab
baaababaaa
baaababaab
baaabababa
baabaaaaaa
baabaaaaab
baabaaaaba
baabaaabaa
baabaaabab
baabaabaaa
baabaabaab
baabaababa
baababaaaa
baababaaab
baababaaba
baabababaa
baabababab
babaaaaaaa
babaaaaaab
babaaaaaba
babaaaabaa
babaaaabab
babaaabaaa
babaaabaab
babaaababa
babaabaaaa
babaabaaab
babaabaaba
babaababaa
babaababab
bababaaaaa
bababaaaab
bababaaaba
bababaabaa
bababaabab
babababaaa
babababaab
bababababa
