0 85 81 148 109 61 149 106 102 96 90 80 140 54 64 168 123 112 92 165 31 112 161 167 122 31 159 153 57 117 131 118 44 76 133 126 90 116 125 102 
184 0 89 85 49 73 162 148 37 11 52 136 114 95 87 105 97 68 112 80 184 52 142 112 124 74 74 121 98 54 131 58 116 139 78 46 43 129 40 22 
128 114 0 98 124 82 108 66 125 59 61 149 127 65 101 118 110 100 103 150 159 114 160 127 41 122 144 134 9 67 61 76 55 160 91 94 125 76 122 70 
165 47 112 0 96 107 143 137 84 58 90 88 62 37 87 20 45 68 27 114 196 99 172 123 112 121 108 154 40 87 132 96 92 84 59 93 78 110 87 69 
177 110 98 94 0 82 142 99 1 20 61 145 107 88 96 114 90 77 121 107 180 3 93 121 139 83 105 130 91 63 159 9 125 148 71 55 108 109 105 31 
148 134 20 118 48 0 128 86 49 68 71 162 147 85 106 138 130 87 123 114 179 51 100 147 61 93 153 154 29 87 81 57 75 158 111 65 129 96 142 41 
221 166 102 155 130 82 0 168 81 81 122 161 118 110 62 175 101 43 100 161 215 133 147 182 143 120 164 191 111 124 39 133 148 157 148 116 88 178 168 92 
141 58 13 42 73 81 43 0 74 69 60 93 71 52 63 62 54 44 69 106 172 58 104 61 54 82 100 78 22 11 74 20 68 126 35 54 69 10 66 30 
254 157 202 207 113 195 232 212 0 133 174 249 180 165 176 213 163 157 214 144 285 116 206 234 188 196 138 238 168 176 195 122 202 245 148 168 107 199 104 144 
173 90 78 74 104 62 151 144 95 0 41 125 103 84 76 94 86 57 101 91 173 82 136 101 119 63 85 110 87 43 139 52 105 128 67 35 99 118 98 11 
169 155 41 139 63 21 149 107 64 83 0 164 168 106 127 159 151 108 144 135 200 66 121 168 82 114 168 175 50 108 102 72 96 170 132 86 150 117 163 62 
189 5 94 90 54 78 167 153 42 16 57 0 119 100 92 110 102 73 117 85 189 57 147 117 129 79 79 126 103 59 51 63 121 144 83 51 48 134 45 27 
103 65 105 134 114 87 135 92 102 64 66 139 0 11 76 154 109 121 78 52 134 117 187 153 86 127 46 165 14 103 106 112 30 135 119 99 102 102 105 75 
162 143 96 127 118 76 143 100 119 53 55 178 156 0 129 147 139 110 137 144 193 121 176 154 75 116 138 154 3 96 95 105 89 181 120 88 152 110 151 64 
194 159 145 143 123 128 175 132 124 143 184 194 172 131 0 132 155 105 139 106 225 126 141 193 107 182 148 179 134 112 114 121 121 196 136 178 26 142 114 154 
179 73 111 144 122 91 160 117 92 70 70 68 163 17 73 0 146 54 7 153 210 125 158 103 92 131 147 141 20 113 112 122 106 64 127 105 58 127 113 81 
120 82 122 151 131 104 152 109 119 81 83 156 17 28 93 171 0 138 95 69 151 134 204 170 103 144 63 182 31 120 123 129 47 152 136 63 119 119 122 92 
187 123 59 157 87 39 167 125 38 107 110 118 186 67 19 151 169 0 57 118 187 90 104 186 100 77 167 191 68 126 120 96 114 114 150 104 45 135 133 80 
172 66 106 137 115 86 153 110 85 63 65 61 166 10 66 157 149 47 0 146 203 118 151 164 85 124 140 134 13 106 105 115 99 57 130 98 92 120 106 74 
268 168 140 211 162 120 218 175 163 179 99 216 184 165 109 148 167 198 155 0 299 165 220 165 181 213 149 253 149 186 201 171 195 212 189 185 135 185 208 161 
86 54 88 117 103 99 118 75 71 65 78 49 109 23 59 137 92 108 61 134 0 106 165 136 98 59 128 122 26 86 100 95 13 45 102 100 85 85 94 76 
201 181 191 199 204 173 221 178 172 191 193 237 148 138 153 219 131 134 176 104 232 0 90 239 153 209 194 185 141 179 173 6 128 233 203 194 179 188 195 202 
150 136 101 120 131 83 131 88 82 117 113 162 149 87 63 140 132 44 101 14 181 134 0 149 63 121 156 95 90 89 83 98 77 158 113 142 89 98 144 118 
130 125 78 146 120 72 108 129 71 94 96 151 60 41 52 166 43 33 90 112 161 123 137 0 104 105 106 195 44 130 124 129 90 147 24 106 78 75 165 95 
87 73 38 57 90 98 68 25 91 62 79 108 86 24 60 77 69 59 62 121 118 73 119 86 0 107 115 93 27 26 20 35 14 119 50 79 84 35 81 55 
196 164 119 210 168 120 175 185 119 136 177 159 219 133 100 230 202 81 138 186 110 82 172 230 160 0 221 232 128 179 180 88 123 155 203 171 126 179 204 147 
203 19 108 104 68 92 181 167 56 30 71 155 133 114 106 124 116 87 131 6 203 71 161 131 143 93 0 140 117 73 150 77 135 158 97 65 62 148 59 41 
193 110 65 94 82 84 95 52 83 22 63 145 123 104 98 114 106 79 121 113 195 85 156 113 106 85 107 0 74 63 126 72 120 150 87 57 76 62 73 33 
159 140 93 124 115 73 140 97 116 50 52 175 153 96 126 144 136 107 134 141 190 118 173 151 72 113 135 151 0 93 92 102 86 178 117 85 149 107 148 61 
130 47 35 31 64 72 108 101 65 58 96 82 60 41 52 51 43 33 58 95 161 47 93 126 76 110 89 67 44 0 96 9 62 115 24 93 58 75 55 69 
212 132 120 116 138 104 145 186 137 42 83 167 145 126 118 136 128 99 143 133 215 124 178 143 161 105 127 152 129 85 0 94 139 170 109 77 132 160 129 53 
234 219 185 193 198 167 215 172 166 191 193 240 186 138 147 213 169 128 185 98 265 38 84 233 147 205 223 179 141 173 167 0 161 242 197 226 173 182 189 202 
73 77 75 104 125 86 105 62 114 63 65 109 96 10 46 124 79 95 48 148 104 105 166 123 85 104 142 140 13 73 105 82 0 105 89 98 72 72 117 74 
193 9 98 94 58 82 171 129 46 20 61 4 123 57 96 114 106 77 47 89 193 61 120 121 132 83 83 77 60 63 55 67 125 0 87 55 52 138 49 31 
106 101 54 122 96 48 84 105 47 70 72 127 36 17 28 142 19 9 66 88 137 99 113 102 80 86 82 171 20 106 100 105 66 123 0 82 54 51 141 71 
223 102 95 187 117 75 203 161 118 113 54 97 216 142 181 125 199 162 132 182 254 120 175 214 136 168 176 170 104 156 148 126 150 93 180 0 145 171 142 116 
168 154 119 127 166 118 149 106 117 130 160 174 167 105 98 106 150 79 113 101 199 154 183 167 81 156 196 174 108 107 88 116 95 170 131 160 0 116 162 136 
131 58 3 101 63 71 33 69 64 62 50 141 111 68 85 121 94 66 93 138 162 66 156 51 44 72 132 137 12 70 64 72 58 137 75 44 101 0 98 20 
150 53 98 103 9 91 128 108 10 29 70 145 76 61 72 109 59 53 110 40 181 12 102 130 84 92 34 139 64 72 91 18 98 141 44 64 3 95 0 40 
199 126 71 116 93 51 179 137 84 42 30 121 145 74 65 136 128 46 103 133 162 96 150 143 112 52 127 152 77 85 132 94 126 117 109 24 88 147 140 0 
