0 13 31 10 13 18 16 6 11 22 19 14 13 5 11 14 23 14 17 7 17 1 11 10 16 12 15 16 17 9 
9 0 27 12 14 5 14 7 8 9 20 11 14 6 12 15 19 15 15 15 14 10 12 11 3 12 13 11 8 10 
6 19 0 14 18 12 9 12 5 17 22 8 19 11 16 14 11 19 11 12 11 7 11 16 14 12 20 13 15 15 
17 18 28 0 15 13 17 10 2 14 23 5 17 17 13 16 13 16 11 9 8 13 15 20 14 16 16 15 16 13 
5 18 25 14 0 11 17 11 14 26 24 16 5 10 14 19 23 17 11 10 20 6 16 15 9 17 16 18 4 14 
4 11 29 13 16 0 16 10 3 15 20 6 17 9 14 12 23 17 10 10 9 5 15 14 14 7 15 17 3 13 
11 16 25 11 10 7 0 9 10 21 16 5 14 8 13 8 22 16 8 9 15 10 2 13 5 3 17 16 10 12 
12 13 28 14 13 16 10 0 5 17 13 8 7 15 5 11 17 8 11 12 11 13 5 10 15 6 9 10 11 3 
15 16 30 12 13 11 16 14 0 12 27 3 18 20 11 20 22 14 9 7 6 11 18 24 19 15 15 14 14 17 
7 14 18 15 13 12 5 13 11 0 16 5 14 12 11 8 10 14 12 7 17 8 6 17 10 3 4 2 6 16 
19 16 34 28 14 21 21 22 24 16 0 18 7 22 19 24 25 22 25 22 23 20 22 24 19 19 20 18 18 17 
15 22 29 18 19 17 13 11 6 18 24 0 18 20 8 21 20 11 15 4 12 16 15 21 18 16 12 20 14 14 
12 25 32 21 7 18 24 18 17 22 29 11 0 17 19 21 18 22 18 15 16 13 23 22 16 24 23 20 11 21 
13 8 26 15 8 13 11 1 6 17 14 9 8 0 6 9 18 9 12 13 12 14 6 5 11 7 10 11 12 4 
7 16 30 16 13 12 5 3 8 20 16 10 10 12 0 13 12 3 13 7 14 8 7 13 10 8 4 13 6 6 
17 8 17 20 13 13 22 15 15 17 8 15 6 14 20 0 14 9 18 18 21 12 12 19 11 13 21 8 16 18 
18 11 20 15 14 16 21 18 15 20 11 9 9 17 16 3 0 12 12 12 21 14 6 22 14 7 20 2 18 21 
17 22 42 24 25 23 21 19 12 24 32 15 26 22 16 29 28 0 21 19 18 18 23 27 25 24 20 26 22 22 
6 19 31 3 18 16 17 12 5 17 23 8 18 11 12 15 16 15 0 8 11 2 17 16 17 10 16 18 18 15 
11 20 25 20 17 16 9 7 12 24 20 14 14 16 4 17 16 7 17 0 18 12 11 17 14 12 8 17 10 10 
9 16 24 6 19 5 11 15 8 6 22 5 20 14 13 14 16 16 3 9 0 5 12 19 16 9 10 8 8 18 
17 26 31 9 23 22 15 13 11 23 26 14 16 22 10 23 22 13 20 6 17 0 17 23 20 18 14 23 16 16 
12 14 23 9 8 19 16 14 9 21 14 3 12 17 11 6 20 14 6 7 15 8 0 22 17 1 15 14 12 17 
9 3 25 11 10 8 7 7 11 12 15 5 14 6 12 8 14 4 8 9 17 10 2 0 6 3 6 14 8 10 
6 11 29 9 11 2 14 4 5 17 17 8 11 3 9 12 21 12 12 12 11 7 9 8 0 9 13 14 5 7 
17 13 22 20 18 18 15 13 8 20 13 2 11 19 10 5 19 13 17 6 14 17 17 23 16 0 14 13 16 16 
3 16 26 12 9 8 1 9 11 22 17 6 14 8 7 9 8 10 9 3 16 4 3 13 6 4 0 10 2 12 
16 18 27 13 12 14 19 18 13 25 18 7 13 21 15 10 24 18 10 11 19 12 4 26 21 5 18 0 16 21 
1 14 32 10 14 19 13 7 12 23 20 15 14 6 12 15 20 15 7 8 18 2 12 11 17 13 12 17 0 10 
9 10 32 13 11 14 7 5 10 19 10 12 4 12 2 15 14 5 15 9 16 10 9 7 12 10 6 7 8 0 
