40
20 2 5 2 20 10 6 10 10 10 10 10 10 20 10 50 30 2 2 2 2 2 80 10 5 5 5 5 70 14 14 6 6 2 2 2 2 2 5 20 
25 3
35 4
25 5
35 7
25 7
35 10
25 9
35 13
25 11
35 16
25 13
35 19
25 15
35 22
25 17
35 25
25 19
35 28
25 21
35 31
25 23
35 34
25 25
35 37
25 27
35 40
25 29
35 43
25 31
35 46
25 33
35 49
25 35
35 52
25 37
35 55
25 39
35 58
25 41
35 61
25 43
17 6
25 45
35 64
25 47
17 9
25 49
35 67
25 51
17 12
25 53
35 70
25 55
17 15
25 57
35 73
25 59
17 18
25 61
35 76
25 63
17 21
25 65
35 79
25 67
17 24
25 69
35 82
25 71
17 27
25 73
35 85
25 75
17 30
25 77
35 88
25 79
17 33
25 81
35 91
17 36
25 83
35 94
17 39
25 85
35 97
17 42
25 87
35 100
17 45
25 89
35 103
17 48
25 91
35 106
17 51
25 93
35 109
17 54
25 95
35 112
17 57
25 97
35 115
17 60
25 99
35 118
17 63
25 101
35 121
17 66
19 7
25 103
35 124
17 69
19 9
25 105
35 127
17 72
19 11
25 107
35 130
17 75
19 13
25 109
35 133
17 78
19 15
25 111
35 136
17 81
19 17
25 113
35 139
17 84
19 19
25 115
35 142
17 87
19 21
25 117
35 145
17 90
19 23
25 119
35 148
17 93
19 25
25 121
35 151
1 4
5 4
14 8
17 96
19 27
25 123
35 154
50 4
1 6
5 7
14 11
17 99
19 29
25 125
35 157
50 7
1 8
5 10
14 14
17 102
19 31
25 127
35 160
50 10
1 10
5 13
14 17
17 105
19 33
25 129
35 163
50 13
1 12
5 16
14 20
17 108
19 35
25 131
35 166
50 16
1 14
5 19
14 23
17 111
19 37
25 133
35 169
50 19
1 16
5 22
14 26
17 114
19 39
25 135
35 172
40 3
41 5
50 22
1 18
5 25
14 29
17 117
19 41
25 137
35 175
40 5
41 8
50 25
1 20
5 28
14 32
17 120
19 43
25 139
35 178
40 7
41 11
50 28
1 22
5 31
14 35
17 123
19 45
25 141
35 181
40 9
41 14
50 31
1 24
5 34
6 3
8 7
9 6
10 3
11 5
12 4
13 6
14 38
15 2
17 126
19 47
25 143
30 2
35 184
40 11
41 17
50 34
1 26
5 37
6 4
8 10
9 7
10 5
11 8
12 5
13 8
14 41
15 3
17 129
19 49
25 145
30 3
35 187
40 13
41 20
50 37
1 28
5 40
6 5
8 13
9 8
10 7
11 11
12 6
13 10
14 44
15 4
17 132
19 51
25 147
30 4
35 190
40 15
41 23
50 40
1 30
5 43
6 6
8 16
9 9
10 9
11 14
12 7
13 12
14 47
15 5
17 135
19 53
25 149
30 5
35 193
40 17
41 26
50 43
1 32
5 46
6 7
7 5
8 19
9 10
10 11
11 17
12 8
13 14
14 50
15 6
17 138
19 55
25 151
30 6
35 196
40 19
41 29
42 4
43 6
50 46
1 34
3 5
5 49
6 8
7 7
8 22
9 11
10 13
11 20
12 9
13 16
14 53
15 7
17 141
19 57
25 153
30 7
31 4
32 6
33 5
34 7
35 199
40 21
41 32
42 5
43 8
49 7
50 49
1 36
3 6
5 52
6 9
7 9
8 25
9 12
10 15
11 23
12 10
13 18
14 56
15 8
17 144
19 59
25 155
30 8
31 6
32 9
33 6
34 9
35 202
40 23
41 35
42 6
43 10
49 9
50 52
1 38
3 7
5 55
6 10
7 11
8 28
9 13
10 17
11 26
12 11
13 20
14 59
15 9
17 147
19 61
25 157
30 9
31 8
32 12
33 7
34 11
35 205
40 25
41 38
42 7
43 12
49 11
50 55
1 40
2 6
3 8
4 7
5 58
6 11
7 13
8 31
9 14
10 19
11 29
12 12
13 22
14 62
15 10
17 150
19 63
20 4
21 3
22 5
23 7
24 6
25 159
30 10
31 10
32 15
33 8
34 13
35 208
40 27
41 41
42 8
43 14
44 8
45 2
46 4
47 6
48 5
49 13
50 58
1 42
2 9
3 9
4 9
5 61
6 12
7 15
8 34
9 15
10 21
11 32
12 13
13 24
14 65
15 11
17 153
19 65
20 7
21 4
22 7
23 10
24 7
25 161
30 11
31 12
32 18
33 9
34 15
35 211
40 29
41 44
42 9
43 16
44 11
45 3
46 6
47 9
48 6
49 15
50 61
