26
7 6 8 7 8 5 5 5 5 5 3 2 1 1 1 1 1 1 1 13 4 1 2 3 2 2 
20 10
3 103
20 28
5 51
20 34
1 57
20 45
3 123
20 52
4 65
20 94
5 148
20 160
1 85
2 119
3 174
4 145
5 195
20 268
1 91
2 184
3 264
4 228
5 374
6 28
7 15
8 19
9 53
10 16
20 379
1 399
2 211
3 295
4 250
5 378
6 79
7 137
8 278
9 73
10 47
20 417
23 27
1 465
2 289
3 321
4 275
5 428
6 86
7 154
8 299
9 386
10 74
11 153
20 429
23 140
40 34
1 484
2 290
3 369
4 276
5 475
6 254
7 194
8 304
9 393
10 162
11 295
12 63
20 437
23 358
30 329
40 315
43 239
50 365
1 500
2 415
3 481
4 387
5 948
6 309
7 259
8 443
9 478
10 306
11 423
12 427
13 443
14 82
15 48
16 239
17 97
18 143
19 345
20 449
23 481
29 78
30 472
40 333
43 277
50 380
