49
20 2 5 2 20 10 6 10 10 10 10 10 10 20 7 3 48 2 15 2 2 2 2 2 38 2 40 15 3 7 5 5 5 5 40 10 20 7 14 7 6 6 2 2 2 2 2 5 20 
17 6
27 4
17 9
35 4
17 12
27 5
17 15
35 7
17 18
25 3
17 21
27 6
17 24
35 10
17 27
25 5
17 30
27 7
17 33
35 13
17 36
25 7
17 39
27 8
17 42
35 16
17 45
25 9
27 9
35 19
17 48
25 11
27 10
35 22
17 51
25 13
27 11
35 25
17 54
25 15
27 12
35 28
17 57
25 17
27 13
35 31
17 60
25 19
27 14
35 34
17 63
25 21
27 15
35 37
17 66
25 23
27 16
35 40
17 69
25 25
27 17
35 43
17 72
25 27
27 18
35 46
17 75
25 29
27 19
35 49
17 78
25 31
27 20
35 52
17 81
25 33
27 21
35 55
17 84
25 35
27 22
35 58
17 87
25 37
27 23
35 61
1 4
5 4
14 8
17 90
25 39
27 24
35 64
37 5
50 4
1 6
5 7
14 11
17 93
25 41
27 25
35 67
37 7
50 7
1 8
5 10
14 14
17 96
25 43
27 26
35 70
37 9
50 10
1 10
5 13
14 17
17 99
25 45
27 27
35 73
37 11
50 13
1 12
5 16
14 20
17 102
25 47
27 28
35 76
37 13
50 16
1 14
5 19
14 23
17 105
19 7
25 49
27 29
28 6
35 79
37 15
50 19
1 16
5 22
14 26
17 108
19 9
25 51
27 30
28 8
35 82
37 17
40 3
50 22
1 18
5 25
14 29
17 111
19 11
25 53
27 31
28 10
35 85
37 19
40 5
50 25
1 20
5 28
14 32
17 114
19 13
25 55
27 32
28 12
35 88
37 21
40 7
50 28
1 22
5 31
14 35
17 117
19 15
25 57
27 33
28 14
35 91
37 23
40 9
50 31
1 24
5 34
6 3
8 7
9 6
10 3
11 5
12 4
13 6
14 38
17 120
19 17
25 59
27 34
28 16
35 94
36 3
37 25
40 11
50 34
1 26
5 37
6 4
8 10
9 7
10 5
11 8
12 5
13 8
14 41
17 123
19 19
25 61
27 35
28 18
35 97
36 4
37 27
40 13
50 37
1 28
5 40
6 5
8 13
9 8
10 7
11 11
12 6
13 10
14 44
17 126
19 21
25 63
27 36
28 20
35 100
36 5
37 29
40 15
50 40
1 30
5 43
6 6
8 16
9 9
10 9
11 14
12 7
13 12
14 47
15 2
17 129
19 23
25 65
27 37
28 22
30 2
35 103
36 6
37 31
38 7
40 17
41 5
50 43
1 32
5 46
6 7
7 5
8 19
9 10
10 11
11 17
12 8
13 14
14 50
15 3
17 132
19 25
25 67
27 38
28 24
30 3
35 106
36 7
37 33
38 10
40 19
41 8
42 4
43 6
50 46
1 34
3 5
5 49
6 8
7 7
8 22
9 11
10 13
11 20
12 9
13 16
14 53
15 4
17 135
19 27
25 69
27 39
28 26
30 4
31 4
32 6
33 5
34 7
35 109
36 8
37 35
38 13
40 21
41 11
42 5
43 8
49 7
50 49
1 36
3 6
5 52
6 9
7 9
8 25
9 12
10 15
11 23
12 10
13 18
14 56
15 5
17 138
19 29
25 71
27 40
28 28
30 5
31 6
32 9
33 6
34 9
35 112
36 9
37 37
38 16
40 23
41 14
42 6
43 10
49 9
50 52
1 38
3 7
5 55
6 10
7 11
8 28
9 13
10 17
11 26
12 11
13 20
14 59
15 6
16 4
17 141
19 31
25 73
27 41
28 30
29 8
30 6
31 8
32 12
33 7
34 11
35 115
36 10
37 39
38 19
40 25
41 17
42 7
43 12
49 11
50 55
1 40
2 6
3 8
4 7
5 58
6 11
7 13
8 31
9 14
10 19
11 29
12 12
13 22
14 62
15 7
16 6
17 144
18 5
19 33
20 4
21 3
22 5
23 7
24 6
25 75
26 5
27 42
28 32
29 11
30 7
31 10
32 15
33 8
34 13
35 118
36 11
37 41
38 22
40 27
41 20
42 8
43 14
44 8
45 2
46 4
47 6
48 5
49 13
50 58
1 42
2 9
3 9
4 9
5 61
6 12
7 15
8 34
9 15
10 21
11 32
12 13
13 24
14 65
15 8
16 8
17 147
18 6
19 35
20 7
21 4
22 7
23 10
24 7
25 77
26 8
27 43
28 34
29 14
30 8
31 12
32 18
33 9
34 15
35 121
36 12
37 43
38 25
40 29
41 23
42 9
43 16
44 11
45 3
46 6
47 9
48 6
49 15
50 61
