19
25 25 10 10 10 10 10 120 110 20 20 10 30 2 2 2 2 2 80 
14 8
15 2
14 11
15 3
14 14
15 4
14 17
15 5
14 20
15 6
14 23
15 7
14 26
15 8
14 29
15 9
14 32
15 10
14 35
15 11
14 38
15 12
14 41
15 13
14 44
15 14
14 47
15 15
14 50
15 16
14 53
15 17
14 56
15 18
14 59
15 19
14 62
15 20
14 65
15 21
14 68
15 22
14 71
15 23
14 74
15 24
14 77
15 25
14 80
15 26
14 83
15 27
14 86
15 28
14 89
15 29
14 92
15 30
14 95
15 31
14 98
15 32
14 101
25 3
14 104
15 33
14 107
25 5
14 110
15 34
14 113
25 7
14 116
15 35
14 119
25 9
14 122
15 36
14 125
25 11
14 128
15 37
14 131
25 13
14 134
15 38
14 137
25 15
14 140
15 39
14 143
25 17
14 146
15 40
14 149
25 19
14 152
15 41
14 155
25 21
14 158
15 42
25 23
14 161
15 43
25 25
14 164
15 44
25 27
14 167
15 45
25 29
14 170
15 46
25 31
14 173
15 47
25 33
14 176
15 48
25 35
14 179
15 49
25 37
14 182
15 50
25 39
14 185
15 51
25 41
14 188
15 52
25 43
14 191
15 53
25 45
14 194
15 54
25 47
14 197
15 55
25 49
14 200
15 56
25 51
14 203
15 57
25 53
14 206
15 58
25 55
14 209
15 59
25 57
14 212
15 60
25 59
14 215
15 61
25 61
14 218
15 62
25 63
14 221
15 63
25 65
14 224
15 64
25 67
14 227
15 65
25 69
14 230
15 66
25 71
14 233
15 67
25 73
14 236
15 68
25 75
14 239
15 69
25 77
14 242
15 70
25 79
14 245
15 71
25 81
14 248
15 72
25 83
14 251
15 73
25 85
14 254
15 74
25 87
14 257
15 75
25 89
14 260
15 76
25 91
14 263
15 77
25 93
14 266
15 78
25 95
14 269
15 79
25 97
14 272
15 80
25 99
14 275
15 81
25 101
14 278
15 82
19 7
25 103
14 281
15 83
19 9
25 105
14 284
15 84
19 11
25 107
14 287
15 85
19 13
25 109
14 290
15 86
19 15
25 111
2 6
4 7
14 293
15 87
19 17
25 113
2 9
4 9
14 296
15 88
19 19
25 115
2 12
4 11
14 299
15 89
19 21
25 117
2 15
4 13
14 302
15 90
19 23
25 119
2 18
4 15
14 305
15 91
19 25
25 121
2 21
4 17
14 308
15 92
16 4
17 6
19 27
25 123
2 24
4 19
14 311
15 93
16 6
17 9
19 29
25 125
2 27
4 21
14 314
15 94
16 8
17 12
19 31
25 127
2 30
4 23
14 317
15 95
16 10
17 15
19 33
25 129
2 33
4 25
14 320
15 96
16 12
17 18
19 35
25 131
2 36
4 27
14 323
15 97
16 14
17 21
19 37
25 133
2 39
4 29
14 326
15 98
16 16
17 24
19 39
25 135
2 42
4 31
14 329
15 99
16 18
17 27
19 41
25 137
2 45
4 33
14 332
15 100
16 20
17 30
19 43
25 139
2 48
4 35
14 335
15 101
16 22
17 33
19 45
25 141
2 51
4 37
9 6
10 3
11 5
12 4
13 6
14 338
15 102
16 24
17 36
18 5
19 47
25 143
2 54
4 39
9 7
10 5
11 8
12 5
13 8
14 341
15 103
16 26
17 39
18 6
19 49
25 145
2 57
4 41
9 8
10 7
11 11
12 6
13 10
14 344
15 104
16 28
17 42
18 7
19 51
25 147
2 60
4 43
9 9
10 9
11 14
12 7
13 12
14 347
15 105
16 30
17 45
18 8
19 53
25 149
2 63
4 45
9 10
10 11
11 17
12 8
13 14
14 350
15 106
16 32
17 48
18 9
19 55
25 151
2 66
4 47
9 11
10 13
11 20
12 9
13 16
14 353
15 107
16 34
17 51
18 10
19 57
25 153
2 69
4 49
9 12
10 15
11 23
12 10
13 18
14 356
15 108
16 36
17 54
18 11
19 59
25 155
2 72
4 51
9 13
10 17
11 26
12 11
13 20
14 359
15 109
16 38
17 57
18 12
19 61
25 157
2 75
4 53
9 14
10 19
11 29
12 12
13 22
14 362
15 110
16 40
17 60
18 13
19 63
20 4
21 3
22 5
23 7
24 6
25 159
2 78
4 55
9 15
10 21
11 32
12 13
13 24
14 365
15 111
16 42
17 63
18 14
19 65
20 7
21 4
22 7
23 10
24 7
25 161
