18
7 8 7 6 6 7 7 9 10 10 3 3 3 1 2 3 4 4 
9 11
10 3
8 15
9 46
10 98
2 23
8 90
9 50
10 101
1 32
2 54
3 48
6 5
7 81
8 101
9 177
10 106
1 51
2 60
3 179
4 48
5 178
6 36
7 149
8 190
9 203
10 180
1 99
2 96
3 198
4 69
5 218
6 130
7 250
8 289
9 243
10 250
1 105
2 112
3 215
4 145
5 292
6 177
7 300
8 294
9 336
10 283
41 104
50 70
1 191
2 167
3 278
4 208
5 321
6 338
7 367
8 324
9 345
10 294
11 182
16 186
17 360
31 114
41 343
50 104
1 282
2 211
3 399
4 281
5 406
6 457
7 391
8 365
9 477
10 300
11 431
16 187
17 379
21 329
31 130
41 353
50 136
1 403
2 393
3 483
4 458
5 462
6 474
7 475
8 378
9 494
10 401
11 488
16 232
17 430
18 331
21 412
31 437
41 460
50 454
