30
2 5 2 10 6 10 10 10 10 10 20 10 30 2 2 2 2 2 80 14 14 6 6 2 2 2 2 3 5 20 
25 3
19 7
25 5
19 9
25 7
19 11
25 9
19 13
25 11
19 15
25 13
19 17
25 15
19 19
25 17
19 21
25 19
19 23
25 21
19 25
25 23
14 8
25 25
19 27
25 27
50 4
25 29
14 11
25 31
19 29
25 33
50 7
25 35
14 14
25 37
19 31
25 39
50 10
25 41
14 17
25 43
19 33
25 45
50 13
25 47
14 20
25 49
19 35
25 51
50 16
25 53
14 23
25 55
19 37
25 57
50 19
25 59
14 26
25 61
19 39
25 63
40 3
25 65
41 5
25 67
50 22
25 69
14 29
25 71
19 41
25 73
40 5
25 75
41 8
25 77
50 25
25 79
14 32
25 81
19 43
25 83
40 7
25 85
41 11
25 87
50 28
25 89
14 35
25 91
19 45
25 93
40 9
25 95
41 14
25 97
50 31
25 99
6 3
25 101
9 6
25 103
10 3
25 105
11 5
25 107
12 4
25 109
13 6
25 111
14 38
25 113
15 2
25 115
19 47
25 117
40 11
25 119
41 17
25 121
50 34
25 123
6 4
25 125
9 7
25 127
10 5
25 129
11 8
25 131
12 5
25 133
13 8
25 135
14 41
25 137
15 3
25 139
19 49
25 141
40 13
25 143
41 20
25 145
50 37
6 5
9 8
10 7
11 11
12 6
13 10
14 44
15 4
19 51
25 147
40 15
41 23
50 40
6 6
9 9
10 9
11 14
12 7
13 12
14 47
15 5
19 53
25 149
40 17
41 26
50 43
6 7
7 5
9 10
10 11
11 17
12 8
13 14
14 50
15 6
19 55
25 151
40 19
41 29
42 4
43 6
50 46
3 5
6 8
7 7
9 11
10 13
11 20
12 9
13 16
14 53
15 7
19 57
25 153
40 21
41 32
42 5
43 8
49 7
50 49
3 6
6 9
7 9
9 12
10 15
11 23
12 10
13 18
14 56
15 8
19 59
25 155
40 23
41 35
42 6
43 10
49 9
50 52
3 7
6 10
7 11
9 13
10 17
11 26
12 11
13 20
14 59
15 9
19 61
25 157
40 25
41 38
42 7
43 12
48 5
49 11
50 55
2 6
3 8
4 7
6 11
7 13
9 14
10 19
11 29
12 12
13 22
14 62
15 10
19 63
20 4
21 3
22 5
23 7
24 6
25 159
40 27
41 41
42 8
43 14
44 8
45 2
46 4
47 6
48 6
49 13
50 58
2 9
3 9
4 9
6 12
7 15
9 15
10 21
11 32
12 13
13 24
14 65
15 11
19 65
20 7
21 4
22 7
23 10
24 7
25 161
40 29
41 44
42 9
43 16
44 11
45 3
46 6
47 9
48 7
49 15
50 61
